[2024-10-21T03:08:31.980+0000] {processor.py:186} INFO - Started process (PID=294) to work on /home/airflow/.local/lib/python3.12/site-packages/airflow/example_dags/example_branch_labels.py
[2024-10-21T03:08:31.981+0000] {processor.py:914} INFO - Processing file /home/airflow/.local/lib/python3.12/site-packages/airflow/example_dags/example_branch_labels.py for tasks to queue
[2024-10-21T03:08:31.984+0000] {logging_mixin.py:190} INFO - [2024-10-21T03:08:31.984+0000] {dagbag.py:588} INFO - Filling up the DagBag from /home/airflow/.local/lib/python3.12/site-packages/airflow/example_dags/example_branch_labels.py
[2024-10-21T03:08:32.006+0000] {processor.py:925} INFO - DAG(s) 'example_branch_labels' retrieved from /home/airflow/.local/lib/python3.12/site-packages/airflow/example_dags/example_branch_labels.py
[2024-10-21T03:08:32.119+0000] {logging_mixin.py:190} INFO - [2024-10-21T03:08:32.118+0000] {override.py:1900} INFO - Created Permission View: can delete on DAG:example_branch_labels
[2024-10-21T03:08:32.129+0000] {logging_mixin.py:190} INFO - [2024-10-21T03:08:32.128+0000] {override.py:1900} INFO - Created Permission View: can read on DAG:example_branch_labels
[2024-10-21T03:08:32.136+0000] {logging_mixin.py:190} INFO - [2024-10-21T03:08:32.135+0000] {override.py:1900} INFO - Created Permission View: can edit on DAG:example_branch_labels
[2024-10-21T03:08:32.145+0000] {logging_mixin.py:190} INFO - [2024-10-21T03:08:32.144+0000] {override.py:1900} INFO - Created Permission View: menu access on DAG Run:example_branch_labels
[2024-10-21T03:08:32.152+0000] {logging_mixin.py:190} INFO - [2024-10-21T03:08:32.152+0000] {override.py:1900} INFO - Created Permission View: can delete on DAG Run:example_branch_labels
[2024-10-21T03:08:32.159+0000] {logging_mixin.py:190} INFO - [2024-10-21T03:08:32.159+0000] {override.py:1900} INFO - Created Permission View: can read on DAG Run:example_branch_labels
[2024-10-21T03:08:32.166+0000] {logging_mixin.py:190} INFO - [2024-10-21T03:08:32.166+0000] {override.py:1900} INFO - Created Permission View: can create on DAG Run:example_branch_labels
[2024-10-21T03:08:32.167+0000] {logging_mixin.py:190} INFO - [2024-10-21T03:08:32.167+0000] {dag.py:3239} INFO - Sync 1 DAGs
[2024-10-21T03:08:32.178+0000] {logging_mixin.py:190} INFO - [2024-10-21T03:08:32.178+0000] {dag.py:3262} INFO - Creating ORM DAG for example_branch_labels
[2024-10-21T03:08:32.194+0000] {logging_mixin.py:190} INFO - [2024-10-21T03:08:32.194+0000] {dag.py:4180} INFO - Setting next_dagrun for example_branch_labels to 2024-10-20 00:00:00+00:00, run_after=2024-10-21 00:00:00+00:00
[2024-10-21T03:08:32.211+0000] {processor.py:208} INFO - Processing /home/airflow/.local/lib/python3.12/site-packages/airflow/example_dags/example_branch_labels.py took 0.238 seconds
[2024-10-21T03:09:02.960+0000] {processor.py:186} INFO - Started process (PID=356) to work on /home/airflow/.local/lib/python3.12/site-packages/airflow/example_dags/example_branch_labels.py
[2024-10-21T03:09:02.961+0000] {processor.py:914} INFO - Processing file /home/airflow/.local/lib/python3.12/site-packages/airflow/example_dags/example_branch_labels.py for tasks to queue
[2024-10-21T03:09:02.964+0000] {logging_mixin.py:190} INFO - [2024-10-21T03:09:02.963+0000] {dagbag.py:588} INFO - Filling up the DagBag from /home/airflow/.local/lib/python3.12/site-packages/airflow/example_dags/example_branch_labels.py
[2024-10-21T03:09:02.972+0000] {processor.py:925} INFO - DAG(s) 'example_branch_labels' retrieved from /home/airflow/.local/lib/python3.12/site-packages/airflow/example_dags/example_branch_labels.py
[2024-10-21T03:09:02.992+0000] {logging_mixin.py:190} INFO - [2024-10-21T03:09:02.992+0000] {dag.py:3239} INFO - Sync 1 DAGs
[2024-10-21T03:09:03.009+0000] {logging_mixin.py:190} INFO - [2024-10-21T03:09:03.009+0000] {dag.py:4180} INFO - Setting next_dagrun for example_branch_labels to 2024-10-20 00:00:00+00:00, run_after=2024-10-21 00:00:00+00:00
[2024-10-21T03:09:03.023+0000] {processor.py:208} INFO - Processing /home/airflow/.local/lib/python3.12/site-packages/airflow/example_dags/example_branch_labels.py took 0.069 seconds
[2024-10-21T03:09:33.487+0000] {processor.py:186} INFO - Started process (PID=418) to work on /home/airflow/.local/lib/python3.12/site-packages/airflow/example_dags/example_branch_labels.py
[2024-10-21T03:09:33.488+0000] {processor.py:914} INFO - Processing file /home/airflow/.local/lib/python3.12/site-packages/airflow/example_dags/example_branch_labels.py for tasks to queue
[2024-10-21T03:09:33.490+0000] {logging_mixin.py:190} INFO - [2024-10-21T03:09:33.490+0000] {dagbag.py:588} INFO - Filling up the DagBag from /home/airflow/.local/lib/python3.12/site-packages/airflow/example_dags/example_branch_labels.py
[2024-10-21T03:09:33.500+0000] {processor.py:925} INFO - DAG(s) 'example_branch_labels' retrieved from /home/airflow/.local/lib/python3.12/site-packages/airflow/example_dags/example_branch_labels.py
[2024-10-21T03:09:33.524+0000] {logging_mixin.py:190} INFO - [2024-10-21T03:09:33.524+0000] {dag.py:3239} INFO - Sync 1 DAGs
[2024-10-21T03:09:33.541+0000] {logging_mixin.py:190} INFO - [2024-10-21T03:09:33.541+0000] {dag.py:4180} INFO - Setting next_dagrun for example_branch_labels to 2024-10-20 00:00:00+00:00, run_after=2024-10-21 00:00:00+00:00
[2024-10-21T03:09:33.556+0000] {processor.py:208} INFO - Processing /home/airflow/.local/lib/python3.12/site-packages/airflow/example_dags/example_branch_labels.py took 0.075 seconds
[2024-10-21T03:10:04.057+0000] {processor.py:186} INFO - Started process (PID=480) to work on /home/airflow/.local/lib/python3.12/site-packages/airflow/example_dags/example_branch_labels.py
[2024-10-21T03:10:04.060+0000] {processor.py:914} INFO - Processing file /home/airflow/.local/lib/python3.12/site-packages/airflow/example_dags/example_branch_labels.py for tasks to queue
[2024-10-21T03:10:04.063+0000] {logging_mixin.py:190} INFO - [2024-10-21T03:10:04.062+0000] {dagbag.py:588} INFO - Filling up the DagBag from /home/airflow/.local/lib/python3.12/site-packages/airflow/example_dags/example_branch_labels.py
[2024-10-21T03:10:04.078+0000] {processor.py:925} INFO - DAG(s) 'example_branch_labels' retrieved from /home/airflow/.local/lib/python3.12/site-packages/airflow/example_dags/example_branch_labels.py
[2024-10-21T03:10:04.105+0000] {logging_mixin.py:190} INFO - [2024-10-21T03:10:04.104+0000] {dag.py:3239} INFO - Sync 1 DAGs
[2024-10-21T03:10:04.137+0000] {logging_mixin.py:190} INFO - [2024-10-21T03:10:04.137+0000] {dag.py:4180} INFO - Setting next_dagrun for example_branch_labels to 2024-10-20 00:00:00+00:00, run_after=2024-10-21 00:00:00+00:00
[2024-10-21T03:10:04.158+0000] {processor.py:208} INFO - Processing /home/airflow/.local/lib/python3.12/site-packages/airflow/example_dags/example_branch_labels.py took 0.107 seconds
[2024-10-21T03:10:35.074+0000] {processor.py:186} INFO - Started process (PID=542) to work on /home/airflow/.local/lib/python3.12/site-packages/airflow/example_dags/example_branch_labels.py
[2024-10-21T03:10:35.076+0000] {processor.py:914} INFO - Processing file /home/airflow/.local/lib/python3.12/site-packages/airflow/example_dags/example_branch_labels.py for tasks to queue
[2024-10-21T03:10:35.078+0000] {logging_mixin.py:190} INFO - [2024-10-21T03:10:35.078+0000] {dagbag.py:588} INFO - Filling up the DagBag from /home/airflow/.local/lib/python3.12/site-packages/airflow/example_dags/example_branch_labels.py
[2024-10-21T03:10:35.088+0000] {processor.py:925} INFO - DAG(s) 'example_branch_labels' retrieved from /home/airflow/.local/lib/python3.12/site-packages/airflow/example_dags/example_branch_labels.py
[2024-10-21T03:10:35.119+0000] {logging_mixin.py:190} INFO - [2024-10-21T03:10:35.119+0000] {dag.py:3239} INFO - Sync 1 DAGs
[2024-10-21T03:10:35.156+0000] {logging_mixin.py:190} INFO - [2024-10-21T03:10:35.155+0000] {dag.py:4180} INFO - Setting next_dagrun for example_branch_labels to 2024-10-20 00:00:00+00:00, run_after=2024-10-21 00:00:00+00:00
[2024-10-21T03:10:35.176+0000] {processor.py:208} INFO - Processing /home/airflow/.local/lib/python3.12/site-packages/airflow/example_dags/example_branch_labels.py took 0.108 seconds
[2024-10-21T03:11:05.422+0000] {processor.py:186} INFO - Started process (PID=604) to work on /home/airflow/.local/lib/python3.12/site-packages/airflow/example_dags/example_branch_labels.py
[2024-10-21T03:11:05.423+0000] {processor.py:914} INFO - Processing file /home/airflow/.local/lib/python3.12/site-packages/airflow/example_dags/example_branch_labels.py for tasks to queue
[2024-10-21T03:11:05.425+0000] {logging_mixin.py:190} INFO - [2024-10-21T03:11:05.425+0000] {dagbag.py:588} INFO - Filling up the DagBag from /home/airflow/.local/lib/python3.12/site-packages/airflow/example_dags/example_branch_labels.py
[2024-10-21T03:11:05.433+0000] {processor.py:925} INFO - DAG(s) 'example_branch_labels' retrieved from /home/airflow/.local/lib/python3.12/site-packages/airflow/example_dags/example_branch_labels.py
[2024-10-21T03:11:05.452+0000] {logging_mixin.py:190} INFO - [2024-10-21T03:11:05.452+0000] {dag.py:3239} INFO - Sync 1 DAGs
[2024-10-21T03:11:05.469+0000] {logging_mixin.py:190} INFO - [2024-10-21T03:11:05.469+0000] {dag.py:4180} INFO - Setting next_dagrun for example_branch_labels to 2024-10-20 00:00:00+00:00, run_after=2024-10-21 00:00:00+00:00
[2024-10-21T03:11:05.485+0000] {processor.py:208} INFO - Processing /home/airflow/.local/lib/python3.12/site-packages/airflow/example_dags/example_branch_labels.py took 0.068 seconds
[2024-10-21T03:11:35.968+0000] {processor.py:186} INFO - Started process (PID=666) to work on /home/airflow/.local/lib/python3.12/site-packages/airflow/example_dags/example_branch_labels.py
[2024-10-21T03:11:35.970+0000] {processor.py:914} INFO - Processing file /home/airflow/.local/lib/python3.12/site-packages/airflow/example_dags/example_branch_labels.py for tasks to queue
[2024-10-21T03:11:35.972+0000] {logging_mixin.py:190} INFO - [2024-10-21T03:11:35.972+0000] {dagbag.py:588} INFO - Filling up the DagBag from /home/airflow/.local/lib/python3.12/site-packages/airflow/example_dags/example_branch_labels.py
[2024-10-21T03:11:35.982+0000] {processor.py:925} INFO - DAG(s) 'example_branch_labels' retrieved from /home/airflow/.local/lib/python3.12/site-packages/airflow/example_dags/example_branch_labels.py
[2024-10-21T03:11:36.010+0000] {logging_mixin.py:190} INFO - [2024-10-21T03:11:36.009+0000] {dag.py:3239} INFO - Sync 1 DAGs
[2024-10-21T03:11:36.045+0000] {logging_mixin.py:190} INFO - [2024-10-21T03:11:36.045+0000] {dag.py:4180} INFO - Setting next_dagrun for example_branch_labels to 2024-10-20 00:00:00+00:00, run_after=2024-10-21 00:00:00+00:00
[2024-10-21T03:11:36.068+0000] {processor.py:208} INFO - Processing /home/airflow/.local/lib/python3.12/site-packages/airflow/example_dags/example_branch_labels.py took 0.106 seconds
[2024-10-21T05:26:14.060+0000] {processor.py:186} INFO - Started process (PID=79) to work on /home/airflow/.local/lib/python3.12/site-packages/airflow/example_dags/example_branch_labels.py
[2024-10-21T05:26:14.062+0000] {processor.py:914} INFO - Processing file /home/airflow/.local/lib/python3.12/site-packages/airflow/example_dags/example_branch_labels.py for tasks to queue
[2024-10-21T05:26:14.067+0000] {logging_mixin.py:190} INFO - [2024-10-21T05:26:14.066+0000] {dagbag.py:588} INFO - Filling up the DagBag from /home/airflow/.local/lib/python3.12/site-packages/airflow/example_dags/example_branch_labels.py
[2024-10-21T05:26:14.102+0000] {processor.py:925} INFO - DAG(s) 'example_branch_labels' retrieved from /home/airflow/.local/lib/python3.12/site-packages/airflow/example_dags/example_branch_labels.py
[2024-10-21T05:26:14.168+0000] {logging_mixin.py:190} INFO - [2024-10-21T05:26:14.166+0000] {dag.py:3239} INFO - Sync 1 DAGs
[2024-10-21T05:26:14.847+0000] {logging_mixin.py:190} INFO - [2024-10-21T05:26:14.846+0000] {dag.py:4180} INFO - Setting next_dagrun for example_branch_labels to 2024-10-20 00:00:00+00:00, run_after=2024-10-21 00:00:00+00:00
[2024-10-21T05:26:16.064+0000] {processor.py:208} INFO - Processing /home/airflow/.local/lib/python3.12/site-packages/airflow/example_dags/example_branch_labels.py took 2.019 seconds
[2024-10-21T05:26:47.310+0000] {processor.py:186} INFO - Started process (PID=141) to work on /home/airflow/.local/lib/python3.12/site-packages/airflow/example_dags/example_branch_labels.py
[2024-10-21T05:26:47.326+0000] {processor.py:914} INFO - Processing file /home/airflow/.local/lib/python3.12/site-packages/airflow/example_dags/example_branch_labels.py for tasks to queue
[2024-10-21T05:26:47.362+0000] {logging_mixin.py:190} INFO - [2024-10-21T05:26:47.358+0000] {dagbag.py:588} INFO - Filling up the DagBag from /home/airflow/.local/lib/python3.12/site-packages/airflow/example_dags/example_branch_labels.py
[2024-10-21T05:26:47.576+0000] {processor.py:925} INFO - DAG(s) 'example_branch_labels' retrieved from /home/airflow/.local/lib/python3.12/site-packages/airflow/example_dags/example_branch_labels.py
[2024-10-21T05:26:47.887+0000] {logging_mixin.py:190} INFO - [2024-10-21T05:26:47.887+0000] {dag.py:3239} INFO - Sync 1 DAGs
[2024-10-21T05:26:48.425+0000] {logging_mixin.py:190} INFO - [2024-10-21T05:26:48.424+0000] {dag.py:4180} INFO - Setting next_dagrun for example_branch_labels to 2024-10-20 00:00:00+00:00, run_after=2024-10-21 00:00:00+00:00
[2024-10-21T05:26:48.645+0000] {processor.py:208} INFO - Processing /home/airflow/.local/lib/python3.12/site-packages/airflow/example_dags/example_branch_labels.py took 1.419 seconds
[2024-10-21T05:27:18.803+0000] {processor.py:186} INFO - Started process (PID=203) to work on /home/airflow/.local/lib/python3.12/site-packages/airflow/example_dags/example_branch_labels.py
[2024-10-21T05:27:18.810+0000] {processor.py:914} INFO - Processing file /home/airflow/.local/lib/python3.12/site-packages/airflow/example_dags/example_branch_labels.py for tasks to queue
[2024-10-21T05:27:18.832+0000] {logging_mixin.py:190} INFO - [2024-10-21T05:27:18.826+0000] {dagbag.py:588} INFO - Filling up the DagBag from /home/airflow/.local/lib/python3.12/site-packages/airflow/example_dags/example_branch_labels.py
[2024-10-21T05:27:18.995+0000] {processor.py:925} INFO - DAG(s) 'example_branch_labels' retrieved from /home/airflow/.local/lib/python3.12/site-packages/airflow/example_dags/example_branch_labels.py
[2024-10-21T05:27:19.103+0000] {logging_mixin.py:190} INFO - [2024-10-21T05:27:19.102+0000] {dag.py:3239} INFO - Sync 1 DAGs
[2024-10-21T05:27:19.192+0000] {logging_mixin.py:190} INFO - [2024-10-21T05:27:19.191+0000] {dag.py:4180} INFO - Setting next_dagrun for example_branch_labels to 2024-10-20 00:00:00+00:00, run_after=2024-10-21 00:00:00+00:00
[2024-10-21T05:27:19.251+0000] {processor.py:208} INFO - Processing /home/airflow/.local/lib/python3.12/site-packages/airflow/example_dags/example_branch_labels.py took 0.487 seconds
[2024-10-21T05:28:12.474+0000] {processor.py:186} INFO - Started process (PID=279) to work on /home/airflow/.local/lib/python3.12/site-packages/airflow/example_dags/example_branch_labels.py
[2024-10-21T05:28:12.477+0000] {processor.py:914} INFO - Processing file /home/airflow/.local/lib/python3.12/site-packages/airflow/example_dags/example_branch_labels.py for tasks to queue
[2024-10-21T05:28:12.506+0000] {logging_mixin.py:190} INFO - [2024-10-21T05:28:12.505+0000] {dagbag.py:588} INFO - Filling up the DagBag from /home/airflow/.local/lib/python3.12/site-packages/airflow/example_dags/example_branch_labels.py
[2024-10-21T05:28:12.596+0000] {processor.py:925} INFO - DAG(s) 'example_branch_labels' retrieved from /home/airflow/.local/lib/python3.12/site-packages/airflow/example_dags/example_branch_labels.py
[2024-10-21T05:28:13.196+0000] {logging_mixin.py:190} INFO - [2024-10-21T05:28:13.188+0000] {dag.py:3239} INFO - Sync 1 DAGs
[2024-10-21T05:28:13.373+0000] {logging_mixin.py:190} INFO - [2024-10-21T05:28:13.372+0000] {dag.py:4180} INFO - Setting next_dagrun for example_branch_labels to 2024-10-20 00:00:00+00:00, run_after=2024-10-21 00:00:00+00:00
[2024-10-21T05:28:13.495+0000] {processor.py:208} INFO - Processing /home/airflow/.local/lib/python3.12/site-packages/airflow/example_dags/example_branch_labels.py took 1.047 seconds
[2024-10-21T05:29:00.997+0000] {processor.py:186} INFO - Started process (PID=313) to work on /home/airflow/.local/lib/python3.12/site-packages/airflow/example_dags/example_branch_labels.py
[2024-10-21T05:29:01.000+0000] {processor.py:914} INFO - Processing file /home/airflow/.local/lib/python3.12/site-packages/airflow/example_dags/example_branch_labels.py for tasks to queue
[2024-10-21T05:29:01.011+0000] {logging_mixin.py:190} INFO - [2024-10-21T05:29:01.010+0000] {dagbag.py:588} INFO - Filling up the DagBag from /home/airflow/.local/lib/python3.12/site-packages/airflow/example_dags/example_branch_labels.py
[2024-10-21T05:29:01.043+0000] {processor.py:925} INFO - DAG(s) 'example_branch_labels' retrieved from /home/airflow/.local/lib/python3.12/site-packages/airflow/example_dags/example_branch_labels.py
[2024-10-21T05:29:01.097+0000] {logging_mixin.py:190} INFO - [2024-10-21T05:29:01.096+0000] {dag.py:3239} INFO - Sync 1 DAGs
[2024-10-21T05:29:01.193+0000] {logging_mixin.py:190} INFO - [2024-10-21T05:29:01.191+0000] {dag.py:4180} INFO - Setting next_dagrun for example_branch_labels to 2024-10-20 00:00:00+00:00, run_after=2024-10-21 00:00:00+00:00
[2024-10-21T05:29:01.280+0000] {processor.py:208} INFO - Processing /home/airflow/.local/lib/python3.12/site-packages/airflow/example_dags/example_branch_labels.py took 0.305 seconds
[2024-10-21T05:29:31.384+0000] {processor.py:186} INFO - Started process (PID=375) to work on /home/airflow/.local/lib/python3.12/site-packages/airflow/example_dags/example_branch_labels.py
[2024-10-21T05:29:31.386+0000] {processor.py:914} INFO - Processing file /home/airflow/.local/lib/python3.12/site-packages/airflow/example_dags/example_branch_labels.py for tasks to queue
[2024-10-21T05:29:31.389+0000] {logging_mixin.py:190} INFO - [2024-10-21T05:29:31.388+0000] {dagbag.py:588} INFO - Filling up the DagBag from /home/airflow/.local/lib/python3.12/site-packages/airflow/example_dags/example_branch_labels.py
[2024-10-21T05:29:31.416+0000] {processor.py:925} INFO - DAG(s) 'example_branch_labels' retrieved from /home/airflow/.local/lib/python3.12/site-packages/airflow/example_dags/example_branch_labels.py
[2024-10-21T05:29:31.468+0000] {logging_mixin.py:190} INFO - [2024-10-21T05:29:31.468+0000] {dag.py:3239} INFO - Sync 1 DAGs
[2024-10-21T05:29:31.542+0000] {logging_mixin.py:190} INFO - [2024-10-21T05:29:31.541+0000] {dag.py:4180} INFO - Setting next_dagrun for example_branch_labels to 2024-10-20 00:00:00+00:00, run_after=2024-10-21 00:00:00+00:00
[2024-10-21T05:29:31.591+0000] {processor.py:208} INFO - Processing /home/airflow/.local/lib/python3.12/site-packages/airflow/example_dags/example_branch_labels.py took 0.222 seconds
[2024-10-21T05:30:01.687+0000] {processor.py:186} INFO - Started process (PID=437) to work on /home/airflow/.local/lib/python3.12/site-packages/airflow/example_dags/example_branch_labels.py
[2024-10-21T05:30:01.688+0000] {processor.py:914} INFO - Processing file /home/airflow/.local/lib/python3.12/site-packages/airflow/example_dags/example_branch_labels.py for tasks to queue
[2024-10-21T05:30:01.690+0000] {logging_mixin.py:190} INFO - [2024-10-21T05:30:01.690+0000] {dagbag.py:588} INFO - Filling up the DagBag from /home/airflow/.local/lib/python3.12/site-packages/airflow/example_dags/example_branch_labels.py
[2024-10-21T05:30:01.705+0000] {processor.py:925} INFO - DAG(s) 'example_branch_labels' retrieved from /home/airflow/.local/lib/python3.12/site-packages/airflow/example_dags/example_branch_labels.py
[2024-10-21T05:30:01.735+0000] {logging_mixin.py:190} INFO - [2024-10-21T05:30:01.735+0000] {dag.py:3239} INFO - Sync 1 DAGs
[2024-10-21T05:30:01.781+0000] {logging_mixin.py:190} INFO - [2024-10-21T05:30:01.781+0000] {dag.py:4180} INFO - Setting next_dagrun for example_branch_labels to 2024-10-20 00:00:00+00:00, run_after=2024-10-21 00:00:00+00:00
[2024-10-21T05:30:01.818+0000] {processor.py:208} INFO - Processing /home/airflow/.local/lib/python3.12/site-packages/airflow/example_dags/example_branch_labels.py took 0.140 seconds
[2024-10-21T05:30:32.122+0000] {processor.py:186} INFO - Started process (PID=499) to work on /home/airflow/.local/lib/python3.12/site-packages/airflow/example_dags/example_branch_labels.py
[2024-10-21T05:30:32.124+0000] {processor.py:914} INFO - Processing file /home/airflow/.local/lib/python3.12/site-packages/airflow/example_dags/example_branch_labels.py for tasks to queue
[2024-10-21T05:30:32.128+0000] {logging_mixin.py:190} INFO - [2024-10-21T05:30:32.127+0000] {dagbag.py:588} INFO - Filling up the DagBag from /home/airflow/.local/lib/python3.12/site-packages/airflow/example_dags/example_branch_labels.py
[2024-10-21T05:30:32.147+0000] {processor.py:925} INFO - DAG(s) 'example_branch_labels' retrieved from /home/airflow/.local/lib/python3.12/site-packages/airflow/example_dags/example_branch_labels.py
[2024-10-21T05:30:32.187+0000] {logging_mixin.py:190} INFO - [2024-10-21T05:30:32.186+0000] {dag.py:3239} INFO - Sync 1 DAGs
[2024-10-21T05:30:32.235+0000] {logging_mixin.py:190} INFO - [2024-10-21T05:30:32.234+0000] {dag.py:4180} INFO - Setting next_dagrun for example_branch_labels to 2024-10-20 00:00:00+00:00, run_after=2024-10-21 00:00:00+00:00
[2024-10-21T05:30:32.276+0000] {processor.py:208} INFO - Processing /home/airflow/.local/lib/python3.12/site-packages/airflow/example_dags/example_branch_labels.py took 0.167 seconds
[2024-10-21T05:31:02.515+0000] {processor.py:186} INFO - Started process (PID=560) to work on /home/airflow/.local/lib/python3.12/site-packages/airflow/example_dags/example_branch_labels.py
[2024-10-21T05:31:02.516+0000] {processor.py:914} INFO - Processing file /home/airflow/.local/lib/python3.12/site-packages/airflow/example_dags/example_branch_labels.py for tasks to queue
[2024-10-21T05:31:02.518+0000] {logging_mixin.py:190} INFO - [2024-10-21T05:31:02.518+0000] {dagbag.py:588} INFO - Filling up the DagBag from /home/airflow/.local/lib/python3.12/site-packages/airflow/example_dags/example_branch_labels.py
[2024-10-21T05:31:02.533+0000] {processor.py:925} INFO - DAG(s) 'example_branch_labels' retrieved from /home/airflow/.local/lib/python3.12/site-packages/airflow/example_dags/example_branch_labels.py
[2024-10-21T05:31:02.560+0000] {logging_mixin.py:190} INFO - [2024-10-21T05:31:02.560+0000] {dag.py:3239} INFO - Sync 1 DAGs
[2024-10-21T05:31:02.595+0000] {logging_mixin.py:190} INFO - [2024-10-21T05:31:02.594+0000] {dag.py:4180} INFO - Setting next_dagrun for example_branch_labels to 2024-10-20 00:00:00+00:00, run_after=2024-10-21 00:00:00+00:00
[2024-10-21T05:31:02.629+0000] {processor.py:208} INFO - Processing /home/airflow/.local/lib/python3.12/site-packages/airflow/example_dags/example_branch_labels.py took 0.122 seconds
[2024-10-21T05:31:33.144+0000] {processor.py:186} INFO - Started process (PID=621) to work on /home/airflow/.local/lib/python3.12/site-packages/airflow/example_dags/example_branch_labels.py
[2024-10-21T05:31:33.146+0000] {processor.py:914} INFO - Processing file /home/airflow/.local/lib/python3.12/site-packages/airflow/example_dags/example_branch_labels.py for tasks to queue
[2024-10-21T05:31:33.148+0000] {logging_mixin.py:190} INFO - [2024-10-21T05:31:33.148+0000] {dagbag.py:588} INFO - Filling up the DagBag from /home/airflow/.local/lib/python3.12/site-packages/airflow/example_dags/example_branch_labels.py
[2024-10-21T05:31:33.162+0000] {processor.py:925} INFO - DAG(s) 'example_branch_labels' retrieved from /home/airflow/.local/lib/python3.12/site-packages/airflow/example_dags/example_branch_labels.py
[2024-10-21T05:31:33.192+0000] {logging_mixin.py:190} INFO - [2024-10-21T05:31:33.191+0000] {dag.py:3239} INFO - Sync 1 DAGs
[2024-10-21T05:31:33.229+0000] {logging_mixin.py:190} INFO - [2024-10-21T05:31:33.229+0000] {dag.py:4180} INFO - Setting next_dagrun for example_branch_labels to 2024-10-20 00:00:00+00:00, run_after=2024-10-21 00:00:00+00:00
[2024-10-21T05:31:33.259+0000] {processor.py:208} INFO - Processing /home/airflow/.local/lib/python3.12/site-packages/airflow/example_dags/example_branch_labels.py took 0.123 seconds
[2024-10-21T05:32:03.821+0000] {processor.py:186} INFO - Started process (PID=681) to work on /home/airflow/.local/lib/python3.12/site-packages/airflow/example_dags/example_branch_labels.py
[2024-10-21T05:32:03.823+0000] {processor.py:914} INFO - Processing file /home/airflow/.local/lib/python3.12/site-packages/airflow/example_dags/example_branch_labels.py for tasks to queue
[2024-10-21T05:32:03.826+0000] {logging_mixin.py:190} INFO - [2024-10-21T05:32:03.825+0000] {dagbag.py:588} INFO - Filling up the DagBag from /home/airflow/.local/lib/python3.12/site-packages/airflow/example_dags/example_branch_labels.py
[2024-10-21T05:32:03.841+0000] {processor.py:925} INFO - DAG(s) 'example_branch_labels' retrieved from /home/airflow/.local/lib/python3.12/site-packages/airflow/example_dags/example_branch_labels.py
[2024-10-21T05:32:03.878+0000] {logging_mixin.py:190} INFO - [2024-10-21T05:32:03.877+0000] {dag.py:3239} INFO - Sync 1 DAGs
[2024-10-21T05:32:03.913+0000] {logging_mixin.py:190} INFO - [2024-10-21T05:32:03.912+0000] {dag.py:4180} INFO - Setting next_dagrun for example_branch_labels to 2024-10-20 00:00:00+00:00, run_after=2024-10-21 00:00:00+00:00
[2024-10-21T05:32:03.938+0000] {processor.py:208} INFO - Processing /home/airflow/.local/lib/python3.12/site-packages/airflow/example_dags/example_branch_labels.py took 0.125 seconds
[2024-10-21T05:32:34.107+0000] {processor.py:186} INFO - Started process (PID=743) to work on /home/airflow/.local/lib/python3.12/site-packages/airflow/example_dags/example_branch_labels.py
[2024-10-21T05:32:34.108+0000] {processor.py:914} INFO - Processing file /home/airflow/.local/lib/python3.12/site-packages/airflow/example_dags/example_branch_labels.py for tasks to queue
[2024-10-21T05:32:34.111+0000] {logging_mixin.py:190} INFO - [2024-10-21T05:32:34.110+0000] {dagbag.py:588} INFO - Filling up the DagBag from /home/airflow/.local/lib/python3.12/site-packages/airflow/example_dags/example_branch_labels.py
[2024-10-21T05:32:34.123+0000] {processor.py:925} INFO - DAG(s) 'example_branch_labels' retrieved from /home/airflow/.local/lib/python3.12/site-packages/airflow/example_dags/example_branch_labels.py
[2024-10-21T05:32:34.155+0000] {logging_mixin.py:190} INFO - [2024-10-21T05:32:34.154+0000] {dag.py:3239} INFO - Sync 1 DAGs
[2024-10-21T05:32:34.191+0000] {logging_mixin.py:190} INFO - [2024-10-21T05:32:34.191+0000] {dag.py:4180} INFO - Setting next_dagrun for example_branch_labels to 2024-10-20 00:00:00+00:00, run_after=2024-10-21 00:00:00+00:00
[2024-10-21T05:32:34.220+0000] {processor.py:208} INFO - Processing /home/airflow/.local/lib/python3.12/site-packages/airflow/example_dags/example_branch_labels.py took 0.120 seconds
[2024-10-21T05:33:05.163+0000] {processor.py:186} INFO - Started process (PID=804) to work on /home/airflow/.local/lib/python3.12/site-packages/airflow/example_dags/example_branch_labels.py
[2024-10-21T05:33:05.164+0000] {processor.py:914} INFO - Processing file /home/airflow/.local/lib/python3.12/site-packages/airflow/example_dags/example_branch_labels.py for tasks to queue
[2024-10-21T05:33:05.167+0000] {logging_mixin.py:190} INFO - [2024-10-21T05:33:05.166+0000] {dagbag.py:588} INFO - Filling up the DagBag from /home/airflow/.local/lib/python3.12/site-packages/airflow/example_dags/example_branch_labels.py
[2024-10-21T05:33:05.181+0000] {processor.py:925} INFO - DAG(s) 'example_branch_labels' retrieved from /home/airflow/.local/lib/python3.12/site-packages/airflow/example_dags/example_branch_labels.py
[2024-10-21T05:33:05.211+0000] {logging_mixin.py:190} INFO - [2024-10-21T05:33:05.211+0000] {dag.py:3239} INFO - Sync 1 DAGs
[2024-10-21T05:33:05.247+0000] {logging_mixin.py:190} INFO - [2024-10-21T05:33:05.247+0000] {dag.py:4180} INFO - Setting next_dagrun for example_branch_labels to 2024-10-20 00:00:00+00:00, run_after=2024-10-21 00:00:00+00:00
[2024-10-21T05:33:05.277+0000] {processor.py:208} INFO - Processing /home/airflow/.local/lib/python3.12/site-packages/airflow/example_dags/example_branch_labels.py took 0.123 seconds
[2024-10-21T05:33:37.387+0000] {processor.py:186} INFO - Started process (PID=866) to work on /home/airflow/.local/lib/python3.12/site-packages/airflow/example_dags/example_branch_labels.py
[2024-10-21T05:33:37.389+0000] {processor.py:914} INFO - Processing file /home/airflow/.local/lib/python3.12/site-packages/airflow/example_dags/example_branch_labels.py for tasks to queue
[2024-10-21T05:33:37.393+0000] {logging_mixin.py:190} INFO - [2024-10-21T05:33:37.392+0000] {dagbag.py:588} INFO - Filling up the DagBag from /home/airflow/.local/lib/python3.12/site-packages/airflow/example_dags/example_branch_labels.py
[2024-10-21T05:33:37.417+0000] {processor.py:925} INFO - DAG(s) 'example_branch_labels' retrieved from /home/airflow/.local/lib/python3.12/site-packages/airflow/example_dags/example_branch_labels.py
[2024-10-21T05:33:37.476+0000] {logging_mixin.py:190} INFO - [2024-10-21T05:33:37.476+0000] {dag.py:3239} INFO - Sync 1 DAGs
[2024-10-21T05:33:37.561+0000] {logging_mixin.py:190} INFO - [2024-10-21T05:33:37.560+0000] {dag.py:4180} INFO - Setting next_dagrun for example_branch_labels to 2024-10-20 00:00:00+00:00, run_after=2024-10-21 00:00:00+00:00
[2024-10-21T05:33:37.655+0000] {processor.py:208} INFO - Processing /home/airflow/.local/lib/python3.12/site-packages/airflow/example_dags/example_branch_labels.py took 0.280 seconds
[2024-10-21T05:34:08.136+0000] {processor.py:186} INFO - Started process (PID=926) to work on /home/airflow/.local/lib/python3.12/site-packages/airflow/example_dags/example_branch_labels.py
[2024-10-21T05:34:08.138+0000] {processor.py:914} INFO - Processing file /home/airflow/.local/lib/python3.12/site-packages/airflow/example_dags/example_branch_labels.py for tasks to queue
[2024-10-21T05:34:08.141+0000] {logging_mixin.py:190} INFO - [2024-10-21T05:34:08.140+0000] {dagbag.py:588} INFO - Filling up the DagBag from /home/airflow/.local/lib/python3.12/site-packages/airflow/example_dags/example_branch_labels.py
[2024-10-21T05:34:08.155+0000] {processor.py:925} INFO - DAG(s) 'example_branch_labels' retrieved from /home/airflow/.local/lib/python3.12/site-packages/airflow/example_dags/example_branch_labels.py
[2024-10-21T05:34:08.189+0000] {logging_mixin.py:190} INFO - [2024-10-21T05:34:08.188+0000] {dag.py:3239} INFO - Sync 1 DAGs
[2024-10-21T05:34:08.229+0000] {logging_mixin.py:190} INFO - [2024-10-21T05:34:08.228+0000] {dag.py:4180} INFO - Setting next_dagrun for example_branch_labels to 2024-10-20 00:00:00+00:00, run_after=2024-10-21 00:00:00+00:00
[2024-10-21T05:34:08.267+0000] {processor.py:208} INFO - Processing /home/airflow/.local/lib/python3.12/site-packages/airflow/example_dags/example_branch_labels.py took 0.139 seconds
[2024-10-21T05:34:38.658+0000] {processor.py:186} INFO - Started process (PID=988) to work on /home/airflow/.local/lib/python3.12/site-packages/airflow/example_dags/example_branch_labels.py
[2024-10-21T05:34:38.659+0000] {processor.py:914} INFO - Processing file /home/airflow/.local/lib/python3.12/site-packages/airflow/example_dags/example_branch_labels.py for tasks to queue
[2024-10-21T05:34:38.662+0000] {logging_mixin.py:190} INFO - [2024-10-21T05:34:38.661+0000] {dagbag.py:588} INFO - Filling up the DagBag from /home/airflow/.local/lib/python3.12/site-packages/airflow/example_dags/example_branch_labels.py
[2024-10-21T05:34:38.679+0000] {processor.py:925} INFO - DAG(s) 'example_branch_labels' retrieved from /home/airflow/.local/lib/python3.12/site-packages/airflow/example_dags/example_branch_labels.py
[2024-10-21T05:34:38.718+0000] {logging_mixin.py:190} INFO - [2024-10-21T05:34:38.717+0000] {dag.py:3239} INFO - Sync 1 DAGs
[2024-10-21T05:34:38.779+0000] {logging_mixin.py:190} INFO - [2024-10-21T05:34:38.779+0000] {dag.py:4180} INFO - Setting next_dagrun for example_branch_labels to 2024-10-20 00:00:00+00:00, run_after=2024-10-21 00:00:00+00:00
[2024-10-21T05:34:38.822+0000] {processor.py:208} INFO - Processing /home/airflow/.local/lib/python3.12/site-packages/airflow/example_dags/example_branch_labels.py took 0.174 seconds
[2024-10-21T05:35:09.454+0000] {processor.py:186} INFO - Started process (PID=1050) to work on /home/airflow/.local/lib/python3.12/site-packages/airflow/example_dags/example_branch_labels.py
[2024-10-21T05:35:09.455+0000] {processor.py:914} INFO - Processing file /home/airflow/.local/lib/python3.12/site-packages/airflow/example_dags/example_branch_labels.py for tasks to queue
[2024-10-21T05:35:09.457+0000] {logging_mixin.py:190} INFO - [2024-10-21T05:35:09.457+0000] {dagbag.py:588} INFO - Filling up the DagBag from /home/airflow/.local/lib/python3.12/site-packages/airflow/example_dags/example_branch_labels.py
[2024-10-21T05:35:09.470+0000] {processor.py:925} INFO - DAG(s) 'example_branch_labels' retrieved from /home/airflow/.local/lib/python3.12/site-packages/airflow/example_dags/example_branch_labels.py
[2024-10-21T05:35:09.502+0000] {logging_mixin.py:190} INFO - [2024-10-21T05:35:09.502+0000] {dag.py:3239} INFO - Sync 1 DAGs
[2024-10-21T05:35:09.536+0000] {logging_mixin.py:190} INFO - [2024-10-21T05:35:09.535+0000] {dag.py:4180} INFO - Setting next_dagrun for example_branch_labels to 2024-10-20 00:00:00+00:00, run_after=2024-10-21 00:00:00+00:00
[2024-10-21T05:35:09.563+0000] {processor.py:208} INFO - Processing /home/airflow/.local/lib/python3.12/site-packages/airflow/example_dags/example_branch_labels.py took 0.117 seconds
[2024-10-21T05:35:39.767+0000] {processor.py:186} INFO - Started process (PID=1112) to work on /home/airflow/.local/lib/python3.12/site-packages/airflow/example_dags/example_branch_labels.py
[2024-10-21T05:35:39.768+0000] {processor.py:914} INFO - Processing file /home/airflow/.local/lib/python3.12/site-packages/airflow/example_dags/example_branch_labels.py for tasks to queue
[2024-10-21T05:35:39.771+0000] {logging_mixin.py:190} INFO - [2024-10-21T05:35:39.770+0000] {dagbag.py:588} INFO - Filling up the DagBag from /home/airflow/.local/lib/python3.12/site-packages/airflow/example_dags/example_branch_labels.py
[2024-10-21T05:35:39.781+0000] {processor.py:925} INFO - DAG(s) 'example_branch_labels' retrieved from /home/airflow/.local/lib/python3.12/site-packages/airflow/example_dags/example_branch_labels.py
[2024-10-21T05:35:39.809+0000] {logging_mixin.py:190} INFO - [2024-10-21T05:35:39.809+0000] {dag.py:3239} INFO - Sync 1 DAGs
[2024-10-21T05:35:39.838+0000] {logging_mixin.py:190} INFO - [2024-10-21T05:35:39.838+0000] {dag.py:4180} INFO - Setting next_dagrun for example_branch_labels to 2024-10-20 00:00:00+00:00, run_after=2024-10-21 00:00:00+00:00
[2024-10-21T05:35:39.864+0000] {processor.py:208} INFO - Processing /home/airflow/.local/lib/python3.12/site-packages/airflow/example_dags/example_branch_labels.py took 0.103 seconds
[2024-10-21T05:36:09.918+0000] {processor.py:186} INFO - Started process (PID=1174) to work on /home/airflow/.local/lib/python3.12/site-packages/airflow/example_dags/example_branch_labels.py
[2024-10-21T05:36:09.919+0000] {processor.py:914} INFO - Processing file /home/airflow/.local/lib/python3.12/site-packages/airflow/example_dags/example_branch_labels.py for tasks to queue
[2024-10-21T05:36:09.922+0000] {logging_mixin.py:190} INFO - [2024-10-21T05:36:09.921+0000] {dagbag.py:588} INFO - Filling up the DagBag from /home/airflow/.local/lib/python3.12/site-packages/airflow/example_dags/example_branch_labels.py
[2024-10-21T05:36:09.936+0000] {processor.py:925} INFO - DAG(s) 'example_branch_labels' retrieved from /home/airflow/.local/lib/python3.12/site-packages/airflow/example_dags/example_branch_labels.py
[2024-10-21T05:36:09.965+0000] {logging_mixin.py:190} INFO - [2024-10-21T05:36:09.965+0000] {dag.py:3239} INFO - Sync 1 DAGs
[2024-10-21T05:36:10.001+0000] {logging_mixin.py:190} INFO - [2024-10-21T05:36:10.001+0000] {dag.py:4180} INFO - Setting next_dagrun for example_branch_labels to 2024-10-20 00:00:00+00:00, run_after=2024-10-21 00:00:00+00:00
[2024-10-21T05:36:10.026+0000] {processor.py:208} INFO - Processing /home/airflow/.local/lib/python3.12/site-packages/airflow/example_dags/example_branch_labels.py took 0.117 seconds
[2024-10-21T05:36:40.637+0000] {processor.py:186} INFO - Started process (PID=1236) to work on /home/airflow/.local/lib/python3.12/site-packages/airflow/example_dags/example_branch_labels.py
[2024-10-21T05:36:40.639+0000] {processor.py:914} INFO - Processing file /home/airflow/.local/lib/python3.12/site-packages/airflow/example_dags/example_branch_labels.py for tasks to queue
[2024-10-21T05:36:40.641+0000] {logging_mixin.py:190} INFO - [2024-10-21T05:36:40.640+0000] {dagbag.py:588} INFO - Filling up the DagBag from /home/airflow/.local/lib/python3.12/site-packages/airflow/example_dags/example_branch_labels.py
[2024-10-21T05:36:40.659+0000] {processor.py:925} INFO - DAG(s) 'example_branch_labels' retrieved from /home/airflow/.local/lib/python3.12/site-packages/airflow/example_dags/example_branch_labels.py
[2024-10-21T05:36:40.690+0000] {logging_mixin.py:190} INFO - [2024-10-21T05:36:40.690+0000] {dag.py:3239} INFO - Sync 1 DAGs
[2024-10-21T05:36:40.729+0000] {logging_mixin.py:190} INFO - [2024-10-21T05:36:40.728+0000] {dag.py:4180} INFO - Setting next_dagrun for example_branch_labels to 2024-10-20 00:00:00+00:00, run_after=2024-10-21 00:00:00+00:00
[2024-10-21T05:36:40.755+0000] {processor.py:208} INFO - Processing /home/airflow/.local/lib/python3.12/site-packages/airflow/example_dags/example_branch_labels.py took 0.127 seconds
[2024-10-21T11:54:51.746+0000] {processor.py:186} INFO - Started process (PID=74) to work on /home/airflow/.local/lib/python3.12/site-packages/airflow/example_dags/example_branch_labels.py
[2024-10-21T11:54:51.748+0000] {processor.py:914} INFO - Processing file /home/airflow/.local/lib/python3.12/site-packages/airflow/example_dags/example_branch_labels.py for tasks to queue
[2024-10-21T11:54:51.753+0000] {logging_mixin.py:190} INFO - [2024-10-21T11:54:51.752+0000] {dagbag.py:588} INFO - Filling up the DagBag from /home/airflow/.local/lib/python3.12/site-packages/airflow/example_dags/example_branch_labels.py
[2024-10-21T11:54:51.793+0000] {processor.py:925} INFO - DAG(s) 'example_branch_labels' retrieved from /home/airflow/.local/lib/python3.12/site-packages/airflow/example_dags/example_branch_labels.py
[2024-10-21T11:54:52.019+0000] {logging_mixin.py:190} INFO - [2024-10-21T11:54:52.018+0000] {dag.py:3239} INFO - Sync 1 DAGs
[2024-10-21T11:54:52.153+0000] {logging_mixin.py:190} INFO - [2024-10-21T11:54:52.152+0000] {dag.py:4180} INFO - Setting next_dagrun for example_branch_labels to 2024-10-20 00:00:00+00:00, run_after=2024-10-21 00:00:00+00:00
[2024-10-21T11:54:52.242+0000] {processor.py:208} INFO - Processing /home/airflow/.local/lib/python3.12/site-packages/airflow/example_dags/example_branch_labels.py took 0.505 seconds
[2024-10-21T11:55:23.324+0000] {processor.py:186} INFO - Started process (PID=137) to work on /home/airflow/.local/lib/python3.12/site-packages/airflow/example_dags/example_branch_labels.py
[2024-10-21T11:55:23.381+0000] {processor.py:914} INFO - Processing file /home/airflow/.local/lib/python3.12/site-packages/airflow/example_dags/example_branch_labels.py for tasks to queue
[2024-10-21T11:55:23.384+0000] {logging_mixin.py:190} INFO - [2024-10-21T11:55:23.383+0000] {dagbag.py:588} INFO - Filling up the DagBag from /home/airflow/.local/lib/python3.12/site-packages/airflow/example_dags/example_branch_labels.py
[2024-10-21T11:55:23.399+0000] {processor.py:925} INFO - DAG(s) 'example_branch_labels' retrieved from /home/airflow/.local/lib/python3.12/site-packages/airflow/example_dags/example_branch_labels.py
[2024-10-21T11:55:23.426+0000] {logging_mixin.py:190} INFO - [2024-10-21T11:55:23.426+0000] {dag.py:3239} INFO - Sync 1 DAGs
[2024-10-21T11:55:23.451+0000] {logging_mixin.py:190} INFO - [2024-10-21T11:55:23.451+0000] {dag.py:4180} INFO - Setting next_dagrun for example_branch_labels to 2024-10-20 00:00:00+00:00, run_after=2024-10-21 00:00:00+00:00
[2024-10-21T11:55:23.471+0000] {processor.py:208} INFO - Processing /home/airflow/.local/lib/python3.12/site-packages/airflow/example_dags/example_branch_labels.py took 0.172 seconds
