[2024-10-21T03:08:39.203+0000] {processor.py:186} INFO - Started process (PID=318) to work on /home/airflow/.local/lib/python3.12/site-packages/airflow/example_dags/example_complex.py
[2024-10-21T03:08:39.204+0000] {processor.py:914} INFO - Processing file /home/airflow/.local/lib/python3.12/site-packages/airflow/example_dags/example_complex.py for tasks to queue
[2024-10-21T03:08:39.206+0000] {logging_mixin.py:190} INFO - [2024-10-21T03:08:39.206+0000] {dagbag.py:588} INFO - Filling up the DagBag from /home/airflow/.local/lib/python3.12/site-packages/airflow/example_dags/example_complex.py
[2024-10-21T03:08:39.219+0000] {processor.py:925} INFO - DAG(s) 'example_complex' retrieved from /home/airflow/.local/lib/python3.12/site-packages/airflow/example_dags/example_complex.py
[2024-10-21T03:08:39.366+0000] {logging_mixin.py:190} INFO - [2024-10-21T03:08:39.365+0000] {override.py:1900} INFO - Created Permission View: can delete on DAG:example_complex
[2024-10-21T03:08:39.379+0000] {logging_mixin.py:190} INFO - [2024-10-21T03:08:39.379+0000] {override.py:1900} INFO - Created Permission View: can read on DAG:example_complex
[2024-10-21T03:08:39.386+0000] {logging_mixin.py:190} INFO - [2024-10-21T03:08:39.386+0000] {override.py:1900} INFO - Created Permission View: can edit on DAG:example_complex
[2024-10-21T03:08:39.394+0000] {logging_mixin.py:190} INFO - [2024-10-21T03:08:39.394+0000] {override.py:1900} INFO - Created Permission View: menu access on DAG Run:example_complex
[2024-10-21T03:08:39.401+0000] {logging_mixin.py:190} INFO - [2024-10-21T03:08:39.401+0000] {override.py:1900} INFO - Created Permission View: can delete on DAG Run:example_complex
[2024-10-21T03:08:39.407+0000] {logging_mixin.py:190} INFO - [2024-10-21T03:08:39.406+0000] {override.py:1900} INFO - Created Permission View: can read on DAG Run:example_complex
[2024-10-21T03:08:39.412+0000] {logging_mixin.py:190} INFO - [2024-10-21T03:08:39.412+0000] {override.py:1900} INFO - Created Permission View: can create on DAG Run:example_complex
[2024-10-21T03:08:39.413+0000] {logging_mixin.py:190} INFO - [2024-10-21T03:08:39.412+0000] {dag.py:3239} INFO - Sync 1 DAGs
[2024-10-21T03:08:39.433+0000] {logging_mixin.py:190} INFO - [2024-10-21T03:08:39.432+0000] {dag.py:3262} INFO - Creating ORM DAG for example_complex
[2024-10-21T03:08:39.434+0000] {logging_mixin.py:190} INFO - [2024-10-21T03:08:39.434+0000] {dag.py:4180} INFO - Setting next_dagrun for example_complex to None, run_after=None
[2024-10-21T03:08:39.453+0000] {processor.py:208} INFO - Processing /home/airflow/.local/lib/python3.12/site-packages/airflow/example_dags/example_complex.py took 0.257 seconds
[2024-10-21T03:09:10.018+0000] {processor.py:186} INFO - Started process (PID=379) to work on /home/airflow/.local/lib/python3.12/site-packages/airflow/example_dags/example_complex.py
[2024-10-21T03:09:10.019+0000] {processor.py:914} INFO - Processing file /home/airflow/.local/lib/python3.12/site-packages/airflow/example_dags/example_complex.py for tasks to queue
[2024-10-21T03:09:10.022+0000] {logging_mixin.py:190} INFO - [2024-10-21T03:09:10.022+0000] {dagbag.py:588} INFO - Filling up the DagBag from /home/airflow/.local/lib/python3.12/site-packages/airflow/example_dags/example_complex.py
[2024-10-21T03:09:10.041+0000] {processor.py:925} INFO - DAG(s) 'example_complex' retrieved from /home/airflow/.local/lib/python3.12/site-packages/airflow/example_dags/example_complex.py
[2024-10-21T03:09:10.071+0000] {logging_mixin.py:190} INFO - [2024-10-21T03:09:10.071+0000] {dag.py:3239} INFO - Sync 1 DAGs
[2024-10-21T03:09:10.085+0000] {logging_mixin.py:190} INFO - [2024-10-21T03:09:10.085+0000] {dag.py:4180} INFO - Setting next_dagrun for example_complex to None, run_after=None
[2024-10-21T03:09:10.111+0000] {processor.py:208} INFO - Processing /home/airflow/.local/lib/python3.12/site-packages/airflow/example_dags/example_complex.py took 0.103 seconds
[2024-10-21T03:09:40.897+0000] {processor.py:186} INFO - Started process (PID=442) to work on /home/airflow/.local/lib/python3.12/site-packages/airflow/example_dags/example_complex.py
[2024-10-21T03:09:40.898+0000] {processor.py:914} INFO - Processing file /home/airflow/.local/lib/python3.12/site-packages/airflow/example_dags/example_complex.py for tasks to queue
[2024-10-21T03:09:40.901+0000] {logging_mixin.py:190} INFO - [2024-10-21T03:09:40.900+0000] {dagbag.py:588} INFO - Filling up the DagBag from /home/airflow/.local/lib/python3.12/site-packages/airflow/example_dags/example_complex.py
[2024-10-21T03:09:40.914+0000] {processor.py:925} INFO - DAG(s) 'example_complex' retrieved from /home/airflow/.local/lib/python3.12/site-packages/airflow/example_dags/example_complex.py
[2024-10-21T03:09:40.947+0000] {logging_mixin.py:190} INFO - [2024-10-21T03:09:40.946+0000] {dag.py:3239} INFO - Sync 1 DAGs
[2024-10-21T03:09:40.964+0000] {logging_mixin.py:190} INFO - [2024-10-21T03:09:40.964+0000] {dag.py:4180} INFO - Setting next_dagrun for example_complex to None, run_after=None
[2024-10-21T03:09:40.982+0000] {processor.py:208} INFO - Processing /home/airflow/.local/lib/python3.12/site-packages/airflow/example_dags/example_complex.py took 0.090 seconds
[2024-10-21T03:10:11.641+0000] {processor.py:186} INFO - Started process (PID=504) to work on /home/airflow/.local/lib/python3.12/site-packages/airflow/example_dags/example_complex.py
[2024-10-21T03:10:11.642+0000] {processor.py:914} INFO - Processing file /home/airflow/.local/lib/python3.12/site-packages/airflow/example_dags/example_complex.py for tasks to queue
[2024-10-21T03:10:11.646+0000] {logging_mixin.py:190} INFO - [2024-10-21T03:10:11.645+0000] {dagbag.py:588} INFO - Filling up the DagBag from /home/airflow/.local/lib/python3.12/site-packages/airflow/example_dags/example_complex.py
[2024-10-21T03:10:11.659+0000] {processor.py:925} INFO - DAG(s) 'example_complex' retrieved from /home/airflow/.local/lib/python3.12/site-packages/airflow/example_dags/example_complex.py
[2024-10-21T03:10:11.700+0000] {logging_mixin.py:190} INFO - [2024-10-21T03:10:11.699+0000] {dag.py:3239} INFO - Sync 1 DAGs
[2024-10-21T03:10:11.717+0000] {logging_mixin.py:190} INFO - [2024-10-21T03:10:11.716+0000] {dag.py:4180} INFO - Setting next_dagrun for example_complex to None, run_after=None
[2024-10-21T03:10:11.738+0000] {processor.py:208} INFO - Processing /home/airflow/.local/lib/python3.12/site-packages/airflow/example_dags/example_complex.py took 0.102 seconds
[2024-10-21T03:10:42.262+0000] {processor.py:186} INFO - Started process (PID=566) to work on /home/airflow/.local/lib/python3.12/site-packages/airflow/example_dags/example_complex.py
[2024-10-21T03:10:42.263+0000] {processor.py:914} INFO - Processing file /home/airflow/.local/lib/python3.12/site-packages/airflow/example_dags/example_complex.py for tasks to queue
[2024-10-21T03:10:42.266+0000] {logging_mixin.py:190} INFO - [2024-10-21T03:10:42.266+0000] {dagbag.py:588} INFO - Filling up the DagBag from /home/airflow/.local/lib/python3.12/site-packages/airflow/example_dags/example_complex.py
[2024-10-21T03:10:42.280+0000] {processor.py:925} INFO - DAG(s) 'example_complex' retrieved from /home/airflow/.local/lib/python3.12/site-packages/airflow/example_dags/example_complex.py
[2024-10-21T03:10:42.310+0000] {logging_mixin.py:190} INFO - [2024-10-21T03:10:42.310+0000] {dag.py:3239} INFO - Sync 1 DAGs
[2024-10-21T03:10:42.321+0000] {logging_mixin.py:190} INFO - [2024-10-21T03:10:42.321+0000] {dag.py:4180} INFO - Setting next_dagrun for example_complex to None, run_after=None
[2024-10-21T03:10:42.337+0000] {processor.py:208} INFO - Processing /home/airflow/.local/lib/python3.12/site-packages/airflow/example_dags/example_complex.py took 0.081 seconds
[2024-10-21T03:11:12.631+0000] {processor.py:186} INFO - Started process (PID=628) to work on /home/airflow/.local/lib/python3.12/site-packages/airflow/example_dags/example_complex.py
[2024-10-21T03:11:12.632+0000] {processor.py:914} INFO - Processing file /home/airflow/.local/lib/python3.12/site-packages/airflow/example_dags/example_complex.py for tasks to queue
[2024-10-21T03:11:12.636+0000] {logging_mixin.py:190} INFO - [2024-10-21T03:11:12.636+0000] {dagbag.py:588} INFO - Filling up the DagBag from /home/airflow/.local/lib/python3.12/site-packages/airflow/example_dags/example_complex.py
[2024-10-21T03:11:12.649+0000] {processor.py:925} INFO - DAG(s) 'example_complex' retrieved from /home/airflow/.local/lib/python3.12/site-packages/airflow/example_dags/example_complex.py
[2024-10-21T03:11:12.689+0000] {logging_mixin.py:190} INFO - [2024-10-21T03:11:12.688+0000] {dag.py:3239} INFO - Sync 1 DAGs
[2024-10-21T03:11:12.702+0000] {logging_mixin.py:190} INFO - [2024-10-21T03:11:12.702+0000] {dag.py:4180} INFO - Setting next_dagrun for example_complex to None, run_after=None
[2024-10-21T03:11:12.719+0000] {processor.py:208} INFO - Processing /home/airflow/.local/lib/python3.12/site-packages/airflow/example_dags/example_complex.py took 0.097 seconds
[2024-10-21T03:11:43.226+0000] {processor.py:186} INFO - Started process (PID=691) to work on /home/airflow/.local/lib/python3.12/site-packages/airflow/example_dags/example_complex.py
[2024-10-21T03:11:43.227+0000] {processor.py:914} INFO - Processing file /home/airflow/.local/lib/python3.12/site-packages/airflow/example_dags/example_complex.py for tasks to queue
[2024-10-21T03:11:43.230+0000] {logging_mixin.py:190} INFO - [2024-10-21T03:11:43.229+0000] {dagbag.py:588} INFO - Filling up the DagBag from /home/airflow/.local/lib/python3.12/site-packages/airflow/example_dags/example_complex.py
[2024-10-21T03:11:43.242+0000] {processor.py:925} INFO - DAG(s) 'example_complex' retrieved from /home/airflow/.local/lib/python3.12/site-packages/airflow/example_dags/example_complex.py
[2024-10-21T03:11:43.289+0000] {logging_mixin.py:190} INFO - [2024-10-21T03:11:43.288+0000] {dag.py:3239} INFO - Sync 1 DAGs
[2024-10-21T03:11:43.314+0000] {logging_mixin.py:190} INFO - [2024-10-21T03:11:43.314+0000] {dag.py:4180} INFO - Setting next_dagrun for example_complex to None, run_after=None
[2024-10-21T03:11:43.340+0000] {processor.py:208} INFO - Processing /home/airflow/.local/lib/python3.12/site-packages/airflow/example_dags/example_complex.py took 0.121 seconds
[2024-10-21T05:26:29.967+0000] {processor.py:186} INFO - Started process (PID=103) to work on /home/airflow/.local/lib/python3.12/site-packages/airflow/example_dags/example_complex.py
[2024-10-21T05:26:29.969+0000] {processor.py:914} INFO - Processing file /home/airflow/.local/lib/python3.12/site-packages/airflow/example_dags/example_complex.py for tasks to queue
[2024-10-21T05:26:29.975+0000] {logging_mixin.py:190} INFO - [2024-10-21T05:26:29.974+0000] {dagbag.py:588} INFO - Filling up the DagBag from /home/airflow/.local/lib/python3.12/site-packages/airflow/example_dags/example_complex.py
[2024-10-21T05:26:30.033+0000] {processor.py:925} INFO - DAG(s) 'example_complex' retrieved from /home/airflow/.local/lib/python3.12/site-packages/airflow/example_dags/example_complex.py
[2024-10-21T05:26:30.102+0000] {logging_mixin.py:190} INFO - [2024-10-21T05:26:30.101+0000] {dag.py:3239} INFO - Sync 1 DAGs
[2024-10-21T05:26:30.141+0000] {logging_mixin.py:190} INFO - [2024-10-21T05:26:30.141+0000] {dag.py:4180} INFO - Setting next_dagrun for example_complex to None, run_after=None
[2024-10-21T05:26:30.174+0000] {processor.py:208} INFO - Processing /home/airflow/.local/lib/python3.12/site-packages/airflow/example_dags/example_complex.py took 0.216 seconds
[2024-10-21T05:27:00.779+0000] {processor.py:186} INFO - Started process (PID=165) to work on /home/airflow/.local/lib/python3.12/site-packages/airflow/example_dags/example_complex.py
[2024-10-21T05:27:00.781+0000] {processor.py:914} INFO - Processing file /home/airflow/.local/lib/python3.12/site-packages/airflow/example_dags/example_complex.py for tasks to queue
[2024-10-21T05:27:00.785+0000] {logging_mixin.py:190} INFO - [2024-10-21T05:27:00.785+0000] {dagbag.py:588} INFO - Filling up the DagBag from /home/airflow/.local/lib/python3.12/site-packages/airflow/example_dags/example_complex.py
[2024-10-21T05:27:00.803+0000] {processor.py:925} INFO - DAG(s) 'example_complex' retrieved from /home/airflow/.local/lib/python3.12/site-packages/airflow/example_dags/example_complex.py
[2024-10-21T05:27:00.852+0000] {logging_mixin.py:190} INFO - [2024-10-21T05:27:00.852+0000] {dag.py:3239} INFO - Sync 1 DAGs
[2024-10-21T05:27:00.883+0000] {logging_mixin.py:190} INFO - [2024-10-21T05:27:00.882+0000] {dag.py:4180} INFO - Setting next_dagrun for example_complex to None, run_after=None
[2024-10-21T05:27:00.923+0000] {processor.py:208} INFO - Processing /home/airflow/.local/lib/python3.12/site-packages/airflow/example_dags/example_complex.py took 0.156 seconds
[2024-10-21T05:27:31.697+0000] {processor.py:186} INFO - Started process (PID=227) to work on /home/airflow/.local/lib/python3.12/site-packages/airflow/example_dags/example_complex.py
[2024-10-21T05:27:31.699+0000] {processor.py:914} INFO - Processing file /home/airflow/.local/lib/python3.12/site-packages/airflow/example_dags/example_complex.py for tasks to queue
[2024-10-21T05:27:31.703+0000] {logging_mixin.py:190} INFO - [2024-10-21T05:27:31.702+0000] {dagbag.py:588} INFO - Filling up the DagBag from /home/airflow/.local/lib/python3.12/site-packages/airflow/example_dags/example_complex.py
[2024-10-21T05:27:31.721+0000] {processor.py:925} INFO - DAG(s) 'example_complex' retrieved from /home/airflow/.local/lib/python3.12/site-packages/airflow/example_dags/example_complex.py
[2024-10-21T05:27:31.766+0000] {logging_mixin.py:190} INFO - [2024-10-21T05:27:31.766+0000] {dag.py:3239} INFO - Sync 1 DAGs
[2024-10-21T05:27:31.794+0000] {logging_mixin.py:190} INFO - [2024-10-21T05:27:31.794+0000] {dag.py:4180} INFO - Setting next_dagrun for example_complex to None, run_after=None
[2024-10-21T05:27:31.828+0000] {processor.py:208} INFO - Processing /home/airflow/.local/lib/python3.12/site-packages/airflow/example_dags/example_complex.py took 0.140 seconds
[2024-10-21T05:29:00.122+0000] {processor.py:186} INFO - Started process (PID=308) to work on /home/airflow/.local/lib/python3.12/site-packages/airflow/example_dags/example_complex.py
[2024-10-21T05:29:00.127+0000] {processor.py:914} INFO - Processing file /home/airflow/.local/lib/python3.12/site-packages/airflow/example_dags/example_complex.py for tasks to queue
[2024-10-21T05:29:00.136+0000] {logging_mixin.py:190} INFO - [2024-10-21T05:29:00.135+0000] {dagbag.py:588} INFO - Filling up the DagBag from /home/airflow/.local/lib/python3.12/site-packages/airflow/example_dags/example_complex.py
[2024-10-21T05:29:00.189+0000] {processor.py:925} INFO - DAG(s) 'example_complex' retrieved from /home/airflow/.local/lib/python3.12/site-packages/airflow/example_dags/example_complex.py
[2024-10-21T05:29:00.279+0000] {logging_mixin.py:190} INFO - [2024-10-21T05:29:00.278+0000] {dag.py:3239} INFO - Sync 1 DAGs
[2024-10-21T05:29:00.322+0000] {logging_mixin.py:190} INFO - [2024-10-21T05:29:00.321+0000] {dag.py:4180} INFO - Setting next_dagrun for example_complex to None, run_after=None
[2024-10-21T05:29:00.381+0000] {processor.py:208} INFO - Processing /home/airflow/.local/lib/python3.12/site-packages/airflow/example_dags/example_complex.py took 0.282 seconds
[2024-10-21T05:29:30.877+0000] {processor.py:186} INFO - Started process (PID=370) to work on /home/airflow/.local/lib/python3.12/site-packages/airflow/example_dags/example_complex.py
[2024-10-21T05:29:30.878+0000] {processor.py:914} INFO - Processing file /home/airflow/.local/lib/python3.12/site-packages/airflow/example_dags/example_complex.py for tasks to queue
[2024-10-21T05:29:30.882+0000] {logging_mixin.py:190} INFO - [2024-10-21T05:29:30.881+0000] {dagbag.py:588} INFO - Filling up the DagBag from /home/airflow/.local/lib/python3.12/site-packages/airflow/example_dags/example_complex.py
[2024-10-21T05:29:30.911+0000] {processor.py:925} INFO - DAG(s) 'example_complex' retrieved from /home/airflow/.local/lib/python3.12/site-packages/airflow/example_dags/example_complex.py
[2024-10-21T05:29:30.984+0000] {logging_mixin.py:190} INFO - [2024-10-21T05:29:30.984+0000] {dag.py:3239} INFO - Sync 1 DAGs
[2024-10-21T05:29:31.031+0000] {logging_mixin.py:190} INFO - [2024-10-21T05:29:31.030+0000] {dag.py:4180} INFO - Setting next_dagrun for example_complex to None, run_after=None
[2024-10-21T05:29:31.065+0000] {processor.py:208} INFO - Processing /home/airflow/.local/lib/python3.12/site-packages/airflow/example_dags/example_complex.py took 0.202 seconds
[2024-10-21T05:30:01.195+0000] {processor.py:186} INFO - Started process (PID=432) to work on /home/airflow/.local/lib/python3.12/site-packages/airflow/example_dags/example_complex.py
[2024-10-21T05:30:01.197+0000] {processor.py:914} INFO - Processing file /home/airflow/.local/lib/python3.12/site-packages/airflow/example_dags/example_complex.py for tasks to queue
[2024-10-21T05:30:01.200+0000] {logging_mixin.py:190} INFO - [2024-10-21T05:30:01.199+0000] {dagbag.py:588} INFO - Filling up the DagBag from /home/airflow/.local/lib/python3.12/site-packages/airflow/example_dags/example_complex.py
[2024-10-21T05:30:01.224+0000] {processor.py:925} INFO - DAG(s) 'example_complex' retrieved from /home/airflow/.local/lib/python3.12/site-packages/airflow/example_dags/example_complex.py
[2024-10-21T05:30:01.276+0000] {logging_mixin.py:190} INFO - [2024-10-21T05:30:01.276+0000] {dag.py:3239} INFO - Sync 1 DAGs
[2024-10-21T05:30:01.300+0000] {logging_mixin.py:190} INFO - [2024-10-21T05:30:01.300+0000] {dag.py:4180} INFO - Setting next_dagrun for example_complex to None, run_after=None
[2024-10-21T05:30:01.333+0000] {processor.py:208} INFO - Processing /home/airflow/.local/lib/python3.12/site-packages/airflow/example_dags/example_complex.py took 0.148 seconds
[2024-10-21T05:30:31.674+0000] {processor.py:186} INFO - Started process (PID=494) to work on /home/airflow/.local/lib/python3.12/site-packages/airflow/example_dags/example_complex.py
[2024-10-21T05:30:31.675+0000] {processor.py:914} INFO - Processing file /home/airflow/.local/lib/python3.12/site-packages/airflow/example_dags/example_complex.py for tasks to queue
[2024-10-21T05:30:31.678+0000] {logging_mixin.py:190} INFO - [2024-10-21T05:30:31.677+0000] {dagbag.py:588} INFO - Filling up the DagBag from /home/airflow/.local/lib/python3.12/site-packages/airflow/example_dags/example_complex.py
[2024-10-21T05:30:31.697+0000] {processor.py:925} INFO - DAG(s) 'example_complex' retrieved from /home/airflow/.local/lib/python3.12/site-packages/airflow/example_dags/example_complex.py
[2024-10-21T05:30:31.742+0000] {logging_mixin.py:190} INFO - [2024-10-21T05:30:31.741+0000] {dag.py:3239} INFO - Sync 1 DAGs
[2024-10-21T05:30:31.764+0000] {logging_mixin.py:190} INFO - [2024-10-21T05:30:31.764+0000] {dag.py:4180} INFO - Setting next_dagrun for example_complex to None, run_after=None
[2024-10-21T05:30:31.792+0000] {processor.py:208} INFO - Processing /home/airflow/.local/lib/python3.12/site-packages/airflow/example_dags/example_complex.py took 0.128 seconds
[2024-10-21T05:31:02.152+0000] {processor.py:186} INFO - Started process (PID=556) to work on /home/airflow/.local/lib/python3.12/site-packages/airflow/example_dags/example_complex.py
[2024-10-21T05:31:02.154+0000] {processor.py:914} INFO - Processing file /home/airflow/.local/lib/python3.12/site-packages/airflow/example_dags/example_complex.py for tasks to queue
[2024-10-21T05:31:02.156+0000] {logging_mixin.py:190} INFO - [2024-10-21T05:31:02.156+0000] {dagbag.py:588} INFO - Filling up the DagBag from /home/airflow/.local/lib/python3.12/site-packages/airflow/example_dags/example_complex.py
[2024-10-21T05:31:02.180+0000] {processor.py:925} INFO - DAG(s) 'example_complex' retrieved from /home/airflow/.local/lib/python3.12/site-packages/airflow/example_dags/example_complex.py
[2024-10-21T05:31:02.246+0000] {logging_mixin.py:190} INFO - [2024-10-21T05:31:02.246+0000] {dag.py:3239} INFO - Sync 1 DAGs
[2024-10-21T05:31:02.280+0000] {logging_mixin.py:190} INFO - [2024-10-21T05:31:02.280+0000] {dag.py:4180} INFO - Setting next_dagrun for example_complex to None, run_after=None
[2024-10-21T05:31:02.313+0000] {processor.py:208} INFO - Processing /home/airflow/.local/lib/python3.12/site-packages/airflow/example_dags/example_complex.py took 0.170 seconds
[2024-10-21T05:31:33.296+0000] {processor.py:186} INFO - Started process (PID=622) to work on /home/airflow/.local/lib/python3.12/site-packages/airflow/example_dags/example_complex.py
[2024-10-21T05:31:33.298+0000] {processor.py:914} INFO - Processing file /home/airflow/.local/lib/python3.12/site-packages/airflow/example_dags/example_complex.py for tasks to queue
[2024-10-21T05:31:33.299+0000] {logging_mixin.py:190} INFO - [2024-10-21T05:31:33.299+0000] {dagbag.py:588} INFO - Filling up the DagBag from /home/airflow/.local/lib/python3.12/site-packages/airflow/example_dags/example_complex.py
[2024-10-21T05:31:33.313+0000] {processor.py:925} INFO - DAG(s) 'example_complex' retrieved from /home/airflow/.local/lib/python3.12/site-packages/airflow/example_dags/example_complex.py
[2024-10-21T05:31:33.356+0000] {logging_mixin.py:190} INFO - [2024-10-21T05:31:33.355+0000] {dag.py:3239} INFO - Sync 1 DAGs
[2024-10-21T05:31:33.377+0000] {logging_mixin.py:190} INFO - [2024-10-21T05:31:33.377+0000] {dag.py:4180} INFO - Setting next_dagrun for example_complex to None, run_after=None
[2024-10-21T05:31:33.402+0000] {processor.py:208} INFO - Processing /home/airflow/.local/lib/python3.12/site-packages/airflow/example_dags/example_complex.py took 0.113 seconds
[2024-10-21T05:32:04.134+0000] {processor.py:186} INFO - Started process (PID=684) to work on /home/airflow/.local/lib/python3.12/site-packages/airflow/example_dags/example_complex.py
[2024-10-21T05:32:04.136+0000] {processor.py:914} INFO - Processing file /home/airflow/.local/lib/python3.12/site-packages/airflow/example_dags/example_complex.py for tasks to queue
[2024-10-21T05:32:04.139+0000] {logging_mixin.py:190} INFO - [2024-10-21T05:32:04.138+0000] {dagbag.py:588} INFO - Filling up the DagBag from /home/airflow/.local/lib/python3.12/site-packages/airflow/example_dags/example_complex.py
[2024-10-21T05:32:04.157+0000] {processor.py:925} INFO - DAG(s) 'example_complex' retrieved from /home/airflow/.local/lib/python3.12/site-packages/airflow/example_dags/example_complex.py
[2024-10-21T05:32:04.205+0000] {logging_mixin.py:190} INFO - [2024-10-21T05:32:04.204+0000] {dag.py:3239} INFO - Sync 1 DAGs
[2024-10-21T05:32:04.231+0000] {logging_mixin.py:190} INFO - [2024-10-21T05:32:04.231+0000] {dag.py:4180} INFO - Setting next_dagrun for example_complex to None, run_after=None
[2024-10-21T05:32:04.260+0000] {processor.py:208} INFO - Processing /home/airflow/.local/lib/python3.12/site-packages/airflow/example_dags/example_complex.py took 0.135 seconds
[2024-10-21T05:32:34.325+0000] {processor.py:186} INFO - Started process (PID=746) to work on /home/airflow/.local/lib/python3.12/site-packages/airflow/example_dags/example_complex.py
[2024-10-21T05:32:34.327+0000] {processor.py:914} INFO - Processing file /home/airflow/.local/lib/python3.12/site-packages/airflow/example_dags/example_complex.py for tasks to queue
[2024-10-21T05:32:34.329+0000] {logging_mixin.py:190} INFO - [2024-10-21T05:32:34.328+0000] {dagbag.py:588} INFO - Filling up the DagBag from /home/airflow/.local/lib/python3.12/site-packages/airflow/example_dags/example_complex.py
[2024-10-21T05:32:34.352+0000] {processor.py:925} INFO - DAG(s) 'example_complex' retrieved from /home/airflow/.local/lib/python3.12/site-packages/airflow/example_dags/example_complex.py
[2024-10-21T05:32:34.412+0000] {logging_mixin.py:190} INFO - [2024-10-21T05:32:34.412+0000] {dag.py:3239} INFO - Sync 1 DAGs
[2024-10-21T05:32:34.434+0000] {logging_mixin.py:190} INFO - [2024-10-21T05:32:34.434+0000] {dag.py:4180} INFO - Setting next_dagrun for example_complex to None, run_after=None
[2024-10-21T05:32:34.462+0000] {processor.py:208} INFO - Processing /home/airflow/.local/lib/python3.12/site-packages/airflow/example_dags/example_complex.py took 0.148 seconds
[2024-10-21T05:33:05.511+0000] {processor.py:186} INFO - Started process (PID=808) to work on /home/airflow/.local/lib/python3.12/site-packages/airflow/example_dags/example_complex.py
[2024-10-21T05:33:05.513+0000] {processor.py:914} INFO - Processing file /home/airflow/.local/lib/python3.12/site-packages/airflow/example_dags/example_complex.py for tasks to queue
[2024-10-21T05:33:05.515+0000] {logging_mixin.py:190} INFO - [2024-10-21T05:33:05.515+0000] {dagbag.py:588} INFO - Filling up the DagBag from /home/airflow/.local/lib/python3.12/site-packages/airflow/example_dags/example_complex.py
[2024-10-21T05:33:05.549+0000] {processor.py:925} INFO - DAG(s) 'example_complex' retrieved from /home/airflow/.local/lib/python3.12/site-packages/airflow/example_dags/example_complex.py
[2024-10-21T05:33:05.604+0000] {logging_mixin.py:190} INFO - [2024-10-21T05:33:05.603+0000] {dag.py:3239} INFO - Sync 1 DAGs
[2024-10-21T05:33:05.629+0000] {logging_mixin.py:190} INFO - [2024-10-21T05:33:05.629+0000] {dag.py:4180} INFO - Setting next_dagrun for example_complex to None, run_after=None
[2024-10-21T05:33:05.662+0000] {processor.py:208} INFO - Processing /home/airflow/.local/lib/python3.12/site-packages/airflow/example_dags/example_complex.py took 0.162 seconds
[2024-10-21T05:33:38.454+0000] {processor.py:186} INFO - Started process (PID=871) to work on /home/airflow/.local/lib/python3.12/site-packages/airflow/example_dags/example_complex.py
[2024-10-21T05:33:38.461+0000] {processor.py:914} INFO - Processing file /home/airflow/.local/lib/python3.12/site-packages/airflow/example_dags/example_complex.py for tasks to queue
[2024-10-21T05:33:38.466+0000] {logging_mixin.py:190} INFO - [2024-10-21T05:33:38.464+0000] {dagbag.py:588} INFO - Filling up the DagBag from /home/airflow/.local/lib/python3.12/site-packages/airflow/example_dags/example_complex.py
[2024-10-21T05:33:38.514+0000] {processor.py:925} INFO - DAG(s) 'example_complex' retrieved from /home/airflow/.local/lib/python3.12/site-packages/airflow/example_dags/example_complex.py
[2024-10-21T05:33:38.677+0000] {logging_mixin.py:190} INFO - [2024-10-21T05:33:38.676+0000] {dag.py:3239} INFO - Sync 1 DAGs
[2024-10-21T05:33:38.819+0000] {logging_mixin.py:190} INFO - [2024-10-21T05:33:38.818+0000] {dag.py:4180} INFO - Setting next_dagrun for example_complex to None, run_after=None
[2024-10-21T05:33:38.884+0000] {processor.py:208} INFO - Processing /home/airflow/.local/lib/python3.12/site-packages/airflow/example_dags/example_complex.py took 0.487 seconds
[2024-10-21T05:34:08.973+0000] {processor.py:186} INFO - Started process (PID=933) to work on /home/airflow/.local/lib/python3.12/site-packages/airflow/example_dags/example_complex.py
[2024-10-21T05:34:08.974+0000] {processor.py:914} INFO - Processing file /home/airflow/.local/lib/python3.12/site-packages/airflow/example_dags/example_complex.py for tasks to queue
[2024-10-21T05:34:08.976+0000] {logging_mixin.py:190} INFO - [2024-10-21T05:34:08.976+0000] {dagbag.py:588} INFO - Filling up the DagBag from /home/airflow/.local/lib/python3.12/site-packages/airflow/example_dags/example_complex.py
[2024-10-21T05:34:08.993+0000] {processor.py:925} INFO - DAG(s) 'example_complex' retrieved from /home/airflow/.local/lib/python3.12/site-packages/airflow/example_dags/example_complex.py
[2024-10-21T05:34:09.038+0000] {logging_mixin.py:190} INFO - [2024-10-21T05:34:09.038+0000] {dag.py:3239} INFO - Sync 1 DAGs
[2024-10-21T05:34:09.058+0000] {logging_mixin.py:190} INFO - [2024-10-21T05:34:09.057+0000] {dag.py:4180} INFO - Setting next_dagrun for example_complex to None, run_after=None
[2024-10-21T05:34:09.082+0000] {processor.py:208} INFO - Processing /home/airflow/.local/lib/python3.12/site-packages/airflow/example_dags/example_complex.py took 0.117 seconds
[2024-10-21T05:34:39.637+0000] {processor.py:186} INFO - Started process (PID=995) to work on /home/airflow/.local/lib/python3.12/site-packages/airflow/example_dags/example_complex.py
[2024-10-21T05:34:39.638+0000] {processor.py:914} INFO - Processing file /home/airflow/.local/lib/python3.12/site-packages/airflow/example_dags/example_complex.py for tasks to queue
[2024-10-21T05:34:39.641+0000] {logging_mixin.py:190} INFO - [2024-10-21T05:34:39.640+0000] {dagbag.py:588} INFO - Filling up the DagBag from /home/airflow/.local/lib/python3.12/site-packages/airflow/example_dags/example_complex.py
[2024-10-21T05:34:39.656+0000] {processor.py:925} INFO - DAG(s) 'example_complex' retrieved from /home/airflow/.local/lib/python3.12/site-packages/airflow/example_dags/example_complex.py
[2024-10-21T05:34:39.695+0000] {logging_mixin.py:190} INFO - [2024-10-21T05:34:39.694+0000] {dag.py:3239} INFO - Sync 1 DAGs
[2024-10-21T05:34:39.713+0000] {logging_mixin.py:190} INFO - [2024-10-21T05:34:39.713+0000] {dag.py:4180} INFO - Setting next_dagrun for example_complex to None, run_after=None
[2024-10-21T05:34:39.741+0000] {processor.py:208} INFO - Processing /home/airflow/.local/lib/python3.12/site-packages/airflow/example_dags/example_complex.py took 0.113 seconds
[2024-10-21T05:35:10.307+0000] {processor.py:186} INFO - Started process (PID=1057) to work on /home/airflow/.local/lib/python3.12/site-packages/airflow/example_dags/example_complex.py
[2024-10-21T05:35:10.309+0000] {processor.py:914} INFO - Processing file /home/airflow/.local/lib/python3.12/site-packages/airflow/example_dags/example_complex.py for tasks to queue
[2024-10-21T05:35:10.311+0000] {logging_mixin.py:190} INFO - [2024-10-21T05:35:10.311+0000] {dagbag.py:588} INFO - Filling up the DagBag from /home/airflow/.local/lib/python3.12/site-packages/airflow/example_dags/example_complex.py
[2024-10-21T05:35:10.327+0000] {processor.py:925} INFO - DAG(s) 'example_complex' retrieved from /home/airflow/.local/lib/python3.12/site-packages/airflow/example_dags/example_complex.py
[2024-10-21T05:35:10.373+0000] {logging_mixin.py:190} INFO - [2024-10-21T05:35:10.373+0000] {dag.py:3239} INFO - Sync 1 DAGs
[2024-10-21T05:35:10.395+0000] {logging_mixin.py:190} INFO - [2024-10-21T05:35:10.395+0000] {dag.py:4180} INFO - Setting next_dagrun for example_complex to None, run_after=None
[2024-10-21T05:35:10.421+0000] {processor.py:208} INFO - Processing /home/airflow/.local/lib/python3.12/site-packages/airflow/example_dags/example_complex.py took 0.120 seconds
[2024-10-21T05:35:42.053+0000] {processor.py:186} INFO - Started process (PID=1119) to work on /home/airflow/.local/lib/python3.12/site-packages/airflow/example_dags/example_complex.py
[2024-10-21T05:35:42.055+0000] {processor.py:914} INFO - Processing file /home/airflow/.local/lib/python3.12/site-packages/airflow/example_dags/example_complex.py for tasks to queue
[2024-10-21T05:35:42.061+0000] {logging_mixin.py:190} INFO - [2024-10-21T05:35:42.057+0000] {dagbag.py:588} INFO - Filling up the DagBag from /home/airflow/.local/lib/python3.12/site-packages/airflow/example_dags/example_complex.py
[2024-10-21T05:35:42.095+0000] {processor.py:925} INFO - DAG(s) 'example_complex' retrieved from /home/airflow/.local/lib/python3.12/site-packages/airflow/example_dags/example_complex.py
[2024-10-21T05:35:42.157+0000] {logging_mixin.py:190} INFO - [2024-10-21T05:35:42.157+0000] {dag.py:3239} INFO - Sync 1 DAGs
[2024-10-21T05:35:42.186+0000] {logging_mixin.py:190} INFO - [2024-10-21T05:35:42.185+0000] {dag.py:4180} INFO - Setting next_dagrun for example_complex to None, run_after=None
[2024-10-21T05:35:42.215+0000] {processor.py:208} INFO - Processing /home/airflow/.local/lib/python3.12/site-packages/airflow/example_dags/example_complex.py took 0.184 seconds
[2024-10-21T05:36:13.258+0000] {processor.py:186} INFO - Started process (PID=1184) to work on /home/airflow/.local/lib/python3.12/site-packages/airflow/example_dags/example_complex.py
[2024-10-21T05:36:13.259+0000] {processor.py:914} INFO - Processing file /home/airflow/.local/lib/python3.12/site-packages/airflow/example_dags/example_complex.py for tasks to queue
[2024-10-21T05:36:13.261+0000] {logging_mixin.py:190} INFO - [2024-10-21T05:36:13.261+0000] {dagbag.py:588} INFO - Filling up the DagBag from /home/airflow/.local/lib/python3.12/site-packages/airflow/example_dags/example_complex.py
[2024-10-21T05:36:13.279+0000] {processor.py:925} INFO - DAG(s) 'example_complex' retrieved from /home/airflow/.local/lib/python3.12/site-packages/airflow/example_dags/example_complex.py
[2024-10-21T05:36:13.327+0000] {logging_mixin.py:190} INFO - [2024-10-21T05:36:13.327+0000] {dag.py:3239} INFO - Sync 1 DAGs
[2024-10-21T05:36:13.351+0000] {logging_mixin.py:190} INFO - [2024-10-21T05:36:13.350+0000] {dag.py:4180} INFO - Setting next_dagrun for example_complex to None, run_after=None
[2024-10-21T05:36:13.379+0000] {processor.py:208} INFO - Processing /home/airflow/.local/lib/python3.12/site-packages/airflow/example_dags/example_complex.py took 0.130 seconds
[2024-10-21T05:36:43.786+0000] {processor.py:186} INFO - Started process (PID=1246) to work on /home/airflow/.local/lib/python3.12/site-packages/airflow/example_dags/example_complex.py
[2024-10-21T05:36:43.787+0000] {processor.py:914} INFO - Processing file /home/airflow/.local/lib/python3.12/site-packages/airflow/example_dags/example_complex.py for tasks to queue
[2024-10-21T05:36:43.790+0000] {logging_mixin.py:190} INFO - [2024-10-21T05:36:43.789+0000] {dagbag.py:588} INFO - Filling up the DagBag from /home/airflow/.local/lib/python3.12/site-packages/airflow/example_dags/example_complex.py
[2024-10-21T05:36:43.813+0000] {processor.py:925} INFO - DAG(s) 'example_complex' retrieved from /home/airflow/.local/lib/python3.12/site-packages/airflow/example_dags/example_complex.py
[2024-10-21T05:36:43.860+0000] {logging_mixin.py:190} INFO - [2024-10-21T05:36:43.860+0000] {dag.py:3239} INFO - Sync 1 DAGs
[2024-10-21T05:36:43.883+0000] {logging_mixin.py:190} INFO - [2024-10-21T05:36:43.883+0000] {dag.py:4180} INFO - Setting next_dagrun for example_complex to None, run_after=None
[2024-10-21T05:36:43.910+0000] {processor.py:208} INFO - Processing /home/airflow/.local/lib/python3.12/site-packages/airflow/example_dags/example_complex.py took 0.135 seconds
[2024-10-21T11:54:57.705+0000] {processor.py:186} INFO - Started process (PID=92) to work on /home/airflow/.local/lib/python3.12/site-packages/airflow/example_dags/example_complex.py
[2024-10-21T11:54:57.721+0000] {processor.py:914} INFO - Processing file /home/airflow/.local/lib/python3.12/site-packages/airflow/example_dags/example_complex.py for tasks to queue
[2024-10-21T11:54:57.723+0000] {logging_mixin.py:190} INFO - [2024-10-21T11:54:57.723+0000] {dagbag.py:588} INFO - Filling up the DagBag from /home/airflow/.local/lib/python3.12/site-packages/airflow/example_dags/example_complex.py
[2024-10-21T11:54:57.749+0000] {processor.py:925} INFO - DAG(s) 'example_complex' retrieved from /home/airflow/.local/lib/python3.12/site-packages/airflow/example_dags/example_complex.py
[2024-10-21T11:54:57.843+0000] {logging_mixin.py:190} INFO - [2024-10-21T11:54:57.843+0000] {dag.py:3239} INFO - Sync 1 DAGs
[2024-10-21T11:54:57.872+0000] {logging_mixin.py:190} INFO - [2024-10-21T11:54:57.871+0000] {dag.py:4180} INFO - Setting next_dagrun for example_complex to None, run_after=None
[2024-10-21T11:54:57.927+0000] {processor.py:208} INFO - Processing /home/airflow/.local/lib/python3.12/site-packages/airflow/example_dags/example_complex.py took 0.229 seconds
