[2024-10-21T03:08:41.482+0000] {processor.py:186} INFO - Started process (PID=328) to work on /home/airflow/.local/lib/python3.12/site-packages/airflow/example_dags/example_subdag_operator.py
[2024-10-21T03:08:41.483+0000] {processor.py:914} INFO - Processing file /home/airflow/.local/lib/python3.12/site-packages/airflow/example_dags/example_subdag_operator.py for tasks to queue
[2024-10-21T03:08:41.485+0000] {logging_mixin.py:190} INFO - [2024-10-21T03:08:41.485+0000] {dagbag.py:588} INFO - Filling up the DagBag from /home/airflow/.local/lib/python3.12/site-packages/airflow/example_dags/example_subdag_operator.py
[2024-10-21T03:08:41.512+0000] {processor.py:925} INFO - DAG(s) 'example_subdag_operator.section-1', 'example_subdag_operator.section-2', 'example_subdag_operator' retrieved from /home/airflow/.local/lib/python3.12/site-packages/airflow/example_dags/example_subdag_operator.py
[2024-10-21T03:08:41.625+0000] {logging_mixin.py:190} INFO - [2024-10-21T03:08:41.624+0000] {override.py:1900} INFO - Created Permission View: can delete on DAG:example_subdag_operator
[2024-10-21T03:08:41.648+0000] {logging_mixin.py:190} INFO - [2024-10-21T03:08:41.648+0000] {override.py:1900} INFO - Created Permission View: can read on DAG:example_subdag_operator
[2024-10-21T03:08:41.659+0000] {logging_mixin.py:190} INFO - [2024-10-21T03:08:41.658+0000] {override.py:1900} INFO - Created Permission View: can edit on DAG:example_subdag_operator
[2024-10-21T03:08:41.671+0000] {logging_mixin.py:190} INFO - [2024-10-21T03:08:41.670+0000] {override.py:1900} INFO - Created Permission View: menu access on DAG Run:example_subdag_operator
[2024-10-21T03:08:41.681+0000] {logging_mixin.py:190} INFO - [2024-10-21T03:08:41.680+0000] {override.py:1900} INFO - Created Permission View: can delete on DAG Run:example_subdag_operator
[2024-10-21T03:08:41.686+0000] {logging_mixin.py:190} INFO - [2024-10-21T03:08:41.686+0000] {override.py:1900} INFO - Created Permission View: can read on DAG Run:example_subdag_operator
[2024-10-21T03:08:41.691+0000] {logging_mixin.py:190} INFO - [2024-10-21T03:08:41.691+0000] {override.py:1900} INFO - Created Permission View: can create on DAG Run:example_subdag_operator
[2024-10-21T03:08:41.692+0000] {logging_mixin.py:190} INFO - [2024-10-21T03:08:41.692+0000] {dag.py:3239} INFO - Sync 3 DAGs
[2024-10-21T03:08:41.701+0000] {logging_mixin.py:190} INFO - [2024-10-21T03:08:41.701+0000] {dag.py:3262} INFO - Creating ORM DAG for example_subdag_operator
[2024-10-21T03:08:41.702+0000] {logging_mixin.py:190} INFO - [2024-10-21T03:08:41.702+0000] {dag.py:3262} INFO - Creating ORM DAG for example_subdag_operator.section-2
[2024-10-21T03:08:41.703+0000] {logging_mixin.py:190} INFO - [2024-10-21T03:08:41.703+0000] {dag.py:3262} INFO - Creating ORM DAG for example_subdag_operator.section-1
[2024-10-21T03:08:41.709+0000] {logging_mixin.py:190} INFO - [2024-10-21T03:08:41.709+0000] {dag.py:4180} INFO - Setting next_dagrun for example_subdag_operator to 2022-01-01 00:00:00+00:00, run_after=2022-01-01 00:00:00+00:00
[2024-10-21T03:08:41.710+0000] {logging_mixin.py:190} INFO - [2024-10-21T03:08:41.710+0000] {dag.py:4180} INFO - Setting next_dagrun for example_subdag_operator.section-1 to None, run_after=None
[2024-10-21T03:08:41.710+0000] {logging_mixin.py:190} INFO - [2024-10-21T03:08:41.710+0000] {dag.py:4180} INFO - Setting next_dagrun for example_subdag_operator.section-2 to None, run_after=None
[2024-10-21T03:08:41.717+0000] {logging_mixin.py:190} INFO - [2024-10-21T03:08:41.717+0000] {dag.py:3239} INFO - Sync 2 DAGs
[2024-10-21T03:08:41.722+0000] {logging_mixin.py:190} INFO - [2024-10-21T03:08:41.722+0000] {dag.py:4180} INFO - Setting next_dagrun for example_subdag_operator.section-1 to None, run_after=None
[2024-10-21T03:08:41.724+0000] {logging_mixin.py:190} INFO - [2024-10-21T03:08:41.724+0000] {dag.py:4180} INFO - Setting next_dagrun for example_subdag_operator.section-2 to None, run_after=None
[2024-10-21T03:08:41.734+0000] {processor.py:208} INFO - Processing /home/airflow/.local/lib/python3.12/site-packages/airflow/example_dags/example_subdag_operator.py took 0.259 seconds
[2024-10-21T03:09:11.777+0000] {processor.py:186} INFO - Started process (PID=390) to work on /home/airflow/.local/lib/python3.12/site-packages/airflow/example_dags/example_subdag_operator.py
[2024-10-21T03:09:11.778+0000] {processor.py:914} INFO - Processing file /home/airflow/.local/lib/python3.12/site-packages/airflow/example_dags/example_subdag_operator.py for tasks to queue
[2024-10-21T03:09:11.790+0000] {logging_mixin.py:190} INFO - [2024-10-21T03:09:11.784+0000] {dagbag.py:588} INFO - Filling up the DagBag from /home/airflow/.local/lib/python3.12/site-packages/airflow/example_dags/example_subdag_operator.py
[2024-10-21T03:09:11.841+0000] {processor.py:925} INFO - DAG(s) 'example_subdag_operator.section-1', 'example_subdag_operator.section-2', 'example_subdag_operator' retrieved from /home/airflow/.local/lib/python3.12/site-packages/airflow/example_dags/example_subdag_operator.py
[2024-10-21T03:09:11.876+0000] {logging_mixin.py:190} INFO - [2024-10-21T03:09:11.876+0000] {dag.py:3239} INFO - Sync 3 DAGs
[2024-10-21T03:09:11.915+0000] {logging_mixin.py:190} INFO - [2024-10-21T03:09:11.914+0000] {dag.py:4180} INFO - Setting next_dagrun for example_subdag_operator to 2022-01-01 00:00:00+00:00, run_after=2022-01-01 00:00:00+00:00
[2024-10-21T03:09:11.924+0000] {logging_mixin.py:190} INFO - [2024-10-21T03:09:11.923+0000] {dag.py:4180} INFO - Setting next_dagrun for example_subdag_operator.section-1 to None, run_after=None
[2024-10-21T03:09:11.926+0000] {logging_mixin.py:190} INFO - [2024-10-21T03:09:11.925+0000] {dag.py:4180} INFO - Setting next_dagrun for example_subdag_operator.section-2 to None, run_after=None
[2024-10-21T03:09:11.943+0000] {logging_mixin.py:190} INFO - [2024-10-21T03:09:11.943+0000] {dag.py:3239} INFO - Sync 2 DAGs
[2024-10-21T03:09:11.952+0000] {logging_mixin.py:190} INFO - [2024-10-21T03:09:11.951+0000] {dag.py:4180} INFO - Setting next_dagrun for example_subdag_operator.section-1 to None, run_after=None
[2024-10-21T03:09:11.953+0000] {logging_mixin.py:190} INFO - [2024-10-21T03:09:11.953+0000] {dag.py:4180} INFO - Setting next_dagrun for example_subdag_operator.section-2 to None, run_after=None
[2024-10-21T03:09:11.979+0000] {processor.py:208} INFO - Processing /home/airflow/.local/lib/python3.12/site-packages/airflow/example_dags/example_subdag_operator.py took 0.207 seconds
[2024-10-21T03:09:42.506+0000] {processor.py:186} INFO - Started process (PID=452) to work on /home/airflow/.local/lib/python3.12/site-packages/airflow/example_dags/example_subdag_operator.py
[2024-10-21T03:09:42.508+0000] {processor.py:914} INFO - Processing file /home/airflow/.local/lib/python3.12/site-packages/airflow/example_dags/example_subdag_operator.py for tasks to queue
[2024-10-21T03:09:42.510+0000] {logging_mixin.py:190} INFO - [2024-10-21T03:09:42.510+0000] {dagbag.py:588} INFO - Filling up the DagBag from /home/airflow/.local/lib/python3.12/site-packages/airflow/example_dags/example_subdag_operator.py
[2024-10-21T03:09:42.541+0000] {processor.py:925} INFO - DAG(s) 'example_subdag_operator.section-1', 'example_subdag_operator.section-2', 'example_subdag_operator' retrieved from /home/airflow/.local/lib/python3.12/site-packages/airflow/example_dags/example_subdag_operator.py
[2024-10-21T03:09:42.555+0000] {logging_mixin.py:190} INFO - [2024-10-21T03:09:42.555+0000] {dag.py:3239} INFO - Sync 3 DAGs
[2024-10-21T03:09:42.574+0000] {logging_mixin.py:190} INFO - [2024-10-21T03:09:42.574+0000] {dag.py:4180} INFO - Setting next_dagrun for example_subdag_operator to 2022-01-01 00:00:00+00:00, run_after=2022-01-01 00:00:00+00:00
[2024-10-21T03:09:42.577+0000] {logging_mixin.py:190} INFO - [2024-10-21T03:09:42.577+0000] {dag.py:4180} INFO - Setting next_dagrun for example_subdag_operator.section-1 to None, run_after=None
[2024-10-21T03:09:42.578+0000] {logging_mixin.py:190} INFO - [2024-10-21T03:09:42.578+0000] {dag.py:4180} INFO - Setting next_dagrun for example_subdag_operator.section-2 to None, run_after=None
[2024-10-21T03:09:42.584+0000] {logging_mixin.py:190} INFO - [2024-10-21T03:09:42.584+0000] {dag.py:3239} INFO - Sync 2 DAGs
[2024-10-21T03:09:42.589+0000] {logging_mixin.py:190} INFO - [2024-10-21T03:09:42.589+0000] {dag.py:4180} INFO - Setting next_dagrun for example_subdag_operator.section-1 to None, run_after=None
[2024-10-21T03:09:42.590+0000] {logging_mixin.py:190} INFO - [2024-10-21T03:09:42.590+0000] {dag.py:4180} INFO - Setting next_dagrun for example_subdag_operator.section-2 to None, run_after=None
[2024-10-21T03:09:42.599+0000] {processor.py:208} INFO - Processing /home/airflow/.local/lib/python3.12/site-packages/airflow/example_dags/example_subdag_operator.py took 0.098 seconds
[2024-10-21T03:10:13.390+0000] {processor.py:186} INFO - Started process (PID=514) to work on /home/airflow/.local/lib/python3.12/site-packages/airflow/example_dags/example_subdag_operator.py
[2024-10-21T03:10:13.391+0000] {processor.py:914} INFO - Processing file /home/airflow/.local/lib/python3.12/site-packages/airflow/example_dags/example_subdag_operator.py for tasks to queue
[2024-10-21T03:10:13.395+0000] {logging_mixin.py:190} INFO - [2024-10-21T03:10:13.395+0000] {dagbag.py:588} INFO - Filling up the DagBag from /home/airflow/.local/lib/python3.12/site-packages/airflow/example_dags/example_subdag_operator.py
[2024-10-21T03:10:13.424+0000] {processor.py:925} INFO - DAG(s) 'example_subdag_operator.section-1', 'example_subdag_operator.section-2', 'example_subdag_operator' retrieved from /home/airflow/.local/lib/python3.12/site-packages/airflow/example_dags/example_subdag_operator.py
[2024-10-21T03:10:13.442+0000] {logging_mixin.py:190} INFO - [2024-10-21T03:10:13.441+0000] {dag.py:3239} INFO - Sync 3 DAGs
[2024-10-21T03:10:13.465+0000] {logging_mixin.py:190} INFO - [2024-10-21T03:10:13.465+0000] {dag.py:4180} INFO - Setting next_dagrun for example_subdag_operator to 2022-01-01 00:00:00+00:00, run_after=2022-01-01 00:00:00+00:00
[2024-10-21T03:10:13.470+0000] {logging_mixin.py:190} INFO - [2024-10-21T03:10:13.469+0000] {dag.py:4180} INFO - Setting next_dagrun for example_subdag_operator.section-1 to None, run_after=None
[2024-10-21T03:10:13.471+0000] {logging_mixin.py:190} INFO - [2024-10-21T03:10:13.471+0000] {dag.py:4180} INFO - Setting next_dagrun for example_subdag_operator.section-2 to None, run_after=None
[2024-10-21T03:10:13.478+0000] {logging_mixin.py:190} INFO - [2024-10-21T03:10:13.478+0000] {dag.py:3239} INFO - Sync 2 DAGs
[2024-10-21T03:10:13.484+0000] {logging_mixin.py:190} INFO - [2024-10-21T03:10:13.484+0000] {dag.py:4180} INFO - Setting next_dagrun for example_subdag_operator.section-1 to None, run_after=None
[2024-10-21T03:10:13.485+0000] {logging_mixin.py:190} INFO - [2024-10-21T03:10:13.485+0000] {dag.py:4180} INFO - Setting next_dagrun for example_subdag_operator.section-2 to None, run_after=None
[2024-10-21T03:10:13.511+0000] {processor.py:208} INFO - Processing /home/airflow/.local/lib/python3.12/site-packages/airflow/example_dags/example_subdag_operator.py took 0.129 seconds
[2024-10-21T03:10:43.895+0000] {processor.py:186} INFO - Started process (PID=576) to work on /home/airflow/.local/lib/python3.12/site-packages/airflow/example_dags/example_subdag_operator.py
[2024-10-21T03:10:43.896+0000] {processor.py:914} INFO - Processing file /home/airflow/.local/lib/python3.12/site-packages/airflow/example_dags/example_subdag_operator.py for tasks to queue
[2024-10-21T03:10:43.898+0000] {logging_mixin.py:190} INFO - [2024-10-21T03:10:43.898+0000] {dagbag.py:588} INFO - Filling up the DagBag from /home/airflow/.local/lib/python3.12/site-packages/airflow/example_dags/example_subdag_operator.py
[2024-10-21T03:10:43.921+0000] {processor.py:925} INFO - DAG(s) 'example_subdag_operator.section-1', 'example_subdag_operator.section-2', 'example_subdag_operator' retrieved from /home/airflow/.local/lib/python3.12/site-packages/airflow/example_dags/example_subdag_operator.py
[2024-10-21T03:10:43.941+0000] {logging_mixin.py:190} INFO - [2024-10-21T03:10:43.940+0000] {dag.py:3239} INFO - Sync 3 DAGs
[2024-10-21T03:10:43.962+0000] {logging_mixin.py:190} INFO - [2024-10-21T03:10:43.961+0000] {dag.py:4180} INFO - Setting next_dagrun for example_subdag_operator to 2022-01-01 00:00:00+00:00, run_after=2022-01-01 00:00:00+00:00
[2024-10-21T03:10:43.966+0000] {logging_mixin.py:190} INFO - [2024-10-21T03:10:43.965+0000] {dag.py:4180} INFO - Setting next_dagrun for example_subdag_operator.section-1 to None, run_after=None
[2024-10-21T03:10:43.967+0000] {logging_mixin.py:190} INFO - [2024-10-21T03:10:43.967+0000] {dag.py:4180} INFO - Setting next_dagrun for example_subdag_operator.section-2 to None, run_after=None
[2024-10-21T03:10:43.974+0000] {logging_mixin.py:190} INFO - [2024-10-21T03:10:43.974+0000] {dag.py:3239} INFO - Sync 2 DAGs
[2024-10-21T03:10:43.979+0000] {logging_mixin.py:190} INFO - [2024-10-21T03:10:43.979+0000] {dag.py:4180} INFO - Setting next_dagrun for example_subdag_operator.section-1 to None, run_after=None
[2024-10-21T03:10:43.980+0000] {logging_mixin.py:190} INFO - [2024-10-21T03:10:43.980+0000] {dag.py:4180} INFO - Setting next_dagrun for example_subdag_operator.section-2 to None, run_after=None
[2024-10-21T03:10:43.995+0000] {processor.py:208} INFO - Processing /home/airflow/.local/lib/python3.12/site-packages/airflow/example_dags/example_subdag_operator.py took 0.107 seconds
[2024-10-21T03:11:14.312+0000] {processor.py:186} INFO - Started process (PID=638) to work on /home/airflow/.local/lib/python3.12/site-packages/airflow/example_dags/example_subdag_operator.py
[2024-10-21T03:11:14.313+0000] {processor.py:914} INFO - Processing file /home/airflow/.local/lib/python3.12/site-packages/airflow/example_dags/example_subdag_operator.py for tasks to queue
[2024-10-21T03:11:14.316+0000] {logging_mixin.py:190} INFO - [2024-10-21T03:11:14.315+0000] {dagbag.py:588} INFO - Filling up the DagBag from /home/airflow/.local/lib/python3.12/site-packages/airflow/example_dags/example_subdag_operator.py
[2024-10-21T03:11:14.338+0000] {processor.py:925} INFO - DAG(s) 'example_subdag_operator.section-1', 'example_subdag_operator.section-2', 'example_subdag_operator' retrieved from /home/airflow/.local/lib/python3.12/site-packages/airflow/example_dags/example_subdag_operator.py
[2024-10-21T03:11:14.350+0000] {logging_mixin.py:190} INFO - [2024-10-21T03:11:14.350+0000] {dag.py:3239} INFO - Sync 3 DAGs
[2024-10-21T03:11:14.366+0000] {logging_mixin.py:190} INFO - [2024-10-21T03:11:14.366+0000] {dag.py:4180} INFO - Setting next_dagrun for example_subdag_operator to 2022-01-01 00:00:00+00:00, run_after=2022-01-01 00:00:00+00:00
[2024-10-21T03:11:14.369+0000] {logging_mixin.py:190} INFO - [2024-10-21T03:11:14.369+0000] {dag.py:4180} INFO - Setting next_dagrun for example_subdag_operator.section-1 to None, run_after=None
[2024-10-21T03:11:14.370+0000] {logging_mixin.py:190} INFO - [2024-10-21T03:11:14.370+0000] {dag.py:4180} INFO - Setting next_dagrun for example_subdag_operator.section-2 to None, run_after=None
[2024-10-21T03:11:14.376+0000] {logging_mixin.py:190} INFO - [2024-10-21T03:11:14.376+0000] {dag.py:3239} INFO - Sync 2 DAGs
[2024-10-21T03:11:14.381+0000] {logging_mixin.py:190} INFO - [2024-10-21T03:11:14.381+0000] {dag.py:4180} INFO - Setting next_dagrun for example_subdag_operator.section-1 to None, run_after=None
[2024-10-21T03:11:14.382+0000] {logging_mixin.py:190} INFO - [2024-10-21T03:11:14.381+0000] {dag.py:4180} INFO - Setting next_dagrun for example_subdag_operator.section-2 to None, run_after=None
[2024-10-21T03:11:14.391+0000] {processor.py:208} INFO - Processing /home/airflow/.local/lib/python3.12/site-packages/airflow/example_dags/example_subdag_operator.py took 0.084 seconds
[2024-10-21T03:11:45.126+0000] {processor.py:186} INFO - Started process (PID=701) to work on /home/airflow/.local/lib/python3.12/site-packages/airflow/example_dags/example_subdag_operator.py
[2024-10-21T03:11:45.128+0000] {processor.py:914} INFO - Processing file /home/airflow/.local/lib/python3.12/site-packages/airflow/example_dags/example_subdag_operator.py for tasks to queue
[2024-10-21T03:11:45.130+0000] {logging_mixin.py:190} INFO - [2024-10-21T03:11:45.130+0000] {dagbag.py:588} INFO - Filling up the DagBag from /home/airflow/.local/lib/python3.12/site-packages/airflow/example_dags/example_subdag_operator.py
[2024-10-21T03:11:45.155+0000] {processor.py:925} INFO - DAG(s) 'example_subdag_operator.section-1', 'example_subdag_operator.section-2', 'example_subdag_operator' retrieved from /home/airflow/.local/lib/python3.12/site-packages/airflow/example_dags/example_subdag_operator.py
[2024-10-21T03:11:45.169+0000] {logging_mixin.py:190} INFO - [2024-10-21T03:11:45.169+0000] {dag.py:3239} INFO - Sync 3 DAGs
[2024-10-21T03:11:45.188+0000] {logging_mixin.py:190} INFO - [2024-10-21T03:11:45.188+0000] {dag.py:4180} INFO - Setting next_dagrun for example_subdag_operator to 2022-01-01 00:00:00+00:00, run_after=2022-01-01 00:00:00+00:00
[2024-10-21T03:11:45.193+0000] {logging_mixin.py:190} INFO - [2024-10-21T03:11:45.192+0000] {dag.py:4180} INFO - Setting next_dagrun for example_subdag_operator.section-1 to None, run_after=None
[2024-10-21T03:11:45.195+0000] {logging_mixin.py:190} INFO - [2024-10-21T03:11:45.195+0000] {dag.py:4180} INFO - Setting next_dagrun for example_subdag_operator.section-2 to None, run_after=None
[2024-10-21T03:11:45.204+0000] {logging_mixin.py:190} INFO - [2024-10-21T03:11:45.203+0000] {dag.py:3239} INFO - Sync 2 DAGs
[2024-10-21T03:11:45.210+0000] {logging_mixin.py:190} INFO - [2024-10-21T03:11:45.210+0000] {dag.py:4180} INFO - Setting next_dagrun for example_subdag_operator.section-1 to None, run_after=None
[2024-10-21T03:11:45.211+0000] {logging_mixin.py:190} INFO - [2024-10-21T03:11:45.210+0000] {dag.py:4180} INFO - Setting next_dagrun for example_subdag_operator.section-2 to None, run_after=None
[2024-10-21T03:11:45.221+0000] {processor.py:208} INFO - Processing /home/airflow/.local/lib/python3.12/site-packages/airflow/example_dags/example_subdag_operator.py took 0.101 seconds
[2024-10-21T05:26:31.825+0000] {processor.py:186} INFO - Started process (PID=113) to work on /home/airflow/.local/lib/python3.12/site-packages/airflow/example_dags/example_subdag_operator.py
[2024-10-21T05:26:31.827+0000] {processor.py:914} INFO - Processing file /home/airflow/.local/lib/python3.12/site-packages/airflow/example_dags/example_subdag_operator.py for tasks to queue
[2024-10-21T05:26:31.831+0000] {logging_mixin.py:190} INFO - [2024-10-21T05:26:31.831+0000] {dagbag.py:588} INFO - Filling up the DagBag from /home/airflow/.local/lib/python3.12/site-packages/airflow/example_dags/example_subdag_operator.py
[2024-10-21T05:26:31.879+0000] {processor.py:925} INFO - DAG(s) 'example_subdag_operator.section-1', 'example_subdag_operator.section-2', 'example_subdag_operator' retrieved from /home/airflow/.local/lib/python3.12/site-packages/airflow/example_dags/example_subdag_operator.py
[2024-10-21T05:26:31.910+0000] {logging_mixin.py:190} INFO - [2024-10-21T05:26:31.910+0000] {dag.py:3239} INFO - Sync 3 DAGs
[2024-10-21T05:26:31.958+0000] {logging_mixin.py:190} INFO - [2024-10-21T05:26:31.958+0000] {dag.py:4180} INFO - Setting next_dagrun for example_subdag_operator to 2022-01-01 00:00:00+00:00, run_after=2022-01-01 00:00:00+00:00
[2024-10-21T05:26:31.965+0000] {logging_mixin.py:190} INFO - [2024-10-21T05:26:31.964+0000] {dag.py:4180} INFO - Setting next_dagrun for example_subdag_operator.section-1 to None, run_after=None
[2024-10-21T05:26:31.971+0000] {logging_mixin.py:190} INFO - [2024-10-21T05:26:31.970+0000] {dag.py:4180} INFO - Setting next_dagrun for example_subdag_operator.section-2 to None, run_after=None
[2024-10-21T05:26:31.987+0000] {logging_mixin.py:190} INFO - [2024-10-21T05:26:31.986+0000] {dag.py:3239} INFO - Sync 2 DAGs
[2024-10-21T05:26:31.998+0000] {logging_mixin.py:190} INFO - [2024-10-21T05:26:31.998+0000] {dag.py:4180} INFO - Setting next_dagrun for example_subdag_operator.section-1 to None, run_after=None
[2024-10-21T05:26:32.000+0000] {logging_mixin.py:190} INFO - [2024-10-21T05:26:31.999+0000] {dag.py:4180} INFO - Setting next_dagrun for example_subdag_operator.section-2 to None, run_after=None
[2024-10-21T05:26:32.023+0000] {processor.py:208} INFO - Processing /home/airflow/.local/lib/python3.12/site-packages/airflow/example_dags/example_subdag_operator.py took 0.208 seconds
[2024-10-21T05:27:03.051+0000] {processor.py:186} INFO - Started process (PID=175) to work on /home/airflow/.local/lib/python3.12/site-packages/airflow/example_dags/example_subdag_operator.py
[2024-10-21T05:27:03.052+0000] {processor.py:914} INFO - Processing file /home/airflow/.local/lib/python3.12/site-packages/airflow/example_dags/example_subdag_operator.py for tasks to queue
[2024-10-21T05:27:03.056+0000] {logging_mixin.py:190} INFO - [2024-10-21T05:27:03.055+0000] {dagbag.py:588} INFO - Filling up the DagBag from /home/airflow/.local/lib/python3.12/site-packages/airflow/example_dags/example_subdag_operator.py
[2024-10-21T05:27:03.110+0000] {processor.py:925} INFO - DAG(s) 'example_subdag_operator.section-1', 'example_subdag_operator.section-2', 'example_subdag_operator' retrieved from /home/airflow/.local/lib/python3.12/site-packages/airflow/example_dags/example_subdag_operator.py
[2024-10-21T05:27:03.152+0000] {logging_mixin.py:190} INFO - [2024-10-21T05:27:03.152+0000] {dag.py:3239} INFO - Sync 3 DAGs
[2024-10-21T05:27:03.203+0000] {logging_mixin.py:190} INFO - [2024-10-21T05:27:03.202+0000] {dag.py:4180} INFO - Setting next_dagrun for example_subdag_operator to 2022-01-01 00:00:00+00:00, run_after=2022-01-01 00:00:00+00:00
[2024-10-21T05:27:03.212+0000] {logging_mixin.py:190} INFO - [2024-10-21T05:27:03.212+0000] {dag.py:4180} INFO - Setting next_dagrun for example_subdag_operator.section-1 to None, run_after=None
[2024-10-21T05:27:03.216+0000] {logging_mixin.py:190} INFO - [2024-10-21T05:27:03.215+0000] {dag.py:4180} INFO - Setting next_dagrun for example_subdag_operator.section-2 to None, run_after=None
[2024-10-21T05:27:03.234+0000] {logging_mixin.py:190} INFO - [2024-10-21T05:27:03.233+0000] {dag.py:3239} INFO - Sync 2 DAGs
[2024-10-21T05:27:03.246+0000] {logging_mixin.py:190} INFO - [2024-10-21T05:27:03.246+0000] {dag.py:4180} INFO - Setting next_dagrun for example_subdag_operator.section-1 to None, run_after=None
[2024-10-21T05:27:03.248+0000] {logging_mixin.py:190} INFO - [2024-10-21T05:27:03.247+0000] {dag.py:4180} INFO - Setting next_dagrun for example_subdag_operator.section-2 to None, run_after=None
[2024-10-21T05:27:03.264+0000] {processor.py:208} INFO - Processing /home/airflow/.local/lib/python3.12/site-packages/airflow/example_dags/example_subdag_operator.py took 0.221 seconds
[2024-10-21T05:27:33.967+0000] {processor.py:186} INFO - Started process (PID=237) to work on /home/airflow/.local/lib/python3.12/site-packages/airflow/example_dags/example_subdag_operator.py
[2024-10-21T05:27:33.972+0000] {processor.py:914} INFO - Processing file /home/airflow/.local/lib/python3.12/site-packages/airflow/example_dags/example_subdag_operator.py for tasks to queue
[2024-10-21T05:27:33.987+0000] {logging_mixin.py:190} INFO - [2024-10-21T05:27:33.986+0000] {dagbag.py:588} INFO - Filling up the DagBag from /home/airflow/.local/lib/python3.12/site-packages/airflow/example_dags/example_subdag_operator.py
[2024-10-21T05:27:34.083+0000] {processor.py:925} INFO - DAG(s) 'example_subdag_operator.section-1', 'example_subdag_operator.section-2', 'example_subdag_operator' retrieved from /home/airflow/.local/lib/python3.12/site-packages/airflow/example_dags/example_subdag_operator.py
[2024-10-21T05:27:34.114+0000] {logging_mixin.py:190} INFO - [2024-10-21T05:27:34.113+0000] {dag.py:3239} INFO - Sync 3 DAGs
[2024-10-21T05:27:34.162+0000] {logging_mixin.py:190} INFO - [2024-10-21T05:27:34.161+0000] {dag.py:4180} INFO - Setting next_dagrun for example_subdag_operator to 2022-01-01 00:00:00+00:00, run_after=2022-01-01 00:00:00+00:00
[2024-10-21T05:27:34.172+0000] {logging_mixin.py:190} INFO - [2024-10-21T05:27:34.171+0000] {dag.py:4180} INFO - Setting next_dagrun for example_subdag_operator.section-1 to None, run_after=None
[2024-10-21T05:27:34.177+0000] {logging_mixin.py:190} INFO - [2024-10-21T05:27:34.176+0000] {dag.py:4180} INFO - Setting next_dagrun for example_subdag_operator.section-2 to None, run_after=None
[2024-10-21T05:27:34.195+0000] {logging_mixin.py:190} INFO - [2024-10-21T05:27:34.194+0000] {dag.py:3239} INFO - Sync 2 DAGs
[2024-10-21T05:27:34.208+0000] {logging_mixin.py:190} INFO - [2024-10-21T05:27:34.208+0000] {dag.py:4180} INFO - Setting next_dagrun for example_subdag_operator.section-1 to None, run_after=None
[2024-10-21T05:27:34.211+0000] {logging_mixin.py:190} INFO - [2024-10-21T05:27:34.210+0000] {dag.py:4180} INFO - Setting next_dagrun for example_subdag_operator.section-2 to None, run_after=None
[2024-10-21T05:27:34.239+0000] {processor.py:208} INFO - Processing /home/airflow/.local/lib/python3.12/site-packages/airflow/example_dags/example_subdag_operator.py took 0.294 seconds
[2024-10-21T05:29:05.193+0000] {processor.py:186} INFO - Started process (PID=329) to work on /home/airflow/.local/lib/python3.12/site-packages/airflow/example_dags/example_subdag_operator.py
[2024-10-21T05:29:05.198+0000] {processor.py:914} INFO - Processing file /home/airflow/.local/lib/python3.12/site-packages/airflow/example_dags/example_subdag_operator.py for tasks to queue
[2024-10-21T05:29:05.205+0000] {logging_mixin.py:190} INFO - [2024-10-21T05:29:05.204+0000] {dagbag.py:588} INFO - Filling up the DagBag from /home/airflow/.local/lib/python3.12/site-packages/airflow/example_dags/example_subdag_operator.py
[2024-10-21T05:29:05.281+0000] {processor.py:925} INFO - DAG(s) 'example_subdag_operator.section-1', 'example_subdag_operator.section-2', 'example_subdag_operator' retrieved from /home/airflow/.local/lib/python3.12/site-packages/airflow/example_dags/example_subdag_operator.py
[2024-10-21T05:29:05.323+0000] {logging_mixin.py:190} INFO - [2024-10-21T05:29:05.322+0000] {dag.py:3239} INFO - Sync 3 DAGs
[2024-10-21T05:29:05.384+0000] {logging_mixin.py:190} INFO - [2024-10-21T05:29:05.382+0000] {dag.py:4180} INFO - Setting next_dagrun for example_subdag_operator to 2022-01-01 00:00:00+00:00, run_after=2022-01-01 00:00:00+00:00
[2024-10-21T05:29:05.399+0000] {logging_mixin.py:190} INFO - [2024-10-21T05:29:05.399+0000] {dag.py:4180} INFO - Setting next_dagrun for example_subdag_operator.section-1 to None, run_after=None
[2024-10-21T05:29:05.406+0000] {logging_mixin.py:190} INFO - [2024-10-21T05:29:05.406+0000] {dag.py:4180} INFO - Setting next_dagrun for example_subdag_operator.section-2 to None, run_after=None
[2024-10-21T05:29:05.429+0000] {logging_mixin.py:190} INFO - [2024-10-21T05:29:05.428+0000] {dag.py:3239} INFO - Sync 2 DAGs
[2024-10-21T05:29:05.447+0000] {logging_mixin.py:190} INFO - [2024-10-21T05:29:05.447+0000] {dag.py:4180} INFO - Setting next_dagrun for example_subdag_operator.section-1 to None, run_after=None
[2024-10-21T05:29:05.449+0000] {logging_mixin.py:190} INFO - [2024-10-21T05:29:05.448+0000] {dag.py:4180} INFO - Setting next_dagrun for example_subdag_operator.section-2 to None, run_after=None
[2024-10-21T05:29:05.495+0000] {processor.py:208} INFO - Processing /home/airflow/.local/lib/python3.12/site-packages/airflow/example_dags/example_subdag_operator.py took 0.321 seconds
[2024-10-21T05:29:36.317+0000] {processor.py:186} INFO - Started process (PID=391) to work on /home/airflow/.local/lib/python3.12/site-packages/airflow/example_dags/example_subdag_operator.py
[2024-10-21T05:29:36.318+0000] {processor.py:914} INFO - Processing file /home/airflow/.local/lib/python3.12/site-packages/airflow/example_dags/example_subdag_operator.py for tasks to queue
[2024-10-21T05:29:36.321+0000] {logging_mixin.py:190} INFO - [2024-10-21T05:29:36.320+0000] {dagbag.py:588} INFO - Filling up the DagBag from /home/airflow/.local/lib/python3.12/site-packages/airflow/example_dags/example_subdag_operator.py
[2024-10-21T05:29:36.364+0000] {processor.py:925} INFO - DAG(s) 'example_subdag_operator.section-1', 'example_subdag_operator.section-2', 'example_subdag_operator' retrieved from /home/airflow/.local/lib/python3.12/site-packages/airflow/example_dags/example_subdag_operator.py
[2024-10-21T05:29:36.397+0000] {logging_mixin.py:190} INFO - [2024-10-21T05:29:36.396+0000] {dag.py:3239} INFO - Sync 3 DAGs
[2024-10-21T05:29:36.445+0000] {logging_mixin.py:190} INFO - [2024-10-21T05:29:36.444+0000] {dag.py:4180} INFO - Setting next_dagrun for example_subdag_operator to 2022-01-01 00:00:00+00:00, run_after=2022-01-01 00:00:00+00:00
[2024-10-21T05:29:36.454+0000] {logging_mixin.py:190} INFO - [2024-10-21T05:29:36.454+0000] {dag.py:4180} INFO - Setting next_dagrun for example_subdag_operator.section-1 to None, run_after=None
[2024-10-21T05:29:36.458+0000] {logging_mixin.py:190} INFO - [2024-10-21T05:29:36.457+0000] {dag.py:4180} INFO - Setting next_dagrun for example_subdag_operator.section-2 to None, run_after=None
[2024-10-21T05:29:36.477+0000] {logging_mixin.py:190} INFO - [2024-10-21T05:29:36.476+0000] {dag.py:3239} INFO - Sync 2 DAGs
[2024-10-21T05:29:36.493+0000] {logging_mixin.py:190} INFO - [2024-10-21T05:29:36.492+0000] {dag.py:4180} INFO - Setting next_dagrun for example_subdag_operator.section-1 to None, run_after=None
[2024-10-21T05:29:36.494+0000] {logging_mixin.py:190} INFO - [2024-10-21T05:29:36.494+0000] {dag.py:4180} INFO - Setting next_dagrun for example_subdag_operator.section-2 to None, run_after=None
[2024-10-21T05:29:36.533+0000] {processor.py:208} INFO - Processing /home/airflow/.local/lib/python3.12/site-packages/airflow/example_dags/example_subdag_operator.py took 0.231 seconds
[2024-10-21T05:30:07.133+0000] {processor.py:186} INFO - Started process (PID=453) to work on /home/airflow/.local/lib/python3.12/site-packages/airflow/example_dags/example_subdag_operator.py
[2024-10-21T05:30:07.134+0000] {processor.py:914} INFO - Processing file /home/airflow/.local/lib/python3.12/site-packages/airflow/example_dags/example_subdag_operator.py for tasks to queue
[2024-10-21T05:30:07.136+0000] {logging_mixin.py:190} INFO - [2024-10-21T05:30:07.135+0000] {dagbag.py:588} INFO - Filling up the DagBag from /home/airflow/.local/lib/python3.12/site-packages/airflow/example_dags/example_subdag_operator.py
[2024-10-21T05:30:07.175+0000] {processor.py:925} INFO - DAG(s) 'example_subdag_operator.section-1', 'example_subdag_operator.section-2', 'example_subdag_operator' retrieved from /home/airflow/.local/lib/python3.12/site-packages/airflow/example_dags/example_subdag_operator.py
[2024-10-21T05:30:07.196+0000] {logging_mixin.py:190} INFO - [2024-10-21T05:30:07.196+0000] {dag.py:3239} INFO - Sync 3 DAGs
[2024-10-21T05:30:07.229+0000] {logging_mixin.py:190} INFO - [2024-10-21T05:30:07.228+0000] {dag.py:4180} INFO - Setting next_dagrun for example_subdag_operator to 2022-01-01 00:00:00+00:00, run_after=2022-01-01 00:00:00+00:00
[2024-10-21T05:30:07.235+0000] {logging_mixin.py:190} INFO - [2024-10-21T05:30:07.235+0000] {dag.py:4180} INFO - Setting next_dagrun for example_subdag_operator.section-1 to None, run_after=None
[2024-10-21T05:30:07.238+0000] {logging_mixin.py:190} INFO - [2024-10-21T05:30:07.237+0000] {dag.py:4180} INFO - Setting next_dagrun for example_subdag_operator.section-2 to None, run_after=None
[2024-10-21T05:30:07.248+0000] {logging_mixin.py:190} INFO - [2024-10-21T05:30:07.248+0000] {dag.py:3239} INFO - Sync 2 DAGs
[2024-10-21T05:30:07.257+0000] {logging_mixin.py:190} INFO - [2024-10-21T05:30:07.256+0000] {dag.py:4180} INFO - Setting next_dagrun for example_subdag_operator.section-1 to None, run_after=None
[2024-10-21T05:30:07.258+0000] {logging_mixin.py:190} INFO - [2024-10-21T05:30:07.258+0000] {dag.py:4180} INFO - Setting next_dagrun for example_subdag_operator.section-2 to None, run_after=None
[2024-10-21T05:30:07.277+0000] {processor.py:208} INFO - Processing /home/airflow/.local/lib/python3.12/site-packages/airflow/example_dags/example_subdag_operator.py took 0.154 seconds
[2024-10-21T05:30:37.761+0000] {processor.py:186} INFO - Started process (PID=515) to work on /home/airflow/.local/lib/python3.12/site-packages/airflow/example_dags/example_subdag_operator.py
[2024-10-21T05:30:37.762+0000] {processor.py:914} INFO - Processing file /home/airflow/.local/lib/python3.12/site-packages/airflow/example_dags/example_subdag_operator.py for tasks to queue
[2024-10-21T05:30:37.764+0000] {logging_mixin.py:190} INFO - [2024-10-21T05:30:37.764+0000] {dagbag.py:588} INFO - Filling up the DagBag from /home/airflow/.local/lib/python3.12/site-packages/airflow/example_dags/example_subdag_operator.py
[2024-10-21T05:30:37.802+0000] {processor.py:925} INFO - DAG(s) 'example_subdag_operator.section-1', 'example_subdag_operator.section-2', 'example_subdag_operator' retrieved from /home/airflow/.local/lib/python3.12/site-packages/airflow/example_dags/example_subdag_operator.py
[2024-10-21T05:30:37.825+0000] {logging_mixin.py:190} INFO - [2024-10-21T05:30:37.825+0000] {dag.py:3239} INFO - Sync 3 DAGs
[2024-10-21T05:30:37.861+0000] {logging_mixin.py:190} INFO - [2024-10-21T05:30:37.861+0000] {dag.py:4180} INFO - Setting next_dagrun for example_subdag_operator to 2022-01-01 00:00:00+00:00, run_after=2022-01-01 00:00:00+00:00
[2024-10-21T05:30:37.866+0000] {logging_mixin.py:190} INFO - [2024-10-21T05:30:37.866+0000] {dag.py:4180} INFO - Setting next_dagrun for example_subdag_operator.section-1 to None, run_after=None
[2024-10-21T05:30:37.869+0000] {logging_mixin.py:190} INFO - [2024-10-21T05:30:37.868+0000] {dag.py:4180} INFO - Setting next_dagrun for example_subdag_operator.section-2 to None, run_after=None
[2024-10-21T05:30:37.878+0000] {logging_mixin.py:190} INFO - [2024-10-21T05:30:37.878+0000] {dag.py:3239} INFO - Sync 2 DAGs
[2024-10-21T05:30:37.885+0000] {logging_mixin.py:190} INFO - [2024-10-21T05:30:37.885+0000] {dag.py:4180} INFO - Setting next_dagrun for example_subdag_operator.section-1 to None, run_after=None
[2024-10-21T05:30:37.886+0000] {logging_mixin.py:190} INFO - [2024-10-21T05:30:37.886+0000] {dag.py:4180} INFO - Setting next_dagrun for example_subdag_operator.section-2 to None, run_after=None
[2024-10-21T05:30:37.901+0000] {processor.py:208} INFO - Processing /home/airflow/.local/lib/python3.12/site-packages/airflow/example_dags/example_subdag_operator.py took 0.149 seconds
[2024-10-21T05:31:08.978+0000] {processor.py:186} INFO - Started process (PID=577) to work on /home/airflow/.local/lib/python3.12/site-packages/airflow/example_dags/example_subdag_operator.py
[2024-10-21T05:31:08.980+0000] {processor.py:914} INFO - Processing file /home/airflow/.local/lib/python3.12/site-packages/airflow/example_dags/example_subdag_operator.py for tasks to queue
[2024-10-21T05:31:08.981+0000] {logging_mixin.py:190} INFO - [2024-10-21T05:31:08.981+0000] {dagbag.py:588} INFO - Filling up the DagBag from /home/airflow/.local/lib/python3.12/site-packages/airflow/example_dags/example_subdag_operator.py
[2024-10-21T05:31:09.018+0000] {processor.py:925} INFO - DAG(s) 'example_subdag_operator.section-1', 'example_subdag_operator.section-2', 'example_subdag_operator' retrieved from /home/airflow/.local/lib/python3.12/site-packages/airflow/example_dags/example_subdag_operator.py
[2024-10-21T05:31:09.042+0000] {logging_mixin.py:190} INFO - [2024-10-21T05:31:09.042+0000] {dag.py:3239} INFO - Sync 3 DAGs
[2024-10-21T05:31:09.084+0000] {logging_mixin.py:190} INFO - [2024-10-21T05:31:09.084+0000] {dag.py:4180} INFO - Setting next_dagrun for example_subdag_operator to 2022-01-01 00:00:00+00:00, run_after=2022-01-01 00:00:00+00:00
[2024-10-21T05:31:09.092+0000] {logging_mixin.py:190} INFO - [2024-10-21T05:31:09.092+0000] {dag.py:4180} INFO - Setting next_dagrun for example_subdag_operator.section-1 to None, run_after=None
[2024-10-21T05:31:09.095+0000] {logging_mixin.py:190} INFO - [2024-10-21T05:31:09.094+0000] {dag.py:4180} INFO - Setting next_dagrun for example_subdag_operator.section-2 to None, run_after=None
[2024-10-21T05:31:09.110+0000] {logging_mixin.py:190} INFO - [2024-10-21T05:31:09.109+0000] {dag.py:3239} INFO - Sync 2 DAGs
[2024-10-21T05:31:09.120+0000] {logging_mixin.py:190} INFO - [2024-10-21T05:31:09.119+0000] {dag.py:4180} INFO - Setting next_dagrun for example_subdag_operator.section-1 to None, run_after=None
[2024-10-21T05:31:09.121+0000] {logging_mixin.py:190} INFO - [2024-10-21T05:31:09.120+0000] {dag.py:4180} INFO - Setting next_dagrun for example_subdag_operator.section-2 to None, run_after=None
[2024-10-21T05:31:09.140+0000] {processor.py:208} INFO - Processing /home/airflow/.local/lib/python3.12/site-packages/airflow/example_dags/example_subdag_operator.py took 0.171 seconds
[2024-10-21T05:31:39.802+0000] {processor.py:186} INFO - Started process (PID=640) to work on /home/airflow/.local/lib/python3.12/site-packages/airflow/example_dags/example_subdag_operator.py
[2024-10-21T05:31:39.803+0000] {processor.py:914} INFO - Processing file /home/airflow/.local/lib/python3.12/site-packages/airflow/example_dags/example_subdag_operator.py for tasks to queue
[2024-10-21T05:31:39.806+0000] {logging_mixin.py:190} INFO - [2024-10-21T05:31:39.805+0000] {dagbag.py:588} INFO - Filling up the DagBag from /home/airflow/.local/lib/python3.12/site-packages/airflow/example_dags/example_subdag_operator.py
[2024-10-21T05:31:39.850+0000] {processor.py:925} INFO - DAG(s) 'example_subdag_operator.section-1', 'example_subdag_operator.section-2', 'example_subdag_operator' retrieved from /home/airflow/.local/lib/python3.12/site-packages/airflow/example_dags/example_subdag_operator.py
[2024-10-21T05:31:39.876+0000] {logging_mixin.py:190} INFO - [2024-10-21T05:31:39.876+0000] {dag.py:3239} INFO - Sync 3 DAGs
[2024-10-21T05:31:39.914+0000] {logging_mixin.py:190} INFO - [2024-10-21T05:31:39.914+0000] {dag.py:4180} INFO - Setting next_dagrun for example_subdag_operator to 2022-01-01 00:00:00+00:00, run_after=2022-01-01 00:00:00+00:00
[2024-10-21T05:31:39.920+0000] {logging_mixin.py:190} INFO - [2024-10-21T05:31:39.920+0000] {dag.py:4180} INFO - Setting next_dagrun for example_subdag_operator.section-1 to None, run_after=None
[2024-10-21T05:31:39.923+0000] {logging_mixin.py:190} INFO - [2024-10-21T05:31:39.923+0000] {dag.py:4180} INFO - Setting next_dagrun for example_subdag_operator.section-2 to None, run_after=None
[2024-10-21T05:31:39.936+0000] {logging_mixin.py:190} INFO - [2024-10-21T05:31:39.936+0000] {dag.py:3239} INFO - Sync 2 DAGs
[2024-10-21T05:31:39.945+0000] {logging_mixin.py:190} INFO - [2024-10-21T05:31:39.945+0000] {dag.py:4180} INFO - Setting next_dagrun for example_subdag_operator.section-1 to None, run_after=None
[2024-10-21T05:31:39.947+0000] {logging_mixin.py:190} INFO - [2024-10-21T05:31:39.946+0000] {dag.py:4180} INFO - Setting next_dagrun for example_subdag_operator.section-2 to None, run_after=None
[2024-10-21T05:31:39.965+0000] {processor.py:208} INFO - Processing /home/airflow/.local/lib/python3.12/site-packages/airflow/example_dags/example_subdag_operator.py took 0.173 seconds
[2024-10-21T05:32:10.505+0000] {processor.py:186} INFO - Started process (PID=702) to work on /home/airflow/.local/lib/python3.12/site-packages/airflow/example_dags/example_subdag_operator.py
[2024-10-21T05:32:10.507+0000] {processor.py:914} INFO - Processing file /home/airflow/.local/lib/python3.12/site-packages/airflow/example_dags/example_subdag_operator.py for tasks to queue
[2024-10-21T05:32:10.510+0000] {logging_mixin.py:190} INFO - [2024-10-21T05:32:10.509+0000] {dagbag.py:588} INFO - Filling up the DagBag from /home/airflow/.local/lib/python3.12/site-packages/airflow/example_dags/example_subdag_operator.py
[2024-10-21T05:32:10.548+0000] {processor.py:925} INFO - DAG(s) 'example_subdag_operator.section-1', 'example_subdag_operator.section-2', 'example_subdag_operator' retrieved from /home/airflow/.local/lib/python3.12/site-packages/airflow/example_dags/example_subdag_operator.py
[2024-10-21T05:32:10.587+0000] {logging_mixin.py:190} INFO - [2024-10-21T05:32:10.586+0000] {dag.py:3239} INFO - Sync 3 DAGs
[2024-10-21T05:32:10.638+0000] {logging_mixin.py:190} INFO - [2024-10-21T05:32:10.638+0000] {dag.py:4180} INFO - Setting next_dagrun for example_subdag_operator to 2022-01-01 00:00:00+00:00, run_after=2022-01-01 00:00:00+00:00
[2024-10-21T05:32:10.644+0000] {logging_mixin.py:190} INFO - [2024-10-21T05:32:10.643+0000] {dag.py:4180} INFO - Setting next_dagrun for example_subdag_operator.section-1 to None, run_after=None
[2024-10-21T05:32:10.647+0000] {logging_mixin.py:190} INFO - [2024-10-21T05:32:10.646+0000] {dag.py:4180} INFO - Setting next_dagrun for example_subdag_operator.section-2 to None, run_after=None
[2024-10-21T05:32:10.658+0000] {logging_mixin.py:190} INFO - [2024-10-21T05:32:10.657+0000] {dag.py:3239} INFO - Sync 2 DAGs
[2024-10-21T05:32:10.666+0000] {logging_mixin.py:190} INFO - [2024-10-21T05:32:10.666+0000] {dag.py:4180} INFO - Setting next_dagrun for example_subdag_operator.section-1 to None, run_after=None
[2024-10-21T05:32:10.667+0000] {logging_mixin.py:190} INFO - [2024-10-21T05:32:10.667+0000] {dag.py:4180} INFO - Setting next_dagrun for example_subdag_operator.section-2 to None, run_after=None
[2024-10-21T05:32:10.691+0000] {processor.py:208} INFO - Processing /home/airflow/.local/lib/python3.12/site-packages/airflow/example_dags/example_subdag_operator.py took 0.196 seconds
[2024-10-21T05:32:41.067+0000] {processor.py:186} INFO - Started process (PID=764) to work on /home/airflow/.local/lib/python3.12/site-packages/airflow/example_dags/example_subdag_operator.py
[2024-10-21T05:32:41.069+0000] {processor.py:914} INFO - Processing file /home/airflow/.local/lib/python3.12/site-packages/airflow/example_dags/example_subdag_operator.py for tasks to queue
[2024-10-21T05:32:41.071+0000] {logging_mixin.py:190} INFO - [2024-10-21T05:32:41.070+0000] {dagbag.py:588} INFO - Filling up the DagBag from /home/airflow/.local/lib/python3.12/site-packages/airflow/example_dags/example_subdag_operator.py
[2024-10-21T05:32:41.109+0000] {processor.py:925} INFO - DAG(s) 'example_subdag_operator.section-1', 'example_subdag_operator.section-2', 'example_subdag_operator' retrieved from /home/airflow/.local/lib/python3.12/site-packages/airflow/example_dags/example_subdag_operator.py
[2024-10-21T05:32:41.131+0000] {logging_mixin.py:190} INFO - [2024-10-21T05:32:41.131+0000] {dag.py:3239} INFO - Sync 3 DAGs
[2024-10-21T05:32:41.165+0000] {logging_mixin.py:190} INFO - [2024-10-21T05:32:41.164+0000] {dag.py:4180} INFO - Setting next_dagrun for example_subdag_operator to 2022-01-01 00:00:00+00:00, run_after=2022-01-01 00:00:00+00:00
[2024-10-21T05:32:41.171+0000] {logging_mixin.py:190} INFO - [2024-10-21T05:32:41.170+0000] {dag.py:4180} INFO - Setting next_dagrun for example_subdag_operator.section-1 to None, run_after=None
[2024-10-21T05:32:41.174+0000] {logging_mixin.py:190} INFO - [2024-10-21T05:32:41.173+0000] {dag.py:4180} INFO - Setting next_dagrun for example_subdag_operator.section-2 to None, run_after=None
[2024-10-21T05:32:41.186+0000] {logging_mixin.py:190} INFO - [2024-10-21T05:32:41.185+0000] {dag.py:3239} INFO - Sync 2 DAGs
[2024-10-21T05:32:41.195+0000] {logging_mixin.py:190} INFO - [2024-10-21T05:32:41.194+0000] {dag.py:4180} INFO - Setting next_dagrun for example_subdag_operator.section-1 to None, run_after=None
[2024-10-21T05:32:41.195+0000] {logging_mixin.py:190} INFO - [2024-10-21T05:32:41.195+0000] {dag.py:4180} INFO - Setting next_dagrun for example_subdag_operator.section-2 to None, run_after=None
[2024-10-21T05:32:41.211+0000] {processor.py:208} INFO - Processing /home/airflow/.local/lib/python3.12/site-packages/airflow/example_dags/example_subdag_operator.py took 0.152 seconds
[2024-10-21T05:33:11.411+0000] {processor.py:186} INFO - Started process (PID=826) to work on /home/airflow/.local/lib/python3.12/site-packages/airflow/example_dags/example_subdag_operator.py
[2024-10-21T05:33:11.415+0000] {processor.py:914} INFO - Processing file /home/airflow/.local/lib/python3.12/site-packages/airflow/example_dags/example_subdag_operator.py for tasks to queue
[2024-10-21T05:33:11.418+0000] {logging_mixin.py:190} INFO - [2024-10-21T05:33:11.418+0000] {dagbag.py:588} INFO - Filling up the DagBag from /home/airflow/.local/lib/python3.12/site-packages/airflow/example_dags/example_subdag_operator.py
[2024-10-21T05:33:11.475+0000] {processor.py:925} INFO - DAG(s) 'example_subdag_operator.section-1', 'example_subdag_operator.section-2', 'example_subdag_operator' retrieved from /home/airflow/.local/lib/python3.12/site-packages/airflow/example_dags/example_subdag_operator.py
[2024-10-21T05:33:11.505+0000] {logging_mixin.py:190} INFO - [2024-10-21T05:33:11.505+0000] {dag.py:3239} INFO - Sync 3 DAGs
[2024-10-21T05:33:11.557+0000] {logging_mixin.py:190} INFO - [2024-10-21T05:33:11.557+0000] {dag.py:4180} INFO - Setting next_dagrun for example_subdag_operator to 2022-01-01 00:00:00+00:00, run_after=2022-01-01 00:00:00+00:00
[2024-10-21T05:33:11.564+0000] {logging_mixin.py:190} INFO - [2024-10-21T05:33:11.564+0000] {dag.py:4180} INFO - Setting next_dagrun for example_subdag_operator.section-1 to None, run_after=None
[2024-10-21T05:33:11.566+0000] {logging_mixin.py:190} INFO - [2024-10-21T05:33:11.566+0000] {dag.py:4180} INFO - Setting next_dagrun for example_subdag_operator.section-2 to None, run_after=None
[2024-10-21T05:33:11.580+0000] {logging_mixin.py:190} INFO - [2024-10-21T05:33:11.579+0000] {dag.py:3239} INFO - Sync 2 DAGs
[2024-10-21T05:33:11.592+0000] {logging_mixin.py:190} INFO - [2024-10-21T05:33:11.591+0000] {dag.py:4180} INFO - Setting next_dagrun for example_subdag_operator.section-1 to None, run_after=None
[2024-10-21T05:33:11.593+0000] {logging_mixin.py:190} INFO - [2024-10-21T05:33:11.593+0000] {dag.py:4180} INFO - Setting next_dagrun for example_subdag_operator.section-2 to None, run_after=None
[2024-10-21T05:33:11.613+0000] {processor.py:208} INFO - Processing /home/airflow/.local/lib/python3.12/site-packages/airflow/example_dags/example_subdag_operator.py took 0.218 seconds
[2024-10-21T05:33:42.192+0000] {processor.py:186} INFO - Started process (PID=888) to work on /home/airflow/.local/lib/python3.12/site-packages/airflow/example_dags/example_subdag_operator.py
[2024-10-21T05:33:42.195+0000] {processor.py:914} INFO - Processing file /home/airflow/.local/lib/python3.12/site-packages/airflow/example_dags/example_subdag_operator.py for tasks to queue
[2024-10-21T05:33:42.198+0000] {logging_mixin.py:190} INFO - [2024-10-21T05:33:42.197+0000] {dagbag.py:588} INFO - Filling up the DagBag from /home/airflow/.local/lib/python3.12/site-packages/airflow/example_dags/example_subdag_operator.py
[2024-10-21T05:33:42.299+0000] {processor.py:925} INFO - DAG(s) 'example_subdag_operator.section-1', 'example_subdag_operator.section-2', 'example_subdag_operator' retrieved from /home/airflow/.local/lib/python3.12/site-packages/airflow/example_dags/example_subdag_operator.py
[2024-10-21T05:33:42.341+0000] {logging_mixin.py:190} INFO - [2024-10-21T05:33:42.340+0000] {dag.py:3239} INFO - Sync 3 DAGs
[2024-10-21T05:33:42.408+0000] {logging_mixin.py:190} INFO - [2024-10-21T05:33:42.407+0000] {dag.py:4180} INFO - Setting next_dagrun for example_subdag_operator to 2022-01-01 00:00:00+00:00, run_after=2022-01-01 00:00:00+00:00
[2024-10-21T05:33:42.416+0000] {logging_mixin.py:190} INFO - [2024-10-21T05:33:42.416+0000] {dag.py:4180} INFO - Setting next_dagrun for example_subdag_operator.section-1 to None, run_after=None
[2024-10-21T05:33:42.421+0000] {logging_mixin.py:190} INFO - [2024-10-21T05:33:42.420+0000] {dag.py:4180} INFO - Setting next_dagrun for example_subdag_operator.section-2 to None, run_after=None
[2024-10-21T05:33:42.434+0000] {logging_mixin.py:190} INFO - [2024-10-21T05:33:42.434+0000] {dag.py:3239} INFO - Sync 2 DAGs
[2024-10-21T05:33:42.442+0000] {logging_mixin.py:190} INFO - [2024-10-21T05:33:42.442+0000] {dag.py:4180} INFO - Setting next_dagrun for example_subdag_operator.section-1 to None, run_after=None
[2024-10-21T05:33:42.443+0000] {logging_mixin.py:190} INFO - [2024-10-21T05:33:42.443+0000] {dag.py:4180} INFO - Setting next_dagrun for example_subdag_operator.section-2 to None, run_after=None
[2024-10-21T05:33:42.460+0000] {processor.py:208} INFO - Processing /home/airflow/.local/lib/python3.12/site-packages/airflow/example_dags/example_subdag_operator.py took 0.285 seconds
[2024-10-21T05:34:12.790+0000] {processor.py:186} INFO - Started process (PID=949) to work on /home/airflow/.local/lib/python3.12/site-packages/airflow/example_dags/example_subdag_operator.py
[2024-10-21T05:34:12.792+0000] {processor.py:914} INFO - Processing file /home/airflow/.local/lib/python3.12/site-packages/airflow/example_dags/example_subdag_operator.py for tasks to queue
[2024-10-21T05:34:12.796+0000] {logging_mixin.py:190} INFO - [2024-10-21T05:34:12.795+0000] {dagbag.py:588} INFO - Filling up the DagBag from /home/airflow/.local/lib/python3.12/site-packages/airflow/example_dags/example_subdag_operator.py
[2024-10-21T05:34:12.866+0000] {processor.py:925} INFO - DAG(s) 'example_subdag_operator.section-1', 'example_subdag_operator.section-2', 'example_subdag_operator' retrieved from /home/airflow/.local/lib/python3.12/site-packages/airflow/example_dags/example_subdag_operator.py
[2024-10-21T05:34:12.903+0000] {logging_mixin.py:190} INFO - [2024-10-21T05:34:12.903+0000] {dag.py:3239} INFO - Sync 3 DAGs
[2024-10-21T05:34:12.952+0000] {logging_mixin.py:190} INFO - [2024-10-21T05:34:12.952+0000] {dag.py:4180} INFO - Setting next_dagrun for example_subdag_operator to 2022-01-01 00:00:00+00:00, run_after=2022-01-01 00:00:00+00:00
[2024-10-21T05:34:12.961+0000] {logging_mixin.py:190} INFO - [2024-10-21T05:34:12.961+0000] {dag.py:4180} INFO - Setting next_dagrun for example_subdag_operator.section-1 to None, run_after=None
[2024-10-21T05:34:12.965+0000] {logging_mixin.py:190} INFO - [2024-10-21T05:34:12.964+0000] {dag.py:4180} INFO - Setting next_dagrun for example_subdag_operator.section-2 to None, run_after=None
[2024-10-21T05:34:12.981+0000] {logging_mixin.py:190} INFO - [2024-10-21T05:34:12.981+0000] {dag.py:3239} INFO - Sync 2 DAGs
[2024-10-21T05:34:12.990+0000] {logging_mixin.py:190} INFO - [2024-10-21T05:34:12.990+0000] {dag.py:4180} INFO - Setting next_dagrun for example_subdag_operator.section-1 to None, run_after=None
[2024-10-21T05:34:12.991+0000] {logging_mixin.py:190} INFO - [2024-10-21T05:34:12.991+0000] {dag.py:4180} INFO - Setting next_dagrun for example_subdag_operator.section-2 to None, run_after=None
[2024-10-21T05:34:13.010+0000] {processor.py:208} INFO - Processing /home/airflow/.local/lib/python3.12/site-packages/airflow/example_dags/example_subdag_operator.py took 0.235 seconds
[2024-10-21T05:34:43.066+0000] {processor.py:186} INFO - Started process (PID=1011) to work on /home/airflow/.local/lib/python3.12/site-packages/airflow/example_dags/example_subdag_operator.py
[2024-10-21T05:34:43.067+0000] {processor.py:914} INFO - Processing file /home/airflow/.local/lib/python3.12/site-packages/airflow/example_dags/example_subdag_operator.py for tasks to queue
[2024-10-21T05:34:43.070+0000] {logging_mixin.py:190} INFO - [2024-10-21T05:34:43.069+0000] {dagbag.py:588} INFO - Filling up the DagBag from /home/airflow/.local/lib/python3.12/site-packages/airflow/example_dags/example_subdag_operator.py
[2024-10-21T05:34:43.103+0000] {processor.py:925} INFO - DAG(s) 'example_subdag_operator.section-1', 'example_subdag_operator.section-2', 'example_subdag_operator' retrieved from /home/airflow/.local/lib/python3.12/site-packages/airflow/example_dags/example_subdag_operator.py
[2024-10-21T05:34:43.120+0000] {logging_mixin.py:190} INFO - [2024-10-21T05:34:43.119+0000] {dag.py:3239} INFO - Sync 3 DAGs
[2024-10-21T05:34:43.145+0000] {logging_mixin.py:190} INFO - [2024-10-21T05:34:43.145+0000] {dag.py:4180} INFO - Setting next_dagrun for example_subdag_operator to 2022-01-01 00:00:00+00:00, run_after=2022-01-01 00:00:00+00:00
[2024-10-21T05:34:43.150+0000] {logging_mixin.py:190} INFO - [2024-10-21T05:34:43.149+0000] {dag.py:4180} INFO - Setting next_dagrun for example_subdag_operator.section-1 to None, run_after=None
[2024-10-21T05:34:43.152+0000] {logging_mixin.py:190} INFO - [2024-10-21T05:34:43.152+0000] {dag.py:4180} INFO - Setting next_dagrun for example_subdag_operator.section-2 to None, run_after=None
[2024-10-21T05:34:43.161+0000] {logging_mixin.py:190} INFO - [2024-10-21T05:34:43.161+0000] {dag.py:3239} INFO - Sync 2 DAGs
[2024-10-21T05:34:43.167+0000] {logging_mixin.py:190} INFO - [2024-10-21T05:34:43.167+0000] {dag.py:4180} INFO - Setting next_dagrun for example_subdag_operator.section-1 to None, run_after=None
[2024-10-21T05:34:43.168+0000] {logging_mixin.py:190} INFO - [2024-10-21T05:34:43.168+0000] {dag.py:4180} INFO - Setting next_dagrun for example_subdag_operator.section-2 to None, run_after=None
[2024-10-21T05:34:43.184+0000] {processor.py:208} INFO - Processing /home/airflow/.local/lib/python3.12/site-packages/airflow/example_dags/example_subdag_operator.py took 0.124 seconds
[2024-10-21T05:35:13.885+0000] {processor.py:186} INFO - Started process (PID=1073) to work on /home/airflow/.local/lib/python3.12/site-packages/airflow/example_dags/example_subdag_operator.py
[2024-10-21T05:35:13.886+0000] {processor.py:914} INFO - Processing file /home/airflow/.local/lib/python3.12/site-packages/airflow/example_dags/example_subdag_operator.py for tasks to queue
[2024-10-21T05:35:13.888+0000] {logging_mixin.py:190} INFO - [2024-10-21T05:35:13.888+0000] {dagbag.py:588} INFO - Filling up the DagBag from /home/airflow/.local/lib/python3.12/site-packages/airflow/example_dags/example_subdag_operator.py
[2024-10-21T05:35:13.930+0000] {processor.py:925} INFO - DAG(s) 'example_subdag_operator.section-1', 'example_subdag_operator.section-2', 'example_subdag_operator' retrieved from /home/airflow/.local/lib/python3.12/site-packages/airflow/example_dags/example_subdag_operator.py
[2024-10-21T05:35:13.955+0000] {logging_mixin.py:190} INFO - [2024-10-21T05:35:13.954+0000] {dag.py:3239} INFO - Sync 3 DAGs
[2024-10-21T05:35:13.990+0000] {logging_mixin.py:190} INFO - [2024-10-21T05:35:13.990+0000] {dag.py:4180} INFO - Setting next_dagrun for example_subdag_operator to 2022-01-01 00:00:00+00:00, run_after=2022-01-01 00:00:00+00:00
[2024-10-21T05:35:13.996+0000] {logging_mixin.py:190} INFO - [2024-10-21T05:35:13.995+0000] {dag.py:4180} INFO - Setting next_dagrun for example_subdag_operator.section-1 to None, run_after=None
[2024-10-21T05:35:13.998+0000] {logging_mixin.py:190} INFO - [2024-10-21T05:35:13.998+0000] {dag.py:4180} INFO - Setting next_dagrun for example_subdag_operator.section-2 to None, run_after=None
[2024-10-21T05:35:14.008+0000] {logging_mixin.py:190} INFO - [2024-10-21T05:35:14.008+0000] {dag.py:3239} INFO - Sync 2 DAGs
[2024-10-21T05:35:14.015+0000] {logging_mixin.py:190} INFO - [2024-10-21T05:35:14.015+0000] {dag.py:4180} INFO - Setting next_dagrun for example_subdag_operator.section-1 to None, run_after=None
[2024-10-21T05:35:14.016+0000] {logging_mixin.py:190} INFO - [2024-10-21T05:35:14.015+0000] {dag.py:4180} INFO - Setting next_dagrun for example_subdag_operator.section-2 to None, run_after=None
[2024-10-21T05:35:14.036+0000] {processor.py:208} INFO - Processing /home/airflow/.local/lib/python3.12/site-packages/airflow/example_dags/example_subdag_operator.py took 0.160 seconds
[2024-10-21T05:35:44.632+0000] {processor.py:186} INFO - Started process (PID=1135) to work on /home/airflow/.local/lib/python3.12/site-packages/airflow/example_dags/example_subdag_operator.py
[2024-10-21T05:35:44.633+0000] {processor.py:914} INFO - Processing file /home/airflow/.local/lib/python3.12/site-packages/airflow/example_dags/example_subdag_operator.py for tasks to queue
[2024-10-21T05:35:44.635+0000] {logging_mixin.py:190} INFO - [2024-10-21T05:35:44.635+0000] {dagbag.py:588} INFO - Filling up the DagBag from /home/airflow/.local/lib/python3.12/site-packages/airflow/example_dags/example_subdag_operator.py
[2024-10-21T05:35:44.675+0000] {processor.py:925} INFO - DAG(s) 'example_subdag_operator.section-1', 'example_subdag_operator.section-2', 'example_subdag_operator' retrieved from /home/airflow/.local/lib/python3.12/site-packages/airflow/example_dags/example_subdag_operator.py
[2024-10-21T05:35:44.702+0000] {logging_mixin.py:190} INFO - [2024-10-21T05:35:44.701+0000] {dag.py:3239} INFO - Sync 3 DAGs
[2024-10-21T05:35:44.741+0000] {logging_mixin.py:190} INFO - [2024-10-21T05:35:44.740+0000] {dag.py:4180} INFO - Setting next_dagrun for example_subdag_operator to 2022-01-01 00:00:00+00:00, run_after=2022-01-01 00:00:00+00:00
[2024-10-21T05:35:44.747+0000] {logging_mixin.py:190} INFO - [2024-10-21T05:35:44.747+0000] {dag.py:4180} INFO - Setting next_dagrun for example_subdag_operator.section-1 to None, run_after=None
[2024-10-21T05:35:44.749+0000] {logging_mixin.py:190} INFO - [2024-10-21T05:35:44.749+0000] {dag.py:4180} INFO - Setting next_dagrun for example_subdag_operator.section-2 to None, run_after=None
[2024-10-21T05:35:44.762+0000] {logging_mixin.py:190} INFO - [2024-10-21T05:35:44.761+0000] {dag.py:3239} INFO - Sync 2 DAGs
[2024-10-21T05:35:44.770+0000] {logging_mixin.py:190} INFO - [2024-10-21T05:35:44.770+0000] {dag.py:4180} INFO - Setting next_dagrun for example_subdag_operator.section-1 to None, run_after=None
[2024-10-21T05:35:44.771+0000] {logging_mixin.py:190} INFO - [2024-10-21T05:35:44.771+0000] {dag.py:4180} INFO - Setting next_dagrun for example_subdag_operator.section-2 to None, run_after=None
[2024-10-21T05:35:44.788+0000] {processor.py:208} INFO - Processing /home/airflow/.local/lib/python3.12/site-packages/airflow/example_dags/example_subdag_operator.py took 0.165 seconds
[2024-10-21T05:36:15.478+0000] {processor.py:186} INFO - Started process (PID=1197) to work on /home/airflow/.local/lib/python3.12/site-packages/airflow/example_dags/example_subdag_operator.py
[2024-10-21T05:36:15.479+0000] {processor.py:914} INFO - Processing file /home/airflow/.local/lib/python3.12/site-packages/airflow/example_dags/example_subdag_operator.py for tasks to queue
[2024-10-21T05:36:15.481+0000] {logging_mixin.py:190} INFO - [2024-10-21T05:36:15.481+0000] {dagbag.py:588} INFO - Filling up the DagBag from /home/airflow/.local/lib/python3.12/site-packages/airflow/example_dags/example_subdag_operator.py
[2024-10-21T05:36:15.541+0000] {processor.py:925} INFO - DAG(s) 'example_subdag_operator.section-1', 'example_subdag_operator.section-2', 'example_subdag_operator' retrieved from /home/airflow/.local/lib/python3.12/site-packages/airflow/example_dags/example_subdag_operator.py
[2024-10-21T05:36:15.589+0000] {logging_mixin.py:190} INFO - [2024-10-21T05:36:15.588+0000] {dag.py:3239} INFO - Sync 3 DAGs
[2024-10-21T05:36:15.649+0000] {logging_mixin.py:190} INFO - [2024-10-21T05:36:15.648+0000] {dag.py:4180} INFO - Setting next_dagrun for example_subdag_operator to 2022-01-01 00:00:00+00:00, run_after=2022-01-01 00:00:00+00:00
[2024-10-21T05:36:15.659+0000] {logging_mixin.py:190} INFO - [2024-10-21T05:36:15.659+0000] {dag.py:4180} INFO - Setting next_dagrun for example_subdag_operator.section-1 to None, run_after=None
[2024-10-21T05:36:15.665+0000] {logging_mixin.py:190} INFO - [2024-10-21T05:36:15.664+0000] {dag.py:4180} INFO - Setting next_dagrun for example_subdag_operator.section-2 to None, run_after=None
[2024-10-21T05:36:15.694+0000] {logging_mixin.py:190} INFO - [2024-10-21T05:36:15.693+0000] {dag.py:3239} INFO - Sync 2 DAGs
[2024-10-21T05:36:15.711+0000] {logging_mixin.py:190} INFO - [2024-10-21T05:36:15.711+0000] {dag.py:4180} INFO - Setting next_dagrun for example_subdag_operator.section-1 to None, run_after=None
[2024-10-21T05:36:15.713+0000] {logging_mixin.py:190} INFO - [2024-10-21T05:36:15.712+0000] {dag.py:4180} INFO - Setting next_dagrun for example_subdag_operator.section-2 to None, run_after=None
[2024-10-21T05:36:15.758+0000] {processor.py:208} INFO - Processing /home/airflow/.local/lib/python3.12/site-packages/airflow/example_dags/example_subdag_operator.py took 0.292 seconds
[2024-10-21T05:36:45.892+0000] {processor.py:186} INFO - Started process (PID=1259) to work on /home/airflow/.local/lib/python3.12/site-packages/airflow/example_dags/example_subdag_operator.py
[2024-10-21T05:36:45.894+0000] {processor.py:914} INFO - Processing file /home/airflow/.local/lib/python3.12/site-packages/airflow/example_dags/example_subdag_operator.py for tasks to queue
[2024-10-21T05:36:45.896+0000] {logging_mixin.py:190} INFO - [2024-10-21T05:36:45.896+0000] {dagbag.py:588} INFO - Filling up the DagBag from /home/airflow/.local/lib/python3.12/site-packages/airflow/example_dags/example_subdag_operator.py
[2024-10-21T05:36:45.943+0000] {processor.py:925} INFO - DAG(s) 'example_subdag_operator.section-1', 'example_subdag_operator.section-2', 'example_subdag_operator' retrieved from /home/airflow/.local/lib/python3.12/site-packages/airflow/example_dags/example_subdag_operator.py
[2024-10-21T05:36:45.968+0000] {logging_mixin.py:190} INFO - [2024-10-21T05:36:45.967+0000] {dag.py:3239} INFO - Sync 3 DAGs
[2024-10-21T05:36:46.005+0000] {logging_mixin.py:190} INFO - [2024-10-21T05:36:46.005+0000] {dag.py:4180} INFO - Setting next_dagrun for example_subdag_operator to 2022-01-01 00:00:00+00:00, run_after=2022-01-01 00:00:00+00:00
[2024-10-21T05:36:46.011+0000] {logging_mixin.py:190} INFO - [2024-10-21T05:36:46.010+0000] {dag.py:4180} INFO - Setting next_dagrun for example_subdag_operator.section-1 to None, run_after=None
[2024-10-21T05:36:46.013+0000] {logging_mixin.py:190} INFO - [2024-10-21T05:36:46.012+0000] {dag.py:4180} INFO - Setting next_dagrun for example_subdag_operator.section-2 to None, run_after=None
[2024-10-21T05:36:46.023+0000] {logging_mixin.py:190} INFO - [2024-10-21T05:36:46.023+0000] {dag.py:3239} INFO - Sync 2 DAGs
[2024-10-21T05:36:46.031+0000] {logging_mixin.py:190} INFO - [2024-10-21T05:36:46.030+0000] {dag.py:4180} INFO - Setting next_dagrun for example_subdag_operator.section-1 to None, run_after=None
[2024-10-21T05:36:46.032+0000] {logging_mixin.py:190} INFO - [2024-10-21T05:36:46.032+0000] {dag.py:4180} INFO - Setting next_dagrun for example_subdag_operator.section-2 to None, run_after=None
[2024-10-21T05:36:46.048+0000] {processor.py:208} INFO - Processing /home/airflow/.local/lib/python3.12/site-packages/airflow/example_dags/example_subdag_operator.py took 0.166 seconds
[2024-10-21T11:55:02.768+0000] {processor.py:186} INFO - Started process (PID=102) to work on /home/airflow/.local/lib/python3.12/site-packages/airflow/example_dags/example_subdag_operator.py
[2024-10-21T11:55:02.770+0000] {processor.py:914} INFO - Processing file /home/airflow/.local/lib/python3.12/site-packages/airflow/example_dags/example_subdag_operator.py for tasks to queue
[2024-10-21T11:55:02.779+0000] {logging_mixin.py:190} INFO - [2024-10-21T11:55:02.778+0000] {dagbag.py:588} INFO - Filling up the DagBag from /home/airflow/.local/lib/python3.12/site-packages/airflow/example_dags/example_subdag_operator.py
[2024-10-21T11:55:02.822+0000] {processor.py:925} INFO - DAG(s) 'example_subdag_operator.section-1', 'example_subdag_operator.section-2', 'example_subdag_operator' retrieved from /home/airflow/.local/lib/python3.12/site-packages/airflow/example_dags/example_subdag_operator.py
[2024-10-21T11:55:02.844+0000] {logging_mixin.py:190} INFO - [2024-10-21T11:55:02.844+0000] {dag.py:3239} INFO - Sync 3 DAGs
[2024-10-21T11:55:02.873+0000] {logging_mixin.py:190} INFO - [2024-10-21T11:55:02.873+0000] {dag.py:4180} INFO - Setting next_dagrun for example_subdag_operator to 2022-01-01 00:00:00+00:00, run_after=2022-01-01 00:00:00+00:00
[2024-10-21T11:55:02.877+0000] {logging_mixin.py:190} INFO - [2024-10-21T11:55:02.877+0000] {dag.py:4180} INFO - Setting next_dagrun for example_subdag_operator.section-1 to None, run_after=None
[2024-10-21T11:55:02.879+0000] {logging_mixin.py:190} INFO - [2024-10-21T11:55:02.879+0000] {dag.py:4180} INFO - Setting next_dagrun for example_subdag_operator.section-2 to None, run_after=None
[2024-10-21T11:55:02.890+0000] {logging_mixin.py:190} INFO - [2024-10-21T11:55:02.890+0000] {dag.py:3239} INFO - Sync 2 DAGs
[2024-10-21T11:55:02.898+0000] {logging_mixin.py:190} INFO - [2024-10-21T11:55:02.897+0000] {dag.py:4180} INFO - Setting next_dagrun for example_subdag_operator.section-1 to None, run_after=None
[2024-10-21T11:55:02.899+0000] {logging_mixin.py:190} INFO - [2024-10-21T11:55:02.899+0000] {dag.py:4180} INFO - Setting next_dagrun for example_subdag_operator.section-2 to None, run_after=None
[2024-10-21T11:55:03.298+0000] {processor.py:208} INFO - Processing /home/airflow/.local/lib/python3.12/site-packages/airflow/example_dags/example_subdag_operator.py took 0.536 seconds
