[2024-10-21T03:08:41.339+0000] {processor.py:186} INFO - Started process (PID=327) to work on /home/airflow/.local/lib/python3.12/site-packages/airflow/example_dags/example_bash_operator.py
[2024-10-21T03:08:41.340+0000] {processor.py:914} INFO - Processing file /home/airflow/.local/lib/python3.12/site-packages/airflow/example_dags/example_bash_operator.py for tasks to queue
[2024-10-21T03:08:41.342+0000] {logging_mixin.py:190} INFO - [2024-10-21T03:08:41.341+0000] {dagbag.py:588} INFO - Filling up the DagBag from /home/airflow/.local/lib/python3.12/site-packages/airflow/example_dags/example_bash_operator.py
[2024-10-21T03:08:41.353+0000] {processor.py:925} INFO - DAG(s) 'example_bash_operator' retrieved from /home/airflow/.local/lib/python3.12/site-packages/airflow/example_dags/example_bash_operator.py
[2024-10-21T03:08:41.456+0000] {logging_mixin.py:190} INFO - [2024-10-21T03:08:41.455+0000] {override.py:1900} INFO - Created Permission View: can delete on DAG:example_bash_operator
[2024-10-21T03:08:41.466+0000] {logging_mixin.py:190} INFO - [2024-10-21T03:08:41.466+0000] {override.py:1900} INFO - Created Permission View: can read on DAG:example_bash_operator
[2024-10-21T03:08:41.475+0000] {logging_mixin.py:190} INFO - [2024-10-21T03:08:41.475+0000] {override.py:1900} INFO - Created Permission View: can edit on DAG:example_bash_operator
[2024-10-21T03:08:41.486+0000] {logging_mixin.py:190} INFO - [2024-10-21T03:08:41.485+0000] {override.py:1900} INFO - Created Permission View: menu access on DAG Run:example_bash_operator
[2024-10-21T03:08:41.491+0000] {logging_mixin.py:190} INFO - [2024-10-21T03:08:41.491+0000] {override.py:1900} INFO - Created Permission View: can delete on DAG Run:example_bash_operator
[2024-10-21T03:08:41.496+0000] {logging_mixin.py:190} INFO - [2024-10-21T03:08:41.496+0000] {override.py:1900} INFO - Created Permission View: can read on DAG Run:example_bash_operator
[2024-10-21T03:08:41.504+0000] {logging_mixin.py:190} INFO - [2024-10-21T03:08:41.504+0000] {override.py:1900} INFO - Created Permission View: can create on DAG Run:example_bash_operator
[2024-10-21T03:08:41.505+0000] {logging_mixin.py:190} INFO - [2024-10-21T03:08:41.505+0000] {dag.py:3239} INFO - Sync 1 DAGs
[2024-10-21T03:08:41.516+0000] {logging_mixin.py:190} INFO - [2024-10-21T03:08:41.516+0000] {dag.py:3262} INFO - Creating ORM DAG for example_bash_operator
[2024-10-21T03:08:41.526+0000] {logging_mixin.py:190} INFO - [2024-10-21T03:08:41.525+0000] {dag.py:4180} INFO - Setting next_dagrun for example_bash_operator to 2024-10-20 00:00:00+00:00, run_after=2024-10-21 00:00:00+00:00
[2024-10-21T03:08:41.546+0000] {processor.py:208} INFO - Processing /home/airflow/.local/lib/python3.12/site-packages/airflow/example_dags/example_bash_operator.py took 0.213 seconds
[2024-10-21T03:09:11.631+0000] {processor.py:186} INFO - Started process (PID=389) to work on /home/airflow/.local/lib/python3.12/site-packages/airflow/example_dags/example_bash_operator.py
[2024-10-21T03:09:11.633+0000] {processor.py:914} INFO - Processing file /home/airflow/.local/lib/python3.12/site-packages/airflow/example_dags/example_bash_operator.py for tasks to queue
[2024-10-21T03:09:11.637+0000] {logging_mixin.py:190} INFO - [2024-10-21T03:09:11.636+0000] {dagbag.py:588} INFO - Filling up the DagBag from /home/airflow/.local/lib/python3.12/site-packages/airflow/example_dags/example_bash_operator.py
[2024-10-21T03:09:11.661+0000] {processor.py:925} INFO - DAG(s) 'example_bash_operator' retrieved from /home/airflow/.local/lib/python3.12/site-packages/airflow/example_dags/example_bash_operator.py
[2024-10-21T03:09:11.692+0000] {logging_mixin.py:190} INFO - [2024-10-21T03:09:11.692+0000] {dag.py:3239} INFO - Sync 1 DAGs
[2024-10-21T03:09:11.718+0000] {logging_mixin.py:190} INFO - [2024-10-21T03:09:11.718+0000] {dag.py:4180} INFO - Setting next_dagrun for example_bash_operator to 2024-10-20 00:00:00+00:00, run_after=2024-10-21 00:00:00+00:00
[2024-10-21T03:09:11.742+0000] {processor.py:208} INFO - Processing /home/airflow/.local/lib/python3.12/site-packages/airflow/example_dags/example_bash_operator.py took 0.122 seconds
[2024-10-21T03:09:42.421+0000] {processor.py:186} INFO - Started process (PID=451) to work on /home/airflow/.local/lib/python3.12/site-packages/airflow/example_dags/example_bash_operator.py
[2024-10-21T03:09:42.422+0000] {processor.py:914} INFO - Processing file /home/airflow/.local/lib/python3.12/site-packages/airflow/example_dags/example_bash_operator.py for tasks to queue
[2024-10-21T03:09:42.424+0000] {logging_mixin.py:190} INFO - [2024-10-21T03:09:42.424+0000] {dagbag.py:588} INFO - Filling up the DagBag from /home/airflow/.local/lib/python3.12/site-packages/airflow/example_dags/example_bash_operator.py
[2024-10-21T03:09:42.436+0000] {processor.py:925} INFO - DAG(s) 'example_bash_operator' retrieved from /home/airflow/.local/lib/python3.12/site-packages/airflow/example_dags/example_bash_operator.py
[2024-10-21T03:09:42.458+0000] {logging_mixin.py:190} INFO - [2024-10-21T03:09:42.458+0000] {dag.py:3239} INFO - Sync 1 DAGs
[2024-10-21T03:09:42.477+0000] {logging_mixin.py:190} INFO - [2024-10-21T03:09:42.477+0000] {dag.py:4180} INFO - Setting next_dagrun for example_bash_operator to 2024-10-20 00:00:00+00:00, run_after=2024-10-21 00:00:00+00:00
[2024-10-21T03:09:42.499+0000] {processor.py:208} INFO - Processing /home/airflow/.local/lib/python3.12/site-packages/airflow/example_dags/example_bash_operator.py took 0.083 seconds
[2024-10-21T03:10:13.281+0000] {processor.py:186} INFO - Started process (PID=513) to work on /home/airflow/.local/lib/python3.12/site-packages/airflow/example_dags/example_bash_operator.py
[2024-10-21T03:10:13.283+0000] {processor.py:914} INFO - Processing file /home/airflow/.local/lib/python3.12/site-packages/airflow/example_dags/example_bash_operator.py for tasks to queue
[2024-10-21T03:10:13.286+0000] {logging_mixin.py:190} INFO - [2024-10-21T03:10:13.285+0000] {dagbag.py:588} INFO - Filling up the DagBag from /home/airflow/.local/lib/python3.12/site-packages/airflow/example_dags/example_bash_operator.py
[2024-10-21T03:10:13.302+0000] {processor.py:925} INFO - DAG(s) 'example_bash_operator' retrieved from /home/airflow/.local/lib/python3.12/site-packages/airflow/example_dags/example_bash_operator.py
[2024-10-21T03:10:13.327+0000] {logging_mixin.py:190} INFO - [2024-10-21T03:10:13.327+0000] {dag.py:3239} INFO - Sync 1 DAGs
[2024-10-21T03:10:13.349+0000] {logging_mixin.py:190} INFO - [2024-10-21T03:10:13.349+0000] {dag.py:4180} INFO - Setting next_dagrun for example_bash_operator to 2024-10-20 00:00:00+00:00, run_after=2024-10-21 00:00:00+00:00
[2024-10-21T03:10:13.376+0000] {processor.py:208} INFO - Processing /home/airflow/.local/lib/python3.12/site-packages/airflow/example_dags/example_bash_operator.py took 0.102 seconds
[2024-10-21T03:10:43.798+0000] {processor.py:186} INFO - Started process (PID=575) to work on /home/airflow/.local/lib/python3.12/site-packages/airflow/example_dags/example_bash_operator.py
[2024-10-21T03:10:43.799+0000] {processor.py:914} INFO - Processing file /home/airflow/.local/lib/python3.12/site-packages/airflow/example_dags/example_bash_operator.py for tasks to queue
[2024-10-21T03:10:43.801+0000] {logging_mixin.py:190} INFO - [2024-10-21T03:10:43.801+0000] {dagbag.py:588} INFO - Filling up the DagBag from /home/airflow/.local/lib/python3.12/site-packages/airflow/example_dags/example_bash_operator.py
[2024-10-21T03:10:43.813+0000] {processor.py:925} INFO - DAG(s) 'example_bash_operator' retrieved from /home/airflow/.local/lib/python3.12/site-packages/airflow/example_dags/example_bash_operator.py
[2024-10-21T03:10:43.838+0000] {logging_mixin.py:190} INFO - [2024-10-21T03:10:43.838+0000] {dag.py:3239} INFO - Sync 1 DAGs
[2024-10-21T03:10:43.859+0000] {logging_mixin.py:190} INFO - [2024-10-21T03:10:43.859+0000] {dag.py:4180} INFO - Setting next_dagrun for example_bash_operator to 2024-10-20 00:00:00+00:00, run_after=2024-10-21 00:00:00+00:00
[2024-10-21T03:10:43.879+0000] {processor.py:208} INFO - Processing /home/airflow/.local/lib/python3.12/site-packages/airflow/example_dags/example_bash_operator.py took 0.086 seconds
[2024-10-21T03:11:14.225+0000] {processor.py:186} INFO - Started process (PID=637) to work on /home/airflow/.local/lib/python3.12/site-packages/airflow/example_dags/example_bash_operator.py
[2024-10-21T03:11:14.226+0000] {processor.py:914} INFO - Processing file /home/airflow/.local/lib/python3.12/site-packages/airflow/example_dags/example_bash_operator.py for tasks to queue
[2024-10-21T03:11:14.228+0000] {logging_mixin.py:190} INFO - [2024-10-21T03:11:14.228+0000] {dagbag.py:588} INFO - Filling up the DagBag from /home/airflow/.local/lib/python3.12/site-packages/airflow/example_dags/example_bash_operator.py
[2024-10-21T03:11:14.244+0000] {processor.py:925} INFO - DAG(s) 'example_bash_operator' retrieved from /home/airflow/.local/lib/python3.12/site-packages/airflow/example_dags/example_bash_operator.py
[2024-10-21T03:11:14.271+0000] {logging_mixin.py:190} INFO - [2024-10-21T03:11:14.271+0000] {dag.py:3239} INFO - Sync 1 DAGs
[2024-10-21T03:11:14.288+0000] {logging_mixin.py:190} INFO - [2024-10-21T03:11:14.288+0000] {dag.py:4180} INFO - Setting next_dagrun for example_bash_operator to 2024-10-20 00:00:00+00:00, run_after=2024-10-21 00:00:00+00:00
[2024-10-21T03:11:14.306+0000] {processor.py:208} INFO - Processing /home/airflow/.local/lib/python3.12/site-packages/airflow/example_dags/example_bash_operator.py took 0.087 seconds
[2024-10-21T03:11:45.101+0000] {processor.py:186} INFO - Started process (PID=700) to work on /home/airflow/.local/lib/python3.12/site-packages/airflow/example_dags/example_bash_operator.py
[2024-10-21T03:11:45.103+0000] {processor.py:914} INFO - Processing file /home/airflow/.local/lib/python3.12/site-packages/airflow/example_dags/example_bash_operator.py for tasks to queue
[2024-10-21T03:11:45.106+0000] {logging_mixin.py:190} INFO - [2024-10-21T03:11:45.106+0000] {dagbag.py:588} INFO - Filling up the DagBag from /home/airflow/.local/lib/python3.12/site-packages/airflow/example_dags/example_bash_operator.py
[2024-10-21T03:11:45.121+0000] {processor.py:925} INFO - DAG(s) 'example_bash_operator' retrieved from /home/airflow/.local/lib/python3.12/site-packages/airflow/example_dags/example_bash_operator.py
[2024-10-21T03:11:45.148+0000] {logging_mixin.py:190} INFO - [2024-10-21T03:11:45.147+0000] {dag.py:3239} INFO - Sync 1 DAGs
[2024-10-21T03:11:45.168+0000] {logging_mixin.py:190} INFO - [2024-10-21T03:11:45.167+0000] {dag.py:4180} INFO - Setting next_dagrun for example_bash_operator to 2024-10-20 00:00:00+00:00, run_after=2024-10-21 00:00:00+00:00
[2024-10-21T03:11:45.185+0000] {processor.py:208} INFO - Processing /home/airflow/.local/lib/python3.12/site-packages/airflow/example_dags/example_bash_operator.py took 0.090 seconds
[2024-10-21T05:26:31.757+0000] {processor.py:186} INFO - Started process (PID=112) to work on /home/airflow/.local/lib/python3.12/site-packages/airflow/example_dags/example_bash_operator.py
[2024-10-21T05:26:31.758+0000] {processor.py:914} INFO - Processing file /home/airflow/.local/lib/python3.12/site-packages/airflow/example_dags/example_bash_operator.py for tasks to queue
[2024-10-21T05:26:31.763+0000] {logging_mixin.py:190} INFO - [2024-10-21T05:26:31.763+0000] {dagbag.py:588} INFO - Filling up the DagBag from /home/airflow/.local/lib/python3.12/site-packages/airflow/example_dags/example_bash_operator.py
[2024-10-21T05:26:31.790+0000] {processor.py:925} INFO - DAG(s) 'example_bash_operator' retrieved from /home/airflow/.local/lib/python3.12/site-packages/airflow/example_dags/example_bash_operator.py
[2024-10-21T05:26:31.834+0000] {logging_mixin.py:190} INFO - [2024-10-21T05:26:31.834+0000] {dag.py:3239} INFO - Sync 1 DAGs
[2024-10-21T05:26:31.876+0000] {logging_mixin.py:190} INFO - [2024-10-21T05:26:31.875+0000] {dag.py:4180} INFO - Setting next_dagrun for example_bash_operator to 2024-10-20 00:00:00+00:00, run_after=2024-10-21 00:00:00+00:00
[2024-10-21T05:26:31.912+0000] {processor.py:208} INFO - Processing /home/airflow/.local/lib/python3.12/site-packages/airflow/example_dags/example_bash_operator.py took 0.165 seconds
[2024-10-21T05:27:02.915+0000] {processor.py:186} INFO - Started process (PID=174) to work on /home/airflow/.local/lib/python3.12/site-packages/airflow/example_dags/example_bash_operator.py
[2024-10-21T05:27:02.918+0000] {processor.py:914} INFO - Processing file /home/airflow/.local/lib/python3.12/site-packages/airflow/example_dags/example_bash_operator.py for tasks to queue
[2024-10-21T05:27:02.924+0000] {logging_mixin.py:190} INFO - [2024-10-21T05:27:02.922+0000] {dagbag.py:588} INFO - Filling up the DagBag from /home/airflow/.local/lib/python3.12/site-packages/airflow/example_dags/example_bash_operator.py
[2024-10-21T05:27:02.956+0000] {processor.py:925} INFO - DAG(s) 'example_bash_operator' retrieved from /home/airflow/.local/lib/python3.12/site-packages/airflow/example_dags/example_bash_operator.py
[2024-10-21T05:27:03.011+0000] {logging_mixin.py:190} INFO - [2024-10-21T05:27:03.010+0000] {dag.py:3239} INFO - Sync 1 DAGs
[2024-10-21T05:27:03.049+0000] {logging_mixin.py:190} INFO - [2024-10-21T05:27:03.048+0000] {dag.py:4180} INFO - Setting next_dagrun for example_bash_operator to 2024-10-20 00:00:00+00:00, run_after=2024-10-21 00:00:00+00:00
[2024-10-21T05:27:03.077+0000] {processor.py:208} INFO - Processing /home/airflow/.local/lib/python3.12/site-packages/airflow/example_dags/example_bash_operator.py took 0.174 seconds
[2024-10-21T05:27:33.826+0000] {processor.py:186} INFO - Started process (PID=236) to work on /home/airflow/.local/lib/python3.12/site-packages/airflow/example_dags/example_bash_operator.py
[2024-10-21T05:27:33.828+0000] {processor.py:914} INFO - Processing file /home/airflow/.local/lib/python3.12/site-packages/airflow/example_dags/example_bash_operator.py for tasks to queue
[2024-10-21T05:27:33.833+0000] {logging_mixin.py:190} INFO - [2024-10-21T05:27:33.832+0000] {dagbag.py:588} INFO - Filling up the DagBag from /home/airflow/.local/lib/python3.12/site-packages/airflow/example_dags/example_bash_operator.py
[2024-10-21T05:27:33.883+0000] {processor.py:925} INFO - DAG(s) 'example_bash_operator' retrieved from /home/airflow/.local/lib/python3.12/site-packages/airflow/example_dags/example_bash_operator.py
[2024-10-21T05:27:33.992+0000] {logging_mixin.py:190} INFO - [2024-10-21T05:27:33.991+0000] {dag.py:3239} INFO - Sync 1 DAGs
[2024-10-21T05:27:34.075+0000] {logging_mixin.py:190} INFO - [2024-10-21T05:27:34.074+0000] {dag.py:4180} INFO - Setting next_dagrun for example_bash_operator to 2024-10-20 00:00:00+00:00, run_after=2024-10-21 00:00:00+00:00
[2024-10-21T05:27:34.114+0000] {processor.py:208} INFO - Processing /home/airflow/.local/lib/python3.12/site-packages/airflow/example_dags/example_bash_operator.py took 0.298 seconds
[2024-10-21T05:29:05.187+0000] {processor.py:186} INFO - Started process (PID=328) to work on /home/airflow/.local/lib/python3.12/site-packages/airflow/example_dags/example_bash_operator.py
[2024-10-21T05:29:05.194+0000] {processor.py:914} INFO - Processing file /home/airflow/.local/lib/python3.12/site-packages/airflow/example_dags/example_bash_operator.py for tasks to queue
[2024-10-21T05:29:05.201+0000] {logging_mixin.py:190} INFO - [2024-10-21T05:29:05.200+0000] {dagbag.py:588} INFO - Filling up the DagBag from /home/airflow/.local/lib/python3.12/site-packages/airflow/example_dags/example_bash_operator.py
[2024-10-21T05:29:05.244+0000] {processor.py:925} INFO - DAG(s) 'example_bash_operator' retrieved from /home/airflow/.local/lib/python3.12/site-packages/airflow/example_dags/example_bash_operator.py
[2024-10-21T05:29:05.320+0000] {logging_mixin.py:190} INFO - [2024-10-21T05:29:05.319+0000] {dag.py:3239} INFO - Sync 1 DAGs
[2024-10-21T05:29:05.391+0000] {logging_mixin.py:190} INFO - [2024-10-21T05:29:05.390+0000] {dag.py:4180} INFO - Setting next_dagrun for example_bash_operator to 2024-10-21 00:00:00+00:00, run_after=2024-10-22 00:00:00+00:00
[2024-10-21T05:29:05.449+0000] {processor.py:208} INFO - Processing /home/airflow/.local/lib/python3.12/site-packages/airflow/example_dags/example_bash_operator.py took 0.280 seconds
[2024-10-21T05:29:36.051+0000] {processor.py:186} INFO - Started process (PID=390) to work on /home/airflow/.local/lib/python3.12/site-packages/airflow/example_dags/example_bash_operator.py
[2024-10-21T05:29:36.052+0000] {processor.py:914} INFO - Processing file /home/airflow/.local/lib/python3.12/site-packages/airflow/example_dags/example_bash_operator.py for tasks to queue
[2024-10-21T05:29:36.055+0000] {logging_mixin.py:190} INFO - [2024-10-21T05:29:36.054+0000] {dagbag.py:588} INFO - Filling up the DagBag from /home/airflow/.local/lib/python3.12/site-packages/airflow/example_dags/example_bash_operator.py
[2024-10-21T05:29:36.085+0000] {processor.py:925} INFO - DAG(s) 'example_bash_operator' retrieved from /home/airflow/.local/lib/python3.12/site-packages/airflow/example_dags/example_bash_operator.py
[2024-10-21T05:29:36.141+0000] {logging_mixin.py:190} INFO - [2024-10-21T05:29:36.141+0000] {dag.py:3239} INFO - Sync 1 DAGs
[2024-10-21T05:29:36.203+0000] {logging_mixin.py:190} INFO - [2024-10-21T05:29:36.202+0000] {dag.py:4180} INFO - Setting next_dagrun for example_bash_operator to 2024-10-21 00:00:00+00:00, run_after=2024-10-22 00:00:00+00:00
[2024-10-21T05:29:36.240+0000] {processor.py:208} INFO - Processing /home/airflow/.local/lib/python3.12/site-packages/airflow/example_dags/example_bash_operator.py took 0.201 seconds
[2024-10-21T05:30:06.924+0000] {processor.py:186} INFO - Started process (PID=452) to work on /home/airflow/.local/lib/python3.12/site-packages/airflow/example_dags/example_bash_operator.py
[2024-10-21T05:30:06.926+0000] {processor.py:914} INFO - Processing file /home/airflow/.local/lib/python3.12/site-packages/airflow/example_dags/example_bash_operator.py for tasks to queue
[2024-10-21T05:30:06.929+0000] {logging_mixin.py:190} INFO - [2024-10-21T05:30:06.928+0000] {dagbag.py:588} INFO - Filling up the DagBag from /home/airflow/.local/lib/python3.12/site-packages/airflow/example_dags/example_bash_operator.py
[2024-10-21T05:30:06.949+0000] {processor.py:925} INFO - DAG(s) 'example_bash_operator' retrieved from /home/airflow/.local/lib/python3.12/site-packages/airflow/example_dags/example_bash_operator.py
[2024-10-21T05:30:07.004+0000] {logging_mixin.py:190} INFO - [2024-10-21T05:30:07.003+0000] {dag.py:3239} INFO - Sync 1 DAGs
[2024-10-21T05:30:07.057+0000] {logging_mixin.py:190} INFO - [2024-10-21T05:30:07.056+0000] {dag.py:4180} INFO - Setting next_dagrun for example_bash_operator to 2024-10-21 00:00:00+00:00, run_after=2024-10-22 00:00:00+00:00
[2024-10-21T05:30:07.093+0000] {processor.py:208} INFO - Processing /home/airflow/.local/lib/python3.12/site-packages/airflow/example_dags/example_bash_operator.py took 0.179 seconds
[2024-10-21T05:30:37.550+0000] {processor.py:186} INFO - Started process (PID=514) to work on /home/airflow/.local/lib/python3.12/site-packages/airflow/example_dags/example_bash_operator.py
[2024-10-21T05:30:37.553+0000] {processor.py:914} INFO - Processing file /home/airflow/.local/lib/python3.12/site-packages/airflow/example_dags/example_bash_operator.py for tasks to queue
[2024-10-21T05:30:37.556+0000] {logging_mixin.py:190} INFO - [2024-10-21T05:30:37.555+0000] {dagbag.py:588} INFO - Filling up the DagBag from /home/airflow/.local/lib/python3.12/site-packages/airflow/example_dags/example_bash_operator.py
[2024-10-21T05:30:37.580+0000] {processor.py:925} INFO - DAG(s) 'example_bash_operator' retrieved from /home/airflow/.local/lib/python3.12/site-packages/airflow/example_dags/example_bash_operator.py
[2024-10-21T05:30:37.629+0000] {logging_mixin.py:190} INFO - [2024-10-21T05:30:37.628+0000] {dag.py:3239} INFO - Sync 1 DAGs
[2024-10-21T05:30:37.671+0000] {logging_mixin.py:190} INFO - [2024-10-21T05:30:37.671+0000] {dag.py:4180} INFO - Setting next_dagrun for example_bash_operator to 2024-10-21 00:00:00+00:00, run_after=2024-10-22 00:00:00+00:00
[2024-10-21T05:30:37.700+0000] {processor.py:208} INFO - Processing /home/airflow/.local/lib/python3.12/site-packages/airflow/example_dags/example_bash_operator.py took 0.161 seconds
[2024-10-21T05:31:08.775+0000] {processor.py:186} INFO - Started process (PID=576) to work on /home/airflow/.local/lib/python3.12/site-packages/airflow/example_dags/example_bash_operator.py
[2024-10-21T05:31:08.779+0000] {processor.py:914} INFO - Processing file /home/airflow/.local/lib/python3.12/site-packages/airflow/example_dags/example_bash_operator.py for tasks to queue
[2024-10-21T05:31:08.783+0000] {logging_mixin.py:190} INFO - [2024-10-21T05:31:08.782+0000] {dagbag.py:588} INFO - Filling up the DagBag from /home/airflow/.local/lib/python3.12/site-packages/airflow/example_dags/example_bash_operator.py
[2024-10-21T05:31:08.818+0000] {processor.py:925} INFO - DAG(s) 'example_bash_operator' retrieved from /home/airflow/.local/lib/python3.12/site-packages/airflow/example_dags/example_bash_operator.py
[2024-10-21T05:31:08.859+0000] {logging_mixin.py:190} INFO - [2024-10-21T05:31:08.859+0000] {dag.py:3239} INFO - Sync 1 DAGs
[2024-10-21T05:31:08.896+0000] {logging_mixin.py:190} INFO - [2024-10-21T05:31:08.896+0000] {dag.py:4180} INFO - Setting next_dagrun for example_bash_operator to 2024-10-21 00:00:00+00:00, run_after=2024-10-22 00:00:00+00:00
[2024-10-21T05:31:08.935+0000] {processor.py:208} INFO - Processing /home/airflow/.local/lib/python3.12/site-packages/airflow/example_dags/example_bash_operator.py took 0.175 seconds
[2024-10-21T05:31:39.572+0000] {processor.py:186} INFO - Started process (PID=639) to work on /home/airflow/.local/lib/python3.12/site-packages/airflow/example_dags/example_bash_operator.py
[2024-10-21T05:31:39.574+0000] {processor.py:914} INFO - Processing file /home/airflow/.local/lib/python3.12/site-packages/airflow/example_dags/example_bash_operator.py for tasks to queue
[2024-10-21T05:31:39.576+0000] {logging_mixin.py:190} INFO - [2024-10-21T05:31:39.576+0000] {dagbag.py:588} INFO - Filling up the DagBag from /home/airflow/.local/lib/python3.12/site-packages/airflow/example_dags/example_bash_operator.py
[2024-10-21T05:31:39.598+0000] {processor.py:925} INFO - DAG(s) 'example_bash_operator' retrieved from /home/airflow/.local/lib/python3.12/site-packages/airflow/example_dags/example_bash_operator.py
[2024-10-21T05:31:39.649+0000] {logging_mixin.py:190} INFO - [2024-10-21T05:31:39.649+0000] {dag.py:3239} INFO - Sync 1 DAGs
[2024-10-21T05:31:39.708+0000] {logging_mixin.py:190} INFO - [2024-10-21T05:31:39.707+0000] {dag.py:4180} INFO - Setting next_dagrun for example_bash_operator to 2024-10-21 00:00:00+00:00, run_after=2024-10-22 00:00:00+00:00
[2024-10-21T05:31:39.755+0000] {processor.py:208} INFO - Processing /home/airflow/.local/lib/python3.12/site-packages/airflow/example_dags/example_bash_operator.py took 0.192 seconds
[2024-10-21T05:32:10.316+0000] {processor.py:186} INFO - Started process (PID=701) to work on /home/airflow/.local/lib/python3.12/site-packages/airflow/example_dags/example_bash_operator.py
[2024-10-21T05:32:10.318+0000] {processor.py:914} INFO - Processing file /home/airflow/.local/lib/python3.12/site-packages/airflow/example_dags/example_bash_operator.py for tasks to queue
[2024-10-21T05:32:10.321+0000] {logging_mixin.py:190} INFO - [2024-10-21T05:32:10.320+0000] {dagbag.py:588} INFO - Filling up the DagBag from /home/airflow/.local/lib/python3.12/site-packages/airflow/example_dags/example_bash_operator.py
[2024-10-21T05:32:10.339+0000] {processor.py:925} INFO - DAG(s) 'example_bash_operator' retrieved from /home/airflow/.local/lib/python3.12/site-packages/airflow/example_dags/example_bash_operator.py
[2024-10-21T05:32:10.379+0000] {logging_mixin.py:190} INFO - [2024-10-21T05:32:10.379+0000] {dag.py:3239} INFO - Sync 1 DAGs
[2024-10-21T05:32:10.418+0000] {logging_mixin.py:190} INFO - [2024-10-21T05:32:10.417+0000] {dag.py:4180} INFO - Setting next_dagrun for example_bash_operator to 2024-10-21 00:00:00+00:00, run_after=2024-10-22 00:00:00+00:00
[2024-10-21T05:32:10.454+0000] {processor.py:208} INFO - Processing /home/airflow/.local/lib/python3.12/site-packages/airflow/example_dags/example_bash_operator.py took 0.146 seconds
[2024-10-21T05:32:40.908+0000] {processor.py:186} INFO - Started process (PID=763) to work on /home/airflow/.local/lib/python3.12/site-packages/airflow/example_dags/example_bash_operator.py
[2024-10-21T05:32:40.909+0000] {processor.py:914} INFO - Processing file /home/airflow/.local/lib/python3.12/site-packages/airflow/example_dags/example_bash_operator.py for tasks to queue
[2024-10-21T05:32:40.911+0000] {logging_mixin.py:190} INFO - [2024-10-21T05:32:40.911+0000] {dagbag.py:588} INFO - Filling up the DagBag from /home/airflow/.local/lib/python3.12/site-packages/airflow/example_dags/example_bash_operator.py
[2024-10-21T05:32:40.928+0000] {processor.py:925} INFO - DAG(s) 'example_bash_operator' retrieved from /home/airflow/.local/lib/python3.12/site-packages/airflow/example_dags/example_bash_operator.py
[2024-10-21T05:32:40.967+0000] {logging_mixin.py:190} INFO - [2024-10-21T05:32:40.967+0000] {dag.py:3239} INFO - Sync 1 DAGs
[2024-10-21T05:32:41.000+0000] {logging_mixin.py:190} INFO - [2024-10-21T05:32:40.999+0000] {dag.py:4180} INFO - Setting next_dagrun for example_bash_operator to 2024-10-21 00:00:00+00:00, run_after=2024-10-22 00:00:00+00:00
[2024-10-21T05:32:41.027+0000] {processor.py:208} INFO - Processing /home/airflow/.local/lib/python3.12/site-packages/airflow/example_dags/example_bash_operator.py took 0.127 seconds
[2024-10-21T05:33:11.185+0000] {processor.py:186} INFO - Started process (PID=824) to work on /home/airflow/.local/lib/python3.12/site-packages/airflow/example_dags/example_bash_operator.py
[2024-10-21T05:33:11.186+0000] {processor.py:914} INFO - Processing file /home/airflow/.local/lib/python3.12/site-packages/airflow/example_dags/example_bash_operator.py for tasks to queue
[2024-10-21T05:33:11.188+0000] {logging_mixin.py:190} INFO - [2024-10-21T05:33:11.187+0000] {dagbag.py:588} INFO - Filling up the DagBag from /home/airflow/.local/lib/python3.12/site-packages/airflow/example_dags/example_bash_operator.py
[2024-10-21T05:33:11.208+0000] {processor.py:925} INFO - DAG(s) 'example_bash_operator' retrieved from /home/airflow/.local/lib/python3.12/site-packages/airflow/example_dags/example_bash_operator.py
[2024-10-21T05:33:11.255+0000] {logging_mixin.py:190} INFO - [2024-10-21T05:33:11.254+0000] {dag.py:3239} INFO - Sync 1 DAGs
[2024-10-21T05:33:11.301+0000] {logging_mixin.py:190} INFO - [2024-10-21T05:33:11.301+0000] {dag.py:4180} INFO - Setting next_dagrun for example_bash_operator to 2024-10-21 00:00:00+00:00, run_after=2024-10-22 00:00:00+00:00
[2024-10-21T05:33:11.331+0000] {processor.py:208} INFO - Processing /home/airflow/.local/lib/python3.12/site-packages/airflow/example_dags/example_bash_operator.py took 0.156 seconds
[2024-10-21T05:33:41.842+0000] {processor.py:186} INFO - Started process (PID=886) to work on /home/airflow/.local/lib/python3.12/site-packages/airflow/example_dags/example_bash_operator.py
[2024-10-21T05:33:41.845+0000] {processor.py:914} INFO - Processing file /home/airflow/.local/lib/python3.12/site-packages/airflow/example_dags/example_bash_operator.py for tasks to queue
[2024-10-21T05:33:41.848+0000] {logging_mixin.py:190} INFO - [2024-10-21T05:33:41.847+0000] {dagbag.py:588} INFO - Filling up the DagBag from /home/airflow/.local/lib/python3.12/site-packages/airflow/example_dags/example_bash_operator.py
[2024-10-21T05:33:41.892+0000] {processor.py:925} INFO - DAG(s) 'example_bash_operator' retrieved from /home/airflow/.local/lib/python3.12/site-packages/airflow/example_dags/example_bash_operator.py
[2024-10-21T05:33:41.983+0000] {logging_mixin.py:190} INFO - [2024-10-21T05:33:41.983+0000] {dag.py:3239} INFO - Sync 1 DAGs
[2024-10-21T05:33:42.064+0000] {logging_mixin.py:190} INFO - [2024-10-21T05:33:42.064+0000] {dag.py:4180} INFO - Setting next_dagrun for example_bash_operator to 2024-10-21 00:00:00+00:00, run_after=2024-10-22 00:00:00+00:00
[2024-10-21T05:33:42.113+0000] {processor.py:208} INFO - Processing /home/airflow/.local/lib/python3.12/site-packages/airflow/example_dags/example_bash_operator.py took 0.285 seconds
[2024-10-21T05:34:12.570+0000] {processor.py:186} INFO - Started process (PID=948) to work on /home/airflow/.local/lib/python3.12/site-packages/airflow/example_dags/example_bash_operator.py
[2024-10-21T05:34:12.572+0000] {processor.py:914} INFO - Processing file /home/airflow/.local/lib/python3.12/site-packages/airflow/example_dags/example_bash_operator.py for tasks to queue
[2024-10-21T05:34:12.574+0000] {logging_mixin.py:190} INFO - [2024-10-21T05:34:12.574+0000] {dagbag.py:588} INFO - Filling up the DagBag from /home/airflow/.local/lib/python3.12/site-packages/airflow/example_dags/example_bash_operator.py
[2024-10-21T05:34:12.602+0000] {processor.py:925} INFO - DAG(s) 'example_bash_operator' retrieved from /home/airflow/.local/lib/python3.12/site-packages/airflow/example_dags/example_bash_operator.py
[2024-10-21T05:34:12.654+0000] {logging_mixin.py:190} INFO - [2024-10-21T05:34:12.653+0000] {dag.py:3239} INFO - Sync 1 DAGs
[2024-10-21T05:34:12.728+0000] {logging_mixin.py:190} INFO - [2024-10-21T05:34:12.728+0000] {dag.py:4180} INFO - Setting next_dagrun for example_bash_operator to 2024-10-21 00:00:00+00:00, run_after=2024-10-22 00:00:00+00:00
[2024-10-21T05:34:12.782+0000] {processor.py:208} INFO - Processing /home/airflow/.local/lib/python3.12/site-packages/airflow/example_dags/example_bash_operator.py took 0.225 seconds
[2024-10-21T05:34:42.906+0000] {processor.py:186} INFO - Started process (PID=1010) to work on /home/airflow/.local/lib/python3.12/site-packages/airflow/example_dags/example_bash_operator.py
[2024-10-21T05:34:42.907+0000] {processor.py:914} INFO - Processing file /home/airflow/.local/lib/python3.12/site-packages/airflow/example_dags/example_bash_operator.py for tasks to queue
[2024-10-21T05:34:42.909+0000] {logging_mixin.py:190} INFO - [2024-10-21T05:34:42.908+0000] {dagbag.py:588} INFO - Filling up the DagBag from /home/airflow/.local/lib/python3.12/site-packages/airflow/example_dags/example_bash_operator.py
[2024-10-21T05:34:42.924+0000] {processor.py:925} INFO - DAG(s) 'example_bash_operator' retrieved from /home/airflow/.local/lib/python3.12/site-packages/airflow/example_dags/example_bash_operator.py
[2024-10-21T05:34:42.960+0000] {logging_mixin.py:190} INFO - [2024-10-21T05:34:42.960+0000] {dag.py:3239} INFO - Sync 1 DAGs
[2024-10-21T05:34:42.994+0000] {logging_mixin.py:190} INFO - [2024-10-21T05:34:42.993+0000] {dag.py:4180} INFO - Setting next_dagrun for example_bash_operator to 2024-10-21 00:00:00+00:00, run_after=2024-10-22 00:00:00+00:00
[2024-10-21T05:34:43.017+0000] {processor.py:208} INFO - Processing /home/airflow/.local/lib/python3.12/site-packages/airflow/example_dags/example_bash_operator.py took 0.117 seconds
[2024-10-21T05:35:13.760+0000] {processor.py:186} INFO - Started process (PID=1072) to work on /home/airflow/.local/lib/python3.12/site-packages/airflow/example_dags/example_bash_operator.py
[2024-10-21T05:35:13.762+0000] {processor.py:914} INFO - Processing file /home/airflow/.local/lib/python3.12/site-packages/airflow/example_dags/example_bash_operator.py for tasks to queue
[2024-10-21T05:35:13.765+0000] {logging_mixin.py:190} INFO - [2024-10-21T05:35:13.764+0000] {dagbag.py:588} INFO - Filling up the DagBag from /home/airflow/.local/lib/python3.12/site-packages/airflow/example_dags/example_bash_operator.py
[2024-10-21T05:35:13.795+0000] {processor.py:925} INFO - DAG(s) 'example_bash_operator' retrieved from /home/airflow/.local/lib/python3.12/site-packages/airflow/example_dags/example_bash_operator.py
[2024-10-21T05:35:13.839+0000] {logging_mixin.py:190} INFO - [2024-10-21T05:35:13.838+0000] {dag.py:3239} INFO - Sync 1 DAGs
[2024-10-21T05:35:13.882+0000] {logging_mixin.py:190} INFO - [2024-10-21T05:35:13.882+0000] {dag.py:4180} INFO - Setting next_dagrun for example_bash_operator to 2024-10-21 00:00:00+00:00, run_after=2024-10-22 00:00:00+00:00
[2024-10-21T05:35:13.913+0000] {processor.py:208} INFO - Processing /home/airflow/.local/lib/python3.12/site-packages/airflow/example_dags/example_bash_operator.py took 0.163 seconds
[2024-10-21T05:35:44.630+0000] {processor.py:186} INFO - Started process (PID=1134) to work on /home/airflow/.local/lib/python3.12/site-packages/airflow/example_dags/example_bash_operator.py
[2024-10-21T05:35:44.632+0000] {processor.py:914} INFO - Processing file /home/airflow/.local/lib/python3.12/site-packages/airflow/example_dags/example_bash_operator.py for tasks to queue
[2024-10-21T05:35:44.634+0000] {logging_mixin.py:190} INFO - [2024-10-21T05:35:44.633+0000] {dagbag.py:588} INFO - Filling up the DagBag from /home/airflow/.local/lib/python3.12/site-packages/airflow/example_dags/example_bash_operator.py
[2024-10-21T05:35:44.655+0000] {processor.py:925} INFO - DAG(s) 'example_bash_operator' retrieved from /home/airflow/.local/lib/python3.12/site-packages/airflow/example_dags/example_bash_operator.py
[2024-10-21T05:35:44.701+0000] {logging_mixin.py:190} INFO - [2024-10-21T05:35:44.701+0000] {dag.py:3239} INFO - Sync 1 DAGs
[2024-10-21T05:35:44.743+0000] {logging_mixin.py:190} INFO - [2024-10-21T05:35:44.742+0000] {dag.py:4180} INFO - Setting next_dagrun for example_bash_operator to 2024-10-21 00:00:00+00:00, run_after=2024-10-22 00:00:00+00:00
[2024-10-21T05:35:44.772+0000] {processor.py:208} INFO - Processing /home/airflow/.local/lib/python3.12/site-packages/airflow/example_dags/example_bash_operator.py took 0.151 seconds
[2024-10-21T05:36:15.351+0000] {processor.py:186} INFO - Started process (PID=1196) to work on /home/airflow/.local/lib/python3.12/site-packages/airflow/example_dags/example_bash_operator.py
[2024-10-21T05:36:15.353+0000] {processor.py:914} INFO - Processing file /home/airflow/.local/lib/python3.12/site-packages/airflow/example_dags/example_bash_operator.py for tasks to queue
[2024-10-21T05:36:15.356+0000] {logging_mixin.py:190} INFO - [2024-10-21T05:36:15.355+0000] {dagbag.py:588} INFO - Filling up the DagBag from /home/airflow/.local/lib/python3.12/site-packages/airflow/example_dags/example_bash_operator.py
[2024-10-21T05:36:15.382+0000] {processor.py:925} INFO - DAG(s) 'example_bash_operator' retrieved from /home/airflow/.local/lib/python3.12/site-packages/airflow/example_dags/example_bash_operator.py
[2024-10-21T05:36:15.439+0000] {logging_mixin.py:190} INFO - [2024-10-21T05:36:15.438+0000] {dag.py:3239} INFO - Sync 1 DAGs
[2024-10-21T05:36:15.497+0000] {logging_mixin.py:190} INFO - [2024-10-21T05:36:15.497+0000] {dag.py:4180} INFO - Setting next_dagrun for example_bash_operator to 2024-10-21 00:00:00+00:00, run_after=2024-10-22 00:00:00+00:00
[2024-10-21T05:36:15.543+0000] {processor.py:208} INFO - Processing /home/airflow/.local/lib/python3.12/site-packages/airflow/example_dags/example_bash_operator.py took 0.208 seconds
[2024-10-21T05:36:45.776+0000] {processor.py:186} INFO - Started process (PID=1258) to work on /home/airflow/.local/lib/python3.12/site-packages/airflow/example_dags/example_bash_operator.py
[2024-10-21T05:36:45.778+0000] {processor.py:914} INFO - Processing file /home/airflow/.local/lib/python3.12/site-packages/airflow/example_dags/example_bash_operator.py for tasks to queue
[2024-10-21T05:36:45.780+0000] {logging_mixin.py:190} INFO - [2024-10-21T05:36:45.780+0000] {dagbag.py:588} INFO - Filling up the DagBag from /home/airflow/.local/lib/python3.12/site-packages/airflow/example_dags/example_bash_operator.py
[2024-10-21T05:36:45.802+0000] {processor.py:925} INFO - DAG(s) 'example_bash_operator' retrieved from /home/airflow/.local/lib/python3.12/site-packages/airflow/example_dags/example_bash_operator.py
[2024-10-21T05:36:45.851+0000] {logging_mixin.py:190} INFO - [2024-10-21T05:36:45.851+0000] {dag.py:3239} INFO - Sync 1 DAGs
[2024-10-21T05:36:45.897+0000] {logging_mixin.py:190} INFO - [2024-10-21T05:36:45.897+0000] {dag.py:4180} INFO - Setting next_dagrun for example_bash_operator to 2024-10-21 00:00:00+00:00, run_after=2024-10-22 00:00:00+00:00
[2024-10-21T05:36:45.930+0000] {processor.py:208} INFO - Processing /home/airflow/.local/lib/python3.12/site-packages/airflow/example_dags/example_bash_operator.py took 0.163 seconds
[2024-10-21T11:55:02.564+0000] {processor.py:186} INFO - Started process (PID=101) to work on /home/airflow/.local/lib/python3.12/site-packages/airflow/example_dags/example_bash_operator.py
[2024-10-21T11:55:02.566+0000] {processor.py:914} INFO - Processing file /home/airflow/.local/lib/python3.12/site-packages/airflow/example_dags/example_bash_operator.py for tasks to queue
[2024-10-21T11:55:02.573+0000] {logging_mixin.py:190} INFO - [2024-10-21T11:55:02.572+0000] {dagbag.py:588} INFO - Filling up the DagBag from /home/airflow/.local/lib/python3.12/site-packages/airflow/example_dags/example_bash_operator.py
[2024-10-21T11:55:02.620+0000] {processor.py:925} INFO - DAG(s) 'example_bash_operator' retrieved from /home/airflow/.local/lib/python3.12/site-packages/airflow/example_dags/example_bash_operator.py
[2024-10-21T11:55:02.687+0000] {logging_mixin.py:190} INFO - [2024-10-21T11:55:02.686+0000] {dag.py:3239} INFO - Sync 1 DAGs
[2024-10-21T11:55:02.727+0000] {logging_mixin.py:190} INFO - [2024-10-21T11:55:02.726+0000] {dag.py:4180} INFO - Setting next_dagrun for example_bash_operator to 2024-10-21 00:00:00+00:00, run_after=2024-10-22 00:00:00+00:00
[2024-10-21T11:55:02.771+0000] {processor.py:208} INFO - Processing /home/airflow/.local/lib/python3.12/site-packages/airflow/example_dags/example_bash_operator.py took 0.219 seconds
