[2024-10-21T03:08:32.608+0000] {processor.py:186} INFO - Started process (PID=298) to work on /home/airflow/.local/lib/python3.12/site-packages/airflow/example_dags/example_xcomargs.py
[2024-10-21T03:08:32.609+0000] {processor.py:914} INFO - Processing file /home/airflow/.local/lib/python3.12/site-packages/airflow/example_dags/example_xcomargs.py for tasks to queue
[2024-10-21T03:08:32.612+0000] {logging_mixin.py:190} INFO - [2024-10-21T03:08:32.611+0000] {dagbag.py:588} INFO - Filling up the DagBag from /home/airflow/.local/lib/python3.12/site-packages/airflow/example_dags/example_xcomargs.py
[2024-10-21T03:08:32.640+0000] {processor.py:925} INFO - DAG(s) 'example_xcom_args', 'example_xcom_args_with_operators' retrieved from /home/airflow/.local/lib/python3.12/site-packages/airflow/example_dags/example_xcomargs.py
[2024-10-21T03:08:32.757+0000] {logging_mixin.py:190} INFO - [2024-10-21T03:08:32.757+0000] {override.py:1900} INFO - Created Permission View: can delete on DAG:example_xcom_args
[2024-10-21T03:08:32.789+0000] {logging_mixin.py:190} INFO - [2024-10-21T03:08:32.789+0000] {override.py:1900} INFO - Created Permission View: can read on DAG:example_xcom_args
[2024-10-21T03:08:32.810+0000] {logging_mixin.py:190} INFO - [2024-10-21T03:08:32.809+0000] {override.py:1900} INFO - Created Permission View: can edit on DAG:example_xcom_args
[2024-10-21T03:08:32.820+0000] {logging_mixin.py:190} INFO - [2024-10-21T03:08:32.819+0000] {override.py:1900} INFO - Created Permission View: menu access on DAG Run:example_xcom_args
[2024-10-21T03:08:32.826+0000] {logging_mixin.py:190} INFO - [2024-10-21T03:08:32.826+0000] {override.py:1900} INFO - Created Permission View: can delete on DAG Run:example_xcom_args
[2024-10-21T03:08:32.833+0000] {logging_mixin.py:190} INFO - [2024-10-21T03:08:32.833+0000] {override.py:1900} INFO - Created Permission View: can read on DAG Run:example_xcom_args
[2024-10-21T03:08:32.839+0000] {logging_mixin.py:190} INFO - [2024-10-21T03:08:32.839+0000] {override.py:1900} INFO - Created Permission View: can create on DAG Run:example_xcom_args
[2024-10-21T03:08:32.853+0000] {logging_mixin.py:190} INFO - [2024-10-21T03:08:32.853+0000] {override.py:1900} INFO - Created Permission View: can delete on DAG:example_xcom_args_with_operators
[2024-10-21T03:08:32.859+0000] {logging_mixin.py:190} INFO - [2024-10-21T03:08:32.859+0000] {override.py:1900} INFO - Created Permission View: can read on DAG:example_xcom_args_with_operators
[2024-10-21T03:08:32.865+0000] {logging_mixin.py:190} INFO - [2024-10-21T03:08:32.865+0000] {override.py:1900} INFO - Created Permission View: can edit on DAG:example_xcom_args_with_operators
[2024-10-21T03:08:32.872+0000] {logging_mixin.py:190} INFO - [2024-10-21T03:08:32.871+0000] {override.py:1900} INFO - Created Permission View: menu access on DAG Run:example_xcom_args_with_operators
[2024-10-21T03:08:32.879+0000] {logging_mixin.py:190} INFO - [2024-10-21T03:08:32.879+0000] {override.py:1900} INFO - Created Permission View: can delete on DAG Run:example_xcom_args_with_operators
[2024-10-21T03:08:32.887+0000] {logging_mixin.py:190} INFO - [2024-10-21T03:08:32.886+0000] {override.py:1900} INFO - Created Permission View: can read on DAG Run:example_xcom_args_with_operators
[2024-10-21T03:08:32.893+0000] {logging_mixin.py:190} INFO - [2024-10-21T03:08:32.893+0000] {override.py:1900} INFO - Created Permission View: can create on DAG Run:example_xcom_args_with_operators
[2024-10-21T03:08:32.894+0000] {logging_mixin.py:190} INFO - [2024-10-21T03:08:32.894+0000] {dag.py:3239} INFO - Sync 2 DAGs
[2024-10-21T03:08:32.905+0000] {logging_mixin.py:190} INFO - [2024-10-21T03:08:32.905+0000] {dag.py:3262} INFO - Creating ORM DAG for example_xcom_args
[2024-10-21T03:08:32.906+0000] {logging_mixin.py:190} INFO - [2024-10-21T03:08:32.906+0000] {dag.py:3262} INFO - Creating ORM DAG for example_xcom_args_with_operators
[2024-10-21T03:08:32.907+0000] {logging_mixin.py:190} INFO - [2024-10-21T03:08:32.907+0000] {dag.py:4180} INFO - Setting next_dagrun for example_xcom_args to None, run_after=None
[2024-10-21T03:08:32.908+0000] {logging_mixin.py:190} INFO - [2024-10-21T03:08:32.907+0000] {dag.py:4180} INFO - Setting next_dagrun for example_xcom_args_with_operators to None, run_after=None
[2024-10-21T03:08:32.924+0000] {processor.py:208} INFO - Processing /home/airflow/.local/lib/python3.12/site-packages/airflow/example_dags/example_xcomargs.py took 0.321 seconds
[2024-10-21T03:09:03.162+0000] {processor.py:186} INFO - Started process (PID=360) to work on /home/airflow/.local/lib/python3.12/site-packages/airflow/example_dags/example_xcomargs.py
[2024-10-21T03:09:03.163+0000] {processor.py:914} INFO - Processing file /home/airflow/.local/lib/python3.12/site-packages/airflow/example_dags/example_xcomargs.py for tasks to queue
[2024-10-21T03:09:03.165+0000] {logging_mixin.py:190} INFO - [2024-10-21T03:09:03.165+0000] {dagbag.py:588} INFO - Filling up the DagBag from /home/airflow/.local/lib/python3.12/site-packages/airflow/example_dags/example_xcomargs.py
[2024-10-21T03:09:03.174+0000] {processor.py:925} INFO - DAG(s) 'example_xcom_args', 'example_xcom_args_with_operators' retrieved from /home/airflow/.local/lib/python3.12/site-packages/airflow/example_dags/example_xcomargs.py
[2024-10-21T03:09:03.194+0000] {logging_mixin.py:190} INFO - [2024-10-21T03:09:03.193+0000] {dag.py:3239} INFO - Sync 2 DAGs
[2024-10-21T03:09:03.205+0000] {logging_mixin.py:190} INFO - [2024-10-21T03:09:03.205+0000] {dag.py:4180} INFO - Setting next_dagrun for example_xcom_args to None, run_after=None
[2024-10-21T03:09:03.209+0000] {logging_mixin.py:190} INFO - [2024-10-21T03:09:03.209+0000] {dag.py:4180} INFO - Setting next_dagrun for example_xcom_args_with_operators to None, run_after=None
[2024-10-21T03:09:03.231+0000] {processor.py:208} INFO - Processing /home/airflow/.local/lib/python3.12/site-packages/airflow/example_dags/example_xcomargs.py took 0.073 seconds
[2024-10-21T03:09:33.711+0000] {processor.py:186} INFO - Started process (PID=422) to work on /home/airflow/.local/lib/python3.12/site-packages/airflow/example_dags/example_xcomargs.py
[2024-10-21T03:09:33.712+0000] {processor.py:914} INFO - Processing file /home/airflow/.local/lib/python3.12/site-packages/airflow/example_dags/example_xcomargs.py for tasks to queue
[2024-10-21T03:09:33.714+0000] {logging_mixin.py:190} INFO - [2024-10-21T03:09:33.714+0000] {dagbag.py:588} INFO - Filling up the DagBag from /home/airflow/.local/lib/python3.12/site-packages/airflow/example_dags/example_xcomargs.py
[2024-10-21T03:09:33.731+0000] {processor.py:925} INFO - DAG(s) 'example_xcom_args', 'example_xcom_args_with_operators' retrieved from /home/airflow/.local/lib/python3.12/site-packages/airflow/example_dags/example_xcomargs.py
[2024-10-21T03:09:33.766+0000] {logging_mixin.py:190} INFO - [2024-10-21T03:09:33.766+0000] {dag.py:3239} INFO - Sync 2 DAGs
[2024-10-21T03:09:33.786+0000] {logging_mixin.py:190} INFO - [2024-10-21T03:09:33.786+0000] {dag.py:4180} INFO - Setting next_dagrun for example_xcom_args to None, run_after=None
[2024-10-21T03:09:33.793+0000] {logging_mixin.py:190} INFO - [2024-10-21T03:09:33.793+0000] {dag.py:4180} INFO - Setting next_dagrun for example_xcom_args_with_operators to None, run_after=None
[2024-10-21T03:09:33.807+0000] {processor.py:208} INFO - Processing /home/airflow/.local/lib/python3.12/site-packages/airflow/example_dags/example_xcomargs.py took 0.105 seconds
[2024-10-21T03:10:04.529+0000] {processor.py:186} INFO - Started process (PID=484) to work on /home/airflow/.local/lib/python3.12/site-packages/airflow/example_dags/example_xcomargs.py
[2024-10-21T03:10:04.531+0000] {processor.py:914} INFO - Processing file /home/airflow/.local/lib/python3.12/site-packages/airflow/example_dags/example_xcomargs.py for tasks to queue
[2024-10-21T03:10:04.533+0000] {logging_mixin.py:190} INFO - [2024-10-21T03:10:04.533+0000] {dagbag.py:588} INFO - Filling up the DagBag from /home/airflow/.local/lib/python3.12/site-packages/airflow/example_dags/example_xcomargs.py
[2024-10-21T03:10:04.546+0000] {processor.py:925} INFO - DAG(s) 'example_xcom_args_with_operators', 'example_xcom_args' retrieved from /home/airflow/.local/lib/python3.12/site-packages/airflow/example_dags/example_xcomargs.py
[2024-10-21T03:10:04.568+0000] {logging_mixin.py:190} INFO - [2024-10-21T03:10:04.567+0000] {dag.py:3239} INFO - Sync 2 DAGs
[2024-10-21T03:10:04.580+0000] {logging_mixin.py:190} INFO - [2024-10-21T03:10:04.580+0000] {dag.py:4180} INFO - Setting next_dagrun for example_xcom_args to None, run_after=None
[2024-10-21T03:10:04.584+0000] {logging_mixin.py:190} INFO - [2024-10-21T03:10:04.583+0000] {dag.py:4180} INFO - Setting next_dagrun for example_xcom_args_with_operators to None, run_after=None
[2024-10-21T03:10:04.609+0000] {processor.py:208} INFO - Processing /home/airflow/.local/lib/python3.12/site-packages/airflow/example_dags/example_xcomargs.py took 0.086 seconds
[2024-10-21T03:10:35.357+0000] {processor.py:186} INFO - Started process (PID=546) to work on /home/airflow/.local/lib/python3.12/site-packages/airflow/example_dags/example_xcomargs.py
[2024-10-21T03:10:35.360+0000] {processor.py:914} INFO - Processing file /home/airflow/.local/lib/python3.12/site-packages/airflow/example_dags/example_xcomargs.py for tasks to queue
[2024-10-21T03:10:35.366+0000] {logging_mixin.py:190} INFO - [2024-10-21T03:10:35.366+0000] {dagbag.py:588} INFO - Filling up the DagBag from /home/airflow/.local/lib/python3.12/site-packages/airflow/example_dags/example_xcomargs.py
[2024-10-21T03:10:35.379+0000] {processor.py:925} INFO - DAG(s) 'example_xcom_args_with_operators', 'example_xcom_args' retrieved from /home/airflow/.local/lib/python3.12/site-packages/airflow/example_dags/example_xcomargs.py
[2024-10-21T03:10:35.404+0000] {logging_mixin.py:190} INFO - [2024-10-21T03:10:35.403+0000] {dag.py:3239} INFO - Sync 2 DAGs
[2024-10-21T03:10:35.418+0000] {logging_mixin.py:190} INFO - [2024-10-21T03:10:35.417+0000] {dag.py:4180} INFO - Setting next_dagrun for example_xcom_args to None, run_after=None
[2024-10-21T03:10:35.421+0000] {logging_mixin.py:190} INFO - [2024-10-21T03:10:35.421+0000] {dag.py:4180} INFO - Setting next_dagrun for example_xcom_args_with_operators to None, run_after=None
[2024-10-21T03:10:35.441+0000] {processor.py:208} INFO - Processing /home/airflow/.local/lib/python3.12/site-packages/airflow/example_dags/example_xcomargs.py took 0.093 seconds
[2024-10-21T03:11:05.619+0000] {processor.py:186} INFO - Started process (PID=608) to work on /home/airflow/.local/lib/python3.12/site-packages/airflow/example_dags/example_xcomargs.py
[2024-10-21T03:11:05.619+0000] {processor.py:914} INFO - Processing file /home/airflow/.local/lib/python3.12/site-packages/airflow/example_dags/example_xcomargs.py for tasks to queue
[2024-10-21T03:11:05.622+0000] {logging_mixin.py:190} INFO - [2024-10-21T03:11:05.621+0000] {dagbag.py:588} INFO - Filling up the DagBag from /home/airflow/.local/lib/python3.12/site-packages/airflow/example_dags/example_xcomargs.py
[2024-10-21T03:11:05.630+0000] {processor.py:925} INFO - DAG(s) 'example_xcom_args_with_operators', 'example_xcom_args' retrieved from /home/airflow/.local/lib/python3.12/site-packages/airflow/example_dags/example_xcomargs.py
[2024-10-21T03:11:05.650+0000] {logging_mixin.py:190} INFO - [2024-10-21T03:11:05.650+0000] {dag.py:3239} INFO - Sync 2 DAGs
[2024-10-21T03:11:05.661+0000] {logging_mixin.py:190} INFO - [2024-10-21T03:11:05.661+0000] {dag.py:4180} INFO - Setting next_dagrun for example_xcom_args to None, run_after=None
[2024-10-21T03:11:05.664+0000] {logging_mixin.py:190} INFO - [2024-10-21T03:11:05.664+0000] {dag.py:4180} INFO - Setting next_dagrun for example_xcom_args_with_operators to None, run_after=None
[2024-10-21T03:11:05.678+0000] {processor.py:208} INFO - Processing /home/airflow/.local/lib/python3.12/site-packages/airflow/example_dags/example_xcomargs.py took 0.064 seconds
[2024-10-21T03:11:36.294+0000] {processor.py:186} INFO - Started process (PID=670) to work on /home/airflow/.local/lib/python3.12/site-packages/airflow/example_dags/example_xcomargs.py
[2024-10-21T03:11:36.296+0000] {processor.py:914} INFO - Processing file /home/airflow/.local/lib/python3.12/site-packages/airflow/example_dags/example_xcomargs.py for tasks to queue
[2024-10-21T03:11:36.298+0000] {logging_mixin.py:190} INFO - [2024-10-21T03:11:36.298+0000] {dagbag.py:588} INFO - Filling up the DagBag from /home/airflow/.local/lib/python3.12/site-packages/airflow/example_dags/example_xcomargs.py
[2024-10-21T03:11:36.309+0000] {processor.py:925} INFO - DAG(s) 'example_xcom_args', 'example_xcom_args_with_operators' retrieved from /home/airflow/.local/lib/python3.12/site-packages/airflow/example_dags/example_xcomargs.py
[2024-10-21T03:11:36.340+0000] {logging_mixin.py:190} INFO - [2024-10-21T03:11:36.339+0000] {dag.py:3239} INFO - Sync 2 DAGs
[2024-10-21T03:11:36.371+0000] {logging_mixin.py:190} INFO - [2024-10-21T03:11:36.371+0000] {dag.py:4180} INFO - Setting next_dagrun for example_xcom_args to None, run_after=None
[2024-10-21T03:11:36.386+0000] {logging_mixin.py:190} INFO - [2024-10-21T03:11:36.386+0000] {dag.py:4180} INFO - Setting next_dagrun for example_xcom_args_with_operators to None, run_after=None
[2024-10-21T03:11:36.469+0000] {processor.py:208} INFO - Processing /home/airflow/.local/lib/python3.12/site-packages/airflow/example_dags/example_xcomargs.py took 0.184 seconds
[2024-10-21T05:26:20.427+0000] {processor.py:186} INFO - Started process (PID=83) to work on /home/airflow/.local/lib/python3.12/site-packages/airflow/example_dags/example_xcomargs.py
[2024-10-21T05:26:20.439+0000] {processor.py:914} INFO - Processing file /home/airflow/.local/lib/python3.12/site-packages/airflow/example_dags/example_xcomargs.py for tasks to queue
[2024-10-21T05:26:20.571+0000] {logging_mixin.py:190} INFO - [2024-10-21T05:26:20.564+0000] {dagbag.py:588} INFO - Filling up the DagBag from /home/airflow/.local/lib/python3.12/site-packages/airflow/example_dags/example_xcomargs.py
[2024-10-21T05:26:20.667+0000] {processor.py:925} INFO - DAG(s) 'example_xcom_args', 'example_xcom_args_with_operators' retrieved from /home/airflow/.local/lib/python3.12/site-packages/airflow/example_dags/example_xcomargs.py
[2024-10-21T05:26:20.880+0000] {logging_mixin.py:190} INFO - [2024-10-21T05:26:20.880+0000] {dag.py:3239} INFO - Sync 2 DAGs
[2024-10-21T05:26:20.994+0000] {logging_mixin.py:190} INFO - [2024-10-21T05:26:20.993+0000] {dag.py:4180} INFO - Setting next_dagrun for example_xcom_args to None, run_after=None
[2024-10-21T05:26:21.015+0000] {logging_mixin.py:190} INFO - [2024-10-21T05:26:21.014+0000] {dag.py:4180} INFO - Setting next_dagrun for example_xcom_args_with_operators to None, run_after=None
[2024-10-21T05:26:21.136+0000] {processor.py:208} INFO - Processing /home/airflow/.local/lib/python3.12/site-packages/airflow/example_dags/example_xcomargs.py took 0.741 seconds
[2024-10-21T05:26:56.177+0000] {processor.py:186} INFO - Started process (PID=145) to work on /home/airflow/.local/lib/python3.12/site-packages/airflow/example_dags/example_xcomargs.py
[2024-10-21T05:26:56.185+0000] {processor.py:914} INFO - Processing file /home/airflow/.local/lib/python3.12/site-packages/airflow/example_dags/example_xcomargs.py for tasks to queue
[2024-10-21T05:26:56.197+0000] {logging_mixin.py:190} INFO - [2024-10-21T05:26:56.195+0000] {dagbag.py:588} INFO - Filling up the DagBag from /home/airflow/.local/lib/python3.12/site-packages/airflow/example_dags/example_xcomargs.py
[2024-10-21T05:26:56.237+0000] {processor.py:925} INFO - DAG(s) 'example_xcom_args', 'example_xcom_args_with_operators' retrieved from /home/airflow/.local/lib/python3.12/site-packages/airflow/example_dags/example_xcomargs.py
[2024-10-21T05:26:56.317+0000] {logging_mixin.py:190} INFO - [2024-10-21T05:26:56.317+0000] {dag.py:3239} INFO - Sync 2 DAGs
[2024-10-21T05:26:56.396+0000] {logging_mixin.py:190} INFO - [2024-10-21T05:26:56.396+0000] {dag.py:4180} INFO - Setting next_dagrun for example_xcom_args to None, run_after=None
[2024-10-21T05:26:56.412+0000] {logging_mixin.py:190} INFO - [2024-10-21T05:26:56.412+0000] {dag.py:4180} INFO - Setting next_dagrun for example_xcom_args_with_operators to None, run_after=None
[2024-10-21T05:26:56.470+0000] {processor.py:208} INFO - Processing /home/airflow/.local/lib/python3.12/site-packages/airflow/example_dags/example_xcomargs.py took 0.319 seconds
[2024-10-21T05:27:27.508+0000] {processor.py:186} INFO - Started process (PID=207) to work on /home/airflow/.local/lib/python3.12/site-packages/airflow/example_dags/example_xcomargs.py
[2024-10-21T05:27:27.510+0000] {processor.py:914} INFO - Processing file /home/airflow/.local/lib/python3.12/site-packages/airflow/example_dags/example_xcomargs.py for tasks to queue
[2024-10-21T05:27:27.519+0000] {logging_mixin.py:190} INFO - [2024-10-21T05:27:27.517+0000] {dagbag.py:588} INFO - Filling up the DagBag from /home/airflow/.local/lib/python3.12/site-packages/airflow/example_dags/example_xcomargs.py
[2024-10-21T05:27:27.565+0000] {processor.py:925} INFO - DAG(s) 'example_xcom_args_with_operators', 'example_xcom_args' retrieved from /home/airflow/.local/lib/python3.12/site-packages/airflow/example_dags/example_xcomargs.py
[2024-10-21T05:27:27.638+0000] {logging_mixin.py:190} INFO - [2024-10-21T05:27:27.637+0000] {dag.py:3239} INFO - Sync 2 DAGs
[2024-10-21T05:27:27.677+0000] {logging_mixin.py:190} INFO - [2024-10-21T05:27:27.676+0000] {dag.py:4180} INFO - Setting next_dagrun for example_xcom_args to None, run_after=None
[2024-10-21T05:27:27.687+0000] {logging_mixin.py:190} INFO - [2024-10-21T05:27:27.686+0000] {dag.py:4180} INFO - Setting next_dagrun for example_xcom_args_with_operators to None, run_after=None
[2024-10-21T05:27:27.718+0000] {processor.py:208} INFO - Processing /home/airflow/.local/lib/python3.12/site-packages/airflow/example_dags/example_xcomargs.py took 0.230 seconds
[2024-10-21T05:28:23.876+0000] {processor.py:186} INFO - Started process (PID=283) to work on /home/airflow/.local/lib/python3.12/site-packages/airflow/example_dags/example_xcomargs.py
[2024-10-21T05:28:23.879+0000] {processor.py:914} INFO - Processing file /home/airflow/.local/lib/python3.12/site-packages/airflow/example_dags/example_xcomargs.py for tasks to queue
[2024-10-21T05:28:23.891+0000] {logging_mixin.py:190} INFO - [2024-10-21T05:28:23.890+0000] {dagbag.py:588} INFO - Filling up the DagBag from /home/airflow/.local/lib/python3.12/site-packages/airflow/example_dags/example_xcomargs.py
[2024-10-21T05:28:23.976+0000] {processor.py:925} INFO - DAG(s) 'example_xcom_args', 'example_xcom_args_with_operators' retrieved from /home/airflow/.local/lib/python3.12/site-packages/airflow/example_dags/example_xcomargs.py
[2024-10-21T05:28:24.117+0000] {logging_mixin.py:190} INFO - [2024-10-21T05:28:24.116+0000] {dag.py:3239} INFO - Sync 2 DAGs
[2024-10-21T05:28:24.189+0000] {logging_mixin.py:190} INFO - [2024-10-21T05:28:24.188+0000] {dag.py:4180} INFO - Setting next_dagrun for example_xcom_args to None, run_after=None
[2024-10-21T05:28:24.202+0000] {logging_mixin.py:190} INFO - [2024-10-21T05:28:24.202+0000] {dag.py:4180} INFO - Setting next_dagrun for example_xcom_args_with_operators to None, run_after=None
[2024-10-21T05:28:24.252+0000] {processor.py:208} INFO - Processing /home/airflow/.local/lib/python3.12/site-packages/airflow/example_dags/example_xcomargs.py took 0.392 seconds
[2024-10-21T05:29:02.068+0000] {processor.py:186} INFO - Started process (PID=317) to work on /home/airflow/.local/lib/python3.12/site-packages/airflow/example_dags/example_xcomargs.py
[2024-10-21T05:29:02.071+0000] {processor.py:914} INFO - Processing file /home/airflow/.local/lib/python3.12/site-packages/airflow/example_dags/example_xcomargs.py for tasks to queue
[2024-10-21T05:29:02.079+0000] {logging_mixin.py:190} INFO - [2024-10-21T05:29:02.078+0000] {dagbag.py:588} INFO - Filling up the DagBag from /home/airflow/.local/lib/python3.12/site-packages/airflow/example_dags/example_xcomargs.py
[2024-10-21T05:29:02.140+0000] {processor.py:925} INFO - DAG(s) 'example_xcom_args', 'example_xcom_args_with_operators' retrieved from /home/airflow/.local/lib/python3.12/site-packages/airflow/example_dags/example_xcomargs.py
[2024-10-21T05:29:02.254+0000] {logging_mixin.py:190} INFO - [2024-10-21T05:29:02.253+0000] {dag.py:3239} INFO - Sync 2 DAGs
[2024-10-21T05:29:02.300+0000] {logging_mixin.py:190} INFO - [2024-10-21T05:29:02.299+0000] {dag.py:4180} INFO - Setting next_dagrun for example_xcom_args to None, run_after=None
[2024-10-21T05:29:02.316+0000] {logging_mixin.py:190} INFO - [2024-10-21T05:29:02.316+0000] {dag.py:4180} INFO - Setting next_dagrun for example_xcom_args_with_operators to None, run_after=None
[2024-10-21T05:29:02.369+0000] {processor.py:208} INFO - Processing /home/airflow/.local/lib/python3.12/site-packages/airflow/example_dags/example_xcomargs.py took 0.323 seconds
[2024-10-21T05:29:33.085+0000] {processor.py:186} INFO - Started process (PID=379) to work on /home/airflow/.local/lib/python3.12/site-packages/airflow/example_dags/example_xcomargs.py
[2024-10-21T05:29:33.089+0000] {processor.py:914} INFO - Processing file /home/airflow/.local/lib/python3.12/site-packages/airflow/example_dags/example_xcomargs.py for tasks to queue
[2024-10-21T05:29:33.092+0000] {logging_mixin.py:190} INFO - [2024-10-21T05:29:33.091+0000] {dagbag.py:588} INFO - Filling up the DagBag from /home/airflow/.local/lib/python3.12/site-packages/airflow/example_dags/example_xcomargs.py
[2024-10-21T05:29:33.130+0000] {processor.py:925} INFO - DAG(s) 'example_xcom_args', 'example_xcom_args_with_operators' retrieved from /home/airflow/.local/lib/python3.12/site-packages/airflow/example_dags/example_xcomargs.py
[2024-10-21T05:29:33.220+0000] {logging_mixin.py:190} INFO - [2024-10-21T05:29:33.219+0000] {dag.py:3239} INFO - Sync 2 DAGs
[2024-10-21T05:29:33.295+0000] {logging_mixin.py:190} INFO - [2024-10-21T05:29:33.294+0000] {dag.py:4180} INFO - Setting next_dagrun for example_xcom_args to None, run_after=None
[2024-10-21T05:29:33.310+0000] {logging_mixin.py:190} INFO - [2024-10-21T05:29:33.309+0000] {dag.py:4180} INFO - Setting next_dagrun for example_xcom_args_with_operators to None, run_after=None
[2024-10-21T05:29:33.459+0000] {processor.py:208} INFO - Processing /home/airflow/.local/lib/python3.12/site-packages/airflow/example_dags/example_xcomargs.py took 0.391 seconds
[2024-10-21T05:30:03.913+0000] {processor.py:186} INFO - Started process (PID=441) to work on /home/airflow/.local/lib/python3.12/site-packages/airflow/example_dags/example_xcomargs.py
[2024-10-21T05:30:03.915+0000] {processor.py:914} INFO - Processing file /home/airflow/.local/lib/python3.12/site-packages/airflow/example_dags/example_xcomargs.py for tasks to queue
[2024-10-21T05:30:03.916+0000] {logging_mixin.py:190} INFO - [2024-10-21T05:30:03.916+0000] {dagbag.py:588} INFO - Filling up the DagBag from /home/airflow/.local/lib/python3.12/site-packages/airflow/example_dags/example_xcomargs.py
[2024-10-21T05:30:03.931+0000] {processor.py:925} INFO - DAG(s) 'example_xcom_args', 'example_xcom_args_with_operators' retrieved from /home/airflow/.local/lib/python3.12/site-packages/airflow/example_dags/example_xcomargs.py
[2024-10-21T05:30:03.965+0000] {logging_mixin.py:190} INFO - [2024-10-21T05:30:03.965+0000] {dag.py:3239} INFO - Sync 2 DAGs
[2024-10-21T05:30:03.990+0000] {logging_mixin.py:190} INFO - [2024-10-21T05:30:03.990+0000] {dag.py:4180} INFO - Setting next_dagrun for example_xcom_args to None, run_after=None
[2024-10-21T05:30:03.996+0000] {logging_mixin.py:190} INFO - [2024-10-21T05:30:03.996+0000] {dag.py:4180} INFO - Setting next_dagrun for example_xcom_args_with_operators to None, run_after=None
[2024-10-21T05:30:04.032+0000] {processor.py:208} INFO - Processing /home/airflow/.local/lib/python3.12/site-packages/airflow/example_dags/example_xcomargs.py took 0.129 seconds
[2024-10-21T05:30:34.499+0000] {processor.py:186} INFO - Started process (PID=503) to work on /home/airflow/.local/lib/python3.12/site-packages/airflow/example_dags/example_xcomargs.py
[2024-10-21T05:30:34.501+0000] {processor.py:914} INFO - Processing file /home/airflow/.local/lib/python3.12/site-packages/airflow/example_dags/example_xcomargs.py for tasks to queue
[2024-10-21T05:30:34.503+0000] {logging_mixin.py:190} INFO - [2024-10-21T05:30:34.503+0000] {dagbag.py:588} INFO - Filling up the DagBag from /home/airflow/.local/lib/python3.12/site-packages/airflow/example_dags/example_xcomargs.py
[2024-10-21T05:30:34.520+0000] {processor.py:925} INFO - DAG(s) 'example_xcom_args', 'example_xcom_args_with_operators' retrieved from /home/airflow/.local/lib/python3.12/site-packages/airflow/example_dags/example_xcomargs.py
[2024-10-21T05:30:34.558+0000] {logging_mixin.py:190} INFO - [2024-10-21T05:30:34.558+0000] {dag.py:3239} INFO - Sync 2 DAGs
[2024-10-21T05:30:34.584+0000] {logging_mixin.py:190} INFO - [2024-10-21T05:30:34.584+0000] {dag.py:4180} INFO - Setting next_dagrun for example_xcom_args to None, run_after=None
[2024-10-21T05:30:34.590+0000] {logging_mixin.py:190} INFO - [2024-10-21T05:30:34.590+0000] {dag.py:4180} INFO - Setting next_dagrun for example_xcom_args_with_operators to None, run_after=None
[2024-10-21T05:30:34.613+0000] {processor.py:208} INFO - Processing /home/airflow/.local/lib/python3.12/site-packages/airflow/example_dags/example_xcomargs.py took 0.122 seconds
[2024-10-21T05:31:04.909+0000] {processor.py:186} INFO - Started process (PID=565) to work on /home/airflow/.local/lib/python3.12/site-packages/airflow/example_dags/example_xcomargs.py
[2024-10-21T05:31:04.910+0000] {processor.py:914} INFO - Processing file /home/airflow/.local/lib/python3.12/site-packages/airflow/example_dags/example_xcomargs.py for tasks to queue
[2024-10-21T05:31:04.912+0000] {logging_mixin.py:190} INFO - [2024-10-21T05:31:04.912+0000] {dagbag.py:588} INFO - Filling up the DagBag from /home/airflow/.local/lib/python3.12/site-packages/airflow/example_dags/example_xcomargs.py
[2024-10-21T05:31:04.929+0000] {processor.py:925} INFO - DAG(s) 'example_xcom_args', 'example_xcom_args_with_operators' retrieved from /home/airflow/.local/lib/python3.12/site-packages/airflow/example_dags/example_xcomargs.py
[2024-10-21T05:31:04.962+0000] {logging_mixin.py:190} INFO - [2024-10-21T05:31:04.962+0000] {dag.py:3239} INFO - Sync 2 DAGs
[2024-10-21T05:31:04.985+0000] {logging_mixin.py:190} INFO - [2024-10-21T05:31:04.985+0000] {dag.py:4180} INFO - Setting next_dagrun for example_xcom_args to None, run_after=None
[2024-10-21T05:31:04.991+0000] {logging_mixin.py:190} INFO - [2024-10-21T05:31:04.991+0000] {dag.py:4180} INFO - Setting next_dagrun for example_xcom_args_with_operators to None, run_after=None
[2024-10-21T05:31:05.013+0000] {processor.py:208} INFO - Processing /home/airflow/.local/lib/python3.12/site-packages/airflow/example_dags/example_xcomargs.py took 0.114 seconds
[2024-10-21T05:31:35.780+0000] {processor.py:186} INFO - Started process (PID=628) to work on /home/airflow/.local/lib/python3.12/site-packages/airflow/example_dags/example_xcomargs.py
[2024-10-21T05:31:35.781+0000] {processor.py:914} INFO - Processing file /home/airflow/.local/lib/python3.12/site-packages/airflow/example_dags/example_xcomargs.py for tasks to queue
[2024-10-21T05:31:35.784+0000] {logging_mixin.py:190} INFO - [2024-10-21T05:31:35.783+0000] {dagbag.py:588} INFO - Filling up the DagBag from /home/airflow/.local/lib/python3.12/site-packages/airflow/example_dags/example_xcomargs.py
[2024-10-21T05:31:35.799+0000] {processor.py:925} INFO - DAG(s) 'example_xcom_args', 'example_xcom_args_with_operators' retrieved from /home/airflow/.local/lib/python3.12/site-packages/airflow/example_dags/example_xcomargs.py
[2024-10-21T05:31:35.828+0000] {logging_mixin.py:190} INFO - [2024-10-21T05:31:35.828+0000] {dag.py:3239} INFO - Sync 2 DAGs
[2024-10-21T05:31:35.849+0000] {logging_mixin.py:190} INFO - [2024-10-21T05:31:35.849+0000] {dag.py:4180} INFO - Setting next_dagrun for example_xcom_args to None, run_after=None
[2024-10-21T05:31:35.855+0000] {logging_mixin.py:190} INFO - [2024-10-21T05:31:35.855+0000] {dag.py:4180} INFO - Setting next_dagrun for example_xcom_args_with_operators to None, run_after=None
[2024-10-21T05:31:35.880+0000] {processor.py:208} INFO - Processing /home/airflow/.local/lib/python3.12/site-packages/airflow/example_dags/example_xcomargs.py took 0.108 seconds
[2024-10-21T05:32:06.521+0000] {processor.py:186} INFO - Started process (PID=690) to work on /home/airflow/.local/lib/python3.12/site-packages/airflow/example_dags/example_xcomargs.py
[2024-10-21T05:32:06.523+0000] {processor.py:914} INFO - Processing file /home/airflow/.local/lib/python3.12/site-packages/airflow/example_dags/example_xcomargs.py for tasks to queue
[2024-10-21T05:32:06.526+0000] {logging_mixin.py:190} INFO - [2024-10-21T05:32:06.525+0000] {dagbag.py:588} INFO - Filling up the DagBag from /home/airflow/.local/lib/python3.12/site-packages/airflow/example_dags/example_xcomargs.py
[2024-10-21T05:32:06.548+0000] {processor.py:925} INFO - DAG(s) 'example_xcom_args', 'example_xcom_args_with_operators' retrieved from /home/airflow/.local/lib/python3.12/site-packages/airflow/example_dags/example_xcomargs.py
[2024-10-21T05:32:06.585+0000] {logging_mixin.py:190} INFO - [2024-10-21T05:32:06.585+0000] {dag.py:3239} INFO - Sync 2 DAGs
[2024-10-21T05:32:06.610+0000] {logging_mixin.py:190} INFO - [2024-10-21T05:32:06.610+0000] {dag.py:4180} INFO - Setting next_dagrun for example_xcom_args to None, run_after=None
[2024-10-21T05:32:06.618+0000] {logging_mixin.py:190} INFO - [2024-10-21T05:32:06.618+0000] {dag.py:4180} INFO - Setting next_dagrun for example_xcom_args_with_operators to None, run_after=None
[2024-10-21T05:32:06.653+0000] {processor.py:208} INFO - Processing /home/airflow/.local/lib/python3.12/site-packages/airflow/example_dags/example_xcomargs.py took 0.144 seconds
[2024-10-21T05:32:36.886+0000] {processor.py:186} INFO - Started process (PID=752) to work on /home/airflow/.local/lib/python3.12/site-packages/airflow/example_dags/example_xcomargs.py
[2024-10-21T05:32:36.888+0000] {processor.py:914} INFO - Processing file /home/airflow/.local/lib/python3.12/site-packages/airflow/example_dags/example_xcomargs.py for tasks to queue
[2024-10-21T05:32:36.891+0000] {logging_mixin.py:190} INFO - [2024-10-21T05:32:36.890+0000] {dagbag.py:588} INFO - Filling up the DagBag from /home/airflow/.local/lib/python3.12/site-packages/airflow/example_dags/example_xcomargs.py
[2024-10-21T05:32:36.917+0000] {processor.py:925} INFO - DAG(s) 'example_xcom_args', 'example_xcom_args_with_operators' retrieved from /home/airflow/.local/lib/python3.12/site-packages/airflow/example_dags/example_xcomargs.py
[2024-10-21T05:32:36.975+0000] {logging_mixin.py:190} INFO - [2024-10-21T05:32:36.975+0000] {dag.py:3239} INFO - Sync 2 DAGs
[2024-10-21T05:32:37.018+0000] {logging_mixin.py:190} INFO - [2024-10-21T05:32:37.017+0000] {dag.py:4180} INFO - Setting next_dagrun for example_xcom_args to None, run_after=None
[2024-10-21T05:32:37.030+0000] {logging_mixin.py:190} INFO - [2024-10-21T05:32:37.029+0000] {dag.py:4180} INFO - Setting next_dagrun for example_xcom_args_with_operators to None, run_after=None
[2024-10-21T05:32:37.064+0000] {processor.py:208} INFO - Processing /home/airflow/.local/lib/python3.12/site-packages/airflow/example_dags/example_xcomargs.py took 0.190 seconds
[2024-10-21T05:33:07.210+0000] {processor.py:186} INFO - Started process (PID=814) to work on /home/airflow/.local/lib/python3.12/site-packages/airflow/example_dags/example_xcomargs.py
[2024-10-21T05:33:07.212+0000] {processor.py:914} INFO - Processing file /home/airflow/.local/lib/python3.12/site-packages/airflow/example_dags/example_xcomargs.py for tasks to queue
[2024-10-21T05:33:07.215+0000] {logging_mixin.py:190} INFO - [2024-10-21T05:33:07.214+0000] {dagbag.py:588} INFO - Filling up the DagBag from /home/airflow/.local/lib/python3.12/site-packages/airflow/example_dags/example_xcomargs.py
[2024-10-21T05:33:07.233+0000] {processor.py:925} INFO - DAG(s) 'example_xcom_args_with_operators', 'example_xcom_args' retrieved from /home/airflow/.local/lib/python3.12/site-packages/airflow/example_dags/example_xcomargs.py
[2024-10-21T05:33:07.267+0000] {logging_mixin.py:190} INFO - [2024-10-21T05:33:07.267+0000] {dag.py:3239} INFO - Sync 2 DAGs
[2024-10-21T05:33:07.290+0000] {logging_mixin.py:190} INFO - [2024-10-21T05:33:07.290+0000] {dag.py:4180} INFO - Setting next_dagrun for example_xcom_args to None, run_after=None
[2024-10-21T05:33:07.295+0000] {logging_mixin.py:190} INFO - [2024-10-21T05:33:07.295+0000] {dag.py:4180} INFO - Setting next_dagrun for example_xcom_args_with_operators to None, run_after=None
[2024-10-21T05:33:07.319+0000] {processor.py:208} INFO - Processing /home/airflow/.local/lib/python3.12/site-packages/airflow/example_dags/example_xcomargs.py took 0.120 seconds
[2024-10-21T05:33:39.864+0000] {processor.py:186} INFO - Started process (PID=876) to work on /home/airflow/.local/lib/python3.12/site-packages/airflow/example_dags/example_xcomargs.py
[2024-10-21T05:33:39.866+0000] {processor.py:914} INFO - Processing file /home/airflow/.local/lib/python3.12/site-packages/airflow/example_dags/example_xcomargs.py for tasks to queue
[2024-10-21T05:33:39.871+0000] {logging_mixin.py:190} INFO - [2024-10-21T05:33:39.869+0000] {dagbag.py:588} INFO - Filling up the DagBag from /home/airflow/.local/lib/python3.12/site-packages/airflow/example_dags/example_xcomargs.py
[2024-10-21T05:33:39.921+0000] {processor.py:925} INFO - DAG(s) 'example_xcom_args', 'example_xcom_args_with_operators' retrieved from /home/airflow/.local/lib/python3.12/site-packages/airflow/example_dags/example_xcomargs.py
[2024-10-21T05:33:39.975+0000] {logging_mixin.py:190} INFO - [2024-10-21T05:33:39.974+0000] {dag.py:3239} INFO - Sync 2 DAGs
[2024-10-21T05:33:40.010+0000] {logging_mixin.py:190} INFO - [2024-10-21T05:33:40.009+0000] {dag.py:4180} INFO - Setting next_dagrun for example_xcom_args to None, run_after=None
[2024-10-21T05:33:40.020+0000] {logging_mixin.py:190} INFO - [2024-10-21T05:33:40.019+0000] {dag.py:4180} INFO - Setting next_dagrun for example_xcom_args_with_operators to None, run_after=None
[2024-10-21T05:33:40.064+0000] {processor.py:208} INFO - Processing /home/airflow/.local/lib/python3.12/site-packages/airflow/example_dags/example_xcomargs.py took 0.217 seconds
[2024-10-21T05:34:10.454+0000] {processor.py:186} INFO - Started process (PID=938) to work on /home/airflow/.local/lib/python3.12/site-packages/airflow/example_dags/example_xcomargs.py
[2024-10-21T05:34:10.455+0000] {processor.py:914} INFO - Processing file /home/airflow/.local/lib/python3.12/site-packages/airflow/example_dags/example_xcomargs.py for tasks to queue
[2024-10-21T05:34:10.457+0000] {logging_mixin.py:190} INFO - [2024-10-21T05:34:10.457+0000] {dagbag.py:588} INFO - Filling up the DagBag from /home/airflow/.local/lib/python3.12/site-packages/airflow/example_dags/example_xcomargs.py
[2024-10-21T05:34:10.471+0000] {processor.py:925} INFO - DAG(s) 'example_xcom_args_with_operators', 'example_xcom_args' retrieved from /home/airflow/.local/lib/python3.12/site-packages/airflow/example_dags/example_xcomargs.py
[2024-10-21T05:34:10.505+0000] {logging_mixin.py:190} INFO - [2024-10-21T05:34:10.505+0000] {dag.py:3239} INFO - Sync 2 DAGs
[2024-10-21T05:34:10.527+0000] {logging_mixin.py:190} INFO - [2024-10-21T05:34:10.527+0000] {dag.py:4180} INFO - Setting next_dagrun for example_xcom_args to None, run_after=None
[2024-10-21T05:34:10.533+0000] {logging_mixin.py:190} INFO - [2024-10-21T05:34:10.533+0000] {dag.py:4180} INFO - Setting next_dagrun for example_xcom_args_with_operators to None, run_after=None
[2024-10-21T05:34:10.558+0000] {processor.py:208} INFO - Processing /home/airflow/.local/lib/python3.12/site-packages/airflow/example_dags/example_xcomargs.py took 0.110 seconds
[2024-10-21T05:34:40.921+0000] {processor.py:186} INFO - Started process (PID=998) to work on /home/airflow/.local/lib/python3.12/site-packages/airflow/example_dags/example_xcomargs.py
[2024-10-21T05:34:40.924+0000] {processor.py:914} INFO - Processing file /home/airflow/.local/lib/python3.12/site-packages/airflow/example_dags/example_xcomargs.py for tasks to queue
[2024-10-21T05:34:40.927+0000] {logging_mixin.py:190} INFO - [2024-10-21T05:34:40.926+0000] {dagbag.py:588} INFO - Filling up the DagBag from /home/airflow/.local/lib/python3.12/site-packages/airflow/example_dags/example_xcomargs.py
[2024-10-21T05:34:40.949+0000] {processor.py:925} INFO - DAG(s) 'example_xcom_args_with_operators', 'example_xcom_args' retrieved from /home/airflow/.local/lib/python3.12/site-packages/airflow/example_dags/example_xcomargs.py
[2024-10-21T05:34:40.986+0000] {logging_mixin.py:190} INFO - [2024-10-21T05:34:40.986+0000] {dag.py:3239} INFO - Sync 2 DAGs
[2024-10-21T05:34:41.014+0000] {logging_mixin.py:190} INFO - [2024-10-21T05:34:41.014+0000] {dag.py:4180} INFO - Setting next_dagrun for example_xcom_args to None, run_after=None
[2024-10-21T05:34:41.020+0000] {logging_mixin.py:190} INFO - [2024-10-21T05:34:41.020+0000] {dag.py:4180} INFO - Setting next_dagrun for example_xcom_args_with_operators to None, run_after=None
[2024-10-21T05:34:41.050+0000] {processor.py:208} INFO - Processing /home/airflow/.local/lib/python3.12/site-packages/airflow/example_dags/example_xcomargs.py took 0.140 seconds
[2024-10-21T05:35:11.725+0000] {processor.py:186} INFO - Started process (PID=1060) to work on /home/airflow/.local/lib/python3.12/site-packages/airflow/example_dags/example_xcomargs.py
[2024-10-21T05:35:11.726+0000] {processor.py:914} INFO - Processing file /home/airflow/.local/lib/python3.12/site-packages/airflow/example_dags/example_xcomargs.py for tasks to queue
[2024-10-21T05:35:11.729+0000] {logging_mixin.py:190} INFO - [2024-10-21T05:35:11.728+0000] {dagbag.py:588} INFO - Filling up the DagBag from /home/airflow/.local/lib/python3.12/site-packages/airflow/example_dags/example_xcomargs.py
[2024-10-21T05:35:11.754+0000] {processor.py:925} INFO - DAG(s) 'example_xcom_args_with_operators', 'example_xcom_args' retrieved from /home/airflow/.local/lib/python3.12/site-packages/airflow/example_dags/example_xcomargs.py
[2024-10-21T05:35:11.806+0000] {logging_mixin.py:190} INFO - [2024-10-21T05:35:11.805+0000] {dag.py:3239} INFO - Sync 2 DAGs
[2024-10-21T05:35:11.836+0000] {logging_mixin.py:190} INFO - [2024-10-21T05:35:11.836+0000] {dag.py:4180} INFO - Setting next_dagrun for example_xcom_args to None, run_after=None
[2024-10-21T05:35:11.844+0000] {logging_mixin.py:190} INFO - [2024-10-21T05:35:11.843+0000] {dag.py:4180} INFO - Setting next_dagrun for example_xcom_args_with_operators to None, run_after=None
[2024-10-21T05:35:11.871+0000] {processor.py:208} INFO - Processing /home/airflow/.local/lib/python3.12/site-packages/airflow/example_dags/example_xcomargs.py took 0.160 seconds
[2024-10-21T05:35:42.303+0000] {processor.py:186} INFO - Started process (PID=1122) to work on /home/airflow/.local/lib/python3.12/site-packages/airflow/example_dags/example_xcomargs.py
[2024-10-21T05:35:42.305+0000] {processor.py:914} INFO - Processing file /home/airflow/.local/lib/python3.12/site-packages/airflow/example_dags/example_xcomargs.py for tasks to queue
[2024-10-21T05:35:42.307+0000] {logging_mixin.py:190} INFO - [2024-10-21T05:35:42.306+0000] {dagbag.py:588} INFO - Filling up the DagBag from /home/airflow/.local/lib/python3.12/site-packages/airflow/example_dags/example_xcomargs.py
[2024-10-21T05:35:42.328+0000] {processor.py:925} INFO - DAG(s) 'example_xcom_args_with_operators', 'example_xcom_args' retrieved from /home/airflow/.local/lib/python3.12/site-packages/airflow/example_dags/example_xcomargs.py
[2024-10-21T05:35:42.368+0000] {logging_mixin.py:190} INFO - [2024-10-21T05:35:42.368+0000] {dag.py:3239} INFO - Sync 2 DAGs
[2024-10-21T05:35:42.396+0000] {logging_mixin.py:190} INFO - [2024-10-21T05:35:42.396+0000] {dag.py:4180} INFO - Setting next_dagrun for example_xcom_args to None, run_after=None
[2024-10-21T05:35:42.404+0000] {logging_mixin.py:190} INFO - [2024-10-21T05:35:42.404+0000] {dag.py:4180} INFO - Setting next_dagrun for example_xcom_args_with_operators to None, run_after=None
[2024-10-21T05:35:42.433+0000] {processor.py:208} INFO - Processing /home/airflow/.local/lib/python3.12/site-packages/airflow/example_dags/example_xcomargs.py took 0.140 seconds
[2024-10-21T05:36:13.095+0000] {processor.py:186} INFO - Started process (PID=1183) to work on /home/airflow/.local/lib/python3.12/site-packages/airflow/example_dags/example_xcomargs.py
[2024-10-21T05:36:13.096+0000] {processor.py:914} INFO - Processing file /home/airflow/.local/lib/python3.12/site-packages/airflow/example_dags/example_xcomargs.py for tasks to queue
[2024-10-21T05:36:13.099+0000] {logging_mixin.py:190} INFO - [2024-10-21T05:36:13.098+0000] {dagbag.py:588} INFO - Filling up the DagBag from /home/airflow/.local/lib/python3.12/site-packages/airflow/example_dags/example_xcomargs.py
[2024-10-21T05:36:13.114+0000] {processor.py:925} INFO - DAG(s) 'example_xcom_args_with_operators', 'example_xcom_args' retrieved from /home/airflow/.local/lib/python3.12/site-packages/airflow/example_dags/example_xcomargs.py
[2024-10-21T05:36:13.148+0000] {logging_mixin.py:190} INFO - [2024-10-21T05:36:13.148+0000] {dag.py:3239} INFO - Sync 2 DAGs
[2024-10-21T05:36:13.172+0000] {logging_mixin.py:190} INFO - [2024-10-21T05:36:13.172+0000] {dag.py:4180} INFO - Setting next_dagrun for example_xcom_args to None, run_after=None
[2024-10-21T05:36:13.179+0000] {logging_mixin.py:190} INFO - [2024-10-21T05:36:13.179+0000] {dag.py:4180} INFO - Setting next_dagrun for example_xcom_args_with_operators to None, run_after=None
[2024-10-21T05:36:13.203+0000] {processor.py:208} INFO - Processing /home/airflow/.local/lib/python3.12/site-packages/airflow/example_dags/example_xcomargs.py took 0.117 seconds
[2024-10-21T05:36:43.600+0000] {processor.py:186} INFO - Started process (PID=1243) to work on /home/airflow/.local/lib/python3.12/site-packages/airflow/example_dags/example_xcomargs.py
[2024-10-21T05:36:43.602+0000] {processor.py:914} INFO - Processing file /home/airflow/.local/lib/python3.12/site-packages/airflow/example_dags/example_xcomargs.py for tasks to queue
[2024-10-21T05:36:43.604+0000] {logging_mixin.py:190} INFO - [2024-10-21T05:36:43.604+0000] {dagbag.py:588} INFO - Filling up the DagBag from /home/airflow/.local/lib/python3.12/site-packages/airflow/example_dags/example_xcomargs.py
[2024-10-21T05:36:43.618+0000] {processor.py:925} INFO - DAG(s) 'example_xcom_args', 'example_xcom_args_with_operators' retrieved from /home/airflow/.local/lib/python3.12/site-packages/airflow/example_dags/example_xcomargs.py
[2024-10-21T05:36:43.654+0000] {logging_mixin.py:190} INFO - [2024-10-21T05:36:43.654+0000] {dag.py:3239} INFO - Sync 2 DAGs
[2024-10-21T05:36:43.678+0000] {logging_mixin.py:190} INFO - [2024-10-21T05:36:43.678+0000] {dag.py:4180} INFO - Setting next_dagrun for example_xcom_args to None, run_after=None
[2024-10-21T05:36:43.684+0000] {logging_mixin.py:190} INFO - [2024-10-21T05:36:43.683+0000] {dag.py:4180} INFO - Setting next_dagrun for example_xcom_args_with_operators to None, run_after=None
[2024-10-21T05:36:43.709+0000] {processor.py:208} INFO - Processing /home/airflow/.local/lib/python3.12/site-packages/airflow/example_dags/example_xcomargs.py took 0.117 seconds
[2024-10-21T11:54:53.272+0000] {processor.py:186} INFO - Started process (PID=78) to work on /home/airflow/.local/lib/python3.12/site-packages/airflow/example_dags/example_xcomargs.py
[2024-10-21T11:54:53.310+0000] {processor.py:914} INFO - Processing file /home/airflow/.local/lib/python3.12/site-packages/airflow/example_dags/example_xcomargs.py for tasks to queue
[2024-10-21T11:54:53.350+0000] {logging_mixin.py:190} INFO - [2024-10-21T11:54:53.349+0000] {dagbag.py:588} INFO - Filling up the DagBag from /home/airflow/.local/lib/python3.12/site-packages/airflow/example_dags/example_xcomargs.py
[2024-10-21T11:54:53.454+0000] {processor.py:925} INFO - DAG(s) 'example_xcom_args', 'example_xcom_args_with_operators' retrieved from /home/airflow/.local/lib/python3.12/site-packages/airflow/example_dags/example_xcomargs.py
[2024-10-21T11:54:53.750+0000] {logging_mixin.py:190} INFO - [2024-10-21T11:54:53.749+0000] {dag.py:3239} INFO - Sync 2 DAGs
[2024-10-21T11:54:53.858+0000] {logging_mixin.py:190} INFO - [2024-10-21T11:54:53.857+0000] {dag.py:4180} INFO - Setting next_dagrun for example_xcom_args to None, run_after=None
[2024-10-21T11:54:53.871+0000] {logging_mixin.py:190} INFO - [2024-10-21T11:54:53.871+0000] {dag.py:4180} INFO - Setting next_dagrun for example_xcom_args_with_operators to None, run_after=None
[2024-10-21T11:54:54.135+0000] {processor.py:208} INFO - Processing /home/airflow/.local/lib/python3.12/site-packages/airflow/example_dags/example_xcomargs.py took 0.990 seconds
[2024-10-21T11:55:24.559+0000] {processor.py:186} INFO - Started process (PID=141) to work on /home/airflow/.local/lib/python3.12/site-packages/airflow/example_dags/example_xcomargs.py
[2024-10-21T11:55:24.582+0000] {processor.py:914} INFO - Processing file /home/airflow/.local/lib/python3.12/site-packages/airflow/example_dags/example_xcomargs.py for tasks to queue
[2024-10-21T11:55:24.584+0000] {logging_mixin.py:190} INFO - [2024-10-21T11:55:24.584+0000] {dagbag.py:588} INFO - Filling up the DagBag from /home/airflow/.local/lib/python3.12/site-packages/airflow/example_dags/example_xcomargs.py
[2024-10-21T11:55:24.637+0000] {processor.py:925} INFO - DAG(s) 'example_xcom_args_with_operators', 'example_xcom_args' retrieved from /home/airflow/.local/lib/python3.12/site-packages/airflow/example_dags/example_xcomargs.py
[2024-10-21T11:55:24.685+0000] {logging_mixin.py:190} INFO - [2024-10-21T11:55:24.684+0000] {dag.py:3239} INFO - Sync 2 DAGs
[2024-10-21T11:55:25.625+0000] {logging_mixin.py:190} INFO - [2024-10-21T11:55:25.625+0000] {dag.py:4180} INFO - Setting next_dagrun for example_xcom_args to None, run_after=None
[2024-10-21T11:55:25.631+0000] {logging_mixin.py:190} INFO - [2024-10-21T11:55:25.630+0000] {dag.py:4180} INFO - Setting next_dagrun for example_xcom_args_with_operators to None, run_after=None
[2024-10-21T11:55:25.647+0000] {processor.py:208} INFO - Processing /home/airflow/.local/lib/python3.12/site-packages/airflow/example_dags/example_xcomargs.py took 1.094 seconds
