[2024-10-21T03:08:42.054+0000] {processor.py:186} INFO - Started process (PID=333) to work on /home/airflow/.local/lib/python3.12/site-packages/airflow/example_dags/example_inlet_event_extra.py
[2024-10-21T03:08:42.055+0000] {processor.py:914} INFO - Processing file /home/airflow/.local/lib/python3.12/site-packages/airflow/example_dags/example_inlet_event_extra.py for tasks to queue
[2024-10-21T03:08:42.058+0000] {logging_mixin.py:190} INFO - [2024-10-21T03:08:42.057+0000] {dagbag.py:588} INFO - Filling up the DagBag from /home/airflow/.local/lib/python3.12/site-packages/airflow/example_dags/example_inlet_event_extra.py
[2024-10-21T03:08:42.186+0000] {processor.py:925} INFO - DAG(s) 'read_dataset_event_from_classic', 'read_dataset_event' retrieved from /home/airflow/.local/lib/python3.12/site-packages/airflow/example_dags/example_inlet_event_extra.py
[2024-10-21T03:08:42.287+0000] {logging_mixin.py:190} INFO - [2024-10-21T03:08:42.286+0000] {override.py:1900} INFO - Created Permission View: can delete on DAG:read_dataset_event_from_classic
[2024-10-21T03:08:42.296+0000] {logging_mixin.py:190} INFO - [2024-10-21T03:08:42.295+0000] {override.py:1900} INFO - Created Permission View: can read on DAG:read_dataset_event_from_classic
[2024-10-21T03:08:42.301+0000] {logging_mixin.py:190} INFO - [2024-10-21T03:08:42.301+0000] {override.py:1900} INFO - Created Permission View: can edit on DAG:read_dataset_event_from_classic
[2024-10-21T03:08:42.308+0000] {logging_mixin.py:190} INFO - [2024-10-21T03:08:42.307+0000] {override.py:1900} INFO - Created Permission View: menu access on DAG Run:read_dataset_event_from_classic
[2024-10-21T03:08:42.314+0000] {logging_mixin.py:190} INFO - [2024-10-21T03:08:42.314+0000] {override.py:1900} INFO - Created Permission View: can delete on DAG Run:read_dataset_event_from_classic
[2024-10-21T03:08:42.320+0000] {logging_mixin.py:190} INFO - [2024-10-21T03:08:42.320+0000] {override.py:1900} INFO - Created Permission View: can read on DAG Run:read_dataset_event_from_classic
[2024-10-21T03:08:42.326+0000] {logging_mixin.py:190} INFO - [2024-10-21T03:08:42.325+0000] {override.py:1900} INFO - Created Permission View: can create on DAG Run:read_dataset_event_from_classic
[2024-10-21T03:08:42.338+0000] {logging_mixin.py:190} INFO - [2024-10-21T03:08:42.337+0000] {override.py:1900} INFO - Created Permission View: can delete on DAG:read_dataset_event
[2024-10-21T03:08:42.345+0000] {logging_mixin.py:190} INFO - [2024-10-21T03:08:42.344+0000] {override.py:1900} INFO - Created Permission View: can read on DAG:read_dataset_event
[2024-10-21T03:08:42.351+0000] {logging_mixin.py:190} INFO - [2024-10-21T03:08:42.351+0000] {override.py:1900} INFO - Created Permission View: can edit on DAG:read_dataset_event
[2024-10-21T03:08:42.358+0000] {logging_mixin.py:190} INFO - [2024-10-21T03:08:42.357+0000] {override.py:1900} INFO - Created Permission View: menu access on DAG Run:read_dataset_event
[2024-10-21T03:08:42.364+0000] {logging_mixin.py:190} INFO - [2024-10-21T03:08:42.364+0000] {override.py:1900} INFO - Created Permission View: can delete on DAG Run:read_dataset_event
[2024-10-21T03:08:42.371+0000] {logging_mixin.py:190} INFO - [2024-10-21T03:08:42.370+0000] {override.py:1900} INFO - Created Permission View: can read on DAG Run:read_dataset_event
[2024-10-21T03:08:42.377+0000] {logging_mixin.py:190} INFO - [2024-10-21T03:08:42.377+0000] {override.py:1900} INFO - Created Permission View: can create on DAG Run:read_dataset_event
[2024-10-21T03:08:42.378+0000] {logging_mixin.py:190} INFO - [2024-10-21T03:08:42.377+0000] {dag.py:3239} INFO - Sync 2 DAGs
[2024-10-21T03:08:42.388+0000] {logging_mixin.py:190} INFO - [2024-10-21T03:08:42.388+0000] {dag.py:3262} INFO - Creating ORM DAG for read_dataset_event_from_classic
[2024-10-21T03:08:42.389+0000] {logging_mixin.py:190} INFO - [2024-10-21T03:08:42.389+0000] {dag.py:3262} INFO - Creating ORM DAG for read_dataset_event
[2024-10-21T03:08:42.397+0000] {logging_mixin.py:190} INFO - [2024-10-21T03:08:42.397+0000] {dag.py:4180} INFO - Setting next_dagrun for read_dataset_event to 2024-10-20 00:00:00+00:00, run_after=2024-10-21 00:00:00+00:00
[2024-10-21T03:08:42.399+0000] {logging_mixin.py:190} INFO - [2024-10-21T03:08:42.399+0000] {dag.py:4180} INFO - Setting next_dagrun for read_dataset_event_from_classic to 2024-10-20 00:00:00+00:00, run_after=2024-10-21 00:00:00+00:00
[2024-10-21T03:08:42.416+0000] {processor.py:208} INFO - Processing /home/airflow/.local/lib/python3.12/site-packages/airflow/example_dags/example_inlet_event_extra.py took 0.369 seconds
[2024-10-21T03:09:12.502+0000] {processor.py:186} INFO - Started process (PID=395) to work on /home/airflow/.local/lib/python3.12/site-packages/airflow/example_dags/example_inlet_event_extra.py
[2024-10-21T03:09:12.505+0000] {processor.py:914} INFO - Processing file /home/airflow/.local/lib/python3.12/site-packages/airflow/example_dags/example_inlet_event_extra.py for tasks to queue
[2024-10-21T03:09:12.509+0000] {logging_mixin.py:190} INFO - [2024-10-21T03:09:12.509+0000] {dagbag.py:588} INFO - Filling up the DagBag from /home/airflow/.local/lib/python3.12/site-packages/airflow/example_dags/example_inlet_event_extra.py
[2024-10-21T03:09:12.995+0000] {processor.py:925} INFO - DAG(s) 'read_dataset_event_from_classic', 'read_dataset_event' retrieved from /home/airflow/.local/lib/python3.12/site-packages/airflow/example_dags/example_inlet_event_extra.py
[2024-10-21T03:09:13.290+0000] {logging_mixin.py:190} INFO - [2024-10-21T03:09:13.289+0000] {dag.py:3239} INFO - Sync 2 DAGs
[2024-10-21T03:09:13.354+0000] {logging_mixin.py:190} INFO - [2024-10-21T03:09:13.354+0000] {dag.py:4180} INFO - Setting next_dagrun for read_dataset_event to 2024-10-20 00:00:00+00:00, run_after=2024-10-21 00:00:00+00:00
[2024-10-21T03:09:13.365+0000] {logging_mixin.py:190} INFO - [2024-10-21T03:09:13.365+0000] {dag.py:4180} INFO - Setting next_dagrun for read_dataset_event_from_classic to 2024-10-20 00:00:00+00:00, run_after=2024-10-21 00:00:00+00:00
[2024-10-21T03:09:13.404+0000] {processor.py:208} INFO - Processing /home/airflow/.local/lib/python3.12/site-packages/airflow/example_dags/example_inlet_event_extra.py took 0.917 seconds
[2024-10-21T03:09:43.879+0000] {processor.py:186} INFO - Started process (PID=458) to work on /home/airflow/.local/lib/python3.12/site-packages/airflow/example_dags/example_inlet_event_extra.py
[2024-10-21T03:09:43.880+0000] {processor.py:914} INFO - Processing file /home/airflow/.local/lib/python3.12/site-packages/airflow/example_dags/example_inlet_event_extra.py for tasks to queue
[2024-10-21T03:09:43.882+0000] {logging_mixin.py:190} INFO - [2024-10-21T03:09:43.882+0000] {dagbag.py:588} INFO - Filling up the DagBag from /home/airflow/.local/lib/python3.12/site-packages/airflow/example_dags/example_inlet_event_extra.py
[2024-10-21T03:09:44.090+0000] {processor.py:925} INFO - DAG(s) 'read_dataset_event_from_classic', 'read_dataset_event' retrieved from /home/airflow/.local/lib/python3.12/site-packages/airflow/example_dags/example_inlet_event_extra.py
[2024-10-21T03:09:44.143+0000] {logging_mixin.py:190} INFO - [2024-10-21T03:09:44.142+0000] {dag.py:3239} INFO - Sync 2 DAGs
[2024-10-21T03:09:44.177+0000] {logging_mixin.py:190} INFO - [2024-10-21T03:09:44.177+0000] {dag.py:4180} INFO - Setting next_dagrun for read_dataset_event to 2024-10-20 00:00:00+00:00, run_after=2024-10-21 00:00:00+00:00
[2024-10-21T03:09:44.185+0000] {logging_mixin.py:190} INFO - [2024-10-21T03:09:44.184+0000] {dag.py:4180} INFO - Setting next_dagrun for read_dataset_event_from_classic to 2024-10-20 00:00:00+00:00, run_after=2024-10-21 00:00:00+00:00
[2024-10-21T03:09:44.223+0000] {processor.py:208} INFO - Processing /home/airflow/.local/lib/python3.12/site-packages/airflow/example_dags/example_inlet_event_extra.py took 0.349 seconds
[2024-10-21T03:10:14.890+0000] {processor.py:186} INFO - Started process (PID=520) to work on /home/airflow/.local/lib/python3.12/site-packages/airflow/example_dags/example_inlet_event_extra.py
[2024-10-21T03:10:14.891+0000] {processor.py:914} INFO - Processing file /home/airflow/.local/lib/python3.12/site-packages/airflow/example_dags/example_inlet_event_extra.py for tasks to queue
[2024-10-21T03:10:14.894+0000] {logging_mixin.py:190} INFO - [2024-10-21T03:10:14.894+0000] {dagbag.py:588} INFO - Filling up the DagBag from /home/airflow/.local/lib/python3.12/site-packages/airflow/example_dags/example_inlet_event_extra.py
[2024-10-21T03:10:15.019+0000] {processor.py:925} INFO - DAG(s) 'read_dataset_event', 'read_dataset_event_from_classic' retrieved from /home/airflow/.local/lib/python3.12/site-packages/airflow/example_dags/example_inlet_event_extra.py
[2024-10-21T03:10:15.039+0000] {logging_mixin.py:190} INFO - [2024-10-21T03:10:15.039+0000] {dag.py:3239} INFO - Sync 2 DAGs
[2024-10-21T03:10:15.058+0000] {logging_mixin.py:190} INFO - [2024-10-21T03:10:15.058+0000] {dag.py:4180} INFO - Setting next_dagrun for read_dataset_event to 2024-10-20 00:00:00+00:00, run_after=2024-10-21 00:00:00+00:00
[2024-10-21T03:10:15.063+0000] {logging_mixin.py:190} INFO - [2024-10-21T03:10:15.063+0000] {dag.py:4180} INFO - Setting next_dagrun for read_dataset_event_from_classic to 2024-10-20 00:00:00+00:00, run_after=2024-10-21 00:00:00+00:00
[2024-10-21T03:10:15.079+0000] {processor.py:208} INFO - Processing /home/airflow/.local/lib/python3.12/site-packages/airflow/example_dags/example_inlet_event_extra.py took 0.194 seconds
[2024-10-21T03:10:45.239+0000] {processor.py:186} INFO - Started process (PID=582) to work on /home/airflow/.local/lib/python3.12/site-packages/airflow/example_dags/example_inlet_event_extra.py
[2024-10-21T03:10:45.241+0000] {processor.py:914} INFO - Processing file /home/airflow/.local/lib/python3.12/site-packages/airflow/example_dags/example_inlet_event_extra.py for tasks to queue
[2024-10-21T03:10:45.243+0000] {logging_mixin.py:190} INFO - [2024-10-21T03:10:45.243+0000] {dagbag.py:588} INFO - Filling up the DagBag from /home/airflow/.local/lib/python3.12/site-packages/airflow/example_dags/example_inlet_event_extra.py
[2024-10-21T03:10:45.391+0000] {processor.py:925} INFO - DAG(s) 'read_dataset_event', 'read_dataset_event_from_classic' retrieved from /home/airflow/.local/lib/python3.12/site-packages/airflow/example_dags/example_inlet_event_extra.py
[2024-10-21T03:10:45.417+0000] {logging_mixin.py:190} INFO - [2024-10-21T03:10:45.417+0000] {dag.py:3239} INFO - Sync 2 DAGs
[2024-10-21T03:10:45.443+0000] {logging_mixin.py:190} INFO - [2024-10-21T03:10:45.442+0000] {dag.py:4180} INFO - Setting next_dagrun for read_dataset_event to 2024-10-20 00:00:00+00:00, run_after=2024-10-21 00:00:00+00:00
[2024-10-21T03:10:45.448+0000] {logging_mixin.py:190} INFO - [2024-10-21T03:10:45.447+0000] {dag.py:4180} INFO - Setting next_dagrun for read_dataset_event_from_classic to 2024-10-20 00:00:00+00:00, run_after=2024-10-21 00:00:00+00:00
[2024-10-21T03:10:45.466+0000] {processor.py:208} INFO - Processing /home/airflow/.local/lib/python3.12/site-packages/airflow/example_dags/example_inlet_event_extra.py took 0.232 seconds
[2024-10-21T03:11:15.622+0000] {processor.py:186} INFO - Started process (PID=644) to work on /home/airflow/.local/lib/python3.12/site-packages/airflow/example_dags/example_inlet_event_extra.py
[2024-10-21T03:11:15.623+0000] {processor.py:914} INFO - Processing file /home/airflow/.local/lib/python3.12/site-packages/airflow/example_dags/example_inlet_event_extra.py for tasks to queue
[2024-10-21T03:11:15.625+0000] {logging_mixin.py:190} INFO - [2024-10-21T03:11:15.625+0000] {dagbag.py:588} INFO - Filling up the DagBag from /home/airflow/.local/lib/python3.12/site-packages/airflow/example_dags/example_inlet_event_extra.py
[2024-10-21T03:11:15.763+0000] {processor.py:925} INFO - DAG(s) 'read_dataset_event_from_classic', 'read_dataset_event' retrieved from /home/airflow/.local/lib/python3.12/site-packages/airflow/example_dags/example_inlet_event_extra.py
[2024-10-21T03:11:15.782+0000] {logging_mixin.py:190} INFO - [2024-10-21T03:11:15.782+0000] {dag.py:3239} INFO - Sync 2 DAGs
[2024-10-21T03:11:15.809+0000] {logging_mixin.py:190} INFO - [2024-10-21T03:11:15.808+0000] {dag.py:4180} INFO - Setting next_dagrun for read_dataset_event to 2024-10-20 00:00:00+00:00, run_after=2024-10-21 00:00:00+00:00
[2024-10-21T03:11:15.821+0000] {logging_mixin.py:190} INFO - [2024-10-21T03:11:15.821+0000] {dag.py:4180} INFO - Setting next_dagrun for read_dataset_event_from_classic to 2024-10-20 00:00:00+00:00, run_after=2024-10-21 00:00:00+00:00
[2024-10-21T03:11:15.846+0000] {processor.py:208} INFO - Processing /home/airflow/.local/lib/python3.12/site-packages/airflow/example_dags/example_inlet_event_extra.py took 0.229 seconds
[2024-10-21T03:11:46.652+0000] {processor.py:186} INFO - Started process (PID=707) to work on /home/airflow/.local/lib/python3.12/site-packages/airflow/example_dags/example_inlet_event_extra.py
[2024-10-21T03:11:46.653+0000] {processor.py:914} INFO - Processing file /home/airflow/.local/lib/python3.12/site-packages/airflow/example_dags/example_inlet_event_extra.py for tasks to queue
[2024-10-21T03:11:46.655+0000] {logging_mixin.py:190} INFO - [2024-10-21T03:11:46.655+0000] {dagbag.py:588} INFO - Filling up the DagBag from /home/airflow/.local/lib/python3.12/site-packages/airflow/example_dags/example_inlet_event_extra.py
[2024-10-21T03:11:46.860+0000] {processor.py:925} INFO - DAG(s) 'read_dataset_event', 'read_dataset_event_from_classic' retrieved from /home/airflow/.local/lib/python3.12/site-packages/airflow/example_dags/example_inlet_event_extra.py
[2024-10-21T03:11:46.885+0000] {logging_mixin.py:190} INFO - [2024-10-21T03:11:46.885+0000] {dag.py:3239} INFO - Sync 2 DAGs
[2024-10-21T03:11:46.908+0000] {logging_mixin.py:190} INFO - [2024-10-21T03:11:46.908+0000] {dag.py:4180} INFO - Setting next_dagrun for read_dataset_event to 2024-10-20 00:00:00+00:00, run_after=2024-10-21 00:00:00+00:00
[2024-10-21T03:11:46.913+0000] {logging_mixin.py:190} INFO - [2024-10-21T03:11:46.913+0000] {dag.py:4180} INFO - Setting next_dagrun for read_dataset_event_from_classic to 2024-10-20 00:00:00+00:00, run_after=2024-10-21 00:00:00+00:00
[2024-10-21T03:11:46.934+0000] {processor.py:208} INFO - Processing /home/airflow/.local/lib/python3.12/site-packages/airflow/example_dags/example_inlet_event_extra.py took 0.290 seconds
[2024-10-21T05:26:32.425+0000] {processor.py:186} INFO - Started process (PID=118) to work on /home/airflow/.local/lib/python3.12/site-packages/airflow/example_dags/example_inlet_event_extra.py
[2024-10-21T05:26:32.427+0000] {processor.py:914} INFO - Processing file /home/airflow/.local/lib/python3.12/site-packages/airflow/example_dags/example_inlet_event_extra.py for tasks to queue
[2024-10-21T05:26:32.430+0000] {logging_mixin.py:190} INFO - [2024-10-21T05:26:32.430+0000] {dagbag.py:588} INFO - Filling up the DagBag from /home/airflow/.local/lib/python3.12/site-packages/airflow/example_dags/example_inlet_event_extra.py
[2024-10-21T05:26:32.645+0000] {processor.py:925} INFO - DAG(s) 'read_dataset_event_from_classic', 'read_dataset_event' retrieved from /home/airflow/.local/lib/python3.12/site-packages/airflow/example_dags/example_inlet_event_extra.py
[2024-10-21T05:26:32.679+0000] {logging_mixin.py:190} INFO - [2024-10-21T05:26:32.679+0000] {dag.py:3239} INFO - Sync 2 DAGs
[2024-10-21T05:26:32.717+0000] {logging_mixin.py:190} INFO - [2024-10-21T05:26:32.716+0000] {dag.py:4180} INFO - Setting next_dagrun for read_dataset_event to 2024-10-20 00:00:00+00:00, run_after=2024-10-21 00:00:00+00:00
[2024-10-21T05:26:32.724+0000] {logging_mixin.py:190} INFO - [2024-10-21T05:26:32.724+0000] {dag.py:4180} INFO - Setting next_dagrun for read_dataset_event_from_classic to 2024-10-20 00:00:00+00:00, run_after=2024-10-21 00:00:00+00:00
[2024-10-21T05:26:32.749+0000] {processor.py:208} INFO - Processing /home/airflow/.local/lib/python3.12/site-packages/airflow/example_dags/example_inlet_event_extra.py took 0.336 seconds
[2024-10-21T05:27:03.550+0000] {processor.py:186} INFO - Started process (PID=180) to work on /home/airflow/.local/lib/python3.12/site-packages/airflow/example_dags/example_inlet_event_extra.py
[2024-10-21T05:27:03.552+0000] {processor.py:914} INFO - Processing file /home/airflow/.local/lib/python3.12/site-packages/airflow/example_dags/example_inlet_event_extra.py for tasks to queue
[2024-10-21T05:27:03.557+0000] {logging_mixin.py:190} INFO - [2024-10-21T05:27:03.557+0000] {dagbag.py:588} INFO - Filling up the DagBag from /home/airflow/.local/lib/python3.12/site-packages/airflow/example_dags/example_inlet_event_extra.py
[2024-10-21T05:27:03.757+0000] {processor.py:925} INFO - DAG(s) 'read_dataset_event', 'read_dataset_event_from_classic' retrieved from /home/airflow/.local/lib/python3.12/site-packages/airflow/example_dags/example_inlet_event_extra.py
[2024-10-21T05:27:03.793+0000] {logging_mixin.py:190} INFO - [2024-10-21T05:27:03.793+0000] {dag.py:3239} INFO - Sync 2 DAGs
[2024-10-21T05:27:03.834+0000] {logging_mixin.py:190} INFO - [2024-10-21T05:27:03.833+0000] {dag.py:4180} INFO - Setting next_dagrun for read_dataset_event to 2024-10-20 00:00:00+00:00, run_after=2024-10-21 00:00:00+00:00
[2024-10-21T05:27:03.844+0000] {logging_mixin.py:190} INFO - [2024-10-21T05:27:03.844+0000] {dag.py:4180} INFO - Setting next_dagrun for read_dataset_event_from_classic to 2024-10-20 00:00:00+00:00, run_after=2024-10-21 00:00:00+00:00
[2024-10-21T05:27:03.876+0000] {processor.py:208} INFO - Processing /home/airflow/.local/lib/python3.12/site-packages/airflow/example_dags/example_inlet_event_extra.py took 0.339 seconds
[2024-10-21T05:27:34.590+0000] {processor.py:186} INFO - Started process (PID=242) to work on /home/airflow/.local/lib/python3.12/site-packages/airflow/example_dags/example_inlet_event_extra.py
[2024-10-21T05:27:34.591+0000] {processor.py:914} INFO - Processing file /home/airflow/.local/lib/python3.12/site-packages/airflow/example_dags/example_inlet_event_extra.py for tasks to queue
[2024-10-21T05:27:34.596+0000] {logging_mixin.py:190} INFO - [2024-10-21T05:27:34.595+0000] {dagbag.py:588} INFO - Filling up the DagBag from /home/airflow/.local/lib/python3.12/site-packages/airflow/example_dags/example_inlet_event_extra.py
[2024-10-21T05:27:34.822+0000] {processor.py:925} INFO - DAG(s) 'read_dataset_event_from_classic', 'read_dataset_event' retrieved from /home/airflow/.local/lib/python3.12/site-packages/airflow/example_dags/example_inlet_event_extra.py
[2024-10-21T05:27:34.854+0000] {logging_mixin.py:190} INFO - [2024-10-21T05:27:34.854+0000] {dag.py:3239} INFO - Sync 2 DAGs
[2024-10-21T05:27:34.910+0000] {logging_mixin.py:190} INFO - [2024-10-21T05:27:34.909+0000] {dag.py:4180} INFO - Setting next_dagrun for read_dataset_event to 2024-10-20 00:00:00+00:00, run_after=2024-10-21 00:00:00+00:00
[2024-10-21T05:27:34.923+0000] {logging_mixin.py:190} INFO - [2024-10-21T05:27:34.922+0000] {dag.py:4180} INFO - Setting next_dagrun for read_dataset_event_from_classic to 2024-10-20 00:00:00+00:00, run_after=2024-10-21 00:00:00+00:00
[2024-10-21T05:27:34.957+0000] {processor.py:208} INFO - Processing /home/airflow/.local/lib/python3.12/site-packages/airflow/example_dags/example_inlet_event_extra.py took 0.378 seconds
[2024-10-21T05:29:06.129+0000] {processor.py:186} INFO - Started process (PID=334) to work on /home/airflow/.local/lib/python3.12/site-packages/airflow/example_dags/example_inlet_event_extra.py
[2024-10-21T05:29:06.133+0000] {processor.py:914} INFO - Processing file /home/airflow/.local/lib/python3.12/site-packages/airflow/example_dags/example_inlet_event_extra.py for tasks to queue
[2024-10-21T05:29:06.141+0000] {logging_mixin.py:190} INFO - [2024-10-21T05:29:06.139+0000] {dagbag.py:588} INFO - Filling up the DagBag from /home/airflow/.local/lib/python3.12/site-packages/airflow/example_dags/example_inlet_event_extra.py
[2024-10-21T05:29:06.504+0000] {processor.py:925} INFO - DAG(s) 'read_dataset_event_from_classic', 'read_dataset_event' retrieved from /home/airflow/.local/lib/python3.12/site-packages/airflow/example_dags/example_inlet_event_extra.py
[2024-10-21T05:29:06.589+0000] {logging_mixin.py:190} INFO - [2024-10-21T05:29:06.588+0000] {dag.py:3239} INFO - Sync 2 DAGs
[2024-10-21T05:29:06.667+0000] {logging_mixin.py:190} INFO - [2024-10-21T05:29:06.666+0000] {dag.py:4180} INFO - Setting next_dagrun for read_dataset_event to 2024-10-20 00:00:00+00:00, run_after=2024-10-21 00:00:00+00:00
[2024-10-21T05:29:06.684+0000] {logging_mixin.py:190} INFO - [2024-10-21T05:29:06.684+0000] {dag.py:4180} INFO - Setting next_dagrun for read_dataset_event_from_classic to 2024-10-20 00:00:00+00:00, run_after=2024-10-21 00:00:00+00:00
[2024-10-21T05:29:06.762+0000] {processor.py:208} INFO - Processing /home/airflow/.local/lib/python3.12/site-packages/airflow/example_dags/example_inlet_event_extra.py took 0.646 seconds
[2024-10-21T05:29:37.426+0000] {processor.py:186} INFO - Started process (PID=397) to work on /home/airflow/.local/lib/python3.12/site-packages/airflow/example_dags/example_inlet_event_extra.py
[2024-10-21T05:29:37.428+0000] {processor.py:914} INFO - Processing file /home/airflow/.local/lib/python3.12/site-packages/airflow/example_dags/example_inlet_event_extra.py for tasks to queue
[2024-10-21T05:29:37.431+0000] {logging_mixin.py:190} INFO - [2024-10-21T05:29:37.430+0000] {dagbag.py:588} INFO - Filling up the DagBag from /home/airflow/.local/lib/python3.12/site-packages/airflow/example_dags/example_inlet_event_extra.py
[2024-10-21T05:29:37.716+0000] {processor.py:925} INFO - DAG(s) 'read_dataset_event_from_classic', 'read_dataset_event' retrieved from /home/airflow/.local/lib/python3.12/site-packages/airflow/example_dags/example_inlet_event_extra.py
[2024-10-21T05:29:37.776+0000] {logging_mixin.py:190} INFO - [2024-10-21T05:29:37.776+0000] {dag.py:3239} INFO - Sync 2 DAGs
[2024-10-21T05:29:37.828+0000] {logging_mixin.py:190} INFO - [2024-10-21T05:29:37.827+0000] {dag.py:4180} INFO - Setting next_dagrun for read_dataset_event to 2024-10-20 00:00:00+00:00, run_after=2024-10-21 00:00:00+00:00
[2024-10-21T05:29:37.839+0000] {logging_mixin.py:190} INFO - [2024-10-21T05:29:37.839+0000] {dag.py:4180} INFO - Setting next_dagrun for read_dataset_event_from_classic to 2024-10-20 00:00:00+00:00, run_after=2024-10-21 00:00:00+00:00
[2024-10-21T05:29:37.876+0000] {processor.py:208} INFO - Processing /home/airflow/.local/lib/python3.12/site-packages/airflow/example_dags/example_inlet_event_extra.py took 0.465 seconds
[2024-10-21T05:30:08.754+0000] {processor.py:186} INFO - Started process (PID=459) to work on /home/airflow/.local/lib/python3.12/site-packages/airflow/example_dags/example_inlet_event_extra.py
[2024-10-21T05:30:08.758+0000] {processor.py:914} INFO - Processing file /home/airflow/.local/lib/python3.12/site-packages/airflow/example_dags/example_inlet_event_extra.py for tasks to queue
[2024-10-21T05:30:08.761+0000] {logging_mixin.py:190} INFO - [2024-10-21T05:30:08.760+0000] {dagbag.py:588} INFO - Filling up the DagBag from /home/airflow/.local/lib/python3.12/site-packages/airflow/example_dags/example_inlet_event_extra.py
[2024-10-21T05:30:09.028+0000] {processor.py:925} INFO - DAG(s) 'read_dataset_event_from_classic', 'read_dataset_event' retrieved from /home/airflow/.local/lib/python3.12/site-packages/airflow/example_dags/example_inlet_event_extra.py
[2024-10-21T05:30:09.081+0000] {logging_mixin.py:190} INFO - [2024-10-21T05:30:09.081+0000] {dag.py:3239} INFO - Sync 2 DAGs
[2024-10-21T05:30:09.137+0000] {logging_mixin.py:190} INFO - [2024-10-21T05:30:09.136+0000] {dag.py:4180} INFO - Setting next_dagrun for read_dataset_event to 2024-10-20 00:00:00+00:00, run_after=2024-10-21 00:00:00+00:00
[2024-10-21T05:30:09.145+0000] {logging_mixin.py:190} INFO - [2024-10-21T05:30:09.144+0000] {dag.py:4180} INFO - Setting next_dagrun for read_dataset_event_from_classic to 2024-10-20 00:00:00+00:00, run_after=2024-10-21 00:00:00+00:00
[2024-10-21T05:30:09.172+0000] {processor.py:208} INFO - Processing /home/airflow/.local/lib/python3.12/site-packages/airflow/example_dags/example_inlet_event_extra.py took 0.435 seconds
[2024-10-21T05:30:39.522+0000] {processor.py:186} INFO - Started process (PID=521) to work on /home/airflow/.local/lib/python3.12/site-packages/airflow/example_dags/example_inlet_event_extra.py
[2024-10-21T05:30:39.524+0000] {processor.py:914} INFO - Processing file /home/airflow/.local/lib/python3.12/site-packages/airflow/example_dags/example_inlet_event_extra.py for tasks to queue
[2024-10-21T05:30:39.527+0000] {logging_mixin.py:190} INFO - [2024-10-21T05:30:39.526+0000] {dagbag.py:588} INFO - Filling up the DagBag from /home/airflow/.local/lib/python3.12/site-packages/airflow/example_dags/example_inlet_event_extra.py
[2024-10-21T05:30:39.770+0000] {processor.py:925} INFO - DAG(s) 'read_dataset_event', 'read_dataset_event_from_classic' retrieved from /home/airflow/.local/lib/python3.12/site-packages/airflow/example_dags/example_inlet_event_extra.py
[2024-10-21T05:30:39.809+0000] {logging_mixin.py:190} INFO - [2024-10-21T05:30:39.808+0000] {dag.py:3239} INFO - Sync 2 DAGs
[2024-10-21T05:30:39.851+0000] {logging_mixin.py:190} INFO - [2024-10-21T05:30:39.851+0000] {dag.py:4180} INFO - Setting next_dagrun for read_dataset_event to 2024-10-20 00:00:00+00:00, run_after=2024-10-21 00:00:00+00:00
[2024-10-21T05:30:39.861+0000] {logging_mixin.py:190} INFO - [2024-10-21T05:30:39.861+0000] {dag.py:4180} INFO - Setting next_dagrun for read_dataset_event_from_classic to 2024-10-20 00:00:00+00:00, run_after=2024-10-21 00:00:00+00:00
[2024-10-21T05:30:39.886+0000] {processor.py:208} INFO - Processing /home/airflow/.local/lib/python3.12/site-packages/airflow/example_dags/example_inlet_event_extra.py took 0.375 seconds
[2024-10-21T05:31:10.632+0000] {processor.py:186} INFO - Started process (PID=583) to work on /home/airflow/.local/lib/python3.12/site-packages/airflow/example_dags/example_inlet_event_extra.py
[2024-10-21T05:31:10.634+0000] {processor.py:914} INFO - Processing file /home/airflow/.local/lib/python3.12/site-packages/airflow/example_dags/example_inlet_event_extra.py for tasks to queue
[2024-10-21T05:31:10.637+0000] {logging_mixin.py:190} INFO - [2024-10-21T05:31:10.636+0000] {dagbag.py:588} INFO - Filling up the DagBag from /home/airflow/.local/lib/python3.12/site-packages/airflow/example_dags/example_inlet_event_extra.py
[2024-10-21T05:31:10.847+0000] {processor.py:925} INFO - DAG(s) 'read_dataset_event', 'read_dataset_event_from_classic' retrieved from /home/airflow/.local/lib/python3.12/site-packages/airflow/example_dags/example_inlet_event_extra.py
[2024-10-21T05:31:10.884+0000] {logging_mixin.py:190} INFO - [2024-10-21T05:31:10.884+0000] {dag.py:3239} INFO - Sync 2 DAGs
[2024-10-21T05:31:10.929+0000] {logging_mixin.py:190} INFO - [2024-10-21T05:31:10.929+0000] {dag.py:4180} INFO - Setting next_dagrun for read_dataset_event to 2024-10-20 00:00:00+00:00, run_after=2024-10-21 00:00:00+00:00
[2024-10-21T05:31:10.939+0000] {logging_mixin.py:190} INFO - [2024-10-21T05:31:10.939+0000] {dag.py:4180} INFO - Setting next_dagrun for read_dataset_event_from_classic to 2024-10-20 00:00:00+00:00, run_after=2024-10-21 00:00:00+00:00
[2024-10-21T05:31:10.973+0000] {processor.py:208} INFO - Processing /home/airflow/.local/lib/python3.12/site-packages/airflow/example_dags/example_inlet_event_extra.py took 0.350 seconds
[2024-10-21T05:31:41.462+0000] {processor.py:186} INFO - Started process (PID=646) to work on /home/airflow/.local/lib/python3.12/site-packages/airflow/example_dags/example_inlet_event_extra.py
[2024-10-21T05:31:41.464+0000] {processor.py:914} INFO - Processing file /home/airflow/.local/lib/python3.12/site-packages/airflow/example_dags/example_inlet_event_extra.py for tasks to queue
[2024-10-21T05:31:41.466+0000] {logging_mixin.py:190} INFO - [2024-10-21T05:31:41.466+0000] {dagbag.py:588} INFO - Filling up the DagBag from /home/airflow/.local/lib/python3.12/site-packages/airflow/example_dags/example_inlet_event_extra.py
[2024-10-21T05:31:41.778+0000] {processor.py:925} INFO - DAG(s) 'read_dataset_event_from_classic', 'read_dataset_event' retrieved from /home/airflow/.local/lib/python3.12/site-packages/airflow/example_dags/example_inlet_event_extra.py
[2024-10-21T05:31:41.807+0000] {logging_mixin.py:190} INFO - [2024-10-21T05:31:41.807+0000] {dag.py:3239} INFO - Sync 2 DAGs
[2024-10-21T05:31:41.850+0000] {logging_mixin.py:190} INFO - [2024-10-21T05:31:41.850+0000] {dag.py:4180} INFO - Setting next_dagrun for read_dataset_event to 2024-10-20 00:00:00+00:00, run_after=2024-10-21 00:00:00+00:00
[2024-10-21T05:31:41.858+0000] {logging_mixin.py:190} INFO - [2024-10-21T05:31:41.857+0000] {dag.py:4180} INFO - Setting next_dagrun for read_dataset_event_from_classic to 2024-10-20 00:00:00+00:00, run_after=2024-10-21 00:00:00+00:00
[2024-10-21T05:31:41.887+0000] {processor.py:208} INFO - Processing /home/airflow/.local/lib/python3.12/site-packages/airflow/example_dags/example_inlet_event_extra.py took 0.439 seconds
[2024-10-21T05:32:12.161+0000] {processor.py:186} INFO - Started process (PID=708) to work on /home/airflow/.local/lib/python3.12/site-packages/airflow/example_dags/example_inlet_event_extra.py
[2024-10-21T05:32:12.162+0000] {processor.py:914} INFO - Processing file /home/airflow/.local/lib/python3.12/site-packages/airflow/example_dags/example_inlet_event_extra.py for tasks to queue
[2024-10-21T05:32:12.165+0000] {logging_mixin.py:190} INFO - [2024-10-21T05:32:12.164+0000] {dagbag.py:588} INFO - Filling up the DagBag from /home/airflow/.local/lib/python3.12/site-packages/airflow/example_dags/example_inlet_event_extra.py
[2024-10-21T05:32:12.399+0000] {processor.py:925} INFO - DAG(s) 'read_dataset_event', 'read_dataset_event_from_classic' retrieved from /home/airflow/.local/lib/python3.12/site-packages/airflow/example_dags/example_inlet_event_extra.py
[2024-10-21T05:32:12.442+0000] {logging_mixin.py:190} INFO - [2024-10-21T05:32:12.442+0000] {dag.py:3239} INFO - Sync 2 DAGs
[2024-10-21T05:32:12.500+0000] {logging_mixin.py:190} INFO - [2024-10-21T05:32:12.500+0000] {dag.py:4180} INFO - Setting next_dagrun for read_dataset_event to 2024-10-20 00:00:00+00:00, run_after=2024-10-21 00:00:00+00:00
[2024-10-21T05:32:12.515+0000] {logging_mixin.py:190} INFO - [2024-10-21T05:32:12.514+0000] {dag.py:4180} INFO - Setting next_dagrun for read_dataset_event_from_classic to 2024-10-20 00:00:00+00:00, run_after=2024-10-21 00:00:00+00:00
[2024-10-21T05:32:12.547+0000] {processor.py:208} INFO - Processing /home/airflow/.local/lib/python3.12/site-packages/airflow/example_dags/example_inlet_event_extra.py took 0.395 seconds
[2024-10-21T05:32:42.684+0000] {processor.py:186} INFO - Started process (PID=770) to work on /home/airflow/.local/lib/python3.12/site-packages/airflow/example_dags/example_inlet_event_extra.py
[2024-10-21T05:32:42.686+0000] {processor.py:914} INFO - Processing file /home/airflow/.local/lib/python3.12/site-packages/airflow/example_dags/example_inlet_event_extra.py for tasks to queue
[2024-10-21T05:32:42.688+0000] {logging_mixin.py:190} INFO - [2024-10-21T05:32:42.687+0000] {dagbag.py:588} INFO - Filling up the DagBag from /home/airflow/.local/lib/python3.12/site-packages/airflow/example_dags/example_inlet_event_extra.py
[2024-10-21T05:32:43.007+0000] {processor.py:925} INFO - DAG(s) 'read_dataset_event', 'read_dataset_event_from_classic' retrieved from /home/airflow/.local/lib/python3.12/site-packages/airflow/example_dags/example_inlet_event_extra.py
[2024-10-21T05:32:43.043+0000] {logging_mixin.py:190} INFO - [2024-10-21T05:32:43.042+0000] {dag.py:3239} INFO - Sync 2 DAGs
[2024-10-21T05:32:43.082+0000] {logging_mixin.py:190} INFO - [2024-10-21T05:32:43.082+0000] {dag.py:4180} INFO - Setting next_dagrun for read_dataset_event to 2024-10-20 00:00:00+00:00, run_after=2024-10-21 00:00:00+00:00
[2024-10-21T05:32:43.090+0000] {logging_mixin.py:190} INFO - [2024-10-21T05:32:43.089+0000] {dag.py:4180} INFO - Setting next_dagrun for read_dataset_event_from_classic to 2024-10-20 00:00:00+00:00, run_after=2024-10-21 00:00:00+00:00
[2024-10-21T05:32:43.116+0000] {processor.py:208} INFO - Processing /home/airflow/.local/lib/python3.12/site-packages/airflow/example_dags/example_inlet_event_extra.py took 0.444 seconds
[2024-10-21T05:33:13.316+0000] {processor.py:186} INFO - Started process (PID=832) to work on /home/airflow/.local/lib/python3.12/site-packages/airflow/example_dags/example_inlet_event_extra.py
[2024-10-21T05:33:13.319+0000] {processor.py:914} INFO - Processing file /home/airflow/.local/lib/python3.12/site-packages/airflow/example_dags/example_inlet_event_extra.py for tasks to queue
[2024-10-21T05:33:13.323+0000] {logging_mixin.py:190} INFO - [2024-10-21T05:33:13.321+0000] {dagbag.py:588} INFO - Filling up the DagBag from /home/airflow/.local/lib/python3.12/site-packages/airflow/example_dags/example_inlet_event_extra.py
[2024-10-21T05:33:13.599+0000] {processor.py:925} INFO - DAG(s) 'read_dataset_event', 'read_dataset_event_from_classic' retrieved from /home/airflow/.local/lib/python3.12/site-packages/airflow/example_dags/example_inlet_event_extra.py
[2024-10-21T05:33:13.641+0000] {logging_mixin.py:190} INFO - [2024-10-21T05:33:13.641+0000] {dag.py:3239} INFO - Sync 2 DAGs
[2024-10-21T05:33:13.696+0000] {logging_mixin.py:190} INFO - [2024-10-21T05:33:13.695+0000] {dag.py:4180} INFO - Setting next_dagrun for read_dataset_event to 2024-10-20 00:00:00+00:00, run_after=2024-10-21 00:00:00+00:00
[2024-10-21T05:33:13.705+0000] {logging_mixin.py:190} INFO - [2024-10-21T05:33:13.704+0000] {dag.py:4180} INFO - Setting next_dagrun for read_dataset_event_from_classic to 2024-10-20 00:00:00+00:00, run_after=2024-10-21 00:00:00+00:00
[2024-10-21T05:33:13.732+0000] {processor.py:208} INFO - Processing /home/airflow/.local/lib/python3.12/site-packages/airflow/example_dags/example_inlet_event_extra.py took 0.442 seconds
[2024-10-21T05:33:44.642+0000] {processor.py:186} INFO - Started process (PID=897) to work on /home/airflow/.local/lib/python3.12/site-packages/airflow/example_dags/example_inlet_event_extra.py
[2024-10-21T05:33:44.644+0000] {processor.py:914} INFO - Processing file /home/airflow/.local/lib/python3.12/site-packages/airflow/example_dags/example_inlet_event_extra.py for tasks to queue
[2024-10-21T05:33:44.646+0000] {logging_mixin.py:190} INFO - [2024-10-21T05:33:44.645+0000] {dagbag.py:588} INFO - Filling up the DagBag from /home/airflow/.local/lib/python3.12/site-packages/airflow/example_dags/example_inlet_event_extra.py
[2024-10-21T05:33:44.884+0000] {processor.py:925} INFO - DAG(s) 'read_dataset_event', 'read_dataset_event_from_classic' retrieved from /home/airflow/.local/lib/python3.12/site-packages/airflow/example_dags/example_inlet_event_extra.py
[2024-10-21T05:33:44.916+0000] {logging_mixin.py:190} INFO - [2024-10-21T05:33:44.915+0000] {dag.py:3239} INFO - Sync 2 DAGs
[2024-10-21T05:33:44.953+0000] {logging_mixin.py:190} INFO - [2024-10-21T05:33:44.952+0000] {dag.py:4180} INFO - Setting next_dagrun for read_dataset_event to 2024-10-20 00:00:00+00:00, run_after=2024-10-21 00:00:00+00:00
[2024-10-21T05:33:44.961+0000] {logging_mixin.py:190} INFO - [2024-10-21T05:33:44.961+0000] {dag.py:4180} INFO - Setting next_dagrun for read_dataset_event_from_classic to 2024-10-20 00:00:00+00:00, run_after=2024-10-21 00:00:00+00:00
[2024-10-21T05:33:44.987+0000] {processor.py:208} INFO - Processing /home/airflow/.local/lib/python3.12/site-packages/airflow/example_dags/example_inlet_event_extra.py took 0.354 seconds
[2024-10-21T05:34:15.265+0000] {processor.py:186} INFO - Started process (PID=959) to work on /home/airflow/.local/lib/python3.12/site-packages/airflow/example_dags/example_inlet_event_extra.py
[2024-10-21T05:34:15.267+0000] {processor.py:914} INFO - Processing file /home/airflow/.local/lib/python3.12/site-packages/airflow/example_dags/example_inlet_event_extra.py for tasks to queue
[2024-10-21T05:34:15.271+0000] {logging_mixin.py:190} INFO - [2024-10-21T05:34:15.270+0000] {dagbag.py:588} INFO - Filling up the DagBag from /home/airflow/.local/lib/python3.12/site-packages/airflow/example_dags/example_inlet_event_extra.py
[2024-10-21T05:34:15.587+0000] {processor.py:925} INFO - DAG(s) 'read_dataset_event_from_classic', 'read_dataset_event' retrieved from /home/airflow/.local/lib/python3.12/site-packages/airflow/example_dags/example_inlet_event_extra.py
[2024-10-21T05:34:15.645+0000] {logging_mixin.py:190} INFO - [2024-10-21T05:34:15.645+0000] {dag.py:3239} INFO - Sync 2 DAGs
[2024-10-21T05:34:15.694+0000] {logging_mixin.py:190} INFO - [2024-10-21T05:34:15.694+0000] {dag.py:4180} INFO - Setting next_dagrun for read_dataset_event to 2024-10-20 00:00:00+00:00, run_after=2024-10-21 00:00:00+00:00
[2024-10-21T05:34:15.704+0000] {logging_mixin.py:190} INFO - [2024-10-21T05:34:15.703+0000] {dag.py:4180} INFO - Setting next_dagrun for read_dataset_event_from_classic to 2024-10-20 00:00:00+00:00, run_after=2024-10-21 00:00:00+00:00
[2024-10-21T05:34:15.734+0000] {processor.py:208} INFO - Processing /home/airflow/.local/lib/python3.12/site-packages/airflow/example_dags/example_inlet_event_extra.py took 0.485 seconds
[2024-10-21T05:34:46.296+0000] {processor.py:186} INFO - Started process (PID=1022) to work on /home/airflow/.local/lib/python3.12/site-packages/airflow/example_dags/example_inlet_event_extra.py
[2024-10-21T05:34:46.298+0000] {processor.py:914} INFO - Processing file /home/airflow/.local/lib/python3.12/site-packages/airflow/example_dags/example_inlet_event_extra.py for tasks to queue
[2024-10-21T05:34:46.300+0000] {logging_mixin.py:190} INFO - [2024-10-21T05:34:46.299+0000] {dagbag.py:588} INFO - Filling up the DagBag from /home/airflow/.local/lib/python3.12/site-packages/airflow/example_dags/example_inlet_event_extra.py
[2024-10-21T05:34:46.481+0000] {processor.py:925} INFO - DAG(s) 'read_dataset_event', 'read_dataset_event_from_classic' retrieved from /home/airflow/.local/lib/python3.12/site-packages/airflow/example_dags/example_inlet_event_extra.py
[2024-10-21T05:34:46.510+0000] {logging_mixin.py:190} INFO - [2024-10-21T05:34:46.510+0000] {dag.py:3239} INFO - Sync 2 DAGs
[2024-10-21T05:34:46.546+0000] {logging_mixin.py:190} INFO - [2024-10-21T05:34:46.546+0000] {dag.py:4180} INFO - Setting next_dagrun for read_dataset_event to 2024-10-20 00:00:00+00:00, run_after=2024-10-21 00:00:00+00:00
[2024-10-21T05:34:46.554+0000] {logging_mixin.py:190} INFO - [2024-10-21T05:34:46.554+0000] {dag.py:4180} INFO - Setting next_dagrun for read_dataset_event_from_classic to 2024-10-20 00:00:00+00:00, run_after=2024-10-21 00:00:00+00:00
[2024-10-21T05:34:46.582+0000] {processor.py:208} INFO - Processing /home/airflow/.local/lib/python3.12/site-packages/airflow/example_dags/example_inlet_event_extra.py took 0.295 seconds
[2024-10-21T05:35:16.667+0000] {processor.py:186} INFO - Started process (PID=1085) to work on /home/airflow/.local/lib/python3.12/site-packages/airflow/example_dags/example_inlet_event_extra.py
[2024-10-21T05:35:16.669+0000] {processor.py:914} INFO - Processing file /home/airflow/.local/lib/python3.12/site-packages/airflow/example_dags/example_inlet_event_extra.py for tasks to queue
[2024-10-21T05:35:16.671+0000] {logging_mixin.py:190} INFO - [2024-10-21T05:35:16.670+0000] {dagbag.py:588} INFO - Filling up the DagBag from /home/airflow/.local/lib/python3.12/site-packages/airflow/example_dags/example_inlet_event_extra.py
[2024-10-21T05:35:16.867+0000] {processor.py:925} INFO - DAG(s) 'read_dataset_event', 'read_dataset_event_from_classic' retrieved from /home/airflow/.local/lib/python3.12/site-packages/airflow/example_dags/example_inlet_event_extra.py
[2024-10-21T05:35:16.901+0000] {logging_mixin.py:190} INFO - [2024-10-21T05:35:16.901+0000] {dag.py:3239} INFO - Sync 2 DAGs
[2024-10-21T05:35:16.935+0000] {logging_mixin.py:190} INFO - [2024-10-21T05:35:16.935+0000] {dag.py:4180} INFO - Setting next_dagrun for read_dataset_event to 2024-10-20 00:00:00+00:00, run_after=2024-10-21 00:00:00+00:00
[2024-10-21T05:35:16.943+0000] {logging_mixin.py:190} INFO - [2024-10-21T05:35:16.942+0000] {dag.py:4180} INFO - Setting next_dagrun for read_dataset_event_from_classic to 2024-10-20 00:00:00+00:00, run_after=2024-10-21 00:00:00+00:00
[2024-10-21T05:35:16.979+0000] {processor.py:208} INFO - Processing /home/airflow/.local/lib/python3.12/site-packages/airflow/example_dags/example_inlet_event_extra.py took 0.321 seconds
[2024-10-21T05:35:47.069+0000] {processor.py:186} INFO - Started process (PID=1148) to work on /home/airflow/.local/lib/python3.12/site-packages/airflow/example_dags/example_inlet_event_extra.py
[2024-10-21T05:35:47.071+0000] {processor.py:914} INFO - Processing file /home/airflow/.local/lib/python3.12/site-packages/airflow/example_dags/example_inlet_event_extra.py for tasks to queue
[2024-10-21T05:35:47.073+0000] {logging_mixin.py:190} INFO - [2024-10-21T05:35:47.072+0000] {dagbag.py:588} INFO - Filling up the DagBag from /home/airflow/.local/lib/python3.12/site-packages/airflow/example_dags/example_inlet_event_extra.py
[2024-10-21T05:35:47.325+0000] {processor.py:925} INFO - DAG(s) 'read_dataset_event', 'read_dataset_event_from_classic' retrieved from /home/airflow/.local/lib/python3.12/site-packages/airflow/example_dags/example_inlet_event_extra.py
[2024-10-21T05:35:47.369+0000] {logging_mixin.py:190} INFO - [2024-10-21T05:35:47.368+0000] {dag.py:3239} INFO - Sync 2 DAGs
[2024-10-21T05:35:47.410+0000] {logging_mixin.py:190} INFO - [2024-10-21T05:35:47.409+0000] {dag.py:4180} INFO - Setting next_dagrun for read_dataset_event to 2024-10-20 00:00:00+00:00, run_after=2024-10-21 00:00:00+00:00
[2024-10-21T05:35:47.417+0000] {logging_mixin.py:190} INFO - [2024-10-21T05:35:47.417+0000] {dag.py:4180} INFO - Setting next_dagrun for read_dataset_event_from_classic to 2024-10-20 00:00:00+00:00, run_after=2024-10-21 00:00:00+00:00
[2024-10-21T05:35:47.444+0000] {processor.py:208} INFO - Processing /home/airflow/.local/lib/python3.12/site-packages/airflow/example_dags/example_inlet_event_extra.py took 0.385 seconds
[2024-10-21T05:36:18.085+0000] {processor.py:186} INFO - Started process (PID=1211) to work on /home/airflow/.local/lib/python3.12/site-packages/airflow/example_dags/example_inlet_event_extra.py
[2024-10-21T05:36:18.087+0000] {processor.py:914} INFO - Processing file /home/airflow/.local/lib/python3.12/site-packages/airflow/example_dags/example_inlet_event_extra.py for tasks to queue
[2024-10-21T05:36:18.090+0000] {logging_mixin.py:190} INFO - [2024-10-21T05:36:18.089+0000] {dagbag.py:588} INFO - Filling up the DagBag from /home/airflow/.local/lib/python3.12/site-packages/airflow/example_dags/example_inlet_event_extra.py
[2024-10-21T05:36:18.387+0000] {processor.py:925} INFO - DAG(s) 'read_dataset_event', 'read_dataset_event_from_classic' retrieved from /home/airflow/.local/lib/python3.12/site-packages/airflow/example_dags/example_inlet_event_extra.py
[2024-10-21T05:36:18.431+0000] {logging_mixin.py:190} INFO - [2024-10-21T05:36:18.431+0000] {dag.py:3239} INFO - Sync 2 DAGs
[2024-10-21T05:36:18.489+0000] {logging_mixin.py:190} INFO - [2024-10-21T05:36:18.488+0000] {dag.py:4180} INFO - Setting next_dagrun for read_dataset_event to 2024-10-20 00:00:00+00:00, run_after=2024-10-21 00:00:00+00:00
[2024-10-21T05:36:18.502+0000] {logging_mixin.py:190} INFO - [2024-10-21T05:36:18.501+0000] {dag.py:4180} INFO - Setting next_dagrun for read_dataset_event_from_classic to 2024-10-20 00:00:00+00:00, run_after=2024-10-21 00:00:00+00:00
[2024-10-21T05:36:18.535+0000] {processor.py:208} INFO - Processing /home/airflow/.local/lib/python3.12/site-packages/airflow/example_dags/example_inlet_event_extra.py took 0.460 seconds
[2024-10-21T05:36:48.768+0000] {processor.py:186} INFO - Started process (PID=1275) to work on /home/airflow/.local/lib/python3.12/site-packages/airflow/example_dags/example_inlet_event_extra.py
[2024-10-21T05:36:48.770+0000] {processor.py:914} INFO - Processing file /home/airflow/.local/lib/python3.12/site-packages/airflow/example_dags/example_inlet_event_extra.py for tasks to queue
[2024-10-21T05:36:48.772+0000] {logging_mixin.py:190} INFO - [2024-10-21T05:36:48.772+0000] {dagbag.py:588} INFO - Filling up the DagBag from /home/airflow/.local/lib/python3.12/site-packages/airflow/example_dags/example_inlet_event_extra.py
[2024-10-21T05:36:49.000+0000] {processor.py:925} INFO - DAG(s) 'read_dataset_event', 'read_dataset_event_from_classic' retrieved from /home/airflow/.local/lib/python3.12/site-packages/airflow/example_dags/example_inlet_event_extra.py
[2024-10-21T05:36:49.033+0000] {logging_mixin.py:190} INFO - [2024-10-21T05:36:49.033+0000] {dag.py:3239} INFO - Sync 2 DAGs
[2024-10-21T05:36:49.066+0000] {logging_mixin.py:190} INFO - [2024-10-21T05:36:49.066+0000] {dag.py:4180} INFO - Setting next_dagrun for read_dataset_event to 2024-10-20 00:00:00+00:00, run_after=2024-10-21 00:00:00+00:00
[2024-10-21T05:36:49.073+0000] {logging_mixin.py:190} INFO - [2024-10-21T05:36:49.073+0000] {dag.py:4180} INFO - Setting next_dagrun for read_dataset_event_from_classic to 2024-10-20 00:00:00+00:00, run_after=2024-10-21 00:00:00+00:00
[2024-10-21T05:36:49.098+0000] {processor.py:208} INFO - Processing /home/airflow/.local/lib/python3.12/site-packages/airflow/example_dags/example_inlet_event_extra.py took 0.338 seconds
[2024-10-21T11:55:03.629+0000] {processor.py:186} INFO - Started process (PID=107) to work on /home/airflow/.local/lib/python3.12/site-packages/airflow/example_dags/example_inlet_event_extra.py
[2024-10-21T11:55:03.635+0000] {processor.py:914} INFO - Processing file /home/airflow/.local/lib/python3.12/site-packages/airflow/example_dags/example_inlet_event_extra.py for tasks to queue
[2024-10-21T11:55:03.639+0000] {logging_mixin.py:190} INFO - [2024-10-21T11:55:03.639+0000] {dagbag.py:588} INFO - Filling up the DagBag from /home/airflow/.local/lib/python3.12/site-packages/airflow/example_dags/example_inlet_event_extra.py
[2024-10-21T11:55:03.885+0000] {processor.py:925} INFO - DAG(s) 'read_dataset_event', 'read_dataset_event_from_classic' retrieved from /home/airflow/.local/lib/python3.12/site-packages/airflow/example_dags/example_inlet_event_extra.py
[2024-10-21T11:55:03.912+0000] {logging_mixin.py:190} INFO - [2024-10-21T11:55:03.911+0000] {dag.py:3239} INFO - Sync 2 DAGs
[2024-10-21T11:55:03.963+0000] {logging_mixin.py:190} INFO - [2024-10-21T11:55:03.962+0000] {dag.py:4180} INFO - Setting next_dagrun for read_dataset_event to 2024-10-20 00:00:00+00:00, run_after=2024-10-21 00:00:00+00:00
[2024-10-21T11:55:03.969+0000] {logging_mixin.py:190} INFO - [2024-10-21T11:55:03.968+0000] {dag.py:4180} INFO - Setting next_dagrun for read_dataset_event_from_classic to 2024-10-20 00:00:00+00:00, run_after=2024-10-21 00:00:00+00:00
[2024-10-21T11:55:03.997+0000] {processor.py:208} INFO - Processing /home/airflow/.local/lib/python3.12/site-packages/airflow/example_dags/example_inlet_event_extra.py took 0.377 seconds
