[2024-10-21T03:08:40.633+0000] {processor.py:186} INFO - Started process (PID=322) to work on /home/airflow/.local/lib/python3.12/site-packages/airflow/example_dags/example_external_task_marker_dag.py
[2024-10-21T03:08:40.634+0000] {processor.py:914} INFO - Processing file /home/airflow/.local/lib/python3.12/site-packages/airflow/example_dags/example_external_task_marker_dag.py for tasks to queue
[2024-10-21T03:08:40.637+0000] {logging_mixin.py:190} INFO - [2024-10-21T03:08:40.636+0000] {dagbag.py:588} INFO - Filling up the DagBag from /home/airflow/.local/lib/python3.12/site-packages/airflow/example_dags/example_external_task_marker_dag.py
[2024-10-21T03:08:40.647+0000] {processor.py:925} INFO - DAG(s) 'example_external_task_marker_parent', 'example_external_task_marker_child' retrieved from /home/airflow/.local/lib/python3.12/site-packages/airflow/example_dags/example_external_task_marker_dag.py
[2024-10-21T03:08:40.781+0000] {logging_mixin.py:190} INFO - [2024-10-21T03:08:40.780+0000] {override.py:1900} INFO - Created Permission View: can delete on DAG:example_external_task_marker_parent
[2024-10-21T03:08:40.792+0000] {logging_mixin.py:190} INFO - [2024-10-21T03:08:40.792+0000] {override.py:1900} INFO - Created Permission View: can read on DAG:example_external_task_marker_parent
[2024-10-21T03:08:40.801+0000] {logging_mixin.py:190} INFO - [2024-10-21T03:08:40.801+0000] {override.py:1900} INFO - Created Permission View: can edit on DAG:example_external_task_marker_parent
[2024-10-21T03:08:40.810+0000] {logging_mixin.py:190} INFO - [2024-10-21T03:08:40.810+0000] {override.py:1900} INFO - Created Permission View: menu access on DAG Run:example_external_task_marker_parent
[2024-10-21T03:08:40.818+0000] {logging_mixin.py:190} INFO - [2024-10-21T03:08:40.817+0000] {override.py:1900} INFO - Created Permission View: can delete on DAG Run:example_external_task_marker_parent
[2024-10-21T03:08:40.826+0000] {logging_mixin.py:190} INFO - [2024-10-21T03:08:40.825+0000] {override.py:1900} INFO - Created Permission View: can read on DAG Run:example_external_task_marker_parent
[2024-10-21T03:08:40.835+0000] {logging_mixin.py:190} INFO - [2024-10-21T03:08:40.834+0000] {override.py:1900} INFO - Created Permission View: can create on DAG Run:example_external_task_marker_parent
[2024-10-21T03:08:40.854+0000] {logging_mixin.py:190} INFO - [2024-10-21T03:08:40.853+0000] {override.py:1900} INFO - Created Permission View: can delete on DAG:example_external_task_marker_child
[2024-10-21T03:08:40.862+0000] {logging_mixin.py:190} INFO - [2024-10-21T03:08:40.861+0000] {override.py:1900} INFO - Created Permission View: can read on DAG:example_external_task_marker_child
[2024-10-21T03:08:40.869+0000] {logging_mixin.py:190} INFO - [2024-10-21T03:08:40.868+0000] {override.py:1900} INFO - Created Permission View: can edit on DAG:example_external_task_marker_child
[2024-10-21T03:08:40.878+0000] {logging_mixin.py:190} INFO - [2024-10-21T03:08:40.877+0000] {override.py:1900} INFO - Created Permission View: menu access on DAG Run:example_external_task_marker_child
[2024-10-21T03:08:40.886+0000] {logging_mixin.py:190} INFO - [2024-10-21T03:08:40.885+0000] {override.py:1900} INFO - Created Permission View: can delete on DAG Run:example_external_task_marker_child
[2024-10-21T03:08:40.893+0000] {logging_mixin.py:190} INFO - [2024-10-21T03:08:40.893+0000] {override.py:1900} INFO - Created Permission View: can read on DAG Run:example_external_task_marker_child
[2024-10-21T03:08:40.901+0000] {logging_mixin.py:190} INFO - [2024-10-21T03:08:40.900+0000] {override.py:1900} INFO - Created Permission View: can create on DAG Run:example_external_task_marker_child
[2024-10-21T03:08:40.901+0000] {logging_mixin.py:190} INFO - [2024-10-21T03:08:40.901+0000] {dag.py:3239} INFO - Sync 2 DAGs
[2024-10-21T03:08:40.916+0000] {logging_mixin.py:190} INFO - [2024-10-21T03:08:40.916+0000] {dag.py:3262} INFO - Creating ORM DAG for example_external_task_marker_child
[2024-10-21T03:08:40.918+0000] {logging_mixin.py:190} INFO - [2024-10-21T03:08:40.917+0000] {dag.py:3262} INFO - Creating ORM DAG for example_external_task_marker_parent
[2024-10-21T03:08:40.918+0000] {logging_mixin.py:190} INFO - [2024-10-21T03:08:40.918+0000] {dag.py:4180} INFO - Setting next_dagrun for example_external_task_marker_child to None, run_after=None
[2024-10-21T03:08:40.919+0000] {logging_mixin.py:190} INFO - [2024-10-21T03:08:40.919+0000] {dag.py:4180} INFO - Setting next_dagrun for example_external_task_marker_parent to None, run_after=None
[2024-10-21T03:08:40.937+0000] {processor.py:208} INFO - Processing /home/airflow/.local/lib/python3.12/site-packages/airflow/example_dags/example_external_task_marker_dag.py took 0.309 seconds
[2024-10-21T03:09:11.134+0000] {processor.py:186} INFO - Started process (PID=384) to work on /home/airflow/.local/lib/python3.12/site-packages/airflow/example_dags/example_external_task_marker_dag.py
[2024-10-21T03:09:11.136+0000] {processor.py:914} INFO - Processing file /home/airflow/.local/lib/python3.12/site-packages/airflow/example_dags/example_external_task_marker_dag.py for tasks to queue
[2024-10-21T03:09:11.139+0000] {logging_mixin.py:190} INFO - [2024-10-21T03:09:11.138+0000] {dagbag.py:588} INFO - Filling up the DagBag from /home/airflow/.local/lib/python3.12/site-packages/airflow/example_dags/example_external_task_marker_dag.py
[2024-10-21T03:09:11.149+0000] {processor.py:925} INFO - DAG(s) 'example_external_task_marker_parent', 'example_external_task_marker_child' retrieved from /home/airflow/.local/lib/python3.12/site-packages/airflow/example_dags/example_external_task_marker_dag.py
[2024-10-21T03:09:11.176+0000] {logging_mixin.py:190} INFO - [2024-10-21T03:09:11.175+0000] {dag.py:3239} INFO - Sync 2 DAGs
[2024-10-21T03:09:11.199+0000] {logging_mixin.py:190} INFO - [2024-10-21T03:09:11.199+0000] {dag.py:4180} INFO - Setting next_dagrun for example_external_task_marker_child to None, run_after=None
[2024-10-21T03:09:11.207+0000] {logging_mixin.py:190} INFO - [2024-10-21T03:09:11.207+0000] {dag.py:4180} INFO - Setting next_dagrun for example_external_task_marker_parent to None, run_after=None
[2024-10-21T03:09:11.240+0000] {processor.py:208} INFO - Processing /home/airflow/.local/lib/python3.12/site-packages/airflow/example_dags/example_external_task_marker_dag.py took 0.113 seconds
[2024-10-21T03:09:42.071+0000] {processor.py:186} INFO - Started process (PID=446) to work on /home/airflow/.local/lib/python3.12/site-packages/airflow/example_dags/example_external_task_marker_dag.py
[2024-10-21T03:09:42.073+0000] {processor.py:914} INFO - Processing file /home/airflow/.local/lib/python3.12/site-packages/airflow/example_dags/example_external_task_marker_dag.py for tasks to queue
[2024-10-21T03:09:42.075+0000] {logging_mixin.py:190} INFO - [2024-10-21T03:09:42.075+0000] {dagbag.py:588} INFO - Filling up the DagBag from /home/airflow/.local/lib/python3.12/site-packages/airflow/example_dags/example_external_task_marker_dag.py
[2024-10-21T03:09:42.084+0000] {processor.py:925} INFO - DAG(s) 'example_external_task_marker_child', 'example_external_task_marker_parent' retrieved from /home/airflow/.local/lib/python3.12/site-packages/airflow/example_dags/example_external_task_marker_dag.py
[2024-10-21T03:09:42.106+0000] {logging_mixin.py:190} INFO - [2024-10-21T03:09:42.106+0000] {dag.py:3239} INFO - Sync 2 DAGs
[2024-10-21T03:09:42.118+0000] {logging_mixin.py:190} INFO - [2024-10-21T03:09:42.118+0000] {dag.py:4180} INFO - Setting next_dagrun for example_external_task_marker_child to None, run_after=None
[2024-10-21T03:09:42.121+0000] {logging_mixin.py:190} INFO - [2024-10-21T03:09:42.121+0000] {dag.py:4180} INFO - Setting next_dagrun for example_external_task_marker_parent to None, run_after=None
[2024-10-21T03:09:42.135+0000] {processor.py:208} INFO - Processing /home/airflow/.local/lib/python3.12/site-packages/airflow/example_dags/example_external_task_marker_dag.py took 0.070 seconds
[2024-10-21T03:10:12.866+0000] {processor.py:186} INFO - Started process (PID=508) to work on /home/airflow/.local/lib/python3.12/site-packages/airflow/example_dags/example_external_task_marker_dag.py
[2024-10-21T03:10:12.868+0000] {processor.py:914} INFO - Processing file /home/airflow/.local/lib/python3.12/site-packages/airflow/example_dags/example_external_task_marker_dag.py for tasks to queue
[2024-10-21T03:10:12.872+0000] {logging_mixin.py:190} INFO - [2024-10-21T03:10:12.871+0000] {dagbag.py:588} INFO - Filling up the DagBag from /home/airflow/.local/lib/python3.12/site-packages/airflow/example_dags/example_external_task_marker_dag.py
[2024-10-21T03:10:12.881+0000] {processor.py:925} INFO - DAG(s) 'example_external_task_marker_child', 'example_external_task_marker_parent' retrieved from /home/airflow/.local/lib/python3.12/site-packages/airflow/example_dags/example_external_task_marker_dag.py
[2024-10-21T03:10:12.909+0000] {logging_mixin.py:190} INFO - [2024-10-21T03:10:12.909+0000] {dag.py:3239} INFO - Sync 2 DAGs
[2024-10-21T03:10:12.923+0000] {logging_mixin.py:190} INFO - [2024-10-21T03:10:12.922+0000] {dag.py:4180} INFO - Setting next_dagrun for example_external_task_marker_child to None, run_after=None
[2024-10-21T03:10:12.928+0000] {logging_mixin.py:190} INFO - [2024-10-21T03:10:12.928+0000] {dag.py:4180} INFO - Setting next_dagrun for example_external_task_marker_parent to None, run_after=None
[2024-10-21T03:10:12.949+0000] {processor.py:208} INFO - Processing /home/airflow/.local/lib/python3.12/site-packages/airflow/example_dags/example_external_task_marker_dag.py took 0.089 seconds
[2024-10-21T03:10:43.432+0000] {processor.py:186} INFO - Started process (PID=570) to work on /home/airflow/.local/lib/python3.12/site-packages/airflow/example_dags/example_external_task_marker_dag.py
[2024-10-21T03:10:43.434+0000] {processor.py:914} INFO - Processing file /home/airflow/.local/lib/python3.12/site-packages/airflow/example_dags/example_external_task_marker_dag.py for tasks to queue
[2024-10-21T03:10:43.436+0000] {logging_mixin.py:190} INFO - [2024-10-21T03:10:43.436+0000] {dagbag.py:588} INFO - Filling up the DagBag from /home/airflow/.local/lib/python3.12/site-packages/airflow/example_dags/example_external_task_marker_dag.py
[2024-10-21T03:10:43.444+0000] {processor.py:925} INFO - DAG(s) 'example_external_task_marker_parent', 'example_external_task_marker_child' retrieved from /home/airflow/.local/lib/python3.12/site-packages/airflow/example_dags/example_external_task_marker_dag.py
[2024-10-21T03:10:43.467+0000] {logging_mixin.py:190} INFO - [2024-10-21T03:10:43.467+0000] {dag.py:3239} INFO - Sync 2 DAGs
[2024-10-21T03:10:43.480+0000] {logging_mixin.py:190} INFO - [2024-10-21T03:10:43.480+0000] {dag.py:4180} INFO - Setting next_dagrun for example_external_task_marker_child to None, run_after=None
[2024-10-21T03:10:43.484+0000] {logging_mixin.py:190} INFO - [2024-10-21T03:10:43.483+0000] {dag.py:4180} INFO - Setting next_dagrun for example_external_task_marker_parent to None, run_after=None
[2024-10-21T03:10:43.502+0000] {processor.py:208} INFO - Processing /home/airflow/.local/lib/python3.12/site-packages/airflow/example_dags/example_external_task_marker_dag.py took 0.076 seconds
[2024-10-21T03:11:13.852+0000] {processor.py:186} INFO - Started process (PID=632) to work on /home/airflow/.local/lib/python3.12/site-packages/airflow/example_dags/example_external_task_marker_dag.py
[2024-10-21T03:11:13.853+0000] {processor.py:914} INFO - Processing file /home/airflow/.local/lib/python3.12/site-packages/airflow/example_dags/example_external_task_marker_dag.py for tasks to queue
[2024-10-21T03:11:13.855+0000] {logging_mixin.py:190} INFO - [2024-10-21T03:11:13.855+0000] {dagbag.py:588} INFO - Filling up the DagBag from /home/airflow/.local/lib/python3.12/site-packages/airflow/example_dags/example_external_task_marker_dag.py
[2024-10-21T03:11:13.863+0000] {processor.py:925} INFO - DAG(s) 'example_external_task_marker_parent', 'example_external_task_marker_child' retrieved from /home/airflow/.local/lib/python3.12/site-packages/airflow/example_dags/example_external_task_marker_dag.py
[2024-10-21T03:11:13.887+0000] {logging_mixin.py:190} INFO - [2024-10-21T03:11:13.887+0000] {dag.py:3239} INFO - Sync 2 DAGs
[2024-10-21T03:11:13.898+0000] {logging_mixin.py:190} INFO - [2024-10-21T03:11:13.898+0000] {dag.py:4180} INFO - Setting next_dagrun for example_external_task_marker_child to None, run_after=None
[2024-10-21T03:11:13.902+0000] {logging_mixin.py:190} INFO - [2024-10-21T03:11:13.901+0000] {dag.py:4180} INFO - Setting next_dagrun for example_external_task_marker_parent to None, run_after=None
[2024-10-21T03:11:13.915+0000] {processor.py:208} INFO - Processing /home/airflow/.local/lib/python3.12/site-packages/airflow/example_dags/example_external_task_marker_dag.py took 0.068 seconds
[2024-10-21T03:11:44.504+0000] {processor.py:186} INFO - Started process (PID=695) to work on /home/airflow/.local/lib/python3.12/site-packages/airflow/example_dags/example_external_task_marker_dag.py
[2024-10-21T03:11:44.505+0000] {processor.py:914} INFO - Processing file /home/airflow/.local/lib/python3.12/site-packages/airflow/example_dags/example_external_task_marker_dag.py for tasks to queue
[2024-10-21T03:11:44.509+0000] {logging_mixin.py:190} INFO - [2024-10-21T03:11:44.508+0000] {dagbag.py:588} INFO - Filling up the DagBag from /home/airflow/.local/lib/python3.12/site-packages/airflow/example_dags/example_external_task_marker_dag.py
[2024-10-21T03:11:44.523+0000] {processor.py:925} INFO - DAG(s) 'example_external_task_marker_parent', 'example_external_task_marker_child' retrieved from /home/airflow/.local/lib/python3.12/site-packages/airflow/example_dags/example_external_task_marker_dag.py
[2024-10-21T03:11:44.562+0000] {logging_mixin.py:190} INFO - [2024-10-21T03:11:44.561+0000] {dag.py:3239} INFO - Sync 2 DAGs
[2024-10-21T03:11:44.582+0000] {logging_mixin.py:190} INFO - [2024-10-21T03:11:44.582+0000] {dag.py:4180} INFO - Setting next_dagrun for example_external_task_marker_child to None, run_after=None
[2024-10-21T03:11:44.596+0000] {logging_mixin.py:190} INFO - [2024-10-21T03:11:44.595+0000] {dag.py:4180} INFO - Setting next_dagrun for example_external_task_marker_parent to None, run_after=None
[2024-10-21T03:11:44.647+0000] {processor.py:208} INFO - Processing /home/airflow/.local/lib/python3.12/site-packages/airflow/example_dags/example_external_task_marker_dag.py took 0.153 seconds
[2024-10-21T05:26:31.137+0000] {processor.py:186} INFO - Started process (PID=107) to work on /home/airflow/.local/lib/python3.12/site-packages/airflow/example_dags/example_external_task_marker_dag.py
[2024-10-21T05:26:31.143+0000] {processor.py:914} INFO - Processing file /home/airflow/.local/lib/python3.12/site-packages/airflow/example_dags/example_external_task_marker_dag.py for tasks to queue
[2024-10-21T05:26:31.148+0000] {logging_mixin.py:190} INFO - [2024-10-21T05:26:31.147+0000] {dagbag.py:588} INFO - Filling up the DagBag from /home/airflow/.local/lib/python3.12/site-packages/airflow/example_dags/example_external_task_marker_dag.py
[2024-10-21T05:26:31.175+0000] {processor.py:925} INFO - DAG(s) 'example_external_task_marker_child', 'example_external_task_marker_parent' retrieved from /home/airflow/.local/lib/python3.12/site-packages/airflow/example_dags/example_external_task_marker_dag.py
[2024-10-21T05:26:31.304+0000] {logging_mixin.py:190} INFO - [2024-10-21T05:26:31.293+0000] {dag.py:3239} INFO - Sync 2 DAGs
[2024-10-21T05:26:31.360+0000] {logging_mixin.py:190} INFO - [2024-10-21T05:26:31.360+0000] {dag.py:4180} INFO - Setting next_dagrun for example_external_task_marker_child to None, run_after=None
[2024-10-21T05:26:31.370+0000] {logging_mixin.py:190} INFO - [2024-10-21T05:26:31.370+0000] {dag.py:4180} INFO - Setting next_dagrun for example_external_task_marker_parent to None, run_after=None
[2024-10-21T05:26:31.408+0000] {processor.py:208} INFO - Processing /home/airflow/.local/lib/python3.12/site-packages/airflow/example_dags/example_external_task_marker_dag.py took 0.287 seconds
[2024-10-21T05:27:02.157+0000] {processor.py:186} INFO - Started process (PID=169) to work on /home/airflow/.local/lib/python3.12/site-packages/airflow/example_dags/example_external_task_marker_dag.py
[2024-10-21T05:27:02.160+0000] {processor.py:914} INFO - Processing file /home/airflow/.local/lib/python3.12/site-packages/airflow/example_dags/example_external_task_marker_dag.py for tasks to queue
[2024-10-21T05:27:02.166+0000] {logging_mixin.py:190} INFO - [2024-10-21T05:27:02.166+0000] {dagbag.py:588} INFO - Filling up the DagBag from /home/airflow/.local/lib/python3.12/site-packages/airflow/example_dags/example_external_task_marker_dag.py
[2024-10-21T05:27:02.188+0000] {processor.py:925} INFO - DAG(s) 'example_external_task_marker_child', 'example_external_task_marker_parent' retrieved from /home/airflow/.local/lib/python3.12/site-packages/airflow/example_dags/example_external_task_marker_dag.py
[2024-10-21T05:27:02.247+0000] {logging_mixin.py:190} INFO - [2024-10-21T05:27:02.246+0000] {dag.py:3239} INFO - Sync 2 DAGs
[2024-10-21T05:27:02.291+0000] {logging_mixin.py:190} INFO - [2024-10-21T05:27:02.290+0000] {dag.py:4180} INFO - Setting next_dagrun for example_external_task_marker_child to None, run_after=None
[2024-10-21T05:27:02.300+0000] {logging_mixin.py:190} INFO - [2024-10-21T05:27:02.300+0000] {dag.py:4180} INFO - Setting next_dagrun for example_external_task_marker_parent to None, run_after=None
[2024-10-21T05:27:02.341+0000] {processor.py:208} INFO - Processing /home/airflow/.local/lib/python3.12/site-packages/airflow/example_dags/example_external_task_marker_dag.py took 0.195 seconds
[2024-10-21T05:27:33.143+0000] {processor.py:186} INFO - Started process (PID=231) to work on /home/airflow/.local/lib/python3.12/site-packages/airflow/example_dags/example_external_task_marker_dag.py
[2024-10-21T05:27:33.145+0000] {processor.py:914} INFO - Processing file /home/airflow/.local/lib/python3.12/site-packages/airflow/example_dags/example_external_task_marker_dag.py for tasks to queue
[2024-10-21T05:27:33.151+0000] {logging_mixin.py:190} INFO - [2024-10-21T05:27:33.151+0000] {dagbag.py:588} INFO - Filling up the DagBag from /home/airflow/.local/lib/python3.12/site-packages/airflow/example_dags/example_external_task_marker_dag.py
[2024-10-21T05:27:33.169+0000] {processor.py:925} INFO - DAG(s) 'example_external_task_marker_parent', 'example_external_task_marker_child' retrieved from /home/airflow/.local/lib/python3.12/site-packages/airflow/example_dags/example_external_task_marker_dag.py
[2024-10-21T05:27:33.227+0000] {logging_mixin.py:190} INFO - [2024-10-21T05:27:33.227+0000] {dag.py:3239} INFO - Sync 2 DAGs
[2024-10-21T05:27:33.268+0000] {logging_mixin.py:190} INFO - [2024-10-21T05:27:33.268+0000] {dag.py:4180} INFO - Setting next_dagrun for example_external_task_marker_child to None, run_after=None
[2024-10-21T05:27:33.275+0000] {logging_mixin.py:190} INFO - [2024-10-21T05:27:33.274+0000] {dag.py:4180} INFO - Setting next_dagrun for example_external_task_marker_parent to None, run_after=None
[2024-10-21T05:27:33.309+0000] {processor.py:208} INFO - Processing /home/airflow/.local/lib/python3.12/site-packages/airflow/example_dags/example_external_task_marker_dag.py took 0.177 seconds
[2024-10-21T05:29:03.330+0000] {processor.py:186} INFO - Started process (PID=323) to work on /home/airflow/.local/lib/python3.12/site-packages/airflow/example_dags/example_external_task_marker_dag.py
[2024-10-21T05:29:03.332+0000] {processor.py:914} INFO - Processing file /home/airflow/.local/lib/python3.12/site-packages/airflow/example_dags/example_external_task_marker_dag.py for tasks to queue
[2024-10-21T05:29:03.339+0000] {logging_mixin.py:190} INFO - [2024-10-21T05:29:03.338+0000] {dagbag.py:588} INFO - Filling up the DagBag from /home/airflow/.local/lib/python3.12/site-packages/airflow/example_dags/example_external_task_marker_dag.py
[2024-10-21T05:29:03.360+0000] {processor.py:925} INFO - DAG(s) 'example_external_task_marker_child', 'example_external_task_marker_parent' retrieved from /home/airflow/.local/lib/python3.12/site-packages/airflow/example_dags/example_external_task_marker_dag.py
[2024-10-21T05:29:03.434+0000] {logging_mixin.py:190} INFO - [2024-10-21T05:29:03.433+0000] {dag.py:3239} INFO - Sync 2 DAGs
[2024-10-21T05:29:03.482+0000] {logging_mixin.py:190} INFO - [2024-10-21T05:29:03.481+0000] {dag.py:4180} INFO - Setting next_dagrun for example_external_task_marker_child to None, run_after=None
[2024-10-21T05:29:03.497+0000] {logging_mixin.py:190} INFO - [2024-10-21T05:29:03.496+0000] {dag.py:4180} INFO - Setting next_dagrun for example_external_task_marker_parent to None, run_after=None
[2024-10-21T05:29:03.560+0000] {processor.py:208} INFO - Processing /home/airflow/.local/lib/python3.12/site-packages/airflow/example_dags/example_external_task_marker_dag.py took 0.246 seconds
[2024-10-21T05:29:34.175+0000] {processor.py:186} INFO - Started process (PID=384) to work on /home/airflow/.local/lib/python3.12/site-packages/airflow/example_dags/example_external_task_marker_dag.py
[2024-10-21T05:29:34.177+0000] {processor.py:914} INFO - Processing file /home/airflow/.local/lib/python3.12/site-packages/airflow/example_dags/example_external_task_marker_dag.py for tasks to queue
[2024-10-21T05:29:34.180+0000] {logging_mixin.py:190} INFO - [2024-10-21T05:29:34.179+0000] {dagbag.py:588} INFO - Filling up the DagBag from /home/airflow/.local/lib/python3.12/site-packages/airflow/example_dags/example_external_task_marker_dag.py
[2024-10-21T05:29:34.195+0000] {processor.py:925} INFO - DAG(s) 'example_external_task_marker_parent', 'example_external_task_marker_child' retrieved from /home/airflow/.local/lib/python3.12/site-packages/airflow/example_dags/example_external_task_marker_dag.py
[2024-10-21T05:29:34.255+0000] {logging_mixin.py:190} INFO - [2024-10-21T05:29:34.254+0000] {dag.py:3239} INFO - Sync 2 DAGs
[2024-10-21T05:29:34.332+0000] {logging_mixin.py:190} INFO - [2024-10-21T05:29:34.331+0000] {dag.py:4180} INFO - Setting next_dagrun for example_external_task_marker_child to None, run_after=None
[2024-10-21T05:29:34.340+0000] {logging_mixin.py:190} INFO - [2024-10-21T05:29:34.340+0000] {dag.py:4180} INFO - Setting next_dagrun for example_external_task_marker_parent to None, run_after=None
[2024-10-21T05:29:34.368+0000] {processor.py:208} INFO - Processing /home/airflow/.local/lib/python3.12/site-packages/airflow/example_dags/example_external_task_marker_dag.py took 0.207 seconds
[2024-10-21T05:30:04.434+0000] {processor.py:186} INFO - Started process (PID=446) to work on /home/airflow/.local/lib/python3.12/site-packages/airflow/example_dags/example_external_task_marker_dag.py
[2024-10-21T05:30:04.435+0000] {processor.py:914} INFO - Processing file /home/airflow/.local/lib/python3.12/site-packages/airflow/example_dags/example_external_task_marker_dag.py for tasks to queue
[2024-10-21T05:30:04.438+0000] {logging_mixin.py:190} INFO - [2024-10-21T05:30:04.437+0000] {dagbag.py:588} INFO - Filling up the DagBag from /home/airflow/.local/lib/python3.12/site-packages/airflow/example_dags/example_external_task_marker_dag.py
[2024-10-21T05:30:04.451+0000] {processor.py:925} INFO - DAG(s) 'example_external_task_marker_parent', 'example_external_task_marker_child' retrieved from /home/airflow/.local/lib/python3.12/site-packages/airflow/example_dags/example_external_task_marker_dag.py
[2024-10-21T05:30:04.480+0000] {logging_mixin.py:190} INFO - [2024-10-21T05:30:04.480+0000] {dag.py:3239} INFO - Sync 2 DAGs
[2024-10-21T05:30:04.500+0000] {logging_mixin.py:190} INFO - [2024-10-21T05:30:04.500+0000] {dag.py:4180} INFO - Setting next_dagrun for example_external_task_marker_child to None, run_after=None
[2024-10-21T05:30:04.506+0000] {logging_mixin.py:190} INFO - [2024-10-21T05:30:04.506+0000] {dag.py:4180} INFO - Setting next_dagrun for example_external_task_marker_parent to None, run_after=None
[2024-10-21T05:30:04.526+0000] {processor.py:208} INFO - Processing /home/airflow/.local/lib/python3.12/site-packages/airflow/example_dags/example_external_task_marker_dag.py took 0.102 seconds
[2024-10-21T05:30:34.881+0000] {processor.py:186} INFO - Started process (PID=508) to work on /home/airflow/.local/lib/python3.12/site-packages/airflow/example_dags/example_external_task_marker_dag.py
[2024-10-21T05:30:34.882+0000] {processor.py:914} INFO - Processing file /home/airflow/.local/lib/python3.12/site-packages/airflow/example_dags/example_external_task_marker_dag.py for tasks to queue
[2024-10-21T05:30:34.884+0000] {logging_mixin.py:190} INFO - [2024-10-21T05:30:34.884+0000] {dagbag.py:588} INFO - Filling up the DagBag from /home/airflow/.local/lib/python3.12/site-packages/airflow/example_dags/example_external_task_marker_dag.py
[2024-10-21T05:30:34.897+0000] {processor.py:925} INFO - DAG(s) 'example_external_task_marker_child', 'example_external_task_marker_parent' retrieved from /home/airflow/.local/lib/python3.12/site-packages/airflow/example_dags/example_external_task_marker_dag.py
[2024-10-21T05:30:34.932+0000] {logging_mixin.py:190} INFO - [2024-10-21T05:30:34.931+0000] {dag.py:3239} INFO - Sync 2 DAGs
[2024-10-21T05:30:34.956+0000] {logging_mixin.py:190} INFO - [2024-10-21T05:30:34.956+0000] {dag.py:4180} INFO - Setting next_dagrun for example_external_task_marker_child to None, run_after=None
[2024-10-21T05:30:34.964+0000] {logging_mixin.py:190} INFO - [2024-10-21T05:30:34.964+0000] {dag.py:4180} INFO - Setting next_dagrun for example_external_task_marker_parent to None, run_after=None
[2024-10-21T05:30:35.002+0000] {processor.py:208} INFO - Processing /home/airflow/.local/lib/python3.12/site-packages/airflow/example_dags/example_external_task_marker_dag.py took 0.132 seconds
[2024-10-21T05:31:05.404+0000] {processor.py:186} INFO - Started process (PID=570) to work on /home/airflow/.local/lib/python3.12/site-packages/airflow/example_dags/example_external_task_marker_dag.py
[2024-10-21T05:31:05.406+0000] {processor.py:914} INFO - Processing file /home/airflow/.local/lib/python3.12/site-packages/airflow/example_dags/example_external_task_marker_dag.py for tasks to queue
[2024-10-21T05:31:05.409+0000] {logging_mixin.py:190} INFO - [2024-10-21T05:31:05.408+0000] {dagbag.py:588} INFO - Filling up the DagBag from /home/airflow/.local/lib/python3.12/site-packages/airflow/example_dags/example_external_task_marker_dag.py
[2024-10-21T05:31:05.421+0000] {processor.py:925} INFO - DAG(s) 'example_external_task_marker_child', 'example_external_task_marker_parent' retrieved from /home/airflow/.local/lib/python3.12/site-packages/airflow/example_dags/example_external_task_marker_dag.py
[2024-10-21T05:31:05.469+0000] {logging_mixin.py:190} INFO - [2024-10-21T05:31:05.468+0000] {dag.py:3239} INFO - Sync 2 DAGs
[2024-10-21T05:31:05.492+0000] {logging_mixin.py:190} INFO - [2024-10-21T05:31:05.492+0000] {dag.py:4180} INFO - Setting next_dagrun for example_external_task_marker_child to None, run_after=None
[2024-10-21T05:31:05.498+0000] {logging_mixin.py:190} INFO - [2024-10-21T05:31:05.498+0000] {dag.py:4180} INFO - Setting next_dagrun for example_external_task_marker_parent to None, run_after=None
[2024-10-21T05:31:05.527+0000] {processor.py:208} INFO - Processing /home/airflow/.local/lib/python3.12/site-packages/airflow/example_dags/example_external_task_marker_dag.py took 0.132 seconds
[2024-10-21T05:31:36.243+0000] {processor.py:186} INFO - Started process (PID=633) to work on /home/airflow/.local/lib/python3.12/site-packages/airflow/example_dags/example_external_task_marker_dag.py
[2024-10-21T05:31:36.244+0000] {processor.py:914} INFO - Processing file /home/airflow/.local/lib/python3.12/site-packages/airflow/example_dags/example_external_task_marker_dag.py for tasks to queue
[2024-10-21T05:31:36.246+0000] {logging_mixin.py:190} INFO - [2024-10-21T05:31:36.246+0000] {dagbag.py:588} INFO - Filling up the DagBag from /home/airflow/.local/lib/python3.12/site-packages/airflow/example_dags/example_external_task_marker_dag.py
[2024-10-21T05:31:36.256+0000] {processor.py:925} INFO - DAG(s) 'example_external_task_marker_parent', 'example_external_task_marker_child' retrieved from /home/airflow/.local/lib/python3.12/site-packages/airflow/example_dags/example_external_task_marker_dag.py
[2024-10-21T05:31:36.293+0000] {logging_mixin.py:190} INFO - [2024-10-21T05:31:36.293+0000] {dag.py:3239} INFO - Sync 2 DAGs
[2024-10-21T05:31:36.319+0000] {logging_mixin.py:190} INFO - [2024-10-21T05:31:36.319+0000] {dag.py:4180} INFO - Setting next_dagrun for example_external_task_marker_child to None, run_after=None
[2024-10-21T05:31:36.325+0000] {logging_mixin.py:190} INFO - [2024-10-21T05:31:36.325+0000] {dag.py:4180} INFO - Setting next_dagrun for example_external_task_marker_parent to None, run_after=None
[2024-10-21T05:31:36.349+0000] {processor.py:208} INFO - Processing /home/airflow/.local/lib/python3.12/site-packages/airflow/example_dags/example_external_task_marker_dag.py took 0.114 seconds
[2024-10-21T05:32:07.118+0000] {processor.py:186} INFO - Started process (PID=695) to work on /home/airflow/.local/lib/python3.12/site-packages/airflow/example_dags/example_external_task_marker_dag.py
[2024-10-21T05:32:07.120+0000] {processor.py:914} INFO - Processing file /home/airflow/.local/lib/python3.12/site-packages/airflow/example_dags/example_external_task_marker_dag.py for tasks to queue
[2024-10-21T05:32:07.123+0000] {logging_mixin.py:190} INFO - [2024-10-21T05:32:07.122+0000] {dagbag.py:588} INFO - Filling up the DagBag from /home/airflow/.local/lib/python3.12/site-packages/airflow/example_dags/example_external_task_marker_dag.py
[2024-10-21T05:32:07.139+0000] {processor.py:925} INFO - DAG(s) 'example_external_task_marker_parent', 'example_external_task_marker_child' retrieved from /home/airflow/.local/lib/python3.12/site-packages/airflow/example_dags/example_external_task_marker_dag.py
[2024-10-21T05:32:07.178+0000] {logging_mixin.py:190} INFO - [2024-10-21T05:32:07.178+0000] {dag.py:3239} INFO - Sync 2 DAGs
[2024-10-21T05:32:07.204+0000] {logging_mixin.py:190} INFO - [2024-10-21T05:32:07.204+0000] {dag.py:4180} INFO - Setting next_dagrun for example_external_task_marker_child to None, run_after=None
[2024-10-21T05:32:07.211+0000] {logging_mixin.py:190} INFO - [2024-10-21T05:32:07.210+0000] {dag.py:4180} INFO - Setting next_dagrun for example_external_task_marker_parent to None, run_after=None
[2024-10-21T05:32:07.245+0000] {processor.py:208} INFO - Processing /home/airflow/.local/lib/python3.12/site-packages/airflow/example_dags/example_external_task_marker_dag.py took 0.138 seconds
[2024-10-21T05:32:37.402+0000] {processor.py:186} INFO - Started process (PID=757) to work on /home/airflow/.local/lib/python3.12/site-packages/airflow/example_dags/example_external_task_marker_dag.py
[2024-10-21T05:32:37.404+0000] {processor.py:914} INFO - Processing file /home/airflow/.local/lib/python3.12/site-packages/airflow/example_dags/example_external_task_marker_dag.py for tasks to queue
[2024-10-21T05:32:37.407+0000] {logging_mixin.py:190} INFO - [2024-10-21T05:32:37.406+0000] {dagbag.py:588} INFO - Filling up the DagBag from /home/airflow/.local/lib/python3.12/site-packages/airflow/example_dags/example_external_task_marker_dag.py
[2024-10-21T05:32:37.421+0000] {processor.py:925} INFO - DAG(s) 'example_external_task_marker_child', 'example_external_task_marker_parent' retrieved from /home/airflow/.local/lib/python3.12/site-packages/airflow/example_dags/example_external_task_marker_dag.py
[2024-10-21T05:32:37.468+0000] {logging_mixin.py:190} INFO - [2024-10-21T05:32:37.468+0000] {dag.py:3239} INFO - Sync 2 DAGs
[2024-10-21T05:32:37.494+0000] {logging_mixin.py:190} INFO - [2024-10-21T05:32:37.494+0000] {dag.py:4180} INFO - Setting next_dagrun for example_external_task_marker_child to None, run_after=None
[2024-10-21T05:32:37.501+0000] {logging_mixin.py:190} INFO - [2024-10-21T05:32:37.500+0000] {dag.py:4180} INFO - Setting next_dagrun for example_external_task_marker_parent to None, run_after=None
[2024-10-21T05:32:37.524+0000] {processor.py:208} INFO - Processing /home/airflow/.local/lib/python3.12/site-packages/airflow/example_dags/example_external_task_marker_dag.py took 0.132 seconds
[2024-10-21T05:33:07.723+0000] {processor.py:186} INFO - Started process (PID=819) to work on /home/airflow/.local/lib/python3.12/site-packages/airflow/example_dags/example_external_task_marker_dag.py
[2024-10-21T05:33:07.725+0000] {processor.py:914} INFO - Processing file /home/airflow/.local/lib/python3.12/site-packages/airflow/example_dags/example_external_task_marker_dag.py for tasks to queue
[2024-10-21T05:33:07.727+0000] {logging_mixin.py:190} INFO - [2024-10-21T05:33:07.727+0000] {dagbag.py:588} INFO - Filling up the DagBag from /home/airflow/.local/lib/python3.12/site-packages/airflow/example_dags/example_external_task_marker_dag.py
[2024-10-21T05:33:07.739+0000] {processor.py:925} INFO - DAG(s) 'example_external_task_marker_child', 'example_external_task_marker_parent' retrieved from /home/airflow/.local/lib/python3.12/site-packages/airflow/example_dags/example_external_task_marker_dag.py
[2024-10-21T05:33:07.771+0000] {logging_mixin.py:190} INFO - [2024-10-21T05:33:07.770+0000] {dag.py:3239} INFO - Sync 2 DAGs
[2024-10-21T05:33:07.794+0000] {logging_mixin.py:190} INFO - [2024-10-21T05:33:07.794+0000] {dag.py:4180} INFO - Setting next_dagrun for example_external_task_marker_child to None, run_after=None
[2024-10-21T05:33:07.800+0000] {logging_mixin.py:190} INFO - [2024-10-21T05:33:07.799+0000] {dag.py:4180} INFO - Setting next_dagrun for example_external_task_marker_parent to None, run_after=None
[2024-10-21T05:33:07.827+0000] {processor.py:208} INFO - Processing /home/airflow/.local/lib/python3.12/site-packages/airflow/example_dags/example_external_task_marker_dag.py took 0.116 seconds
[2024-10-21T05:33:41.211+0000] {processor.py:186} INFO - Started process (PID=881) to work on /home/airflow/.local/lib/python3.12/site-packages/airflow/example_dags/example_external_task_marker_dag.py
[2024-10-21T05:33:41.214+0000] {processor.py:914} INFO - Processing file /home/airflow/.local/lib/python3.12/site-packages/airflow/example_dags/example_external_task_marker_dag.py for tasks to queue
[2024-10-21T05:33:41.218+0000] {logging_mixin.py:190} INFO - [2024-10-21T05:33:41.217+0000] {dagbag.py:588} INFO - Filling up the DagBag from /home/airflow/.local/lib/python3.12/site-packages/airflow/example_dags/example_external_task_marker_dag.py
[2024-10-21T05:33:41.248+0000] {processor.py:925} INFO - DAG(s) 'example_external_task_marker_parent', 'example_external_task_marker_child' retrieved from /home/airflow/.local/lib/python3.12/site-packages/airflow/example_dags/example_external_task_marker_dag.py
[2024-10-21T05:33:41.349+0000] {logging_mixin.py:190} INFO - [2024-10-21T05:33:41.349+0000] {dag.py:3239} INFO - Sync 2 DAGs
[2024-10-21T05:33:41.417+0000] {logging_mixin.py:190} INFO - [2024-10-21T05:33:41.417+0000] {dag.py:4180} INFO - Setting next_dagrun for example_external_task_marker_child to None, run_after=None
[2024-10-21T05:33:41.426+0000] {logging_mixin.py:190} INFO - [2024-10-21T05:33:41.426+0000] {dag.py:4180} INFO - Setting next_dagrun for example_external_task_marker_parent to None, run_after=None
[2024-10-21T05:33:41.459+0000] {processor.py:208} INFO - Processing /home/airflow/.local/lib/python3.12/site-packages/airflow/example_dags/example_external_task_marker_dag.py took 0.269 seconds
[2024-10-21T05:34:11.852+0000] {processor.py:186} INFO - Started process (PID=943) to work on /home/airflow/.local/lib/python3.12/site-packages/airflow/example_dags/example_external_task_marker_dag.py
[2024-10-21T05:34:11.853+0000] {processor.py:914} INFO - Processing file /home/airflow/.local/lib/python3.12/site-packages/airflow/example_dags/example_external_task_marker_dag.py for tasks to queue
[2024-10-21T05:34:11.856+0000] {logging_mixin.py:190} INFO - [2024-10-21T05:34:11.855+0000] {dagbag.py:588} INFO - Filling up the DagBag from /home/airflow/.local/lib/python3.12/site-packages/airflow/example_dags/example_external_task_marker_dag.py
[2024-10-21T05:34:11.870+0000] {processor.py:925} INFO - DAG(s) 'example_external_task_marker_child', 'example_external_task_marker_parent' retrieved from /home/airflow/.local/lib/python3.12/site-packages/airflow/example_dags/example_external_task_marker_dag.py
[2024-10-21T05:34:11.909+0000] {logging_mixin.py:190} INFO - [2024-10-21T05:34:11.908+0000] {dag.py:3239} INFO - Sync 2 DAGs
[2024-10-21T05:34:11.936+0000] {logging_mixin.py:190} INFO - [2024-10-21T05:34:11.936+0000] {dag.py:4180} INFO - Setting next_dagrun for example_external_task_marker_child to None, run_after=None
[2024-10-21T05:34:11.945+0000] {logging_mixin.py:190} INFO - [2024-10-21T05:34:11.945+0000] {dag.py:4180} INFO - Setting next_dagrun for example_external_task_marker_parent to None, run_after=None
[2024-10-21T05:34:11.980+0000] {processor.py:208} INFO - Processing /home/airflow/.local/lib/python3.12/site-packages/airflow/example_dags/example_external_task_marker_dag.py took 0.140 seconds
[2024-10-21T05:34:42.423+0000] {processor.py:186} INFO - Started process (PID=1005) to work on /home/airflow/.local/lib/python3.12/site-packages/airflow/example_dags/example_external_task_marker_dag.py
[2024-10-21T05:34:42.425+0000] {processor.py:914} INFO - Processing file /home/airflow/.local/lib/python3.12/site-packages/airflow/example_dags/example_external_task_marker_dag.py for tasks to queue
[2024-10-21T05:34:42.427+0000] {logging_mixin.py:190} INFO - [2024-10-21T05:34:42.427+0000] {dagbag.py:588} INFO - Filling up the DagBag from /home/airflow/.local/lib/python3.12/site-packages/airflow/example_dags/example_external_task_marker_dag.py
[2024-10-21T05:34:42.439+0000] {processor.py:925} INFO - DAG(s) 'example_external_task_marker_child', 'example_external_task_marker_parent' retrieved from /home/airflow/.local/lib/python3.12/site-packages/airflow/example_dags/example_external_task_marker_dag.py
[2024-10-21T05:34:42.478+0000] {logging_mixin.py:190} INFO - [2024-10-21T05:34:42.478+0000] {dag.py:3239} INFO - Sync 2 DAGs
[2024-10-21T05:34:42.503+0000] {logging_mixin.py:190} INFO - [2024-10-21T05:34:42.503+0000] {dag.py:4180} INFO - Setting next_dagrun for example_external_task_marker_child to None, run_after=None
[2024-10-21T05:34:42.510+0000] {logging_mixin.py:190} INFO - [2024-10-21T05:34:42.510+0000] {dag.py:4180} INFO - Setting next_dagrun for example_external_task_marker_parent to None, run_after=None
[2024-10-21T05:34:42.536+0000] {processor.py:208} INFO - Processing /home/airflow/.local/lib/python3.12/site-packages/airflow/example_dags/example_external_task_marker_dag.py took 0.120 seconds
[2024-10-21T05:35:13.307+0000] {processor.py:186} INFO - Started process (PID=1067) to work on /home/airflow/.local/lib/python3.12/site-packages/airflow/example_dags/example_external_task_marker_dag.py
[2024-10-21T05:35:13.309+0000] {processor.py:914} INFO - Processing file /home/airflow/.local/lib/python3.12/site-packages/airflow/example_dags/example_external_task_marker_dag.py for tasks to queue
[2024-10-21T05:35:13.312+0000] {logging_mixin.py:190} INFO - [2024-10-21T05:35:13.311+0000] {dagbag.py:588} INFO - Filling up the DagBag from /home/airflow/.local/lib/python3.12/site-packages/airflow/example_dags/example_external_task_marker_dag.py
[2024-10-21T05:35:13.329+0000] {processor.py:925} INFO - DAG(s) 'example_external_task_marker_child', 'example_external_task_marker_parent' retrieved from /home/airflow/.local/lib/python3.12/site-packages/airflow/example_dags/example_external_task_marker_dag.py
[2024-10-21T05:35:13.369+0000] {logging_mixin.py:190} INFO - [2024-10-21T05:35:13.369+0000] {dag.py:3239} INFO - Sync 2 DAGs
[2024-10-21T05:35:13.395+0000] {logging_mixin.py:190} INFO - [2024-10-21T05:35:13.394+0000] {dag.py:4180} INFO - Setting next_dagrun for example_external_task_marker_child to None, run_after=None
[2024-10-21T05:35:13.401+0000] {logging_mixin.py:190} INFO - [2024-10-21T05:35:13.401+0000] {dag.py:4180} INFO - Setting next_dagrun for example_external_task_marker_parent to None, run_after=None
[2024-10-21T05:35:13.430+0000] {processor.py:208} INFO - Processing /home/airflow/.local/lib/python3.12/site-packages/airflow/example_dags/example_external_task_marker_dag.py took 0.133 seconds
[2024-10-21T05:35:43.989+0000] {processor.py:186} INFO - Started process (PID=1129) to work on /home/airflow/.local/lib/python3.12/site-packages/airflow/example_dags/example_external_task_marker_dag.py
[2024-10-21T05:35:43.990+0000] {processor.py:914} INFO - Processing file /home/airflow/.local/lib/python3.12/site-packages/airflow/example_dags/example_external_task_marker_dag.py for tasks to queue
[2024-10-21T05:35:43.992+0000] {logging_mixin.py:190} INFO - [2024-10-21T05:35:43.992+0000] {dagbag.py:588} INFO - Filling up the DagBag from /home/airflow/.local/lib/python3.12/site-packages/airflow/example_dags/example_external_task_marker_dag.py
[2024-10-21T05:35:44.005+0000] {processor.py:925} INFO - DAG(s) 'example_external_task_marker_parent', 'example_external_task_marker_child' retrieved from /home/airflow/.local/lib/python3.12/site-packages/airflow/example_dags/example_external_task_marker_dag.py
[2024-10-21T05:35:44.038+0000] {logging_mixin.py:190} INFO - [2024-10-21T05:35:44.038+0000] {dag.py:3239} INFO - Sync 2 DAGs
[2024-10-21T05:35:44.062+0000] {logging_mixin.py:190} INFO - [2024-10-21T05:35:44.062+0000] {dag.py:4180} INFO - Setting next_dagrun for example_external_task_marker_child to None, run_after=None
[2024-10-21T05:35:44.069+0000] {logging_mixin.py:190} INFO - [2024-10-21T05:35:44.068+0000] {dag.py:4180} INFO - Setting next_dagrun for example_external_task_marker_parent to None, run_after=None
[2024-10-21T05:35:44.094+0000] {processor.py:208} INFO - Processing /home/airflow/.local/lib/python3.12/site-packages/airflow/example_dags/example_external_task_marker_dag.py took 0.114 seconds
[2024-10-21T05:36:14.868+0000] {processor.py:186} INFO - Started process (PID=1191) to work on /home/airflow/.local/lib/python3.12/site-packages/airflow/example_dags/example_external_task_marker_dag.py
[2024-10-21T05:36:14.870+0000] {processor.py:914} INFO - Processing file /home/airflow/.local/lib/python3.12/site-packages/airflow/example_dags/example_external_task_marker_dag.py for tasks to queue
[2024-10-21T05:36:14.873+0000] {logging_mixin.py:190} INFO - [2024-10-21T05:36:14.872+0000] {dagbag.py:588} INFO - Filling up the DagBag from /home/airflow/.local/lib/python3.12/site-packages/airflow/example_dags/example_external_task_marker_dag.py
[2024-10-21T05:36:14.887+0000] {processor.py:925} INFO - DAG(s) 'example_external_task_marker_parent', 'example_external_task_marker_child' retrieved from /home/airflow/.local/lib/python3.12/site-packages/airflow/example_dags/example_external_task_marker_dag.py
[2024-10-21T05:36:14.928+0000] {logging_mixin.py:190} INFO - [2024-10-21T05:36:14.928+0000] {dag.py:3239} INFO - Sync 2 DAGs
[2024-10-21T05:36:14.952+0000] {logging_mixin.py:190} INFO - [2024-10-21T05:36:14.952+0000] {dag.py:4180} INFO - Setting next_dagrun for example_external_task_marker_child to None, run_after=None
[2024-10-21T05:36:14.958+0000] {logging_mixin.py:190} INFO - [2024-10-21T05:36:14.958+0000] {dag.py:4180} INFO - Setting next_dagrun for example_external_task_marker_parent to None, run_after=None
[2024-10-21T05:36:14.986+0000] {processor.py:208} INFO - Processing /home/airflow/.local/lib/python3.12/site-packages/airflow/example_dags/example_external_task_marker_dag.py took 0.130 seconds
[2024-10-21T05:36:45.418+0000] {processor.py:186} INFO - Started process (PID=1253) to work on /home/airflow/.local/lib/python3.12/site-packages/airflow/example_dags/example_external_task_marker_dag.py
[2024-10-21T05:36:45.420+0000] {processor.py:914} INFO - Processing file /home/airflow/.local/lib/python3.12/site-packages/airflow/example_dags/example_external_task_marker_dag.py for tasks to queue
[2024-10-21T05:36:45.423+0000] {logging_mixin.py:190} INFO - [2024-10-21T05:36:45.422+0000] {dagbag.py:588} INFO - Filling up the DagBag from /home/airflow/.local/lib/python3.12/site-packages/airflow/example_dags/example_external_task_marker_dag.py
[2024-10-21T05:36:45.435+0000] {processor.py:925} INFO - DAG(s) 'example_external_task_marker_parent', 'example_external_task_marker_child' retrieved from /home/airflow/.local/lib/python3.12/site-packages/airflow/example_dags/example_external_task_marker_dag.py
[2024-10-21T05:36:45.469+0000] {logging_mixin.py:190} INFO - [2024-10-21T05:36:45.468+0000] {dag.py:3239} INFO - Sync 2 DAGs
[2024-10-21T05:36:45.491+0000] {logging_mixin.py:190} INFO - [2024-10-21T05:36:45.491+0000] {dag.py:4180} INFO - Setting next_dagrun for example_external_task_marker_child to None, run_after=None
[2024-10-21T05:36:45.497+0000] {logging_mixin.py:190} INFO - [2024-10-21T05:36:45.497+0000] {dag.py:4180} INFO - Setting next_dagrun for example_external_task_marker_parent to None, run_after=None
[2024-10-21T05:36:45.524+0000] {processor.py:208} INFO - Processing /home/airflow/.local/lib/python3.12/site-packages/airflow/example_dags/example_external_task_marker_dag.py took 0.114 seconds
[2024-10-21T11:55:01.839+0000] {processor.py:186} INFO - Started process (PID=96) to work on /home/airflow/.local/lib/python3.12/site-packages/airflow/example_dags/example_external_task_marker_dag.py
[2024-10-21T11:55:01.842+0000] {processor.py:914} INFO - Processing file /home/airflow/.local/lib/python3.12/site-packages/airflow/example_dags/example_external_task_marker_dag.py for tasks to queue
[2024-10-21T11:55:01.852+0000] {logging_mixin.py:190} INFO - [2024-10-21T11:55:01.851+0000] {dagbag.py:588} INFO - Filling up the DagBag from /home/airflow/.local/lib/python3.12/site-packages/airflow/example_dags/example_external_task_marker_dag.py
[2024-10-21T11:55:01.886+0000] {processor.py:925} INFO - DAG(s) 'example_external_task_marker_parent', 'example_external_task_marker_child' retrieved from /home/airflow/.local/lib/python3.12/site-packages/airflow/example_dags/example_external_task_marker_dag.py
[2024-10-21T11:55:01.963+0000] {logging_mixin.py:190} INFO - [2024-10-21T11:55:01.959+0000] {dag.py:3239} INFO - Sync 2 DAGs
[2024-10-21T11:55:02.014+0000] {logging_mixin.py:190} INFO - [2024-10-21T11:55:02.013+0000] {dag.py:4180} INFO - Setting next_dagrun for example_external_task_marker_child to None, run_after=None
[2024-10-21T11:55:02.037+0000] {logging_mixin.py:190} INFO - [2024-10-21T11:55:02.034+0000] {dag.py:4180} INFO - Setting next_dagrun for example_external_task_marker_parent to None, run_after=None
[2024-10-21T11:55:02.150+0000] {processor.py:208} INFO - Processing /home/airflow/.local/lib/python3.12/site-packages/airflow/example_dags/example_external_task_marker_dag.py took 0.316 seconds
