[2024-10-21T03:08:45.332+0000] {processor.py:186} INFO - Started process (PID=347) to work on /home/airflow/.local/lib/python3.12/site-packages/airflow/example_dags/example_local_kubernetes_executor.py
[2024-10-21T03:08:45.333+0000] {processor.py:914} INFO - Processing file /home/airflow/.local/lib/python3.12/site-packages/airflow/example_dags/example_local_kubernetes_executor.py for tasks to queue
[2024-10-21T03:08:45.335+0000] {logging_mixin.py:190} INFO - [2024-10-21T03:08:45.335+0000] {dagbag.py:588} INFO - Filling up the DagBag from /home/airflow/.local/lib/python3.12/site-packages/airflow/example_dags/example_local_kubernetes_executor.py
[2024-10-21T03:08:45.353+0000] {processor.py:925} INFO - DAG(s) 'example_local_kubernetes_executor' retrieved from /home/airflow/.local/lib/python3.12/site-packages/airflow/example_dags/example_local_kubernetes_executor.py
[2024-10-21T03:08:45.462+0000] {logging_mixin.py:190} INFO - [2024-10-21T03:08:45.462+0000] {override.py:1900} INFO - Created Permission View: can delete on DAG:example_local_kubernetes_executor
[2024-10-21T03:08:45.472+0000] {logging_mixin.py:190} INFO - [2024-10-21T03:08:45.472+0000] {override.py:1900} INFO - Created Permission View: can read on DAG:example_local_kubernetes_executor
[2024-10-21T03:08:45.480+0000] {logging_mixin.py:190} INFO - [2024-10-21T03:08:45.479+0000] {override.py:1900} INFO - Created Permission View: can edit on DAG:example_local_kubernetes_executor
[2024-10-21T03:08:45.487+0000] {logging_mixin.py:190} INFO - [2024-10-21T03:08:45.487+0000] {override.py:1900} INFO - Created Permission View: menu access on DAG Run:example_local_kubernetes_executor
[2024-10-21T03:08:45.494+0000] {logging_mixin.py:190} INFO - [2024-10-21T03:08:45.494+0000] {override.py:1900} INFO - Created Permission View: can delete on DAG Run:example_local_kubernetes_executor
[2024-10-21T03:08:45.500+0000] {logging_mixin.py:190} INFO - [2024-10-21T03:08:45.500+0000] {override.py:1900} INFO - Created Permission View: can read on DAG Run:example_local_kubernetes_executor
[2024-10-21T03:08:45.507+0000] {logging_mixin.py:190} INFO - [2024-10-21T03:08:45.507+0000] {override.py:1900} INFO - Created Permission View: can create on DAG Run:example_local_kubernetes_executor
[2024-10-21T03:08:45.508+0000] {logging_mixin.py:190} INFO - [2024-10-21T03:08:45.508+0000] {dag.py:3239} INFO - Sync 1 DAGs
[2024-10-21T03:08:45.519+0000] {logging_mixin.py:190} INFO - [2024-10-21T03:08:45.519+0000] {dag.py:3262} INFO - Creating ORM DAG for example_local_kubernetes_executor
[2024-10-21T03:08:45.520+0000] {logging_mixin.py:190} INFO - [2024-10-21T03:08:45.520+0000] {dag.py:4180} INFO - Setting next_dagrun for example_local_kubernetes_executor to None, run_after=None
[2024-10-21T03:08:45.536+0000] {processor.py:208} INFO - Processing /home/airflow/.local/lib/python3.12/site-packages/airflow/example_dags/example_local_kubernetes_executor.py took 0.210 seconds
[2024-10-21T03:09:17.072+0000] {processor.py:186} INFO - Started process (PID=409) to work on /home/airflow/.local/lib/python3.12/site-packages/airflow/example_dags/example_local_kubernetes_executor.py
[2024-10-21T03:09:17.130+0000] {processor.py:914} INFO - Processing file /home/airflow/.local/lib/python3.12/site-packages/airflow/example_dags/example_local_kubernetes_executor.py for tasks to queue
[2024-10-21T03:09:17.141+0000] {logging_mixin.py:190} INFO - [2024-10-21T03:09:17.139+0000] {dagbag.py:588} INFO - Filling up the DagBag from /home/airflow/.local/lib/python3.12/site-packages/airflow/example_dags/example_local_kubernetes_executor.py
[2024-10-21T03:09:17.210+0000] {processor.py:925} INFO - DAG(s) 'example_local_kubernetes_executor' retrieved from /home/airflow/.local/lib/python3.12/site-packages/airflow/example_dags/example_local_kubernetes_executor.py
[2024-10-21T03:09:17.529+0000] {logging_mixin.py:190} INFO - [2024-10-21T03:09:17.529+0000] {dag.py:3239} INFO - Sync 1 DAGs
[2024-10-21T03:09:17.617+0000] {logging_mixin.py:190} INFO - [2024-10-21T03:09:17.615+0000] {dag.py:4180} INFO - Setting next_dagrun for example_local_kubernetes_executor to None, run_after=None
[2024-10-21T03:09:17.736+0000] {processor.py:208} INFO - Processing /home/airflow/.local/lib/python3.12/site-packages/airflow/example_dags/example_local_kubernetes_executor.py took 0.701 seconds
[2024-10-21T03:09:48.322+0000] {processor.py:186} INFO - Started process (PID=471) to work on /home/airflow/.local/lib/python3.12/site-packages/airflow/example_dags/example_local_kubernetes_executor.py
[2024-10-21T03:09:48.323+0000] {processor.py:914} INFO - Processing file /home/airflow/.local/lib/python3.12/site-packages/airflow/example_dags/example_local_kubernetes_executor.py for tasks to queue
[2024-10-21T03:09:48.325+0000] {logging_mixin.py:190} INFO - [2024-10-21T03:09:48.325+0000] {dagbag.py:588} INFO - Filling up the DagBag from /home/airflow/.local/lib/python3.12/site-packages/airflow/example_dags/example_local_kubernetes_executor.py
[2024-10-21T03:09:48.334+0000] {processor.py:925} INFO - DAG(s) 'example_local_kubernetes_executor' retrieved from /home/airflow/.local/lib/python3.12/site-packages/airflow/example_dags/example_local_kubernetes_executor.py
[2024-10-21T03:09:48.367+0000] {logging_mixin.py:190} INFO - [2024-10-21T03:09:48.366+0000] {dag.py:3239} INFO - Sync 1 DAGs
[2024-10-21T03:09:48.376+0000] {logging_mixin.py:190} INFO - [2024-10-21T03:09:48.376+0000] {dag.py:4180} INFO - Setting next_dagrun for example_local_kubernetes_executor to None, run_after=None
[2024-10-21T03:09:48.393+0000] {processor.py:208} INFO - Processing /home/airflow/.local/lib/python3.12/site-packages/airflow/example_dags/example_local_kubernetes_executor.py took 0.075 seconds
[2024-10-21T03:10:18.627+0000] {processor.py:186} INFO - Started process (PID=533) to work on /home/airflow/.local/lib/python3.12/site-packages/airflow/example_dags/example_local_kubernetes_executor.py
[2024-10-21T03:10:18.628+0000] {processor.py:914} INFO - Processing file /home/airflow/.local/lib/python3.12/site-packages/airflow/example_dags/example_local_kubernetes_executor.py for tasks to queue
[2024-10-21T03:10:18.632+0000] {logging_mixin.py:190} INFO - [2024-10-21T03:10:18.632+0000] {dagbag.py:588} INFO - Filling up the DagBag from /home/airflow/.local/lib/python3.12/site-packages/airflow/example_dags/example_local_kubernetes_executor.py
[2024-10-21T03:10:18.642+0000] {processor.py:925} INFO - DAG(s) 'example_local_kubernetes_executor' retrieved from /home/airflow/.local/lib/python3.12/site-packages/airflow/example_dags/example_local_kubernetes_executor.py
[2024-10-21T03:10:18.676+0000] {logging_mixin.py:190} INFO - [2024-10-21T03:10:18.676+0000] {dag.py:3239} INFO - Sync 1 DAGs
[2024-10-21T03:10:18.687+0000] {logging_mixin.py:190} INFO - [2024-10-21T03:10:18.687+0000] {dag.py:4180} INFO - Setting next_dagrun for example_local_kubernetes_executor to None, run_after=None
[2024-10-21T03:10:18.706+0000] {processor.py:208} INFO - Processing /home/airflow/.local/lib/python3.12/site-packages/airflow/example_dags/example_local_kubernetes_executor.py took 0.084 seconds
[2024-10-21T03:10:48.995+0000] {processor.py:186} INFO - Started process (PID=595) to work on /home/airflow/.local/lib/python3.12/site-packages/airflow/example_dags/example_local_kubernetes_executor.py
[2024-10-21T03:10:48.996+0000] {processor.py:914} INFO - Processing file /home/airflow/.local/lib/python3.12/site-packages/airflow/example_dags/example_local_kubernetes_executor.py for tasks to queue
[2024-10-21T03:10:48.998+0000] {logging_mixin.py:190} INFO - [2024-10-21T03:10:48.998+0000] {dagbag.py:588} INFO - Filling up the DagBag from /home/airflow/.local/lib/python3.12/site-packages/airflow/example_dags/example_local_kubernetes_executor.py
[2024-10-21T03:10:49.008+0000] {processor.py:925} INFO - DAG(s) 'example_local_kubernetes_executor' retrieved from /home/airflow/.local/lib/python3.12/site-packages/airflow/example_dags/example_local_kubernetes_executor.py
[2024-10-21T03:10:49.045+0000] {logging_mixin.py:190} INFO - [2024-10-21T03:10:49.044+0000] {dag.py:3239} INFO - Sync 1 DAGs
[2024-10-21T03:10:49.058+0000] {logging_mixin.py:190} INFO - [2024-10-21T03:10:49.058+0000] {dag.py:4180} INFO - Setting next_dagrun for example_local_kubernetes_executor to None, run_after=None
[2024-10-21T03:10:49.089+0000] {processor.py:208} INFO - Processing /home/airflow/.local/lib/python3.12/site-packages/airflow/example_dags/example_local_kubernetes_executor.py took 0.100 seconds
[2024-10-21T03:11:19.431+0000] {processor.py:186} INFO - Started process (PID=657) to work on /home/airflow/.local/lib/python3.12/site-packages/airflow/example_dags/example_local_kubernetes_executor.py
[2024-10-21T03:11:19.432+0000] {processor.py:914} INFO - Processing file /home/airflow/.local/lib/python3.12/site-packages/airflow/example_dags/example_local_kubernetes_executor.py for tasks to queue
[2024-10-21T03:11:19.436+0000] {logging_mixin.py:190} INFO - [2024-10-21T03:11:19.435+0000] {dagbag.py:588} INFO - Filling up the DagBag from /home/airflow/.local/lib/python3.12/site-packages/airflow/example_dags/example_local_kubernetes_executor.py
[2024-10-21T03:11:19.452+0000] {processor.py:925} INFO - DAG(s) 'example_local_kubernetes_executor' retrieved from /home/airflow/.local/lib/python3.12/site-packages/airflow/example_dags/example_local_kubernetes_executor.py
[2024-10-21T03:11:19.508+0000] {logging_mixin.py:190} INFO - [2024-10-21T03:11:19.507+0000] {dag.py:3239} INFO - Sync 1 DAGs
[2024-10-21T03:11:19.531+0000] {logging_mixin.py:190} INFO - [2024-10-21T03:11:19.530+0000] {dag.py:4180} INFO - Setting next_dagrun for example_local_kubernetes_executor to None, run_after=None
[2024-10-21T03:11:19.556+0000] {processor.py:208} INFO - Processing /home/airflow/.local/lib/python3.12/site-packages/airflow/example_dags/example_local_kubernetes_executor.py took 0.133 seconds
[2024-10-21T03:11:49.748+0000] {processor.py:186} INFO - Started process (PID=720) to work on /home/airflow/.local/lib/python3.12/site-packages/airflow/example_dags/example_local_kubernetes_executor.py
[2024-10-21T03:11:49.749+0000] {processor.py:914} INFO - Processing file /home/airflow/.local/lib/python3.12/site-packages/airflow/example_dags/example_local_kubernetes_executor.py for tasks to queue
[2024-10-21T03:11:49.752+0000] {logging_mixin.py:190} INFO - [2024-10-21T03:11:49.751+0000] {dagbag.py:588} INFO - Filling up the DagBag from /home/airflow/.local/lib/python3.12/site-packages/airflow/example_dags/example_local_kubernetes_executor.py
[2024-10-21T03:11:49.761+0000] {processor.py:925} INFO - DAG(s) 'example_local_kubernetes_executor' retrieved from /home/airflow/.local/lib/python3.12/site-packages/airflow/example_dags/example_local_kubernetes_executor.py
[2024-10-21T03:11:49.799+0000] {logging_mixin.py:190} INFO - [2024-10-21T03:11:49.799+0000] {dag.py:3239} INFO - Sync 1 DAGs
[2024-10-21T03:11:49.814+0000] {logging_mixin.py:190} INFO - [2024-10-21T03:11:49.813+0000] {dag.py:4180} INFO - Setting next_dagrun for example_local_kubernetes_executor to None, run_after=None
[2024-10-21T03:11:49.836+0000] {processor.py:208} INFO - Processing /home/airflow/.local/lib/python3.12/site-packages/airflow/example_dags/example_local_kubernetes_executor.py took 0.094 seconds
[2024-10-21T05:26:34.417+0000] {processor.py:186} INFO - Started process (PID=132) to work on /home/airflow/.local/lib/python3.12/site-packages/airflow/example_dags/example_local_kubernetes_executor.py
[2024-10-21T05:26:34.419+0000] {processor.py:914} INFO - Processing file /home/airflow/.local/lib/python3.12/site-packages/airflow/example_dags/example_local_kubernetes_executor.py for tasks to queue
[2024-10-21T05:26:34.422+0000] {logging_mixin.py:190} INFO - [2024-10-21T05:26:34.422+0000] {dagbag.py:588} INFO - Filling up the DagBag from /home/airflow/.local/lib/python3.12/site-packages/airflow/example_dags/example_local_kubernetes_executor.py
[2024-10-21T05:26:34.435+0000] {processor.py:925} INFO - DAG(s) 'example_local_kubernetes_executor' retrieved from /home/airflow/.local/lib/python3.12/site-packages/airflow/example_dags/example_local_kubernetes_executor.py
[2024-10-21T05:26:34.484+0000] {logging_mixin.py:190} INFO - [2024-10-21T05:26:34.484+0000] {dag.py:3239} INFO - Sync 1 DAGs
[2024-10-21T05:26:34.504+0000] {logging_mixin.py:190} INFO - [2024-10-21T05:26:34.504+0000] {dag.py:4180} INFO - Setting next_dagrun for example_local_kubernetes_executor to None, run_after=None
[2024-10-21T05:26:34.530+0000] {processor.py:208} INFO - Processing /home/airflow/.local/lib/python3.12/site-packages/airflow/example_dags/example_local_kubernetes_executor.py took 0.122 seconds
[2024-10-21T05:27:05.491+0000] {processor.py:186} INFO - Started process (PID=194) to work on /home/airflow/.local/lib/python3.12/site-packages/airflow/example_dags/example_local_kubernetes_executor.py
[2024-10-21T05:27:05.501+0000] {processor.py:914} INFO - Processing file /home/airflow/.local/lib/python3.12/site-packages/airflow/example_dags/example_local_kubernetes_executor.py for tasks to queue
[2024-10-21T05:27:05.505+0000] {logging_mixin.py:190} INFO - [2024-10-21T05:27:05.504+0000] {dagbag.py:588} INFO - Filling up the DagBag from /home/airflow/.local/lib/python3.12/site-packages/airflow/example_dags/example_local_kubernetes_executor.py
[2024-10-21T05:27:05.534+0000] {processor.py:925} INFO - DAG(s) 'example_local_kubernetes_executor' retrieved from /home/airflow/.local/lib/python3.12/site-packages/airflow/example_dags/example_local_kubernetes_executor.py
[2024-10-21T05:27:05.576+0000] {logging_mixin.py:190} INFO - [2024-10-21T05:27:05.576+0000] {dag.py:3239} INFO - Sync 1 DAGs
[2024-10-21T05:27:05.600+0000] {logging_mixin.py:190} INFO - [2024-10-21T05:27:05.600+0000] {dag.py:4180} INFO - Setting next_dagrun for example_local_kubernetes_executor to None, run_after=None
[2024-10-21T05:27:05.631+0000] {processor.py:208} INFO - Processing /home/airflow/.local/lib/python3.12/site-packages/airflow/example_dags/example_local_kubernetes_executor.py took 0.148 seconds
[2024-10-21T05:27:36.416+0000] {processor.py:186} INFO - Started process (PID=256) to work on /home/airflow/.local/lib/python3.12/site-packages/airflow/example_dags/example_local_kubernetes_executor.py
[2024-10-21T05:27:36.418+0000] {processor.py:914} INFO - Processing file /home/airflow/.local/lib/python3.12/site-packages/airflow/example_dags/example_local_kubernetes_executor.py for tasks to queue
[2024-10-21T05:27:36.421+0000] {logging_mixin.py:190} INFO - [2024-10-21T05:27:36.421+0000] {dagbag.py:588} INFO - Filling up the DagBag from /home/airflow/.local/lib/python3.12/site-packages/airflow/example_dags/example_local_kubernetes_executor.py
[2024-10-21T05:27:36.440+0000] {processor.py:925} INFO - DAG(s) 'example_local_kubernetes_executor' retrieved from /home/airflow/.local/lib/python3.12/site-packages/airflow/example_dags/example_local_kubernetes_executor.py
[2024-10-21T05:27:36.505+0000] {logging_mixin.py:190} INFO - [2024-10-21T05:27:36.504+0000] {dag.py:3239} INFO - Sync 1 DAGs
[2024-10-21T05:27:36.527+0000] {logging_mixin.py:190} INFO - [2024-10-21T05:27:36.526+0000] {dag.py:4180} INFO - Setting next_dagrun for example_local_kubernetes_executor to None, run_after=None
[2024-10-21T05:27:36.555+0000] {processor.py:208} INFO - Processing /home/airflow/.local/lib/python3.12/site-packages/airflow/example_dags/example_local_kubernetes_executor.py took 0.148 seconds
[2024-10-21T05:29:08.407+0000] {processor.py:186} INFO - Started process (PID=348) to work on /home/airflow/.local/lib/python3.12/site-packages/airflow/example_dags/example_local_kubernetes_executor.py
[2024-10-21T05:29:08.408+0000] {processor.py:914} INFO - Processing file /home/airflow/.local/lib/python3.12/site-packages/airflow/example_dags/example_local_kubernetes_executor.py for tasks to queue
[2024-10-21T05:29:08.412+0000] {logging_mixin.py:190} INFO - [2024-10-21T05:29:08.412+0000] {dagbag.py:588} INFO - Filling up the DagBag from /home/airflow/.local/lib/python3.12/site-packages/airflow/example_dags/example_local_kubernetes_executor.py
[2024-10-21T05:29:08.446+0000] {processor.py:925} INFO - DAG(s) 'example_local_kubernetes_executor' retrieved from /home/airflow/.local/lib/python3.12/site-packages/airflow/example_dags/example_local_kubernetes_executor.py
[2024-10-21T05:29:08.521+0000] {logging_mixin.py:190} INFO - [2024-10-21T05:29:08.521+0000] {dag.py:3239} INFO - Sync 1 DAGs
[2024-10-21T05:29:08.545+0000] {logging_mixin.py:190} INFO - [2024-10-21T05:29:08.544+0000] {dag.py:4180} INFO - Setting next_dagrun for example_local_kubernetes_executor to None, run_after=None
[2024-10-21T05:29:08.581+0000] {processor.py:208} INFO - Processing /home/airflow/.local/lib/python3.12/site-packages/airflow/example_dags/example_local_kubernetes_executor.py took 0.186 seconds
[2024-10-21T05:29:39.879+0000] {processor.py:186} INFO - Started process (PID=414) to work on /home/airflow/.local/lib/python3.12/site-packages/airflow/example_dags/example_local_kubernetes_executor.py
[2024-10-21T05:29:39.881+0000] {processor.py:914} INFO - Processing file /home/airflow/.local/lib/python3.12/site-packages/airflow/example_dags/example_local_kubernetes_executor.py for tasks to queue
[2024-10-21T05:29:39.883+0000] {logging_mixin.py:190} INFO - [2024-10-21T05:29:39.882+0000] {dagbag.py:588} INFO - Filling up the DagBag from /home/airflow/.local/lib/python3.12/site-packages/airflow/example_dags/example_local_kubernetes_executor.py
[2024-10-21T05:29:39.899+0000] {processor.py:925} INFO - DAG(s) 'example_local_kubernetes_executor' retrieved from /home/airflow/.local/lib/python3.12/site-packages/airflow/example_dags/example_local_kubernetes_executor.py
[2024-10-21T05:29:39.949+0000] {logging_mixin.py:190} INFO - [2024-10-21T05:29:39.949+0000] {dag.py:3239} INFO - Sync 1 DAGs
[2024-10-21T05:29:39.974+0000] {logging_mixin.py:190} INFO - [2024-10-21T05:29:39.973+0000] {dag.py:4180} INFO - Setting next_dagrun for example_local_kubernetes_executor to None, run_after=None
[2024-10-21T05:29:40.006+0000] {processor.py:208} INFO - Processing /home/airflow/.local/lib/python3.12/site-packages/airflow/example_dags/example_local_kubernetes_executor.py took 0.141 seconds
[2024-10-21T05:30:11.248+0000] {processor.py:186} INFO - Started process (PID=476) to work on /home/airflow/.local/lib/python3.12/site-packages/airflow/example_dags/example_local_kubernetes_executor.py
[2024-10-21T05:30:11.250+0000] {processor.py:914} INFO - Processing file /home/airflow/.local/lib/python3.12/site-packages/airflow/example_dags/example_local_kubernetes_executor.py for tasks to queue
[2024-10-21T05:30:11.253+0000] {logging_mixin.py:190} INFO - [2024-10-21T05:30:11.253+0000] {dagbag.py:588} INFO - Filling up the DagBag from /home/airflow/.local/lib/python3.12/site-packages/airflow/example_dags/example_local_kubernetes_executor.py
[2024-10-21T05:30:11.274+0000] {processor.py:925} INFO - DAG(s) 'example_local_kubernetes_executor' retrieved from /home/airflow/.local/lib/python3.12/site-packages/airflow/example_dags/example_local_kubernetes_executor.py
[2024-10-21T05:30:11.332+0000] {logging_mixin.py:190} INFO - [2024-10-21T05:30:11.332+0000] {dag.py:3239} INFO - Sync 1 DAGs
[2024-10-21T05:30:11.355+0000] {logging_mixin.py:190} INFO - [2024-10-21T05:30:11.354+0000] {dag.py:4180} INFO - Setting next_dagrun for example_local_kubernetes_executor to None, run_after=None
[2024-10-21T05:30:11.390+0000] {processor.py:208} INFO - Processing /home/airflow/.local/lib/python3.12/site-packages/airflow/example_dags/example_local_kubernetes_executor.py took 0.154 seconds
[2024-10-21T05:30:42.513+0000] {processor.py:186} INFO - Started process (PID=538) to work on /home/airflow/.local/lib/python3.12/site-packages/airflow/example_dags/example_local_kubernetes_executor.py
[2024-10-21T05:30:42.515+0000] {processor.py:914} INFO - Processing file /home/airflow/.local/lib/python3.12/site-packages/airflow/example_dags/example_local_kubernetes_executor.py for tasks to queue
[2024-10-21T05:30:42.519+0000] {logging_mixin.py:190} INFO - [2024-10-21T05:30:42.518+0000] {dagbag.py:588} INFO - Filling up the DagBag from /home/airflow/.local/lib/python3.12/site-packages/airflow/example_dags/example_local_kubernetes_executor.py
[2024-10-21T05:30:42.541+0000] {processor.py:925} INFO - DAG(s) 'example_local_kubernetes_executor' retrieved from /home/airflow/.local/lib/python3.12/site-packages/airflow/example_dags/example_local_kubernetes_executor.py
[2024-10-21T05:30:42.607+0000] {logging_mixin.py:190} INFO - [2024-10-21T05:30:42.606+0000] {dag.py:3239} INFO - Sync 1 DAGs
[2024-10-21T05:30:42.638+0000] {logging_mixin.py:190} INFO - [2024-10-21T05:30:42.637+0000] {dag.py:4180} INFO - Setting next_dagrun for example_local_kubernetes_executor to None, run_after=None
[2024-10-21T05:30:42.676+0000] {processor.py:208} INFO - Processing /home/airflow/.local/lib/python3.12/site-packages/airflow/example_dags/example_local_kubernetes_executor.py took 0.176 seconds
[2024-10-21T05:31:13.640+0000] {processor.py:186} INFO - Started process (PID=600) to work on /home/airflow/.local/lib/python3.12/site-packages/airflow/example_dags/example_local_kubernetes_executor.py
[2024-10-21T05:31:13.642+0000] {processor.py:914} INFO - Processing file /home/airflow/.local/lib/python3.12/site-packages/airflow/example_dags/example_local_kubernetes_executor.py for tasks to queue
[2024-10-21T05:31:13.645+0000] {logging_mixin.py:190} INFO - [2024-10-21T05:31:13.644+0000] {dagbag.py:588} INFO - Filling up the DagBag from /home/airflow/.local/lib/python3.12/site-packages/airflow/example_dags/example_local_kubernetes_executor.py
[2024-10-21T05:31:13.663+0000] {processor.py:925} INFO - DAG(s) 'example_local_kubernetes_executor' retrieved from /home/airflow/.local/lib/python3.12/site-packages/airflow/example_dags/example_local_kubernetes_executor.py
[2024-10-21T05:31:13.720+0000] {logging_mixin.py:190} INFO - [2024-10-21T05:31:13.720+0000] {dag.py:3239} INFO - Sync 1 DAGs
[2024-10-21T05:31:13.753+0000] {logging_mixin.py:190} INFO - [2024-10-21T05:31:13.753+0000] {dag.py:4180} INFO - Setting next_dagrun for example_local_kubernetes_executor to None, run_after=None
[2024-10-21T05:31:13.780+0000] {processor.py:208} INFO - Processing /home/airflow/.local/lib/python3.12/site-packages/airflow/example_dags/example_local_kubernetes_executor.py took 0.151 seconds
[2024-10-21T05:31:44.291+0000] {processor.py:186} INFO - Started process (PID=663) to work on /home/airflow/.local/lib/python3.12/site-packages/airflow/example_dags/example_local_kubernetes_executor.py
[2024-10-21T05:31:44.293+0000] {processor.py:914} INFO - Processing file /home/airflow/.local/lib/python3.12/site-packages/airflow/example_dags/example_local_kubernetes_executor.py for tasks to queue
[2024-10-21T05:31:44.295+0000] {logging_mixin.py:190} INFO - [2024-10-21T05:31:44.294+0000] {dagbag.py:588} INFO - Filling up the DagBag from /home/airflow/.local/lib/python3.12/site-packages/airflow/example_dags/example_local_kubernetes_executor.py
[2024-10-21T05:31:44.307+0000] {processor.py:925} INFO - DAG(s) 'example_local_kubernetes_executor' retrieved from /home/airflow/.local/lib/python3.12/site-packages/airflow/example_dags/example_local_kubernetes_executor.py
[2024-10-21T05:31:44.355+0000] {logging_mixin.py:190} INFO - [2024-10-21T05:31:44.354+0000] {dag.py:3239} INFO - Sync 1 DAGs
[2024-10-21T05:31:44.378+0000] {logging_mixin.py:190} INFO - [2024-10-21T05:31:44.378+0000] {dag.py:4180} INFO - Setting next_dagrun for example_local_kubernetes_executor to None, run_after=None
[2024-10-21T05:31:44.405+0000] {processor.py:208} INFO - Processing /home/airflow/.local/lib/python3.12/site-packages/airflow/example_dags/example_local_kubernetes_executor.py took 0.123 seconds
[2024-10-21T05:32:14.954+0000] {processor.py:186} INFO - Started process (PID=725) to work on /home/airflow/.local/lib/python3.12/site-packages/airflow/example_dags/example_local_kubernetes_executor.py
[2024-10-21T05:32:14.956+0000] {processor.py:914} INFO - Processing file /home/airflow/.local/lib/python3.12/site-packages/airflow/example_dags/example_local_kubernetes_executor.py for tasks to queue
[2024-10-21T05:32:14.958+0000] {logging_mixin.py:190} INFO - [2024-10-21T05:32:14.957+0000] {dagbag.py:588} INFO - Filling up the DagBag from /home/airflow/.local/lib/python3.12/site-packages/airflow/example_dags/example_local_kubernetes_executor.py
[2024-10-21T05:32:14.970+0000] {processor.py:925} INFO - DAG(s) 'example_local_kubernetes_executor' retrieved from /home/airflow/.local/lib/python3.12/site-packages/airflow/example_dags/example_local_kubernetes_executor.py
[2024-10-21T05:32:15.019+0000] {logging_mixin.py:190} INFO - [2024-10-21T05:32:15.018+0000] {dag.py:3239} INFO - Sync 1 DAGs
[2024-10-21T05:32:15.042+0000] {logging_mixin.py:190} INFO - [2024-10-21T05:32:15.042+0000] {dag.py:4180} INFO - Setting next_dagrun for example_local_kubernetes_executor to None, run_after=None
[2024-10-21T05:32:15.067+0000] {processor.py:208} INFO - Processing /home/airflow/.local/lib/python3.12/site-packages/airflow/example_dags/example_local_kubernetes_executor.py took 0.122 seconds
[2024-10-21T05:32:45.547+0000] {processor.py:186} INFO - Started process (PID=787) to work on /home/airflow/.local/lib/python3.12/site-packages/airflow/example_dags/example_local_kubernetes_executor.py
[2024-10-21T05:32:45.550+0000] {processor.py:914} INFO - Processing file /home/airflow/.local/lib/python3.12/site-packages/airflow/example_dags/example_local_kubernetes_executor.py for tasks to queue
[2024-10-21T05:32:45.553+0000] {logging_mixin.py:190} INFO - [2024-10-21T05:32:45.552+0000] {dagbag.py:588} INFO - Filling up the DagBag from /home/airflow/.local/lib/python3.12/site-packages/airflow/example_dags/example_local_kubernetes_executor.py
[2024-10-21T05:32:45.574+0000] {processor.py:925} INFO - DAG(s) 'example_local_kubernetes_executor' retrieved from /home/airflow/.local/lib/python3.12/site-packages/airflow/example_dags/example_local_kubernetes_executor.py
[2024-10-21T05:32:45.645+0000] {logging_mixin.py:190} INFO - [2024-10-21T05:32:45.644+0000] {dag.py:3239} INFO - Sync 1 DAGs
[2024-10-21T05:32:45.672+0000] {logging_mixin.py:190} INFO - [2024-10-21T05:32:45.671+0000] {dag.py:4180} INFO - Setting next_dagrun for example_local_kubernetes_executor to None, run_after=None
[2024-10-21T05:32:45.709+0000] {processor.py:208} INFO - Processing /home/airflow/.local/lib/python3.12/site-packages/airflow/example_dags/example_local_kubernetes_executor.py took 0.177 seconds
[2024-10-21T05:33:16.550+0000] {processor.py:186} INFO - Started process (PID=849) to work on /home/airflow/.local/lib/python3.12/site-packages/airflow/example_dags/example_local_kubernetes_executor.py
[2024-10-21T05:33:16.552+0000] {processor.py:914} INFO - Processing file /home/airflow/.local/lib/python3.12/site-packages/airflow/example_dags/example_local_kubernetes_executor.py for tasks to queue
[2024-10-21T05:33:16.554+0000] {logging_mixin.py:190} INFO - [2024-10-21T05:33:16.554+0000] {dagbag.py:588} INFO - Filling up the DagBag from /home/airflow/.local/lib/python3.12/site-packages/airflow/example_dags/example_local_kubernetes_executor.py
[2024-10-21T05:33:16.568+0000] {processor.py:925} INFO - DAG(s) 'example_local_kubernetes_executor' retrieved from /home/airflow/.local/lib/python3.12/site-packages/airflow/example_dags/example_local_kubernetes_executor.py
[2024-10-21T05:33:16.614+0000] {logging_mixin.py:190} INFO - [2024-10-21T05:33:16.613+0000] {dag.py:3239} INFO - Sync 1 DAGs
[2024-10-21T05:33:16.635+0000] {logging_mixin.py:190} INFO - [2024-10-21T05:33:16.635+0000] {dag.py:4180} INFO - Setting next_dagrun for example_local_kubernetes_executor to None, run_after=None
[2024-10-21T05:33:16.668+0000] {processor.py:208} INFO - Processing /home/airflow/.local/lib/python3.12/site-packages/airflow/example_dags/example_local_kubernetes_executor.py took 0.126 seconds
[2024-10-21T05:33:47.455+0000] {processor.py:186} INFO - Started process (PID=911) to work on /home/airflow/.local/lib/python3.12/site-packages/airflow/example_dags/example_local_kubernetes_executor.py
[2024-10-21T05:33:47.459+0000] {processor.py:914} INFO - Processing file /home/airflow/.local/lib/python3.12/site-packages/airflow/example_dags/example_local_kubernetes_executor.py for tasks to queue
[2024-10-21T05:33:47.464+0000] {logging_mixin.py:190} INFO - [2024-10-21T05:33:47.463+0000] {dagbag.py:588} INFO - Filling up the DagBag from /home/airflow/.local/lib/python3.12/site-packages/airflow/example_dags/example_local_kubernetes_executor.py
[2024-10-21T05:33:47.495+0000] {processor.py:925} INFO - DAG(s) 'example_local_kubernetes_executor' retrieved from /home/airflow/.local/lib/python3.12/site-packages/airflow/example_dags/example_local_kubernetes_executor.py
[2024-10-21T05:33:47.573+0000] {logging_mixin.py:190} INFO - [2024-10-21T05:33:47.572+0000] {dag.py:3239} INFO - Sync 1 DAGs
[2024-10-21T05:33:47.608+0000] {logging_mixin.py:190} INFO - [2024-10-21T05:33:47.608+0000] {dag.py:4180} INFO - Setting next_dagrun for example_local_kubernetes_executor to None, run_after=None
[2024-10-21T05:33:47.653+0000] {processor.py:208} INFO - Processing /home/airflow/.local/lib/python3.12/site-packages/airflow/example_dags/example_local_kubernetes_executor.py took 0.212 seconds
[2024-10-21T05:34:18.058+0000] {processor.py:186} INFO - Started process (PID=973) to work on /home/airflow/.local/lib/python3.12/site-packages/airflow/example_dags/example_local_kubernetes_executor.py
[2024-10-21T05:34:18.060+0000] {processor.py:914} INFO - Processing file /home/airflow/.local/lib/python3.12/site-packages/airflow/example_dags/example_local_kubernetes_executor.py for tasks to queue
[2024-10-21T05:34:18.062+0000] {logging_mixin.py:190} INFO - [2024-10-21T05:34:18.061+0000] {dagbag.py:588} INFO - Filling up the DagBag from /home/airflow/.local/lib/python3.12/site-packages/airflow/example_dags/example_local_kubernetes_executor.py
[2024-10-21T05:34:18.079+0000] {processor.py:925} INFO - DAG(s) 'example_local_kubernetes_executor' retrieved from /home/airflow/.local/lib/python3.12/site-packages/airflow/example_dags/example_local_kubernetes_executor.py
[2024-10-21T05:34:18.135+0000] {logging_mixin.py:190} INFO - [2024-10-21T05:34:18.135+0000] {dag.py:3239} INFO - Sync 1 DAGs
[2024-10-21T05:34:18.157+0000] {logging_mixin.py:190} INFO - [2024-10-21T05:34:18.157+0000] {dag.py:4180} INFO - Setting next_dagrun for example_local_kubernetes_executor to None, run_after=None
[2024-10-21T05:34:18.186+0000] {processor.py:208} INFO - Processing /home/airflow/.local/lib/python3.12/site-packages/airflow/example_dags/example_local_kubernetes_executor.py took 0.138 seconds
[2024-10-21T05:34:48.744+0000] {processor.py:186} INFO - Started process (PID=1035) to work on /home/airflow/.local/lib/python3.12/site-packages/airflow/example_dags/example_local_kubernetes_executor.py
[2024-10-21T05:34:48.745+0000] {processor.py:914} INFO - Processing file /home/airflow/.local/lib/python3.12/site-packages/airflow/example_dags/example_local_kubernetes_executor.py for tasks to queue
[2024-10-21T05:34:48.748+0000] {logging_mixin.py:190} INFO - [2024-10-21T05:34:48.747+0000] {dagbag.py:588} INFO - Filling up the DagBag from /home/airflow/.local/lib/python3.12/site-packages/airflow/example_dags/example_local_kubernetes_executor.py
[2024-10-21T05:34:48.764+0000] {processor.py:925} INFO - DAG(s) 'example_local_kubernetes_executor' retrieved from /home/airflow/.local/lib/python3.12/site-packages/airflow/example_dags/example_local_kubernetes_executor.py
[2024-10-21T05:34:48.835+0000] {logging_mixin.py:190} INFO - [2024-10-21T05:34:48.833+0000] {dag.py:3239} INFO - Sync 1 DAGs
[2024-10-21T05:34:48.880+0000] {logging_mixin.py:190} INFO - [2024-10-21T05:34:48.880+0000] {dag.py:4180} INFO - Setting next_dagrun for example_local_kubernetes_executor to None, run_after=None
[2024-10-21T05:34:48.913+0000] {processor.py:208} INFO - Processing /home/airflow/.local/lib/python3.12/site-packages/airflow/example_dags/example_local_kubernetes_executor.py took 0.179 seconds
[2024-10-21T05:35:19.127+0000] {processor.py:186} INFO - Started process (PID=1097) to work on /home/airflow/.local/lib/python3.12/site-packages/airflow/example_dags/example_local_kubernetes_executor.py
[2024-10-21T05:35:19.130+0000] {processor.py:914} INFO - Processing file /home/airflow/.local/lib/python3.12/site-packages/airflow/example_dags/example_local_kubernetes_executor.py for tasks to queue
[2024-10-21T05:35:19.132+0000] {logging_mixin.py:190} INFO - [2024-10-21T05:35:19.131+0000] {dagbag.py:588} INFO - Filling up the DagBag from /home/airflow/.local/lib/python3.12/site-packages/airflow/example_dags/example_local_kubernetes_executor.py
[2024-10-21T05:35:19.150+0000] {processor.py:925} INFO - DAG(s) 'example_local_kubernetes_executor' retrieved from /home/airflow/.local/lib/python3.12/site-packages/airflow/example_dags/example_local_kubernetes_executor.py
[2024-10-21T05:35:19.208+0000] {logging_mixin.py:190} INFO - [2024-10-21T05:35:19.208+0000] {dag.py:3239} INFO - Sync 1 DAGs
[2024-10-21T05:35:19.240+0000] {logging_mixin.py:190} INFO - [2024-10-21T05:35:19.239+0000] {dag.py:4180} INFO - Setting next_dagrun for example_local_kubernetes_executor to None, run_after=None
[2024-10-21T05:35:19.269+0000] {processor.py:208} INFO - Processing /home/airflow/.local/lib/python3.12/site-packages/airflow/example_dags/example_local_kubernetes_executor.py took 0.153 seconds
[2024-10-21T05:35:50.297+0000] {processor.py:186} INFO - Started process (PID=1159) to work on /home/airflow/.local/lib/python3.12/site-packages/airflow/example_dags/example_local_kubernetes_executor.py
[2024-10-21T05:35:50.299+0000] {processor.py:914} INFO - Processing file /home/airflow/.local/lib/python3.12/site-packages/airflow/example_dags/example_local_kubernetes_executor.py for tasks to queue
[2024-10-21T05:35:50.301+0000] {logging_mixin.py:190} INFO - [2024-10-21T05:35:50.301+0000] {dagbag.py:588} INFO - Filling up the DagBag from /home/airflow/.local/lib/python3.12/site-packages/airflow/example_dags/example_local_kubernetes_executor.py
[2024-10-21T05:35:50.317+0000] {processor.py:925} INFO - DAG(s) 'example_local_kubernetes_executor' retrieved from /home/airflow/.local/lib/python3.12/site-packages/airflow/example_dags/example_local_kubernetes_executor.py
[2024-10-21T05:35:50.369+0000] {logging_mixin.py:190} INFO - [2024-10-21T05:35:50.369+0000] {dag.py:3239} INFO - Sync 1 DAGs
[2024-10-21T05:35:50.395+0000] {logging_mixin.py:190} INFO - [2024-10-21T05:35:50.395+0000] {dag.py:4180} INFO - Setting next_dagrun for example_local_kubernetes_executor to None, run_after=None
[2024-10-21T05:35:50.424+0000] {processor.py:208} INFO - Processing /home/airflow/.local/lib/python3.12/site-packages/airflow/example_dags/example_local_kubernetes_executor.py took 0.136 seconds
[2024-10-21T05:36:20.740+0000] {processor.py:186} INFO - Started process (PID=1221) to work on /home/airflow/.local/lib/python3.12/site-packages/airflow/example_dags/example_local_kubernetes_executor.py
[2024-10-21T05:36:20.741+0000] {processor.py:914} INFO - Processing file /home/airflow/.local/lib/python3.12/site-packages/airflow/example_dags/example_local_kubernetes_executor.py for tasks to queue
[2024-10-21T05:36:20.744+0000] {logging_mixin.py:190} INFO - [2024-10-21T05:36:20.743+0000] {dagbag.py:588} INFO - Filling up the DagBag from /home/airflow/.local/lib/python3.12/site-packages/airflow/example_dags/example_local_kubernetes_executor.py
[2024-10-21T05:36:20.761+0000] {processor.py:925} INFO - DAG(s) 'example_local_kubernetes_executor' retrieved from /home/airflow/.local/lib/python3.12/site-packages/airflow/example_dags/example_local_kubernetes_executor.py
[2024-10-21T05:36:20.826+0000] {logging_mixin.py:190} INFO - [2024-10-21T05:36:20.826+0000] {dag.py:3239} INFO - Sync 1 DAGs
[2024-10-21T05:36:20.856+0000] {logging_mixin.py:190} INFO - [2024-10-21T05:36:20.856+0000] {dag.py:4180} INFO - Setting next_dagrun for example_local_kubernetes_executor to None, run_after=None
[2024-10-21T05:36:20.895+0000] {processor.py:208} INFO - Processing /home/airflow/.local/lib/python3.12/site-packages/airflow/example_dags/example_local_kubernetes_executor.py took 0.165 seconds
[2024-10-21T05:36:50.975+0000] {processor.py:186} INFO - Started process (PID=1282) to work on /home/airflow/.local/lib/python3.12/site-packages/airflow/example_dags/example_local_kubernetes_executor.py
[2024-10-21T05:36:50.977+0000] {processor.py:914} INFO - Processing file /home/airflow/.local/lib/python3.12/site-packages/airflow/example_dags/example_local_kubernetes_executor.py for tasks to queue
[2024-10-21T05:36:50.979+0000] {logging_mixin.py:190} INFO - [2024-10-21T05:36:50.978+0000] {dagbag.py:588} INFO - Filling up the DagBag from /home/airflow/.local/lib/python3.12/site-packages/airflow/example_dags/example_local_kubernetes_executor.py
[2024-10-21T05:36:50.994+0000] {processor.py:925} INFO - DAG(s) 'example_local_kubernetes_executor' retrieved from /home/airflow/.local/lib/python3.12/site-packages/airflow/example_dags/example_local_kubernetes_executor.py
[2024-10-21T05:36:51.047+0000] {logging_mixin.py:190} INFO - [2024-10-21T05:36:51.046+0000] {dag.py:3239} INFO - Sync 1 DAGs
[2024-10-21T05:36:51.070+0000] {logging_mixin.py:190} INFO - [2024-10-21T05:36:51.070+0000] {dag.py:4180} INFO - Setting next_dagrun for example_local_kubernetes_executor to None, run_after=None
[2024-10-21T05:36:51.103+0000] {processor.py:208} INFO - Processing /home/airflow/.local/lib/python3.12/site-packages/airflow/example_dags/example_local_kubernetes_executor.py took 0.137 seconds
[2024-10-21T11:55:06.480+0000] {processor.py:186} INFO - Started process (PID=121) to work on /home/airflow/.local/lib/python3.12/site-packages/airflow/example_dags/example_local_kubernetes_executor.py
[2024-10-21T11:55:06.512+0000] {processor.py:914} INFO - Processing file /home/airflow/.local/lib/python3.12/site-packages/airflow/example_dags/example_local_kubernetes_executor.py for tasks to queue
[2024-10-21T11:55:06.514+0000] {logging_mixin.py:190} INFO - [2024-10-21T11:55:06.514+0000] {dagbag.py:588} INFO - Filling up the DagBag from /home/airflow/.local/lib/python3.12/site-packages/airflow/example_dags/example_local_kubernetes_executor.py
[2024-10-21T11:55:06.523+0000] {processor.py:925} INFO - DAG(s) 'example_local_kubernetes_executor' retrieved from /home/airflow/.local/lib/python3.12/site-packages/airflow/example_dags/example_local_kubernetes_executor.py
[2024-10-21T11:55:06.606+0000] {logging_mixin.py:190} INFO - [2024-10-21T11:55:06.605+0000] {dag.py:3239} INFO - Sync 1 DAGs
[2024-10-21T11:55:06.634+0000] {logging_mixin.py:190} INFO - [2024-10-21T11:55:06.634+0000] {dag.py:4180} INFO - Setting next_dagrun for example_local_kubernetes_executor to None, run_after=None
[2024-10-21T11:55:06.723+0000] {processor.py:208} INFO - Processing /home/airflow/.local/lib/python3.12/site-packages/airflow/example_dags/example_local_kubernetes_executor.py took 0.248 seconds
