[2024-10-21T03:08:43.536+0000] {processor.py:186} INFO - Started process (PID=342) to work on /home/airflow/.local/lib/python3.12/site-packages/airflow/example_dags/example_python_decorator.py
[2024-10-21T03:08:43.537+0000] {processor.py:914} INFO - Processing file /home/airflow/.local/lib/python3.12/site-packages/airflow/example_dags/example_python_decorator.py for tasks to queue
[2024-10-21T03:08:43.542+0000] {logging_mixin.py:190} INFO - [2024-10-21T03:08:43.541+0000] {dagbag.py:588} INFO - Filling up the DagBag from /home/airflow/.local/lib/python3.12/site-packages/airflow/example_dags/example_python_decorator.py
[2024-10-21T03:08:43.565+0000] {processor.py:925} INFO - DAG(s) 'example_python_decorator' retrieved from /home/airflow/.local/lib/python3.12/site-packages/airflow/example_dags/example_python_decorator.py
[2024-10-21T03:08:43.722+0000] {logging_mixin.py:190} INFO - [2024-10-21T03:08:43.721+0000] {override.py:1900} INFO - Created Permission View: can delete on DAG:example_python_decorator
[2024-10-21T03:08:43.740+0000] {logging_mixin.py:190} INFO - [2024-10-21T03:08:43.739+0000] {override.py:1900} INFO - Created Permission View: can read on DAG:example_python_decorator
[2024-10-21T03:08:43.759+0000] {logging_mixin.py:190} INFO - [2024-10-21T03:08:43.758+0000] {override.py:1900} INFO - Created Permission View: can edit on DAG:example_python_decorator
[2024-10-21T03:08:43.785+0000] {logging_mixin.py:190} INFO - [2024-10-21T03:08:43.784+0000] {override.py:1900} INFO - Created Permission View: menu access on DAG Run:example_python_decorator
[2024-10-21T03:08:43.817+0000] {logging_mixin.py:190} INFO - [2024-10-21T03:08:43.816+0000] {override.py:1900} INFO - Created Permission View: can delete on DAG Run:example_python_decorator
[2024-10-21T03:08:43.835+0000] {logging_mixin.py:190} INFO - [2024-10-21T03:08:43.834+0000] {override.py:1900} INFO - Created Permission View: can read on DAG Run:example_python_decorator
[2024-10-21T03:08:43.849+0000] {logging_mixin.py:190} INFO - [2024-10-21T03:08:43.848+0000] {override.py:1900} INFO - Created Permission View: can create on DAG Run:example_python_decorator
[2024-10-21T03:08:43.850+0000] {logging_mixin.py:190} INFO - [2024-10-21T03:08:43.849+0000] {dag.py:3239} INFO - Sync 1 DAGs
[2024-10-21T03:08:43.870+0000] {logging_mixin.py:190} INFO - [2024-10-21T03:08:43.870+0000] {dag.py:3262} INFO - Creating ORM DAG for example_python_decorator
[2024-10-21T03:08:43.871+0000] {logging_mixin.py:190} INFO - [2024-10-21T03:08:43.871+0000] {dag.py:4180} INFO - Setting next_dagrun for example_python_decorator to None, run_after=None
[2024-10-21T03:08:43.904+0000] {processor.py:208} INFO - Processing /home/airflow/.local/lib/python3.12/site-packages/airflow/example_dags/example_python_decorator.py took 0.377 seconds
[2024-10-21T03:09:14.121+0000] {processor.py:186} INFO - Started process (PID=404) to work on /home/airflow/.local/lib/python3.12/site-packages/airflow/example_dags/example_python_decorator.py
[2024-10-21T03:09:14.123+0000] {processor.py:914} INFO - Processing file /home/airflow/.local/lib/python3.12/site-packages/airflow/example_dags/example_python_decorator.py for tasks to queue
[2024-10-21T03:09:14.127+0000] {logging_mixin.py:190} INFO - [2024-10-21T03:09:14.126+0000] {dagbag.py:588} INFO - Filling up the DagBag from /home/airflow/.local/lib/python3.12/site-packages/airflow/example_dags/example_python_decorator.py
[2024-10-21T03:09:14.144+0000] {processor.py:925} INFO - DAG(s) 'example_python_decorator' retrieved from /home/airflow/.local/lib/python3.12/site-packages/airflow/example_dags/example_python_decorator.py
[2024-10-21T03:09:14.175+0000] {logging_mixin.py:190} INFO - [2024-10-21T03:09:14.174+0000] {dag.py:3239} INFO - Sync 1 DAGs
[2024-10-21T03:09:14.194+0000] {logging_mixin.py:190} INFO - [2024-10-21T03:09:14.193+0000] {dag.py:4180} INFO - Setting next_dagrun for example_python_decorator to None, run_after=None
[2024-10-21T03:09:14.226+0000] {processor.py:208} INFO - Processing /home/airflow/.local/lib/python3.12/site-packages/airflow/example_dags/example_python_decorator.py took 0.114 seconds
[2024-10-21T03:09:44.649+0000] {processor.py:186} INFO - Started process (PID=466) to work on /home/airflow/.local/lib/python3.12/site-packages/airflow/example_dags/example_python_decorator.py
[2024-10-21T03:09:44.650+0000] {processor.py:914} INFO - Processing file /home/airflow/.local/lib/python3.12/site-packages/airflow/example_dags/example_python_decorator.py for tasks to queue
[2024-10-21T03:09:44.653+0000] {logging_mixin.py:190} INFO - [2024-10-21T03:09:44.653+0000] {dagbag.py:588} INFO - Filling up the DagBag from /home/airflow/.local/lib/python3.12/site-packages/airflow/example_dags/example_python_decorator.py
[2024-10-21T03:09:44.668+0000] {processor.py:925} INFO - DAG(s) 'example_python_decorator' retrieved from /home/airflow/.local/lib/python3.12/site-packages/airflow/example_dags/example_python_decorator.py
[2024-10-21T03:09:44.702+0000] {logging_mixin.py:190} INFO - [2024-10-21T03:09:44.701+0000] {dag.py:3239} INFO - Sync 1 DAGs
[2024-10-21T03:09:44.724+0000] {logging_mixin.py:190} INFO - [2024-10-21T03:09:44.723+0000] {dag.py:4180} INFO - Setting next_dagrun for example_python_decorator to None, run_after=None
[2024-10-21T03:09:44.762+0000] {processor.py:208} INFO - Processing /home/airflow/.local/lib/python3.12/site-packages/airflow/example_dags/example_python_decorator.py took 0.120 seconds
[2024-10-21T03:10:15.319+0000] {processor.py:186} INFO - Started process (PID=528) to work on /home/airflow/.local/lib/python3.12/site-packages/airflow/example_dags/example_python_decorator.py
[2024-10-21T03:10:15.320+0000] {processor.py:914} INFO - Processing file /home/airflow/.local/lib/python3.12/site-packages/airflow/example_dags/example_python_decorator.py for tasks to queue
[2024-10-21T03:10:15.322+0000] {logging_mixin.py:190} INFO - [2024-10-21T03:10:15.322+0000] {dagbag.py:588} INFO - Filling up the DagBag from /home/airflow/.local/lib/python3.12/site-packages/airflow/example_dags/example_python_decorator.py
[2024-10-21T03:10:15.335+0000] {processor.py:925} INFO - DAG(s) 'example_python_decorator' retrieved from /home/airflow/.local/lib/python3.12/site-packages/airflow/example_dags/example_python_decorator.py
[2024-10-21T03:10:15.356+0000] {logging_mixin.py:190} INFO - [2024-10-21T03:10:15.356+0000] {dag.py:3239} INFO - Sync 1 DAGs
[2024-10-21T03:10:15.368+0000] {logging_mixin.py:190} INFO - [2024-10-21T03:10:15.368+0000] {dag.py:4180} INFO - Setting next_dagrun for example_python_decorator to None, run_after=None
[2024-10-21T03:10:15.387+0000] {processor.py:208} INFO - Processing /home/airflow/.local/lib/python3.12/site-packages/airflow/example_dags/example_python_decorator.py took 0.074 seconds
[2024-10-21T03:10:45.695+0000] {processor.py:186} INFO - Started process (PID=590) to work on /home/airflow/.local/lib/python3.12/site-packages/airflow/example_dags/example_python_decorator.py
[2024-10-21T03:10:45.696+0000] {processor.py:914} INFO - Processing file /home/airflow/.local/lib/python3.12/site-packages/airflow/example_dags/example_python_decorator.py for tasks to queue
[2024-10-21T03:10:45.698+0000] {logging_mixin.py:190} INFO - [2024-10-21T03:10:45.698+0000] {dagbag.py:588} INFO - Filling up the DagBag from /home/airflow/.local/lib/python3.12/site-packages/airflow/example_dags/example_python_decorator.py
[2024-10-21T03:10:45.711+0000] {processor.py:925} INFO - DAG(s) 'example_python_decorator' retrieved from /home/airflow/.local/lib/python3.12/site-packages/airflow/example_dags/example_python_decorator.py
[2024-10-21T03:10:45.731+0000] {logging_mixin.py:190} INFO - [2024-10-21T03:10:45.731+0000] {dag.py:3239} INFO - Sync 1 DAGs
[2024-10-21T03:10:45.743+0000] {logging_mixin.py:190} INFO - [2024-10-21T03:10:45.742+0000] {dag.py:4180} INFO - Setting next_dagrun for example_python_decorator to None, run_after=None
[2024-10-21T03:10:45.762+0000] {processor.py:208} INFO - Processing /home/airflow/.local/lib/python3.12/site-packages/airflow/example_dags/example_python_decorator.py took 0.072 seconds
[2024-10-21T03:11:16.103+0000] {processor.py:186} INFO - Started process (PID=652) to work on /home/airflow/.local/lib/python3.12/site-packages/airflow/example_dags/example_python_decorator.py
[2024-10-21T03:11:16.105+0000] {processor.py:914} INFO - Processing file /home/airflow/.local/lib/python3.12/site-packages/airflow/example_dags/example_python_decorator.py for tasks to queue
[2024-10-21T03:11:16.108+0000] {logging_mixin.py:190} INFO - [2024-10-21T03:11:16.108+0000] {dagbag.py:588} INFO - Filling up the DagBag from /home/airflow/.local/lib/python3.12/site-packages/airflow/example_dags/example_python_decorator.py
[2024-10-21T03:11:16.127+0000] {processor.py:925} INFO - DAG(s) 'example_python_decorator' retrieved from /home/airflow/.local/lib/python3.12/site-packages/airflow/example_dags/example_python_decorator.py
[2024-10-21T03:11:16.156+0000] {logging_mixin.py:190} INFO - [2024-10-21T03:11:16.156+0000] {dag.py:3239} INFO - Sync 1 DAGs
[2024-10-21T03:11:16.170+0000] {logging_mixin.py:190} INFO - [2024-10-21T03:11:16.170+0000] {dag.py:4180} INFO - Setting next_dagrun for example_python_decorator to None, run_after=None
[2024-10-21T03:11:16.190+0000] {processor.py:208} INFO - Processing /home/airflow/.local/lib/python3.12/site-packages/airflow/example_dags/example_python_decorator.py took 0.095 seconds
[2024-10-21T03:11:47.304+0000] {processor.py:186} INFO - Started process (PID=715) to work on /home/airflow/.local/lib/python3.12/site-packages/airflow/example_dags/example_python_decorator.py
[2024-10-21T03:11:47.306+0000] {processor.py:914} INFO - Processing file /home/airflow/.local/lib/python3.12/site-packages/airflow/example_dags/example_python_decorator.py for tasks to queue
[2024-10-21T03:11:47.308+0000] {logging_mixin.py:190} INFO - [2024-10-21T03:11:47.308+0000] {dagbag.py:588} INFO - Filling up the DagBag from /home/airflow/.local/lib/python3.12/site-packages/airflow/example_dags/example_python_decorator.py
[2024-10-21T03:11:47.325+0000] {processor.py:925} INFO - DAG(s) 'example_python_decorator' retrieved from /home/airflow/.local/lib/python3.12/site-packages/airflow/example_dags/example_python_decorator.py
[2024-10-21T03:11:47.346+0000] {logging_mixin.py:190} INFO - [2024-10-21T03:11:47.345+0000] {dag.py:3239} INFO - Sync 1 DAGs
[2024-10-21T03:11:47.357+0000] {logging_mixin.py:190} INFO - [2024-10-21T03:11:47.356+0000] {dag.py:4180} INFO - Setting next_dagrun for example_python_decorator to None, run_after=None
[2024-10-21T03:11:47.371+0000] {processor.py:208} INFO - Processing /home/airflow/.local/lib/python3.12/site-packages/airflow/example_dags/example_python_decorator.py took 0.073 seconds
[2024-10-21T05:26:33.376+0000] {processor.py:186} INFO - Started process (PID=127) to work on /home/airflow/.local/lib/python3.12/site-packages/airflow/example_dags/example_python_decorator.py
[2024-10-21T05:26:33.378+0000] {processor.py:914} INFO - Processing file /home/airflow/.local/lib/python3.12/site-packages/airflow/example_dags/example_python_decorator.py for tasks to queue
[2024-10-21T05:26:33.382+0000] {logging_mixin.py:190} INFO - [2024-10-21T05:26:33.382+0000] {dagbag.py:588} INFO - Filling up the DagBag from /home/airflow/.local/lib/python3.12/site-packages/airflow/example_dags/example_python_decorator.py
[2024-10-21T05:26:33.408+0000] {processor.py:925} INFO - DAG(s) 'example_python_decorator' retrieved from /home/airflow/.local/lib/python3.12/site-packages/airflow/example_dags/example_python_decorator.py
[2024-10-21T05:26:33.608+0000] {logging_mixin.py:190} INFO - [2024-10-21T05:26:33.607+0000] {dag.py:3239} INFO - Sync 1 DAGs
[2024-10-21T05:26:33.664+0000] {logging_mixin.py:190} INFO - [2024-10-21T05:26:33.664+0000] {dag.py:4180} INFO - Setting next_dagrun for example_python_decorator to None, run_after=None
[2024-10-21T05:26:33.699+0000] {processor.py:208} INFO - Processing /home/airflow/.local/lib/python3.12/site-packages/airflow/example_dags/example_python_decorator.py took 0.336 seconds
[2024-10-21T05:27:04.649+0000] {processor.py:186} INFO - Started process (PID=189) to work on /home/airflow/.local/lib/python3.12/site-packages/airflow/example_dags/example_python_decorator.py
[2024-10-21T05:27:04.652+0000] {processor.py:914} INFO - Processing file /home/airflow/.local/lib/python3.12/site-packages/airflow/example_dags/example_python_decorator.py for tasks to queue
[2024-10-21T05:27:04.656+0000] {logging_mixin.py:190} INFO - [2024-10-21T05:27:04.655+0000] {dagbag.py:588} INFO - Filling up the DagBag from /home/airflow/.local/lib/python3.12/site-packages/airflow/example_dags/example_python_decorator.py
[2024-10-21T05:27:04.676+0000] {processor.py:925} INFO - DAG(s) 'example_python_decorator' retrieved from /home/airflow/.local/lib/python3.12/site-packages/airflow/example_dags/example_python_decorator.py
[2024-10-21T05:27:04.709+0000] {logging_mixin.py:190} INFO - [2024-10-21T05:27:04.709+0000] {dag.py:3239} INFO - Sync 1 DAGs
[2024-10-21T05:27:04.742+0000] {logging_mixin.py:190} INFO - [2024-10-21T05:27:04.741+0000] {dag.py:4180} INFO - Setting next_dagrun for example_python_decorator to None, run_after=None
[2024-10-21T05:27:04.771+0000] {processor.py:208} INFO - Processing /home/airflow/.local/lib/python3.12/site-packages/airflow/example_dags/example_python_decorator.py took 0.132 seconds
[2024-10-21T05:27:35.630+0000] {processor.py:186} INFO - Started process (PID=251) to work on /home/airflow/.local/lib/python3.12/site-packages/airflow/example_dags/example_python_decorator.py
[2024-10-21T05:27:35.633+0000] {processor.py:914} INFO - Processing file /home/airflow/.local/lib/python3.12/site-packages/airflow/example_dags/example_python_decorator.py for tasks to queue
[2024-10-21T05:27:35.637+0000] {logging_mixin.py:190} INFO - [2024-10-21T05:27:35.637+0000] {dagbag.py:588} INFO - Filling up the DagBag from /home/airflow/.local/lib/python3.12/site-packages/airflow/example_dags/example_python_decorator.py
[2024-10-21T05:27:35.665+0000] {processor.py:925} INFO - DAG(s) 'example_python_decorator' retrieved from /home/airflow/.local/lib/python3.12/site-packages/airflow/example_dags/example_python_decorator.py
[2024-10-21T05:27:35.711+0000] {logging_mixin.py:190} INFO - [2024-10-21T05:27:35.711+0000] {dag.py:3239} INFO - Sync 1 DAGs
[2024-10-21T05:27:35.748+0000] {logging_mixin.py:190} INFO - [2024-10-21T05:27:35.748+0000] {dag.py:4180} INFO - Setting next_dagrun for example_python_decorator to None, run_after=None
[2024-10-21T05:27:35.787+0000] {processor.py:208} INFO - Processing /home/airflow/.local/lib/python3.12/site-packages/airflow/example_dags/example_python_decorator.py took 0.167 seconds
[2024-10-21T05:29:07.555+0000] {processor.py:186} INFO - Started process (PID=343) to work on /home/airflow/.local/lib/python3.12/site-packages/airflow/example_dags/example_python_decorator.py
[2024-10-21T05:29:07.557+0000] {processor.py:914} INFO - Processing file /home/airflow/.local/lib/python3.12/site-packages/airflow/example_dags/example_python_decorator.py for tasks to queue
[2024-10-21T05:29:07.560+0000] {logging_mixin.py:190} INFO - [2024-10-21T05:29:07.560+0000] {dagbag.py:588} INFO - Filling up the DagBag from /home/airflow/.local/lib/python3.12/site-packages/airflow/example_dags/example_python_decorator.py
[2024-10-21T05:29:07.592+0000] {processor.py:925} INFO - DAG(s) 'example_python_decorator' retrieved from /home/airflow/.local/lib/python3.12/site-packages/airflow/example_dags/example_python_decorator.py
[2024-10-21T05:29:07.639+0000] {logging_mixin.py:190} INFO - [2024-10-21T05:29:07.638+0000] {dag.py:3239} INFO - Sync 1 DAGs
[2024-10-21T05:29:07.680+0000] {logging_mixin.py:190} INFO - [2024-10-21T05:29:07.680+0000] {dag.py:4180} INFO - Setting next_dagrun for example_python_decorator to None, run_after=None
[2024-10-21T05:29:07.735+0000] {processor.py:208} INFO - Processing /home/airflow/.local/lib/python3.12/site-packages/airflow/example_dags/example_python_decorator.py took 0.190 seconds
[2024-10-21T05:29:38.779+0000] {processor.py:186} INFO - Started process (PID=405) to work on /home/airflow/.local/lib/python3.12/site-packages/airflow/example_dags/example_python_decorator.py
[2024-10-21T05:29:38.781+0000] {processor.py:914} INFO - Processing file /home/airflow/.local/lib/python3.12/site-packages/airflow/example_dags/example_python_decorator.py for tasks to queue
[2024-10-21T05:29:38.784+0000] {logging_mixin.py:190} INFO - [2024-10-21T05:29:38.783+0000] {dagbag.py:588} INFO - Filling up the DagBag from /home/airflow/.local/lib/python3.12/site-packages/airflow/example_dags/example_python_decorator.py
[2024-10-21T05:29:38.801+0000] {processor.py:925} INFO - DAG(s) 'example_python_decorator' retrieved from /home/airflow/.local/lib/python3.12/site-packages/airflow/example_dags/example_python_decorator.py
[2024-10-21T05:29:38.833+0000] {logging_mixin.py:190} INFO - [2024-10-21T05:29:38.833+0000] {dag.py:3239} INFO - Sync 1 DAGs
[2024-10-21T05:29:38.855+0000] {logging_mixin.py:190} INFO - [2024-10-21T05:29:38.855+0000] {dag.py:4180} INFO - Setting next_dagrun for example_python_decorator to None, run_after=None
[2024-10-21T05:29:38.890+0000] {processor.py:208} INFO - Processing /home/airflow/.local/lib/python3.12/site-packages/airflow/example_dags/example_python_decorator.py took 0.120 seconds
[2024-10-21T05:30:09.641+0000] {processor.py:186} INFO - Started process (PID=467) to work on /home/airflow/.local/lib/python3.12/site-packages/airflow/example_dags/example_python_decorator.py
[2024-10-21T05:30:09.643+0000] {processor.py:914} INFO - Processing file /home/airflow/.local/lib/python3.12/site-packages/airflow/example_dags/example_python_decorator.py for tasks to queue
[2024-10-21T05:30:09.646+0000] {logging_mixin.py:190} INFO - [2024-10-21T05:30:09.645+0000] {dagbag.py:588} INFO - Filling up the DagBag from /home/airflow/.local/lib/python3.12/site-packages/airflow/example_dags/example_python_decorator.py
[2024-10-21T05:30:09.679+0000] {processor.py:925} INFO - DAG(s) 'example_python_decorator' retrieved from /home/airflow/.local/lib/python3.12/site-packages/airflow/example_dags/example_python_decorator.py
[2024-10-21T05:30:09.718+0000] {logging_mixin.py:190} INFO - [2024-10-21T05:30:09.717+0000] {dag.py:3239} INFO - Sync 1 DAGs
[2024-10-21T05:30:09.751+0000] {logging_mixin.py:190} INFO - [2024-10-21T05:30:09.751+0000] {dag.py:4180} INFO - Setting next_dagrun for example_python_decorator to None, run_after=None
[2024-10-21T05:30:09.794+0000] {processor.py:208} INFO - Processing /home/airflow/.local/lib/python3.12/site-packages/airflow/example_dags/example_python_decorator.py took 0.164 seconds
[2024-10-21T05:30:40.268+0000] {processor.py:186} INFO - Started process (PID=529) to work on /home/airflow/.local/lib/python3.12/site-packages/airflow/example_dags/example_python_decorator.py
[2024-10-21T05:30:40.270+0000] {processor.py:914} INFO - Processing file /home/airflow/.local/lib/python3.12/site-packages/airflow/example_dags/example_python_decorator.py for tasks to queue
[2024-10-21T05:30:40.273+0000] {logging_mixin.py:190} INFO - [2024-10-21T05:30:40.272+0000] {dagbag.py:588} INFO - Filling up the DagBag from /home/airflow/.local/lib/python3.12/site-packages/airflow/example_dags/example_python_decorator.py
[2024-10-21T05:30:40.299+0000] {processor.py:925} INFO - DAG(s) 'example_python_decorator' retrieved from /home/airflow/.local/lib/python3.12/site-packages/airflow/example_dags/example_python_decorator.py
[2024-10-21T05:30:40.344+0000] {logging_mixin.py:190} INFO - [2024-10-21T05:30:40.344+0000] {dag.py:3239} INFO - Sync 1 DAGs
[2024-10-21T05:30:40.373+0000] {logging_mixin.py:190} INFO - [2024-10-21T05:30:40.372+0000] {dag.py:4180} INFO - Setting next_dagrun for example_python_decorator to None, run_after=None
[2024-10-21T05:30:40.405+0000] {processor.py:208} INFO - Processing /home/airflow/.local/lib/python3.12/site-packages/airflow/example_dags/example_python_decorator.py took 0.147 seconds
[2024-10-21T05:31:11.440+0000] {processor.py:186} INFO - Started process (PID=591) to work on /home/airflow/.local/lib/python3.12/site-packages/airflow/example_dags/example_python_decorator.py
[2024-10-21T05:31:11.442+0000] {processor.py:914} INFO - Processing file /home/airflow/.local/lib/python3.12/site-packages/airflow/example_dags/example_python_decorator.py for tasks to queue
[2024-10-21T05:31:11.444+0000] {logging_mixin.py:190} INFO - [2024-10-21T05:31:11.443+0000] {dagbag.py:588} INFO - Filling up the DagBag from /home/airflow/.local/lib/python3.12/site-packages/airflow/example_dags/example_python_decorator.py
[2024-10-21T05:31:11.465+0000] {processor.py:925} INFO - DAG(s) 'example_python_decorator' retrieved from /home/airflow/.local/lib/python3.12/site-packages/airflow/example_dags/example_python_decorator.py
[2024-10-21T05:31:11.499+0000] {logging_mixin.py:190} INFO - [2024-10-21T05:31:11.499+0000] {dag.py:3239} INFO - Sync 1 DAGs
[2024-10-21T05:31:11.524+0000] {logging_mixin.py:190} INFO - [2024-10-21T05:31:11.524+0000] {dag.py:4180} INFO - Setting next_dagrun for example_python_decorator to None, run_after=None
[2024-10-21T05:31:11.554+0000] {processor.py:208} INFO - Processing /home/airflow/.local/lib/python3.12/site-packages/airflow/example_dags/example_python_decorator.py took 0.123 seconds
[2024-10-21T05:31:42.599+0000] {processor.py:186} INFO - Started process (PID=657) to work on /home/airflow/.local/lib/python3.12/site-packages/airflow/example_dags/example_python_decorator.py
[2024-10-21T05:31:42.601+0000] {processor.py:914} INFO - Processing file /home/airflow/.local/lib/python3.12/site-packages/airflow/example_dags/example_python_decorator.py for tasks to queue
[2024-10-21T05:31:42.603+0000] {logging_mixin.py:190} INFO - [2024-10-21T05:31:42.602+0000] {dagbag.py:588} INFO - Filling up the DagBag from /home/airflow/.local/lib/python3.12/site-packages/airflow/example_dags/example_python_decorator.py
[2024-10-21T05:31:42.624+0000] {processor.py:925} INFO - DAG(s) 'example_python_decorator' retrieved from /home/airflow/.local/lib/python3.12/site-packages/airflow/example_dags/example_python_decorator.py
[2024-10-21T05:31:42.660+0000] {logging_mixin.py:190} INFO - [2024-10-21T05:31:42.660+0000] {dag.py:3239} INFO - Sync 1 DAGs
[2024-10-21T05:31:42.689+0000] {logging_mixin.py:190} INFO - [2024-10-21T05:31:42.689+0000] {dag.py:4180} INFO - Setting next_dagrun for example_python_decorator to None, run_after=None
[2024-10-21T05:31:42.722+0000] {processor.py:208} INFO - Processing /home/airflow/.local/lib/python3.12/site-packages/airflow/example_dags/example_python_decorator.py took 0.131 seconds
[2024-10-21T05:32:13.203+0000] {processor.py:186} INFO - Started process (PID=719) to work on /home/airflow/.local/lib/python3.12/site-packages/airflow/example_dags/example_python_decorator.py
[2024-10-21T05:32:13.205+0000] {processor.py:914} INFO - Processing file /home/airflow/.local/lib/python3.12/site-packages/airflow/example_dags/example_python_decorator.py for tasks to queue
[2024-10-21T05:32:13.207+0000] {logging_mixin.py:190} INFO - [2024-10-21T05:32:13.206+0000] {dagbag.py:588} INFO - Filling up the DagBag from /home/airflow/.local/lib/python3.12/site-packages/airflow/example_dags/example_python_decorator.py
[2024-10-21T05:32:13.227+0000] {processor.py:925} INFO - DAG(s) 'example_python_decorator' retrieved from /home/airflow/.local/lib/python3.12/site-packages/airflow/example_dags/example_python_decorator.py
[2024-10-21T05:32:13.260+0000] {logging_mixin.py:190} INFO - [2024-10-21T05:32:13.259+0000] {dag.py:3239} INFO - Sync 1 DAGs
[2024-10-21T05:32:13.285+0000] {logging_mixin.py:190} INFO - [2024-10-21T05:32:13.284+0000] {dag.py:4180} INFO - Setting next_dagrun for example_python_decorator to None, run_after=None
[2024-10-21T05:32:13.315+0000] {processor.py:208} INFO - Processing /home/airflow/.local/lib/python3.12/site-packages/airflow/example_dags/example_python_decorator.py took 0.119 seconds
[2024-10-21T05:32:43.848+0000] {processor.py:186} INFO - Started process (PID=781) to work on /home/airflow/.local/lib/python3.12/site-packages/airflow/example_dags/example_python_decorator.py
[2024-10-21T05:32:43.850+0000] {processor.py:914} INFO - Processing file /home/airflow/.local/lib/python3.12/site-packages/airflow/example_dags/example_python_decorator.py for tasks to queue
[2024-10-21T05:32:43.852+0000] {logging_mixin.py:190} INFO - [2024-10-21T05:32:43.851+0000] {dagbag.py:588} INFO - Filling up the DagBag from /home/airflow/.local/lib/python3.12/site-packages/airflow/example_dags/example_python_decorator.py
[2024-10-21T05:32:43.879+0000] {processor.py:925} INFO - DAG(s) 'example_python_decorator' retrieved from /home/airflow/.local/lib/python3.12/site-packages/airflow/example_dags/example_python_decorator.py
[2024-10-21T05:32:43.916+0000] {logging_mixin.py:190} INFO - [2024-10-21T05:32:43.916+0000] {dag.py:3239} INFO - Sync 1 DAGs
[2024-10-21T05:32:43.944+0000] {logging_mixin.py:190} INFO - [2024-10-21T05:32:43.944+0000] {dag.py:4180} INFO - Setting next_dagrun for example_python_decorator to None, run_after=None
[2024-10-21T05:32:43.974+0000] {processor.py:208} INFO - Processing /home/airflow/.local/lib/python3.12/site-packages/airflow/example_dags/example_python_decorator.py took 0.136 seconds
[2024-10-21T05:33:14.591+0000] {processor.py:186} INFO - Started process (PID=843) to work on /home/airflow/.local/lib/python3.12/site-packages/airflow/example_dags/example_python_decorator.py
[2024-10-21T05:33:14.595+0000] {processor.py:914} INFO - Processing file /home/airflow/.local/lib/python3.12/site-packages/airflow/example_dags/example_python_decorator.py for tasks to queue
[2024-10-21T05:33:14.600+0000] {logging_mixin.py:190} INFO - [2024-10-21T05:33:14.598+0000] {dagbag.py:588} INFO - Filling up the DagBag from /home/airflow/.local/lib/python3.12/site-packages/airflow/example_dags/example_python_decorator.py
[2024-10-21T05:33:14.632+0000] {processor.py:925} INFO - DAG(s) 'example_python_decorator' retrieved from /home/airflow/.local/lib/python3.12/site-packages/airflow/example_dags/example_python_decorator.py
[2024-10-21T05:33:14.664+0000] {logging_mixin.py:190} INFO - [2024-10-21T05:33:14.663+0000] {dag.py:3239} INFO - Sync 1 DAGs
[2024-10-21T05:33:14.686+0000] {logging_mixin.py:190} INFO - [2024-10-21T05:33:14.685+0000] {dag.py:4180} INFO - Setting next_dagrun for example_python_decorator to None, run_after=None
[2024-10-21T05:33:14.713+0000] {processor.py:208} INFO - Processing /home/airflow/.local/lib/python3.12/site-packages/airflow/example_dags/example_python_decorator.py took 0.140 seconds
[2024-10-21T05:33:45.468+0000] {processor.py:186} INFO - Started process (PID=905) to work on /home/airflow/.local/lib/python3.12/site-packages/airflow/example_dags/example_python_decorator.py
[2024-10-21T05:33:45.470+0000] {processor.py:914} INFO - Processing file /home/airflow/.local/lib/python3.12/site-packages/airflow/example_dags/example_python_decorator.py for tasks to queue
[2024-10-21T05:33:45.472+0000] {logging_mixin.py:190} INFO - [2024-10-21T05:33:45.471+0000] {dagbag.py:588} INFO - Filling up the DagBag from /home/airflow/.local/lib/python3.12/site-packages/airflow/example_dags/example_python_decorator.py
[2024-10-21T05:33:45.497+0000] {processor.py:925} INFO - DAG(s) 'example_python_decorator' retrieved from /home/airflow/.local/lib/python3.12/site-packages/airflow/example_dags/example_python_decorator.py
[2024-10-21T05:33:45.532+0000] {logging_mixin.py:190} INFO - [2024-10-21T05:33:45.532+0000] {dag.py:3239} INFO - Sync 1 DAGs
[2024-10-21T05:33:45.554+0000] {logging_mixin.py:190} INFO - [2024-10-21T05:33:45.553+0000] {dag.py:4180} INFO - Setting next_dagrun for example_python_decorator to None, run_after=None
[2024-10-21T05:33:45.586+0000] {processor.py:208} INFO - Processing /home/airflow/.local/lib/python3.12/site-packages/airflow/example_dags/example_python_decorator.py took 0.129 seconds
[2024-10-21T05:34:16.156+0000] {processor.py:186} INFO - Started process (PID=967) to work on /home/airflow/.local/lib/python3.12/site-packages/airflow/example_dags/example_python_decorator.py
[2024-10-21T05:34:16.158+0000] {processor.py:914} INFO - Processing file /home/airflow/.local/lib/python3.12/site-packages/airflow/example_dags/example_python_decorator.py for tasks to queue
[2024-10-21T05:34:16.161+0000] {logging_mixin.py:190} INFO - [2024-10-21T05:34:16.161+0000] {dagbag.py:588} INFO - Filling up the DagBag from /home/airflow/.local/lib/python3.12/site-packages/airflow/example_dags/example_python_decorator.py
[2024-10-21T05:34:16.186+0000] {processor.py:925} INFO - DAG(s) 'example_python_decorator' retrieved from /home/airflow/.local/lib/python3.12/site-packages/airflow/example_dags/example_python_decorator.py
[2024-10-21T05:34:16.223+0000] {logging_mixin.py:190} INFO - [2024-10-21T05:34:16.222+0000] {dag.py:3239} INFO - Sync 1 DAGs
[2024-10-21T05:34:16.255+0000] {logging_mixin.py:190} INFO - [2024-10-21T05:34:16.254+0000] {dag.py:4180} INFO - Setting next_dagrun for example_python_decorator to None, run_after=None
[2024-10-21T05:34:16.290+0000] {processor.py:208} INFO - Processing /home/airflow/.local/lib/python3.12/site-packages/airflow/example_dags/example_python_decorator.py took 0.146 seconds
[2024-10-21T05:34:46.918+0000] {processor.py:186} INFO - Started process (PID=1029) to work on /home/airflow/.local/lib/python3.12/site-packages/airflow/example_dags/example_python_decorator.py
[2024-10-21T05:34:46.920+0000] {processor.py:914} INFO - Processing file /home/airflow/.local/lib/python3.12/site-packages/airflow/example_dags/example_python_decorator.py for tasks to queue
[2024-10-21T05:34:46.923+0000] {logging_mixin.py:190} INFO - [2024-10-21T05:34:46.922+0000] {dagbag.py:588} INFO - Filling up the DagBag from /home/airflow/.local/lib/python3.12/site-packages/airflow/example_dags/example_python_decorator.py
[2024-10-21T05:34:46.946+0000] {processor.py:925} INFO - DAG(s) 'example_python_decorator' retrieved from /home/airflow/.local/lib/python3.12/site-packages/airflow/example_dags/example_python_decorator.py
[2024-10-21T05:34:46.980+0000] {logging_mixin.py:190} INFO - [2024-10-21T05:34:46.980+0000] {dag.py:3239} INFO - Sync 1 DAGs
[2024-10-21T05:34:47.003+0000] {logging_mixin.py:190} INFO - [2024-10-21T05:34:47.002+0000] {dag.py:4180} INFO - Setting next_dagrun for example_python_decorator to None, run_after=None
[2024-10-21T05:34:47.032+0000] {processor.py:208} INFO - Processing /home/airflow/.local/lib/python3.12/site-packages/airflow/example_dags/example_python_decorator.py took 0.123 seconds
[2024-10-21T05:35:17.431+0000] {processor.py:186} INFO - Started process (PID=1091) to work on /home/airflow/.local/lib/python3.12/site-packages/airflow/example_dags/example_python_decorator.py
[2024-10-21T05:35:17.433+0000] {processor.py:914} INFO - Processing file /home/airflow/.local/lib/python3.12/site-packages/airflow/example_dags/example_python_decorator.py for tasks to queue
[2024-10-21T05:35:17.437+0000] {logging_mixin.py:190} INFO - [2024-10-21T05:35:17.436+0000] {dagbag.py:588} INFO - Filling up the DagBag from /home/airflow/.local/lib/python3.12/site-packages/airflow/example_dags/example_python_decorator.py
[2024-10-21T05:35:17.470+0000] {processor.py:925} INFO - DAG(s) 'example_python_decorator' retrieved from /home/airflow/.local/lib/python3.12/site-packages/airflow/example_dags/example_python_decorator.py
[2024-10-21T05:35:17.541+0000] {logging_mixin.py:190} INFO - [2024-10-21T05:35:17.540+0000] {dag.py:3239} INFO - Sync 1 DAGs
[2024-10-21T05:35:17.582+0000] {logging_mixin.py:190} INFO - [2024-10-21T05:35:17.581+0000] {dag.py:4180} INFO - Setting next_dagrun for example_python_decorator to None, run_after=None
[2024-10-21T05:35:17.630+0000] {processor.py:208} INFO - Processing /home/airflow/.local/lib/python3.12/site-packages/airflow/example_dags/example_python_decorator.py took 0.211 seconds
[2024-10-21T05:35:47.837+0000] {processor.py:186} INFO - Started process (PID=1153) to work on /home/airflow/.local/lib/python3.12/site-packages/airflow/example_dags/example_python_decorator.py
[2024-10-21T05:35:47.839+0000] {processor.py:914} INFO - Processing file /home/airflow/.local/lib/python3.12/site-packages/airflow/example_dags/example_python_decorator.py for tasks to queue
[2024-10-21T05:35:47.841+0000] {logging_mixin.py:190} INFO - [2024-10-21T05:35:47.840+0000] {dagbag.py:588} INFO - Filling up the DagBag from /home/airflow/.local/lib/python3.12/site-packages/airflow/example_dags/example_python_decorator.py
[2024-10-21T05:35:47.861+0000] {processor.py:925} INFO - DAG(s) 'example_python_decorator' retrieved from /home/airflow/.local/lib/python3.12/site-packages/airflow/example_dags/example_python_decorator.py
[2024-10-21T05:35:47.894+0000] {logging_mixin.py:190} INFO - [2024-10-21T05:35:47.894+0000] {dag.py:3239} INFO - Sync 1 DAGs
[2024-10-21T05:35:47.914+0000] {logging_mixin.py:190} INFO - [2024-10-21T05:35:47.913+0000] {dag.py:4180} INFO - Setting next_dagrun for example_python_decorator to None, run_after=None
[2024-10-21T05:35:47.943+0000] {processor.py:208} INFO - Processing /home/airflow/.local/lib/python3.12/site-packages/airflow/example_dags/example_python_decorator.py took 0.114 seconds
[2024-10-21T05:36:18.793+0000] {processor.py:186} INFO - Started process (PID=1215) to work on /home/airflow/.local/lib/python3.12/site-packages/airflow/example_dags/example_python_decorator.py
[2024-10-21T05:36:18.795+0000] {processor.py:914} INFO - Processing file /home/airflow/.local/lib/python3.12/site-packages/airflow/example_dags/example_python_decorator.py for tasks to queue
[2024-10-21T05:36:18.797+0000] {logging_mixin.py:190} INFO - [2024-10-21T05:36:18.797+0000] {dagbag.py:588} INFO - Filling up the DagBag from /home/airflow/.local/lib/python3.12/site-packages/airflow/example_dags/example_python_decorator.py
[2024-10-21T05:36:18.824+0000] {processor.py:925} INFO - DAG(s) 'example_python_decorator' retrieved from /home/airflow/.local/lib/python3.12/site-packages/airflow/example_dags/example_python_decorator.py
[2024-10-21T05:36:18.861+0000] {logging_mixin.py:190} INFO - [2024-10-21T05:36:18.860+0000] {dag.py:3239} INFO - Sync 1 DAGs
[2024-10-21T05:36:18.882+0000] {logging_mixin.py:190} INFO - [2024-10-21T05:36:18.882+0000] {dag.py:4180} INFO - Setting next_dagrun for example_python_decorator to None, run_after=None
[2024-10-21T05:36:18.916+0000] {processor.py:208} INFO - Processing /home/airflow/.local/lib/python3.12/site-packages/airflow/example_dags/example_python_decorator.py took 0.134 seconds
[2024-10-21T05:36:49.159+0000] {processor.py:186} INFO - Started process (PID=1277) to work on /home/airflow/.local/lib/python3.12/site-packages/airflow/example_dags/example_python_decorator.py
[2024-10-21T05:36:49.161+0000] {processor.py:914} INFO - Processing file /home/airflow/.local/lib/python3.12/site-packages/airflow/example_dags/example_python_decorator.py for tasks to queue
[2024-10-21T05:36:49.163+0000] {logging_mixin.py:190} INFO - [2024-10-21T05:36:49.163+0000] {dagbag.py:588} INFO - Filling up the DagBag from /home/airflow/.local/lib/python3.12/site-packages/airflow/example_dags/example_python_decorator.py
[2024-10-21T05:36:49.186+0000] {processor.py:925} INFO - DAG(s) 'example_python_decorator' retrieved from /home/airflow/.local/lib/python3.12/site-packages/airflow/example_dags/example_python_decorator.py
[2024-10-21T05:36:49.227+0000] {logging_mixin.py:190} INFO - [2024-10-21T05:36:49.227+0000] {dag.py:3239} INFO - Sync 1 DAGs
[2024-10-21T05:36:49.257+0000] {logging_mixin.py:190} INFO - [2024-10-21T05:36:49.257+0000] {dag.py:4180} INFO - Setting next_dagrun for example_python_decorator to None, run_after=None
[2024-10-21T05:36:49.296+0000] {processor.py:208} INFO - Processing /home/airflow/.local/lib/python3.12/site-packages/airflow/example_dags/example_python_decorator.py took 0.148 seconds
[2024-10-21T11:55:04.784+0000] {processor.py:186} INFO - Started process (PID=116) to work on /home/airflow/.local/lib/python3.12/site-packages/airflow/example_dags/example_python_decorator.py
[2024-10-21T11:55:04.786+0000] {processor.py:914} INFO - Processing file /home/airflow/.local/lib/python3.12/site-packages/airflow/example_dags/example_python_decorator.py for tasks to queue
[2024-10-21T11:55:04.788+0000] {logging_mixin.py:190} INFO - [2024-10-21T11:55:04.788+0000] {dagbag.py:588} INFO - Filling up the DagBag from /home/airflow/.local/lib/python3.12/site-packages/airflow/example_dags/example_python_decorator.py
[2024-10-21T11:55:04.803+0000] {processor.py:925} INFO - DAG(s) 'example_python_decorator' retrieved from /home/airflow/.local/lib/python3.12/site-packages/airflow/example_dags/example_python_decorator.py
[2024-10-21T11:55:04.992+0000] {logging_mixin.py:190} INFO - [2024-10-21T11:55:04.990+0000] {dag.py:3239} INFO - Sync 1 DAGs
[2024-10-21T11:55:05.205+0000] {logging_mixin.py:190} INFO - [2024-10-21T11:55:05.204+0000] {dag.py:4180} INFO - Setting next_dagrun for example_python_decorator to None, run_after=None
[2024-10-21T11:55:05.270+0000] {processor.py:208} INFO - Processing /home/airflow/.local/lib/python3.12/site-packages/airflow/example_dags/example_python_decorator.py took 0.492 seconds
