[2024-10-21T03:08:42.000+0000] {processor.py:186} INFO - Started process (PID=332) to work on /home/airflow/.local/lib/python3.12/site-packages/airflow/example_dags/example_sensors.py
[2024-10-21T03:08:42.001+0000] {processor.py:914} INFO - Processing file /home/airflow/.local/lib/python3.12/site-packages/airflow/example_dags/example_sensors.py for tasks to queue
[2024-10-21T03:08:42.003+0000] {logging_mixin.py:190} INFO - [2024-10-21T03:08:42.003+0000] {dagbag.py:588} INFO - Filling up the DagBag from /home/airflow/.local/lib/python3.12/site-packages/airflow/example_dags/example_sensors.py
[2024-10-21T03:08:42.024+0000] {processor.py:925} INFO - DAG(s) 'example_sensors' retrieved from /home/airflow/.local/lib/python3.12/site-packages/airflow/example_dags/example_sensors.py
[2024-10-21T03:08:42.125+0000] {logging_mixin.py:190} INFO - [2024-10-21T03:08:42.124+0000] {override.py:1900} INFO - Created Permission View: can delete on DAG:example_sensors
[2024-10-21T03:08:42.134+0000] {logging_mixin.py:190} INFO - [2024-10-21T03:08:42.134+0000] {override.py:1900} INFO - Created Permission View: can read on DAG:example_sensors
[2024-10-21T03:08:42.142+0000] {logging_mixin.py:190} INFO - [2024-10-21T03:08:42.142+0000] {override.py:1900} INFO - Created Permission View: can edit on DAG:example_sensors
[2024-10-21T03:08:42.149+0000] {logging_mixin.py:190} INFO - [2024-10-21T03:08:42.149+0000] {override.py:1900} INFO - Created Permission View: menu access on DAG Run:example_sensors
[2024-10-21T03:08:42.156+0000] {logging_mixin.py:190} INFO - [2024-10-21T03:08:42.156+0000] {override.py:1900} INFO - Created Permission View: can delete on DAG Run:example_sensors
[2024-10-21T03:08:42.163+0000] {logging_mixin.py:190} INFO - [2024-10-21T03:08:42.162+0000] {override.py:1900} INFO - Created Permission View: can read on DAG Run:example_sensors
[2024-10-21T03:08:42.170+0000] {logging_mixin.py:190} INFO - [2024-10-21T03:08:42.169+0000] {override.py:1900} INFO - Created Permission View: can create on DAG Run:example_sensors
[2024-10-21T03:08:42.170+0000] {logging_mixin.py:190} INFO - [2024-10-21T03:08:42.170+0000] {dag.py:3239} INFO - Sync 1 DAGs
[2024-10-21T03:08:42.180+0000] {logging_mixin.py:190} INFO - [2024-10-21T03:08:42.180+0000] {dag.py:3262} INFO - Creating ORM DAG for example_sensors
[2024-10-21T03:08:42.181+0000] {logging_mixin.py:190} INFO - [2024-10-21T03:08:42.181+0000] {dag.py:4180} INFO - Setting next_dagrun for example_sensors to None, run_after=None
[2024-10-21T03:08:42.198+0000] {processor.py:208} INFO - Processing /home/airflow/.local/lib/python3.12/site-packages/airflow/example_dags/example_sensors.py took 0.203 seconds
[2024-10-21T03:09:12.337+0000] {processor.py:186} INFO - Started process (PID=394) to work on /home/airflow/.local/lib/python3.12/site-packages/airflow/example_dags/example_sensors.py
[2024-10-21T03:09:12.339+0000] {processor.py:914} INFO - Processing file /home/airflow/.local/lib/python3.12/site-packages/airflow/example_dags/example_sensors.py for tasks to queue
[2024-10-21T03:09:12.345+0000] {logging_mixin.py:190} INFO - [2024-10-21T03:09:12.344+0000] {dagbag.py:588} INFO - Filling up the DagBag from /home/airflow/.local/lib/python3.12/site-packages/airflow/example_dags/example_sensors.py
[2024-10-21T03:09:12.364+0000] {processor.py:925} INFO - DAG(s) 'example_sensors' retrieved from /home/airflow/.local/lib/python3.12/site-packages/airflow/example_dags/example_sensors.py
[2024-10-21T03:09:12.417+0000] {logging_mixin.py:190} INFO - [2024-10-21T03:09:12.416+0000] {dag.py:3239} INFO - Sync 1 DAGs
[2024-10-21T03:09:12.436+0000] {logging_mixin.py:190} INFO - [2024-10-21T03:09:12.436+0000] {dag.py:4180} INFO - Setting next_dagrun for example_sensors to None, run_after=None
[2024-10-21T03:09:12.472+0000] {processor.py:208} INFO - Processing /home/airflow/.local/lib/python3.12/site-packages/airflow/example_dags/example_sensors.py took 0.141 seconds
[2024-10-21T03:09:42.738+0000] {processor.py:186} INFO - Started process (PID=456) to work on /home/airflow/.local/lib/python3.12/site-packages/airflow/example_dags/example_sensors.py
[2024-10-21T03:09:42.739+0000] {processor.py:914} INFO - Processing file /home/airflow/.local/lib/python3.12/site-packages/airflow/example_dags/example_sensors.py for tasks to queue
[2024-10-21T03:09:42.741+0000] {logging_mixin.py:190} INFO - [2024-10-21T03:09:42.741+0000] {dagbag.py:588} INFO - Filling up the DagBag from /home/airflow/.local/lib/python3.12/site-packages/airflow/example_dags/example_sensors.py
[2024-10-21T03:09:42.752+0000] {processor.py:925} INFO - DAG(s) 'example_sensors' retrieved from /home/airflow/.local/lib/python3.12/site-packages/airflow/example_dags/example_sensors.py
[2024-10-21T03:09:42.780+0000] {logging_mixin.py:190} INFO - [2024-10-21T03:09:42.779+0000] {dag.py:3239} INFO - Sync 1 DAGs
[2024-10-21T03:09:42.800+0000] {logging_mixin.py:190} INFO - [2024-10-21T03:09:42.799+0000] {dag.py:4180} INFO - Setting next_dagrun for example_sensors to None, run_after=None
[2024-10-21T03:09:42.830+0000] {processor.py:208} INFO - Processing /home/airflow/.local/lib/python3.12/site-packages/airflow/example_dags/example_sensors.py took 0.098 seconds
[2024-10-21T03:10:13.751+0000] {processor.py:186} INFO - Started process (PID=518) to work on /home/airflow/.local/lib/python3.12/site-packages/airflow/example_dags/example_sensors.py
[2024-10-21T03:10:13.752+0000] {processor.py:914} INFO - Processing file /home/airflow/.local/lib/python3.12/site-packages/airflow/example_dags/example_sensors.py for tasks to queue
[2024-10-21T03:10:13.756+0000] {logging_mixin.py:190} INFO - [2024-10-21T03:10:13.755+0000] {dagbag.py:588} INFO - Filling up the DagBag from /home/airflow/.local/lib/python3.12/site-packages/airflow/example_dags/example_sensors.py
[2024-10-21T03:10:13.769+0000] {processor.py:925} INFO - DAG(s) 'example_sensors' retrieved from /home/airflow/.local/lib/python3.12/site-packages/airflow/example_dags/example_sensors.py
[2024-10-21T03:10:13.799+0000] {logging_mixin.py:190} INFO - [2024-10-21T03:10:13.799+0000] {dag.py:3239} INFO - Sync 1 DAGs
[2024-10-21T03:10:13.817+0000] {logging_mixin.py:190} INFO - [2024-10-21T03:10:13.816+0000] {dag.py:4180} INFO - Setting next_dagrun for example_sensors to None, run_after=None
[2024-10-21T03:10:13.847+0000] {processor.py:208} INFO - Processing /home/airflow/.local/lib/python3.12/site-packages/airflow/example_dags/example_sensors.py took 0.104 seconds
[2024-10-21T03:10:44.132+0000] {processor.py:186} INFO - Started process (PID=580) to work on /home/airflow/.local/lib/python3.12/site-packages/airflow/example_dags/example_sensors.py
[2024-10-21T03:10:44.134+0000] {processor.py:914} INFO - Processing file /home/airflow/.local/lib/python3.12/site-packages/airflow/example_dags/example_sensors.py for tasks to queue
[2024-10-21T03:10:44.136+0000] {logging_mixin.py:190} INFO - [2024-10-21T03:10:44.136+0000] {dagbag.py:588} INFO - Filling up the DagBag from /home/airflow/.local/lib/python3.12/site-packages/airflow/example_dags/example_sensors.py
[2024-10-21T03:10:44.146+0000] {processor.py:925} INFO - DAG(s) 'example_sensors' retrieved from /home/airflow/.local/lib/python3.12/site-packages/airflow/example_dags/example_sensors.py
[2024-10-21T03:10:44.170+0000] {logging_mixin.py:190} INFO - [2024-10-21T03:10:44.169+0000] {dag.py:3239} INFO - Sync 1 DAGs
[2024-10-21T03:10:44.181+0000] {logging_mixin.py:190} INFO - [2024-10-21T03:10:44.181+0000] {dag.py:4180} INFO - Setting next_dagrun for example_sensors to None, run_after=None
[2024-10-21T03:10:44.197+0000] {processor.py:208} INFO - Processing /home/airflow/.local/lib/python3.12/site-packages/airflow/example_dags/example_sensors.py took 0.070 seconds
[2024-10-21T03:11:14.601+0000] {processor.py:186} INFO - Started process (PID=642) to work on /home/airflow/.local/lib/python3.12/site-packages/airflow/example_dags/example_sensors.py
[2024-10-21T03:11:14.602+0000] {processor.py:914} INFO - Processing file /home/airflow/.local/lib/python3.12/site-packages/airflow/example_dags/example_sensors.py for tasks to queue
[2024-10-21T03:11:14.604+0000] {logging_mixin.py:190} INFO - [2024-10-21T03:11:14.604+0000] {dagbag.py:588} INFO - Filling up the DagBag from /home/airflow/.local/lib/python3.12/site-packages/airflow/example_dags/example_sensors.py
[2024-10-21T03:11:14.613+0000] {processor.py:925} INFO - DAG(s) 'example_sensors' retrieved from /home/airflow/.local/lib/python3.12/site-packages/airflow/example_dags/example_sensors.py
[2024-10-21T03:11:14.635+0000] {logging_mixin.py:190} INFO - [2024-10-21T03:11:14.635+0000] {dag.py:3239} INFO - Sync 1 DAGs
[2024-10-21T03:11:14.646+0000] {logging_mixin.py:190} INFO - [2024-10-21T03:11:14.646+0000] {dag.py:4180} INFO - Setting next_dagrun for example_sensors to None, run_after=None
[2024-10-21T03:11:14.662+0000] {processor.py:208} INFO - Processing /home/airflow/.local/lib/python3.12/site-packages/airflow/example_dags/example_sensors.py took 0.066 seconds
[2024-10-21T03:11:45.411+0000] {processor.py:186} INFO - Started process (PID=705) to work on /home/airflow/.local/lib/python3.12/site-packages/airflow/example_dags/example_sensors.py
[2024-10-21T03:11:45.413+0000] {processor.py:914} INFO - Processing file /home/airflow/.local/lib/python3.12/site-packages/airflow/example_dags/example_sensors.py for tasks to queue
[2024-10-21T03:11:45.417+0000] {logging_mixin.py:190} INFO - [2024-10-21T03:11:45.417+0000] {dagbag.py:588} INFO - Filling up the DagBag from /home/airflow/.local/lib/python3.12/site-packages/airflow/example_dags/example_sensors.py
[2024-10-21T03:11:45.438+0000] {processor.py:925} INFO - DAG(s) 'example_sensors' retrieved from /home/airflow/.local/lib/python3.12/site-packages/airflow/example_dags/example_sensors.py
[2024-10-21T03:11:45.494+0000] {logging_mixin.py:190} INFO - [2024-10-21T03:11:45.493+0000] {dag.py:3239} INFO - Sync 1 DAGs
[2024-10-21T03:11:45.538+0000] {logging_mixin.py:190} INFO - [2024-10-21T03:11:45.537+0000] {dag.py:4180} INFO - Setting next_dagrun for example_sensors to None, run_after=None
[2024-10-21T03:11:45.597+0000] {processor.py:208} INFO - Processing /home/airflow/.local/lib/python3.12/site-packages/airflow/example_dags/example_sensors.py took 0.200 seconds
[2024-10-21T05:26:32.362+0000] {processor.py:186} INFO - Started process (PID=117) to work on /home/airflow/.local/lib/python3.12/site-packages/airflow/example_dags/example_sensors.py
[2024-10-21T05:26:32.365+0000] {processor.py:914} INFO - Processing file /home/airflow/.local/lib/python3.12/site-packages/airflow/example_dags/example_sensors.py for tasks to queue
[2024-10-21T05:26:32.369+0000] {logging_mixin.py:190} INFO - [2024-10-21T05:26:32.368+0000] {dagbag.py:588} INFO - Filling up the DagBag from /home/airflow/.local/lib/python3.12/site-packages/airflow/example_dags/example_sensors.py
[2024-10-21T05:26:32.386+0000] {processor.py:925} INFO - DAG(s) 'example_sensors' retrieved from /home/airflow/.local/lib/python3.12/site-packages/airflow/example_dags/example_sensors.py
[2024-10-21T05:26:32.430+0000] {logging_mixin.py:190} INFO - [2024-10-21T05:26:32.429+0000] {dag.py:3239} INFO - Sync 1 DAGs
[2024-10-21T05:26:32.451+0000] {logging_mixin.py:190} INFO - [2024-10-21T05:26:32.451+0000] {dag.py:4180} INFO - Setting next_dagrun for example_sensors to None, run_after=None
[2024-10-21T05:26:32.480+0000] {processor.py:208} INFO - Processing /home/airflow/.local/lib/python3.12/site-packages/airflow/example_dags/example_sensors.py took 0.128 seconds
[2024-10-21T05:27:03.535+0000] {processor.py:186} INFO - Started process (PID=179) to work on /home/airflow/.local/lib/python3.12/site-packages/airflow/example_dags/example_sensors.py
[2024-10-21T05:27:03.537+0000] {processor.py:914} INFO - Processing file /home/airflow/.local/lib/python3.12/site-packages/airflow/example_dags/example_sensors.py for tasks to queue
[2024-10-21T05:27:03.542+0000] {logging_mixin.py:190} INFO - [2024-10-21T05:27:03.541+0000] {dagbag.py:588} INFO - Filling up the DagBag from /home/airflow/.local/lib/python3.12/site-packages/airflow/example_dags/example_sensors.py
[2024-10-21T05:27:03.564+0000] {processor.py:925} INFO - DAG(s) 'example_sensors' retrieved from /home/airflow/.local/lib/python3.12/site-packages/airflow/example_dags/example_sensors.py
[2024-10-21T05:27:03.601+0000] {logging_mixin.py:190} INFO - [2024-10-21T05:27:03.601+0000] {dag.py:3239} INFO - Sync 1 DAGs
[2024-10-21T05:27:03.622+0000] {logging_mixin.py:190} INFO - [2024-10-21T05:27:03.622+0000] {dag.py:4180} INFO - Setting next_dagrun for example_sensors to None, run_after=None
[2024-10-21T05:27:03.654+0000] {processor.py:208} INFO - Processing /home/airflow/.local/lib/python3.12/site-packages/airflow/example_dags/example_sensors.py took 0.132 seconds
[2024-10-21T05:27:34.487+0000] {processor.py:186} INFO - Started process (PID=241) to work on /home/airflow/.local/lib/python3.12/site-packages/airflow/example_dags/example_sensors.py
[2024-10-21T05:27:34.490+0000] {processor.py:914} INFO - Processing file /home/airflow/.local/lib/python3.12/site-packages/airflow/example_dags/example_sensors.py for tasks to queue
[2024-10-21T05:27:34.494+0000] {logging_mixin.py:190} INFO - [2024-10-21T05:27:34.493+0000] {dagbag.py:588} INFO - Filling up the DagBag from /home/airflow/.local/lib/python3.12/site-packages/airflow/example_dags/example_sensors.py
[2024-10-21T05:27:34.514+0000] {processor.py:925} INFO - DAG(s) 'example_sensors' retrieved from /home/airflow/.local/lib/python3.12/site-packages/airflow/example_dags/example_sensors.py
[2024-10-21T05:27:34.561+0000] {logging_mixin.py:190} INFO - [2024-10-21T05:27:34.560+0000] {dag.py:3239} INFO - Sync 1 DAGs
[2024-10-21T05:27:34.585+0000] {logging_mixin.py:190} INFO - [2024-10-21T05:27:34.585+0000] {dag.py:4180} INFO - Setting next_dagrun for example_sensors to None, run_after=None
[2024-10-21T05:27:34.618+0000] {processor.py:208} INFO - Processing /home/airflow/.local/lib/python3.12/site-packages/airflow/example_dags/example_sensors.py took 0.141 seconds
[2024-10-21T05:29:05.926+0000] {processor.py:186} INFO - Started process (PID=333) to work on /home/airflow/.local/lib/python3.12/site-packages/airflow/example_dags/example_sensors.py
[2024-10-21T05:29:05.930+0000] {processor.py:914} INFO - Processing file /home/airflow/.local/lib/python3.12/site-packages/airflow/example_dags/example_sensors.py for tasks to queue
[2024-10-21T05:29:05.936+0000] {logging_mixin.py:190} INFO - [2024-10-21T05:29:05.935+0000] {dagbag.py:588} INFO - Filling up the DagBag from /home/airflow/.local/lib/python3.12/site-packages/airflow/example_dags/example_sensors.py
[2024-10-21T05:29:05.964+0000] {processor.py:925} INFO - DAG(s) 'example_sensors' retrieved from /home/airflow/.local/lib/python3.12/site-packages/airflow/example_dags/example_sensors.py
[2024-10-21T05:29:06.029+0000] {logging_mixin.py:190} INFO - [2024-10-21T05:29:06.028+0000] {dag.py:3239} INFO - Sync 1 DAGs
[2024-10-21T05:29:06.064+0000] {logging_mixin.py:190} INFO - [2024-10-21T05:29:06.063+0000] {dag.py:4180} INFO - Setting next_dagrun for example_sensors to None, run_after=None
[2024-10-21T05:29:06.120+0000] {processor.py:208} INFO - Processing /home/airflow/.local/lib/python3.12/site-packages/airflow/example_dags/example_sensors.py took 0.212 seconds
[2024-10-21T05:29:37.168+0000] {processor.py:186} INFO - Started process (PID=395) to work on /home/airflow/.local/lib/python3.12/site-packages/airflow/example_dags/example_sensors.py
[2024-10-21T05:29:37.172+0000] {processor.py:914} INFO - Processing file /home/airflow/.local/lib/python3.12/site-packages/airflow/example_dags/example_sensors.py for tasks to queue
[2024-10-21T05:29:37.176+0000] {logging_mixin.py:190} INFO - [2024-10-21T05:29:37.175+0000] {dagbag.py:588} INFO - Filling up the DagBag from /home/airflow/.local/lib/python3.12/site-packages/airflow/example_dags/example_sensors.py
[2024-10-21T05:29:37.207+0000] {processor.py:925} INFO - DAG(s) 'example_sensors' retrieved from /home/airflow/.local/lib/python3.12/site-packages/airflow/example_dags/example_sensors.py
[2024-10-21T05:29:37.276+0000] {logging_mixin.py:190} INFO - [2024-10-21T05:29:37.276+0000] {dag.py:3239} INFO - Sync 1 DAGs
[2024-10-21T05:29:37.309+0000] {logging_mixin.py:190} INFO - [2024-10-21T05:29:37.308+0000] {dag.py:4180} INFO - Setting next_dagrun for example_sensors to None, run_after=None
[2024-10-21T05:29:37.346+0000] {processor.py:208} INFO - Processing /home/airflow/.local/lib/python3.12/site-packages/airflow/example_dags/example_sensors.py took 0.192 seconds
[2024-10-21T05:30:07.529+0000] {processor.py:186} INFO - Started process (PID=457) to work on /home/airflow/.local/lib/python3.12/site-packages/airflow/example_dags/example_sensors.py
[2024-10-21T05:30:07.531+0000] {processor.py:914} INFO - Processing file /home/airflow/.local/lib/python3.12/site-packages/airflow/example_dags/example_sensors.py for tasks to queue
[2024-10-21T05:30:07.533+0000] {logging_mixin.py:190} INFO - [2024-10-21T05:30:07.533+0000] {dagbag.py:588} INFO - Filling up the DagBag from /home/airflow/.local/lib/python3.12/site-packages/airflow/example_dags/example_sensors.py
[2024-10-21T05:30:07.557+0000] {processor.py:925} INFO - DAG(s) 'example_sensors' retrieved from /home/airflow/.local/lib/python3.12/site-packages/airflow/example_dags/example_sensors.py
[2024-10-21T05:30:07.606+0000] {logging_mixin.py:190} INFO - [2024-10-21T05:30:07.606+0000] {dag.py:3239} INFO - Sync 1 DAGs
[2024-10-21T05:30:07.648+0000] {logging_mixin.py:190} INFO - [2024-10-21T05:30:07.647+0000] {dag.py:4180} INFO - Setting next_dagrun for example_sensors to None, run_after=None
[2024-10-21T05:30:07.682+0000] {processor.py:208} INFO - Processing /home/airflow/.local/lib/python3.12/site-packages/airflow/example_dags/example_sensors.py took 0.163 seconds
[2024-10-21T05:30:38.299+0000] {processor.py:186} INFO - Started process (PID=519) to work on /home/airflow/.local/lib/python3.12/site-packages/airflow/example_dags/example_sensors.py
[2024-10-21T05:30:38.302+0000] {processor.py:914} INFO - Processing file /home/airflow/.local/lib/python3.12/site-packages/airflow/example_dags/example_sensors.py for tasks to queue
[2024-10-21T05:30:38.306+0000] {logging_mixin.py:190} INFO - [2024-10-21T05:30:38.305+0000] {dagbag.py:588} INFO - Filling up the DagBag from /home/airflow/.local/lib/python3.12/site-packages/airflow/example_dags/example_sensors.py
[2024-10-21T05:30:38.339+0000] {processor.py:925} INFO - DAG(s) 'example_sensors' retrieved from /home/airflow/.local/lib/python3.12/site-packages/airflow/example_dags/example_sensors.py
[2024-10-21T05:30:38.386+0000] {logging_mixin.py:190} INFO - [2024-10-21T05:30:38.385+0000] {dag.py:3239} INFO - Sync 1 DAGs
[2024-10-21T05:30:38.409+0000] {logging_mixin.py:190} INFO - [2024-10-21T05:30:38.408+0000] {dag.py:4180} INFO - Setting next_dagrun for example_sensors to None, run_after=None
[2024-10-21T05:30:38.443+0000] {processor.py:208} INFO - Processing /home/airflow/.local/lib/python3.12/site-packages/airflow/example_dags/example_sensors.py took 0.157 seconds
[2024-10-21T05:31:09.464+0000] {processor.py:186} INFO - Started process (PID=581) to work on /home/airflow/.local/lib/python3.12/site-packages/airflow/example_dags/example_sensors.py
[2024-10-21T05:31:09.466+0000] {processor.py:914} INFO - Processing file /home/airflow/.local/lib/python3.12/site-packages/airflow/example_dags/example_sensors.py for tasks to queue
[2024-10-21T05:31:09.468+0000] {logging_mixin.py:190} INFO - [2024-10-21T05:31:09.468+0000] {dagbag.py:588} INFO - Filling up the DagBag from /home/airflow/.local/lib/python3.12/site-packages/airflow/example_dags/example_sensors.py
[2024-10-21T05:31:09.484+0000] {processor.py:925} INFO - DAG(s) 'example_sensors' retrieved from /home/airflow/.local/lib/python3.12/site-packages/airflow/example_dags/example_sensors.py
[2024-10-21T05:31:09.519+0000] {logging_mixin.py:190} INFO - [2024-10-21T05:31:09.519+0000] {dag.py:3239} INFO - Sync 1 DAGs
[2024-10-21T05:31:09.539+0000] {logging_mixin.py:190} INFO - [2024-10-21T05:31:09.539+0000] {dag.py:4180} INFO - Setting next_dagrun for example_sensors to None, run_after=None
[2024-10-21T05:31:09.568+0000] {processor.py:208} INFO - Processing /home/airflow/.local/lib/python3.12/site-packages/airflow/example_dags/example_sensors.py took 0.113 seconds
[2024-10-21T05:31:40.262+0000] {processor.py:186} INFO - Started process (PID=644) to work on /home/airflow/.local/lib/python3.12/site-packages/airflow/example_dags/example_sensors.py
[2024-10-21T05:31:40.264+0000] {processor.py:914} INFO - Processing file /home/airflow/.local/lib/python3.12/site-packages/airflow/example_dags/example_sensors.py for tasks to queue
[2024-10-21T05:31:40.266+0000] {logging_mixin.py:190} INFO - [2024-10-21T05:31:40.266+0000] {dagbag.py:588} INFO - Filling up the DagBag from /home/airflow/.local/lib/python3.12/site-packages/airflow/example_dags/example_sensors.py
[2024-10-21T05:31:40.283+0000] {processor.py:925} INFO - DAG(s) 'example_sensors' retrieved from /home/airflow/.local/lib/python3.12/site-packages/airflow/example_dags/example_sensors.py
[2024-10-21T05:31:40.326+0000] {logging_mixin.py:190} INFO - [2024-10-21T05:31:40.325+0000] {dag.py:3239} INFO - Sync 1 DAGs
[2024-10-21T05:31:40.344+0000] {logging_mixin.py:190} INFO - [2024-10-21T05:31:40.344+0000] {dag.py:4180} INFO - Setting next_dagrun for example_sensors to None, run_after=None
[2024-10-21T05:31:40.380+0000] {processor.py:208} INFO - Processing /home/airflow/.local/lib/python3.12/site-packages/airflow/example_dags/example_sensors.py took 0.125 seconds
[2024-10-21T05:32:10.978+0000] {processor.py:186} INFO - Started process (PID=706) to work on /home/airflow/.local/lib/python3.12/site-packages/airflow/example_dags/example_sensors.py
[2024-10-21T05:32:10.980+0000] {processor.py:914} INFO - Processing file /home/airflow/.local/lib/python3.12/site-packages/airflow/example_dags/example_sensors.py for tasks to queue
[2024-10-21T05:32:10.982+0000] {logging_mixin.py:190} INFO - [2024-10-21T05:32:10.981+0000] {dagbag.py:588} INFO - Filling up the DagBag from /home/airflow/.local/lib/python3.12/site-packages/airflow/example_dags/example_sensors.py
[2024-10-21T05:32:11.000+0000] {processor.py:925} INFO - DAG(s) 'example_sensors' retrieved from /home/airflow/.local/lib/python3.12/site-packages/airflow/example_dags/example_sensors.py
[2024-10-21T05:32:11.045+0000] {logging_mixin.py:190} INFO - [2024-10-21T05:32:11.045+0000] {dag.py:3239} INFO - Sync 1 DAGs
[2024-10-21T05:32:11.066+0000] {logging_mixin.py:190} INFO - [2024-10-21T05:32:11.066+0000] {dag.py:4180} INFO - Setting next_dagrun for example_sensors to None, run_after=None
[2024-10-21T05:32:11.096+0000] {processor.py:208} INFO - Processing /home/airflow/.local/lib/python3.12/site-packages/airflow/example_dags/example_sensors.py took 0.127 seconds
[2024-10-21T05:32:41.494+0000] {processor.py:186} INFO - Started process (PID=768) to work on /home/airflow/.local/lib/python3.12/site-packages/airflow/example_dags/example_sensors.py
[2024-10-21T05:32:41.495+0000] {processor.py:914} INFO - Processing file /home/airflow/.local/lib/python3.12/site-packages/airflow/example_dags/example_sensors.py for tasks to queue
[2024-10-21T05:32:41.497+0000] {logging_mixin.py:190} INFO - [2024-10-21T05:32:41.497+0000] {dagbag.py:588} INFO - Filling up the DagBag from /home/airflow/.local/lib/python3.12/site-packages/airflow/example_dags/example_sensors.py
[2024-10-21T05:32:41.513+0000] {processor.py:925} INFO - DAG(s) 'example_sensors' retrieved from /home/airflow/.local/lib/python3.12/site-packages/airflow/example_dags/example_sensors.py
[2024-10-21T05:32:41.561+0000] {logging_mixin.py:190} INFO - [2024-10-21T05:32:41.561+0000] {dag.py:3239} INFO - Sync 1 DAGs
[2024-10-21T05:32:41.584+0000] {logging_mixin.py:190} INFO - [2024-10-21T05:32:41.584+0000] {dag.py:4180} INFO - Setting next_dagrun for example_sensors to None, run_after=None
[2024-10-21T05:32:41.614+0000] {processor.py:208} INFO - Processing /home/airflow/.local/lib/python3.12/site-packages/airflow/example_dags/example_sensors.py took 0.128 seconds
[2024-10-21T05:33:12.066+0000] {processor.py:186} INFO - Started process (PID=830) to work on /home/airflow/.local/lib/python3.12/site-packages/airflow/example_dags/example_sensors.py
[2024-10-21T05:33:12.068+0000] {processor.py:914} INFO - Processing file /home/airflow/.local/lib/python3.12/site-packages/airflow/example_dags/example_sensors.py for tasks to queue
[2024-10-21T05:33:12.071+0000] {logging_mixin.py:190} INFO - [2024-10-21T05:33:12.070+0000] {dagbag.py:588} INFO - Filling up the DagBag from /home/airflow/.local/lib/python3.12/site-packages/airflow/example_dags/example_sensors.py
[2024-10-21T05:33:12.095+0000] {processor.py:925} INFO - DAG(s) 'example_sensors' retrieved from /home/airflow/.local/lib/python3.12/site-packages/airflow/example_dags/example_sensors.py
[2024-10-21T05:33:12.133+0000] {logging_mixin.py:190} INFO - [2024-10-21T05:33:12.133+0000] {dag.py:3239} INFO - Sync 1 DAGs
[2024-10-21T05:33:12.156+0000] {logging_mixin.py:190} INFO - [2024-10-21T05:33:12.155+0000] {dag.py:4180} INFO - Setting next_dagrun for example_sensors to None, run_after=None
[2024-10-21T05:33:12.189+0000] {processor.py:208} INFO - Processing /home/airflow/.local/lib/python3.12/site-packages/airflow/example_dags/example_sensors.py took 0.135 seconds
[2024-10-21T05:33:42.956+0000] {processor.py:186} INFO - Started process (PID=892) to work on /home/airflow/.local/lib/python3.12/site-packages/airflow/example_dags/example_sensors.py
[2024-10-21T05:33:42.960+0000] {processor.py:914} INFO - Processing file /home/airflow/.local/lib/python3.12/site-packages/airflow/example_dags/example_sensors.py for tasks to queue
[2024-10-21T05:33:42.964+0000] {logging_mixin.py:190} INFO - [2024-10-21T05:33:42.963+0000] {dagbag.py:588} INFO - Filling up the DagBag from /home/airflow/.local/lib/python3.12/site-packages/airflow/example_dags/example_sensors.py
[2024-10-21T05:33:42.996+0000] {processor.py:925} INFO - DAG(s) 'example_sensors' retrieved from /home/airflow/.local/lib/python3.12/site-packages/airflow/example_dags/example_sensors.py
[2024-10-21T05:33:43.064+0000] {logging_mixin.py:190} INFO - [2024-10-21T05:33:43.063+0000] {dag.py:3239} INFO - Sync 1 DAGs
[2024-10-21T05:33:43.101+0000] {logging_mixin.py:190} INFO - [2024-10-21T05:33:43.100+0000] {dag.py:4180} INFO - Setting next_dagrun for example_sensors to None, run_after=None
[2024-10-21T05:33:43.161+0000] {processor.py:208} INFO - Processing /home/airflow/.local/lib/python3.12/site-packages/airflow/example_dags/example_sensors.py took 0.221 seconds
[2024-10-21T05:34:13.510+0000] {processor.py:186} INFO - Started process (PID=954) to work on /home/airflow/.local/lib/python3.12/site-packages/airflow/example_dags/example_sensors.py
[2024-10-21T05:34:13.512+0000] {processor.py:914} INFO - Processing file /home/airflow/.local/lib/python3.12/site-packages/airflow/example_dags/example_sensors.py for tasks to queue
[2024-10-21T05:34:13.514+0000] {logging_mixin.py:190} INFO - [2024-10-21T05:34:13.513+0000] {dagbag.py:588} INFO - Filling up the DagBag from /home/airflow/.local/lib/python3.12/site-packages/airflow/example_dags/example_sensors.py
[2024-10-21T05:34:13.533+0000] {processor.py:925} INFO - DAG(s) 'example_sensors' retrieved from /home/airflow/.local/lib/python3.12/site-packages/airflow/example_dags/example_sensors.py
[2024-10-21T05:34:13.580+0000] {logging_mixin.py:190} INFO - [2024-10-21T05:34:13.580+0000] {dag.py:3239} INFO - Sync 1 DAGs
[2024-10-21T05:34:13.607+0000] {logging_mixin.py:190} INFO - [2024-10-21T05:34:13.607+0000] {dag.py:4180} INFO - Setting next_dagrun for example_sensors to None, run_after=None
[2024-10-21T05:34:13.650+0000] {processor.py:208} INFO - Processing /home/airflow/.local/lib/python3.12/site-packages/airflow/example_dags/example_sensors.py took 0.150 seconds
[2024-10-21T05:34:44.500+0000] {processor.py:186} INFO - Started process (PID=1016) to work on /home/airflow/.local/lib/python3.12/site-packages/airflow/example_dags/example_sensors.py
[2024-10-21T05:34:44.502+0000] {processor.py:914} INFO - Processing file /home/airflow/.local/lib/python3.12/site-packages/airflow/example_dags/example_sensors.py for tasks to queue
[2024-10-21T05:34:44.504+0000] {logging_mixin.py:190} INFO - [2024-10-21T05:34:44.503+0000] {dagbag.py:588} INFO - Filling up the DagBag from /home/airflow/.local/lib/python3.12/site-packages/airflow/example_dags/example_sensors.py
[2024-10-21T05:34:44.521+0000] {processor.py:925} INFO - DAG(s) 'example_sensors' retrieved from /home/airflow/.local/lib/python3.12/site-packages/airflow/example_dags/example_sensors.py
[2024-10-21T05:34:44.555+0000] {logging_mixin.py:190} INFO - [2024-10-21T05:34:44.554+0000] {dag.py:3239} INFO - Sync 1 DAGs
[2024-10-21T05:34:44.572+0000] {logging_mixin.py:190} INFO - [2024-10-21T05:34:44.572+0000] {dag.py:4180} INFO - Setting next_dagrun for example_sensors to None, run_after=None
[2024-10-21T05:34:44.598+0000] {processor.py:208} INFO - Processing /home/airflow/.local/lib/python3.12/site-packages/airflow/example_dags/example_sensors.py took 0.105 seconds
[2024-10-21T05:35:15.685+0000] {processor.py:186} INFO - Started process (PID=1078) to work on /home/airflow/.local/lib/python3.12/site-packages/airflow/example_dags/example_sensors.py
[2024-10-21T05:35:15.686+0000] {processor.py:914} INFO - Processing file /home/airflow/.local/lib/python3.12/site-packages/airflow/example_dags/example_sensors.py for tasks to queue
[2024-10-21T05:35:15.689+0000] {logging_mixin.py:190} INFO - [2024-10-21T05:35:15.688+0000] {dagbag.py:588} INFO - Filling up the DagBag from /home/airflow/.local/lib/python3.12/site-packages/airflow/example_dags/example_sensors.py
[2024-10-21T05:35:15.706+0000] {processor.py:925} INFO - DAG(s) 'example_sensors' retrieved from /home/airflow/.local/lib/python3.12/site-packages/airflow/example_dags/example_sensors.py
[2024-10-21T05:35:15.747+0000] {logging_mixin.py:190} INFO - [2024-10-21T05:35:15.747+0000] {dag.py:3239} INFO - Sync 1 DAGs
[2024-10-21T05:35:15.770+0000] {logging_mixin.py:190} INFO - [2024-10-21T05:35:15.769+0000] {dag.py:4180} INFO - Setting next_dagrun for example_sensors to None, run_after=None
[2024-10-21T05:35:15.795+0000] {processor.py:208} INFO - Processing /home/airflow/.local/lib/python3.12/site-packages/airflow/example_dags/example_sensors.py took 0.118 seconds
[2024-10-21T05:35:46.458+0000] {processor.py:186} INFO - Started process (PID=1142) to work on /home/airflow/.local/lib/python3.12/site-packages/airflow/example_dags/example_sensors.py
[2024-10-21T05:35:46.459+0000] {processor.py:914} INFO - Processing file /home/airflow/.local/lib/python3.12/site-packages/airflow/example_dags/example_sensors.py for tasks to queue
[2024-10-21T05:35:46.461+0000] {logging_mixin.py:190} INFO - [2024-10-21T05:35:46.461+0000] {dagbag.py:588} INFO - Filling up the DagBag from /home/airflow/.local/lib/python3.12/site-packages/airflow/example_dags/example_sensors.py
[2024-10-21T05:35:46.477+0000] {processor.py:925} INFO - DAG(s) 'example_sensors' retrieved from /home/airflow/.local/lib/python3.12/site-packages/airflow/example_dags/example_sensors.py
[2024-10-21T05:35:46.521+0000] {logging_mixin.py:190} INFO - [2024-10-21T05:35:46.521+0000] {dag.py:3239} INFO - Sync 1 DAGs
[2024-10-21T05:35:46.545+0000] {logging_mixin.py:190} INFO - [2024-10-21T05:35:46.544+0000] {dag.py:4180} INFO - Setting next_dagrun for example_sensors to None, run_after=None
[2024-10-21T05:35:46.576+0000] {processor.py:208} INFO - Processing /home/airflow/.local/lib/python3.12/site-packages/airflow/example_dags/example_sensors.py took 0.125 seconds
[2024-10-21T05:36:17.578+0000] {processor.py:186} INFO - Started process (PID=1205) to work on /home/airflow/.local/lib/python3.12/site-packages/airflow/example_dags/example_sensors.py
[2024-10-21T05:36:17.579+0000] {processor.py:914} INFO - Processing file /home/airflow/.local/lib/python3.12/site-packages/airflow/example_dags/example_sensors.py for tasks to queue
[2024-10-21T05:36:17.581+0000] {logging_mixin.py:190} INFO - [2024-10-21T05:36:17.581+0000] {dagbag.py:588} INFO - Filling up the DagBag from /home/airflow/.local/lib/python3.12/site-packages/airflow/example_dags/example_sensors.py
[2024-10-21T05:36:17.598+0000] {processor.py:925} INFO - DAG(s) 'example_sensors' retrieved from /home/airflow/.local/lib/python3.12/site-packages/airflow/example_dags/example_sensors.py
[2024-10-21T05:36:17.634+0000] {logging_mixin.py:190} INFO - [2024-10-21T05:36:17.634+0000] {dag.py:3239} INFO - Sync 1 DAGs
[2024-10-21T05:36:17.657+0000] {logging_mixin.py:190} INFO - [2024-10-21T05:36:17.657+0000] {dag.py:4180} INFO - Setting next_dagrun for example_sensors to None, run_after=None
[2024-10-21T05:36:17.684+0000] {processor.py:208} INFO - Processing /home/airflow/.local/lib/python3.12/site-packages/airflow/example_dags/example_sensors.py took 0.116 seconds
[2024-10-21T05:36:47.905+0000] {processor.py:186} INFO - Started process (PID=1267) to work on /home/airflow/.local/lib/python3.12/site-packages/airflow/example_dags/example_sensors.py
[2024-10-21T05:36:47.907+0000] {processor.py:914} INFO - Processing file /home/airflow/.local/lib/python3.12/site-packages/airflow/example_dags/example_sensors.py for tasks to queue
[2024-10-21T05:36:47.909+0000] {logging_mixin.py:190} INFO - [2024-10-21T05:36:47.909+0000] {dagbag.py:588} INFO - Filling up the DagBag from /home/airflow/.local/lib/python3.12/site-packages/airflow/example_dags/example_sensors.py
[2024-10-21T05:36:47.929+0000] {processor.py:925} INFO - DAG(s) 'example_sensors' retrieved from /home/airflow/.local/lib/python3.12/site-packages/airflow/example_dags/example_sensors.py
[2024-10-21T05:36:47.965+0000] {logging_mixin.py:190} INFO - [2024-10-21T05:36:47.965+0000] {dag.py:3239} INFO - Sync 1 DAGs
[2024-10-21T05:36:47.984+0000] {logging_mixin.py:190} INFO - [2024-10-21T05:36:47.983+0000] {dag.py:4180} INFO - Setting next_dagrun for example_sensors to None, run_after=None
[2024-10-21T05:36:48.009+0000] {processor.py:208} INFO - Processing /home/airflow/.local/lib/python3.12/site-packages/airflow/example_dags/example_sensors.py took 0.114 seconds
[2024-10-21T11:55:03.569+0000] {processor.py:186} INFO - Started process (PID=106) to work on /home/airflow/.local/lib/python3.12/site-packages/airflow/example_dags/example_sensors.py
[2024-10-21T11:55:03.578+0000] {processor.py:914} INFO - Processing file /home/airflow/.local/lib/python3.12/site-packages/airflow/example_dags/example_sensors.py for tasks to queue
[2024-10-21T11:55:03.584+0000] {logging_mixin.py:190} INFO - [2024-10-21T11:55:03.583+0000] {dagbag.py:588} INFO - Filling up the DagBag from /home/airflow/.local/lib/python3.12/site-packages/airflow/example_dags/example_sensors.py
[2024-10-21T11:55:03.616+0000] {processor.py:925} INFO - DAG(s) 'example_sensors' retrieved from /home/airflow/.local/lib/python3.12/site-packages/airflow/example_dags/example_sensors.py
[2024-10-21T11:55:03.666+0000] {logging_mixin.py:190} INFO - [2024-10-21T11:55:03.666+0000] {dag.py:3239} INFO - Sync 1 DAGs
[2024-10-21T11:55:03.699+0000] {logging_mixin.py:190} INFO - [2024-10-21T11:55:03.699+0000] {dag.py:4180} INFO - Setting next_dagrun for example_sensors to None, run_after=None
[2024-10-21T11:55:03.743+0000] {processor.py:208} INFO - Processing /home/airflow/.local/lib/python3.12/site-packages/airflow/example_dags/example_sensors.py took 0.184 seconds
