[2024-10-21T03:08:43.455+0000] {processor.py:186} INFO - Started process (PID=341) to work on /home/airflow/.local/lib/python3.12/site-packages/airflow/example_dags/example_params_trigger_ui.py
[2024-10-21T03:08:43.458+0000] {processor.py:914} INFO - Processing file /home/airflow/.local/lib/python3.12/site-packages/airflow/example_dags/example_params_trigger_ui.py for tasks to queue
[2024-10-21T03:08:43.465+0000] {logging_mixin.py:190} INFO - [2024-10-21T03:08:43.464+0000] {dagbag.py:588} INFO - Filling up the DagBag from /home/airflow/.local/lib/python3.12/site-packages/airflow/example_dags/example_params_trigger_ui.py
[2024-10-21T03:08:43.495+0000] {processor.py:925} INFO - DAG(s) 'example_params_trigger_ui' retrieved from /home/airflow/.local/lib/python3.12/site-packages/airflow/example_dags/example_params_trigger_ui.py
[2024-10-21T03:08:43.705+0000] {logging_mixin.py:190} INFO - [2024-10-21T03:08:43.704+0000] {override.py:1900} INFO - Created Permission View: can delete on DAG:example_params_trigger_ui
[2024-10-21T03:08:43.726+0000] {logging_mixin.py:190} INFO - [2024-10-21T03:08:43.725+0000] {override.py:1900} INFO - Created Permission View: can read on DAG:example_params_trigger_ui
[2024-10-21T03:08:43.740+0000] {logging_mixin.py:190} INFO - [2024-10-21T03:08:43.739+0000] {override.py:1900} INFO - Created Permission View: can edit on DAG:example_params_trigger_ui
[2024-10-21T03:08:43.760+0000] {logging_mixin.py:190} INFO - [2024-10-21T03:08:43.760+0000] {override.py:1900} INFO - Created Permission View: menu access on DAG Run:example_params_trigger_ui
[2024-10-21T03:08:43.787+0000] {logging_mixin.py:190} INFO - [2024-10-21T03:08:43.786+0000] {override.py:1900} INFO - Created Permission View: can delete on DAG Run:example_params_trigger_ui
[2024-10-21T03:08:43.816+0000] {logging_mixin.py:190} INFO - [2024-10-21T03:08:43.814+0000] {override.py:1900} INFO - Created Permission View: can read on DAG Run:example_params_trigger_ui
[2024-10-21T03:08:43.835+0000] {logging_mixin.py:190} INFO - [2024-10-21T03:08:43.834+0000] {override.py:1900} INFO - Created Permission View: can create on DAG Run:example_params_trigger_ui
[2024-10-21T03:08:43.836+0000] {logging_mixin.py:190} INFO - [2024-10-21T03:08:43.836+0000] {dag.py:3239} INFO - Sync 1 DAGs
[2024-10-21T03:08:43.856+0000] {logging_mixin.py:190} INFO - [2024-10-21T03:08:43.855+0000] {dag.py:3262} INFO - Creating ORM DAG for example_params_trigger_ui
[2024-10-21T03:08:43.857+0000] {logging_mixin.py:190} INFO - [2024-10-21T03:08:43.857+0000] {dag.py:4180} INFO - Setting next_dagrun for example_params_trigger_ui to None, run_after=None
[2024-10-21T03:08:43.893+0000] {processor.py:208} INFO - Processing /home/airflow/.local/lib/python3.12/site-packages/airflow/example_dags/example_params_trigger_ui.py took 0.454 seconds
[2024-10-21T03:09:14.114+0000] {processor.py:186} INFO - Started process (PID=403) to work on /home/airflow/.local/lib/python3.12/site-packages/airflow/example_dags/example_params_trigger_ui.py
[2024-10-21T03:09:14.116+0000] {processor.py:914} INFO - Processing file /home/airflow/.local/lib/python3.12/site-packages/airflow/example_dags/example_params_trigger_ui.py for tasks to queue
[2024-10-21T03:09:14.119+0000] {logging_mixin.py:190} INFO - [2024-10-21T03:09:14.119+0000] {dagbag.py:588} INFO - Filling up the DagBag from /home/airflow/.local/lib/python3.12/site-packages/airflow/example_dags/example_params_trigger_ui.py
[2024-10-21T03:09:14.136+0000] {processor.py:925} INFO - DAG(s) 'example_params_trigger_ui' retrieved from /home/airflow/.local/lib/python3.12/site-packages/airflow/example_dags/example_params_trigger_ui.py
[2024-10-21T03:09:14.207+0000] {logging_mixin.py:190} INFO - [2024-10-21T03:09:14.206+0000] {dag.py:3239} INFO - Sync 1 DAGs
[2024-10-21T03:09:14.227+0000] {logging_mixin.py:190} INFO - [2024-10-21T03:09:14.226+0000] {dag.py:4180} INFO - Setting next_dagrun for example_params_trigger_ui to None, run_after=None
[2024-10-21T03:09:14.267+0000] {processor.py:208} INFO - Processing /home/airflow/.local/lib/python3.12/site-packages/airflow/example_dags/example_params_trigger_ui.py took 0.161 seconds
[2024-10-21T03:09:44.626+0000] {processor.py:186} INFO - Started process (PID=465) to work on /home/airflow/.local/lib/python3.12/site-packages/airflow/example_dags/example_params_trigger_ui.py
[2024-10-21T03:09:44.627+0000] {processor.py:914} INFO - Processing file /home/airflow/.local/lib/python3.12/site-packages/airflow/example_dags/example_params_trigger_ui.py for tasks to queue
[2024-10-21T03:09:44.630+0000] {logging_mixin.py:190} INFO - [2024-10-21T03:09:44.629+0000] {dagbag.py:588} INFO - Filling up the DagBag from /home/airflow/.local/lib/python3.12/site-packages/airflow/example_dags/example_params_trigger_ui.py
[2024-10-21T03:09:44.643+0000] {processor.py:925} INFO - DAG(s) 'example_params_trigger_ui' retrieved from /home/airflow/.local/lib/python3.12/site-packages/airflow/example_dags/example_params_trigger_ui.py
[2024-10-21T03:09:44.694+0000] {logging_mixin.py:190} INFO - [2024-10-21T03:09:44.694+0000] {dag.py:3239} INFO - Sync 1 DAGs
[2024-10-21T03:09:44.713+0000] {logging_mixin.py:190} INFO - [2024-10-21T03:09:44.712+0000] {dag.py:4180} INFO - Setting next_dagrun for example_params_trigger_ui to None, run_after=None
[2024-10-21T03:09:44.748+0000] {processor.py:208} INFO - Processing /home/airflow/.local/lib/python3.12/site-packages/airflow/example_dags/example_params_trigger_ui.py took 0.129 seconds
[2024-10-21T03:10:15.291+0000] {processor.py:186} INFO - Started process (PID=527) to work on /home/airflow/.local/lib/python3.12/site-packages/airflow/example_dags/example_params_trigger_ui.py
[2024-10-21T03:10:15.293+0000] {processor.py:914} INFO - Processing file /home/airflow/.local/lib/python3.12/site-packages/airflow/example_dags/example_params_trigger_ui.py for tasks to queue
[2024-10-21T03:10:15.295+0000] {logging_mixin.py:190} INFO - [2024-10-21T03:10:15.295+0000] {dagbag.py:588} INFO - Filling up the DagBag from /home/airflow/.local/lib/python3.12/site-packages/airflow/example_dags/example_params_trigger_ui.py
[2024-10-21T03:10:15.306+0000] {processor.py:925} INFO - DAG(s) 'example_params_trigger_ui' retrieved from /home/airflow/.local/lib/python3.12/site-packages/airflow/example_dags/example_params_trigger_ui.py
[2024-10-21T03:10:15.345+0000] {logging_mixin.py:190} INFO - [2024-10-21T03:10:15.345+0000] {dag.py:3239} INFO - Sync 1 DAGs
[2024-10-21T03:10:15.359+0000] {logging_mixin.py:190} INFO - [2024-10-21T03:10:15.359+0000] {dag.py:4180} INFO - Setting next_dagrun for example_params_trigger_ui to None, run_after=None
[2024-10-21T03:10:15.377+0000] {processor.py:208} INFO - Processing /home/airflow/.local/lib/python3.12/site-packages/airflow/example_dags/example_params_trigger_ui.py took 0.091 seconds
[2024-10-21T03:10:45.662+0000] {processor.py:186} INFO - Started process (PID=589) to work on /home/airflow/.local/lib/python3.12/site-packages/airflow/example_dags/example_params_trigger_ui.py
[2024-10-21T03:10:45.663+0000] {processor.py:914} INFO - Processing file /home/airflow/.local/lib/python3.12/site-packages/airflow/example_dags/example_params_trigger_ui.py for tasks to queue
[2024-10-21T03:10:45.665+0000] {logging_mixin.py:190} INFO - [2024-10-21T03:10:45.665+0000] {dagbag.py:588} INFO - Filling up the DagBag from /home/airflow/.local/lib/python3.12/site-packages/airflow/example_dags/example_params_trigger_ui.py
[2024-10-21T03:10:45.678+0000] {processor.py:925} INFO - DAG(s) 'example_params_trigger_ui' retrieved from /home/airflow/.local/lib/python3.12/site-packages/airflow/example_dags/example_params_trigger_ui.py
[2024-10-21T03:10:45.717+0000] {logging_mixin.py:190} INFO - [2024-10-21T03:10:45.717+0000] {dag.py:3239} INFO - Sync 1 DAGs
[2024-10-21T03:10:45.731+0000] {logging_mixin.py:190} INFO - [2024-10-21T03:10:45.730+0000] {dag.py:4180} INFO - Setting next_dagrun for example_params_trigger_ui to None, run_after=None
[2024-10-21T03:10:45.749+0000] {processor.py:208} INFO - Processing /home/airflow/.local/lib/python3.12/site-packages/airflow/example_dags/example_params_trigger_ui.py took 0.093 seconds
[2024-10-21T03:11:16.057+0000] {processor.py:186} INFO - Started process (PID=651) to work on /home/airflow/.local/lib/python3.12/site-packages/airflow/example_dags/example_params_trigger_ui.py
[2024-10-21T03:11:16.058+0000] {processor.py:914} INFO - Processing file /home/airflow/.local/lib/python3.12/site-packages/airflow/example_dags/example_params_trigger_ui.py for tasks to queue
[2024-10-21T03:11:16.061+0000] {logging_mixin.py:190} INFO - [2024-10-21T03:11:16.060+0000] {dagbag.py:588} INFO - Filling up the DagBag from /home/airflow/.local/lib/python3.12/site-packages/airflow/example_dags/example_params_trigger_ui.py
[2024-10-21T03:11:16.075+0000] {processor.py:925} INFO - DAG(s) 'example_params_trigger_ui' retrieved from /home/airflow/.local/lib/python3.12/site-packages/airflow/example_dags/example_params_trigger_ui.py
[2024-10-21T03:11:16.136+0000] {logging_mixin.py:190} INFO - [2024-10-21T03:11:16.136+0000] {dag.py:3239} INFO - Sync 1 DAGs
[2024-10-21T03:11:16.153+0000] {logging_mixin.py:190} INFO - [2024-10-21T03:11:16.153+0000] {dag.py:4180} INFO - Setting next_dagrun for example_params_trigger_ui to None, run_after=None
[2024-10-21T03:11:16.175+0000] {processor.py:208} INFO - Processing /home/airflow/.local/lib/python3.12/site-packages/airflow/example_dags/example_params_trigger_ui.py took 0.125 seconds
[2024-10-21T03:11:47.182+0000] {processor.py:186} INFO - Started process (PID=714) to work on /home/airflow/.local/lib/python3.12/site-packages/airflow/example_dags/example_params_trigger_ui.py
[2024-10-21T03:11:47.183+0000] {processor.py:914} INFO - Processing file /home/airflow/.local/lib/python3.12/site-packages/airflow/example_dags/example_params_trigger_ui.py for tasks to queue
[2024-10-21T03:11:47.186+0000] {logging_mixin.py:190} INFO - [2024-10-21T03:11:47.186+0000] {dagbag.py:588} INFO - Filling up the DagBag from /home/airflow/.local/lib/python3.12/site-packages/airflow/example_dags/example_params_trigger_ui.py
[2024-10-21T03:11:47.198+0000] {processor.py:925} INFO - DAG(s) 'example_params_trigger_ui' retrieved from /home/airflow/.local/lib/python3.12/site-packages/airflow/example_dags/example_params_trigger_ui.py
[2024-10-21T03:11:47.245+0000] {logging_mixin.py:190} INFO - [2024-10-21T03:11:47.245+0000] {dag.py:3239} INFO - Sync 1 DAGs
[2024-10-21T03:11:47.256+0000] {logging_mixin.py:190} INFO - [2024-10-21T03:11:47.256+0000] {dag.py:4180} INFO - Setting next_dagrun for example_params_trigger_ui to None, run_after=None
[2024-10-21T03:11:47.272+0000] {processor.py:208} INFO - Processing /home/airflow/.local/lib/python3.12/site-packages/airflow/example_dags/example_params_trigger_ui.py took 0.096 seconds
[2024-10-21T05:26:33.250+0000] {processor.py:186} INFO - Started process (PID=126) to work on /home/airflow/.local/lib/python3.12/site-packages/airflow/example_dags/example_params_trigger_ui.py
[2024-10-21T05:26:33.252+0000] {processor.py:914} INFO - Processing file /home/airflow/.local/lib/python3.12/site-packages/airflow/example_dags/example_params_trigger_ui.py for tasks to queue
[2024-10-21T05:26:33.255+0000] {logging_mixin.py:190} INFO - [2024-10-21T05:26:33.255+0000] {dagbag.py:588} INFO - Filling up the DagBag from /home/airflow/.local/lib/python3.12/site-packages/airflow/example_dags/example_params_trigger_ui.py
[2024-10-21T05:26:33.278+0000] {processor.py:925} INFO - DAG(s) 'example_params_trigger_ui' retrieved from /home/airflow/.local/lib/python3.12/site-packages/airflow/example_dags/example_params_trigger_ui.py
[2024-10-21T05:26:33.380+0000] {logging_mixin.py:190} INFO - [2024-10-21T05:26:33.379+0000] {dag.py:3239} INFO - Sync 1 DAGs
[2024-10-21T05:26:33.409+0000] {logging_mixin.py:190} INFO - [2024-10-21T05:26:33.408+0000] {dag.py:4180} INFO - Setting next_dagrun for example_params_trigger_ui to None, run_after=None
[2024-10-21T05:26:33.443+0000] {processor.py:208} INFO - Processing /home/airflow/.local/lib/python3.12/site-packages/airflow/example_dags/example_params_trigger_ui.py took 0.202 seconds
[2024-10-21T05:27:04.610+0000] {processor.py:186} INFO - Started process (PID=188) to work on /home/airflow/.local/lib/python3.12/site-packages/airflow/example_dags/example_params_trigger_ui.py
[2024-10-21T05:27:04.611+0000] {processor.py:914} INFO - Processing file /home/airflow/.local/lib/python3.12/site-packages/airflow/example_dags/example_params_trigger_ui.py for tasks to queue
[2024-10-21T05:27:04.615+0000] {logging_mixin.py:190} INFO - [2024-10-21T05:27:04.615+0000] {dagbag.py:588} INFO - Filling up the DagBag from /home/airflow/.local/lib/python3.12/site-packages/airflow/example_dags/example_params_trigger_ui.py
[2024-10-21T05:27:04.632+0000] {processor.py:925} INFO - DAG(s) 'example_params_trigger_ui' retrieved from /home/airflow/.local/lib/python3.12/site-packages/airflow/example_dags/example_params_trigger_ui.py
[2024-10-21T05:27:04.703+0000] {logging_mixin.py:190} INFO - [2024-10-21T05:27:04.703+0000] {dag.py:3239} INFO - Sync 1 DAGs
[2024-10-21T05:27:04.731+0000] {logging_mixin.py:190} INFO - [2024-10-21T05:27:04.731+0000] {dag.py:4180} INFO - Setting next_dagrun for example_params_trigger_ui to None, run_after=None
[2024-10-21T05:27:04.763+0000] {processor.py:208} INFO - Processing /home/airflow/.local/lib/python3.12/site-packages/airflow/example_dags/example_params_trigger_ui.py took 0.163 seconds
[2024-10-21T05:27:35.474+0000] {processor.py:186} INFO - Started process (PID=250) to work on /home/airflow/.local/lib/python3.12/site-packages/airflow/example_dags/example_params_trigger_ui.py
[2024-10-21T05:27:35.478+0000] {processor.py:914} INFO - Processing file /home/airflow/.local/lib/python3.12/site-packages/airflow/example_dags/example_params_trigger_ui.py for tasks to queue
[2024-10-21T05:27:35.489+0000] {logging_mixin.py:190} INFO - [2024-10-21T05:27:35.488+0000] {dagbag.py:588} INFO - Filling up the DagBag from /home/airflow/.local/lib/python3.12/site-packages/airflow/example_dags/example_params_trigger_ui.py
[2024-10-21T05:27:35.528+0000] {processor.py:925} INFO - DAG(s) 'example_params_trigger_ui' retrieved from /home/airflow/.local/lib/python3.12/site-packages/airflow/example_dags/example_params_trigger_ui.py
[2024-10-21T05:27:35.638+0000] {logging_mixin.py:190} INFO - [2024-10-21T05:27:35.638+0000] {dag.py:3239} INFO - Sync 1 DAGs
[2024-10-21T05:27:35.665+0000] {logging_mixin.py:190} INFO - [2024-10-21T05:27:35.665+0000] {dag.py:4180} INFO - Setting next_dagrun for example_params_trigger_ui to None, run_after=None
[2024-10-21T05:27:35.702+0000] {processor.py:208} INFO - Processing /home/airflow/.local/lib/python3.12/site-packages/airflow/example_dags/example_params_trigger_ui.py took 0.238 seconds
[2024-10-21T05:29:07.441+0000] {processor.py:186} INFO - Started process (PID=342) to work on /home/airflow/.local/lib/python3.12/site-packages/airflow/example_dags/example_params_trigger_ui.py
[2024-10-21T05:29:07.442+0000] {processor.py:914} INFO - Processing file /home/airflow/.local/lib/python3.12/site-packages/airflow/example_dags/example_params_trigger_ui.py for tasks to queue
[2024-10-21T05:29:07.447+0000] {logging_mixin.py:190} INFO - [2024-10-21T05:29:07.446+0000] {dagbag.py:588} INFO - Filling up the DagBag from /home/airflow/.local/lib/python3.12/site-packages/airflow/example_dags/example_params_trigger_ui.py
[2024-10-21T05:29:07.464+0000] {processor.py:925} INFO - DAG(s) 'example_params_trigger_ui' retrieved from /home/airflow/.local/lib/python3.12/site-packages/airflow/example_dags/example_params_trigger_ui.py
[2024-10-21T05:29:07.527+0000] {logging_mixin.py:190} INFO - [2024-10-21T05:29:07.527+0000] {dag.py:3239} INFO - Sync 1 DAGs
[2024-10-21T05:29:07.550+0000] {logging_mixin.py:190} INFO - [2024-10-21T05:29:07.549+0000] {dag.py:4180} INFO - Setting next_dagrun for example_params_trigger_ui to None, run_after=None
[2024-10-21T05:29:07.584+0000] {processor.py:208} INFO - Processing /home/airflow/.local/lib/python3.12/site-packages/airflow/example_dags/example_params_trigger_ui.py took 0.153 seconds
[2024-10-21T05:29:38.777+0000] {processor.py:186} INFO - Started process (PID=404) to work on /home/airflow/.local/lib/python3.12/site-packages/airflow/example_dags/example_params_trigger_ui.py
[2024-10-21T05:29:38.779+0000] {processor.py:914} INFO - Processing file /home/airflow/.local/lib/python3.12/site-packages/airflow/example_dags/example_params_trigger_ui.py for tasks to queue
[2024-10-21T05:29:38.782+0000] {logging_mixin.py:190} INFO - [2024-10-21T05:29:38.781+0000] {dagbag.py:588} INFO - Filling up the DagBag from /home/airflow/.local/lib/python3.12/site-packages/airflow/example_dags/example_params_trigger_ui.py
[2024-10-21T05:29:38.797+0000] {processor.py:925} INFO - DAG(s) 'example_params_trigger_ui' retrieved from /home/airflow/.local/lib/python3.12/site-packages/airflow/example_dags/example_params_trigger_ui.py
[2024-10-21T05:29:38.859+0000] {logging_mixin.py:190} INFO - [2024-10-21T05:29:38.858+0000] {dag.py:3239} INFO - Sync 1 DAGs
[2024-10-21T05:29:38.885+0000] {logging_mixin.py:190} INFO - [2024-10-21T05:29:38.884+0000] {dag.py:4180} INFO - Setting next_dagrun for example_params_trigger_ui to None, run_after=None
[2024-10-21T05:29:38.946+0000] {processor.py:208} INFO - Processing /home/airflow/.local/lib/python3.12/site-packages/airflow/example_dags/example_params_trigger_ui.py took 0.178 seconds
[2024-10-21T05:30:09.550+0000] {processor.py:186} INFO - Started process (PID=466) to work on /home/airflow/.local/lib/python3.12/site-packages/airflow/example_dags/example_params_trigger_ui.py
[2024-10-21T05:30:09.552+0000] {processor.py:914} INFO - Processing file /home/airflow/.local/lib/python3.12/site-packages/airflow/example_dags/example_params_trigger_ui.py for tasks to queue
[2024-10-21T05:30:09.556+0000] {logging_mixin.py:190} INFO - [2024-10-21T05:30:09.554+0000] {dagbag.py:588} INFO - Filling up the DagBag from /home/airflow/.local/lib/python3.12/site-packages/airflow/example_dags/example_params_trigger_ui.py
[2024-10-21T05:30:09.578+0000] {processor.py:925} INFO - DAG(s) 'example_params_trigger_ui' retrieved from /home/airflow/.local/lib/python3.12/site-packages/airflow/example_dags/example_params_trigger_ui.py
[2024-10-21T05:30:09.679+0000] {logging_mixin.py:190} INFO - [2024-10-21T05:30:09.679+0000] {dag.py:3239} INFO - Sync 1 DAGs
[2024-10-21T05:30:09.707+0000] {logging_mixin.py:190} INFO - [2024-10-21T05:30:09.706+0000] {dag.py:4180} INFO - Setting next_dagrun for example_params_trigger_ui to None, run_after=None
[2024-10-21T05:30:09.743+0000] {processor.py:208} INFO - Processing /home/airflow/.local/lib/python3.12/site-packages/airflow/example_dags/example_params_trigger_ui.py took 0.204 seconds
[2024-10-21T05:30:40.211+0000] {processor.py:186} INFO - Started process (PID=528) to work on /home/airflow/.local/lib/python3.12/site-packages/airflow/example_dags/example_params_trigger_ui.py
[2024-10-21T05:30:40.213+0000] {processor.py:914} INFO - Processing file /home/airflow/.local/lib/python3.12/site-packages/airflow/example_dags/example_params_trigger_ui.py for tasks to queue
[2024-10-21T05:30:40.215+0000] {logging_mixin.py:190} INFO - [2024-10-21T05:30:40.215+0000] {dagbag.py:588} INFO - Filling up the DagBag from /home/airflow/.local/lib/python3.12/site-packages/airflow/example_dags/example_params_trigger_ui.py
[2024-10-21T05:30:40.235+0000] {processor.py:925} INFO - DAG(s) 'example_params_trigger_ui' retrieved from /home/airflow/.local/lib/python3.12/site-packages/airflow/example_dags/example_params_trigger_ui.py
[2024-10-21T05:30:40.311+0000] {logging_mixin.py:190} INFO - [2024-10-21T05:30:40.311+0000] {dag.py:3239} INFO - Sync 1 DAGs
[2024-10-21T05:30:40.335+0000] {logging_mixin.py:190} INFO - [2024-10-21T05:30:40.335+0000] {dag.py:4180} INFO - Setting next_dagrun for example_params_trigger_ui to None, run_after=None
[2024-10-21T05:30:40.366+0000] {processor.py:208} INFO - Processing /home/airflow/.local/lib/python3.12/site-packages/airflow/example_dags/example_params_trigger_ui.py took 0.165 seconds
[2024-10-21T05:31:11.391+0000] {processor.py:186} INFO - Started process (PID=590) to work on /home/airflow/.local/lib/python3.12/site-packages/airflow/example_dags/example_params_trigger_ui.py
[2024-10-21T05:31:11.393+0000] {processor.py:914} INFO - Processing file /home/airflow/.local/lib/python3.12/site-packages/airflow/example_dags/example_params_trigger_ui.py for tasks to queue
[2024-10-21T05:31:11.397+0000] {logging_mixin.py:190} INFO - [2024-10-21T05:31:11.396+0000] {dagbag.py:588} INFO - Filling up the DagBag from /home/airflow/.local/lib/python3.12/site-packages/airflow/example_dags/example_params_trigger_ui.py
[2024-10-21T05:31:11.416+0000] {processor.py:925} INFO - DAG(s) 'example_params_trigger_ui' retrieved from /home/airflow/.local/lib/python3.12/site-packages/airflow/example_dags/example_params_trigger_ui.py
[2024-10-21T05:31:11.485+0000] {logging_mixin.py:190} INFO - [2024-10-21T05:31:11.485+0000] {dag.py:3239} INFO - Sync 1 DAGs
[2024-10-21T05:31:11.509+0000] {logging_mixin.py:190} INFO - [2024-10-21T05:31:11.508+0000] {dag.py:4180} INFO - Setting next_dagrun for example_params_trigger_ui to None, run_after=None
[2024-10-21T05:31:11.541+0000] {processor.py:208} INFO - Processing /home/airflow/.local/lib/python3.12/site-packages/airflow/example_dags/example_params_trigger_ui.py took 0.162 seconds
[2024-10-21T05:31:42.515+0000] {processor.py:186} INFO - Started process (PID=656) to work on /home/airflow/.local/lib/python3.12/site-packages/airflow/example_dags/example_params_trigger_ui.py
[2024-10-21T05:31:42.516+0000] {processor.py:914} INFO - Processing file /home/airflow/.local/lib/python3.12/site-packages/airflow/example_dags/example_params_trigger_ui.py for tasks to queue
[2024-10-21T05:31:42.518+0000] {logging_mixin.py:190} INFO - [2024-10-21T05:31:42.517+0000] {dagbag.py:588} INFO - Filling up the DagBag from /home/airflow/.local/lib/python3.12/site-packages/airflow/example_dags/example_params_trigger_ui.py
[2024-10-21T05:31:42.535+0000] {processor.py:925} INFO - DAG(s) 'example_params_trigger_ui' retrieved from /home/airflow/.local/lib/python3.12/site-packages/airflow/example_dags/example_params_trigger_ui.py
[2024-10-21T05:31:42.604+0000] {logging_mixin.py:190} INFO - [2024-10-21T05:31:42.604+0000] {dag.py:3239} INFO - Sync 1 DAGs
[2024-10-21T05:31:42.626+0000] {logging_mixin.py:190} INFO - [2024-10-21T05:31:42.625+0000] {dag.py:4180} INFO - Setting next_dagrun for example_params_trigger_ui to None, run_after=None
[2024-10-21T05:31:42.660+0000] {processor.py:208} INFO - Processing /home/airflow/.local/lib/python3.12/site-packages/airflow/example_dags/example_params_trigger_ui.py took 0.153 seconds
[2024-10-21T05:32:13.154+0000] {processor.py:186} INFO - Started process (PID=718) to work on /home/airflow/.local/lib/python3.12/site-packages/airflow/example_dags/example_params_trigger_ui.py
[2024-10-21T05:32:13.156+0000] {processor.py:914} INFO - Processing file /home/airflow/.local/lib/python3.12/site-packages/airflow/example_dags/example_params_trigger_ui.py for tasks to queue
[2024-10-21T05:32:13.158+0000] {logging_mixin.py:190} INFO - [2024-10-21T05:32:13.158+0000] {dagbag.py:588} INFO - Filling up the DagBag from /home/airflow/.local/lib/python3.12/site-packages/airflow/example_dags/example_params_trigger_ui.py
[2024-10-21T05:32:13.175+0000] {processor.py:925} INFO - DAG(s) 'example_params_trigger_ui' retrieved from /home/airflow/.local/lib/python3.12/site-packages/airflow/example_dags/example_params_trigger_ui.py
[2024-10-21T05:32:13.237+0000] {logging_mixin.py:190} INFO - [2024-10-21T05:32:13.237+0000] {dag.py:3239} INFO - Sync 1 DAGs
[2024-10-21T05:32:13.264+0000] {logging_mixin.py:190} INFO - [2024-10-21T05:32:13.264+0000] {dag.py:4180} INFO - Setting next_dagrun for example_params_trigger_ui to None, run_after=None
[2024-10-21T05:32:13.293+0000] {processor.py:208} INFO - Processing /home/airflow/.local/lib/python3.12/site-packages/airflow/example_dags/example_params_trigger_ui.py took 0.148 seconds
[2024-10-21T05:32:43.761+0000] {processor.py:186} INFO - Started process (PID=780) to work on /home/airflow/.local/lib/python3.12/site-packages/airflow/example_dags/example_params_trigger_ui.py
[2024-10-21T05:32:43.762+0000] {processor.py:914} INFO - Processing file /home/airflow/.local/lib/python3.12/site-packages/airflow/example_dags/example_params_trigger_ui.py for tasks to queue
[2024-10-21T05:32:43.764+0000] {logging_mixin.py:190} INFO - [2024-10-21T05:32:43.764+0000] {dagbag.py:588} INFO - Filling up the DagBag from /home/airflow/.local/lib/python3.12/site-packages/airflow/example_dags/example_params_trigger_ui.py
[2024-10-21T05:32:43.780+0000] {processor.py:925} INFO - DAG(s) 'example_params_trigger_ui' retrieved from /home/airflow/.local/lib/python3.12/site-packages/airflow/example_dags/example_params_trigger_ui.py
[2024-10-21T05:32:43.859+0000] {logging_mixin.py:190} INFO - [2024-10-21T05:32:43.858+0000] {dag.py:3239} INFO - Sync 1 DAGs
[2024-10-21T05:32:43.884+0000] {logging_mixin.py:190} INFO - [2024-10-21T05:32:43.884+0000] {dag.py:4180} INFO - Setting next_dagrun for example_params_trigger_ui to None, run_after=None
[2024-10-21T05:32:43.918+0000] {processor.py:208} INFO - Processing /home/airflow/.local/lib/python3.12/site-packages/airflow/example_dags/example_params_trigger_ui.py took 0.165 seconds
[2024-10-21T05:33:14.448+0000] {processor.py:186} INFO - Started process (PID=842) to work on /home/airflow/.local/lib/python3.12/site-packages/airflow/example_dags/example_params_trigger_ui.py
[2024-10-21T05:33:14.450+0000] {processor.py:914} INFO - Processing file /home/airflow/.local/lib/python3.12/site-packages/airflow/example_dags/example_params_trigger_ui.py for tasks to queue
[2024-10-21T05:33:14.453+0000] {logging_mixin.py:190} INFO - [2024-10-21T05:33:14.452+0000] {dagbag.py:588} INFO - Filling up the DagBag from /home/airflow/.local/lib/python3.12/site-packages/airflow/example_dags/example_params_trigger_ui.py
[2024-10-21T05:33:14.478+0000] {processor.py:925} INFO - DAG(s) 'example_params_trigger_ui' retrieved from /home/airflow/.local/lib/python3.12/site-packages/airflow/example_dags/example_params_trigger_ui.py
[2024-10-21T05:33:14.590+0000] {logging_mixin.py:190} INFO - [2024-10-21T05:33:14.588+0000] {dag.py:3239} INFO - Sync 1 DAGs
[2024-10-21T05:33:14.626+0000] {logging_mixin.py:190} INFO - [2024-10-21T05:33:14.626+0000] {dag.py:4180} INFO - Setting next_dagrun for example_params_trigger_ui to None, run_after=None
[2024-10-21T05:33:14.655+0000] {processor.py:208} INFO - Processing /home/airflow/.local/lib/python3.12/site-packages/airflow/example_dags/example_params_trigger_ui.py took 0.218 seconds
[2024-10-21T05:33:45.400+0000] {processor.py:186} INFO - Started process (PID=904) to work on /home/airflow/.local/lib/python3.12/site-packages/airflow/example_dags/example_params_trigger_ui.py
[2024-10-21T05:33:45.402+0000] {processor.py:914} INFO - Processing file /home/airflow/.local/lib/python3.12/site-packages/airflow/example_dags/example_params_trigger_ui.py for tasks to queue
[2024-10-21T05:33:45.404+0000] {logging_mixin.py:190} INFO - [2024-10-21T05:33:45.404+0000] {dagbag.py:588} INFO - Filling up the DagBag from /home/airflow/.local/lib/python3.12/site-packages/airflow/example_dags/example_params_trigger_ui.py
[2024-10-21T05:33:45.426+0000] {processor.py:925} INFO - DAG(s) 'example_params_trigger_ui' retrieved from /home/airflow/.local/lib/python3.12/site-packages/airflow/example_dags/example_params_trigger_ui.py
[2024-10-21T05:33:45.507+0000] {logging_mixin.py:190} INFO - [2024-10-21T05:33:45.506+0000] {dag.py:3239} INFO - Sync 1 DAGs
[2024-10-21T05:33:45.531+0000] {logging_mixin.py:190} INFO - [2024-10-21T05:33:45.531+0000] {dag.py:4180} INFO - Setting next_dagrun for example_params_trigger_ui to None, run_after=None
[2024-10-21T05:33:45.558+0000] {processor.py:208} INFO - Processing /home/airflow/.local/lib/python3.12/site-packages/airflow/example_dags/example_params_trigger_ui.py took 0.169 seconds
[2024-10-21T05:34:16.099+0000] {processor.py:186} INFO - Started process (PID=966) to work on /home/airflow/.local/lib/python3.12/site-packages/airflow/example_dags/example_params_trigger_ui.py
[2024-10-21T05:34:16.100+0000] {processor.py:914} INFO - Processing file /home/airflow/.local/lib/python3.12/site-packages/airflow/example_dags/example_params_trigger_ui.py for tasks to queue
[2024-10-21T05:34:16.102+0000] {logging_mixin.py:190} INFO - [2024-10-21T05:34:16.102+0000] {dagbag.py:588} INFO - Filling up the DagBag from /home/airflow/.local/lib/python3.12/site-packages/airflow/example_dags/example_params_trigger_ui.py
[2024-10-21T05:34:16.123+0000] {processor.py:925} INFO - DAG(s) 'example_params_trigger_ui' retrieved from /home/airflow/.local/lib/python3.12/site-packages/airflow/example_dags/example_params_trigger_ui.py
[2024-10-21T05:34:16.197+0000] {logging_mixin.py:190} INFO - [2024-10-21T05:34:16.197+0000] {dag.py:3239} INFO - Sync 1 DAGs
[2024-10-21T05:34:16.221+0000] {logging_mixin.py:190} INFO - [2024-10-21T05:34:16.221+0000] {dag.py:4180} INFO - Setting next_dagrun for example_params_trigger_ui to None, run_after=None
[2024-10-21T05:34:16.251+0000] {processor.py:208} INFO - Processing /home/airflow/.local/lib/python3.12/site-packages/airflow/example_dags/example_params_trigger_ui.py took 0.163 seconds
[2024-10-21T05:34:46.814+0000] {processor.py:186} INFO - Started process (PID=1028) to work on /home/airflow/.local/lib/python3.12/site-packages/airflow/example_dags/example_params_trigger_ui.py
[2024-10-21T05:34:46.815+0000] {processor.py:914} INFO - Processing file /home/airflow/.local/lib/python3.12/site-packages/airflow/example_dags/example_params_trigger_ui.py for tasks to queue
[2024-10-21T05:34:46.817+0000] {logging_mixin.py:190} INFO - [2024-10-21T05:34:46.816+0000] {dagbag.py:588} INFO - Filling up the DagBag from /home/airflow/.local/lib/python3.12/site-packages/airflow/example_dags/example_params_trigger_ui.py
[2024-10-21T05:34:46.832+0000] {processor.py:925} INFO - DAG(s) 'example_params_trigger_ui' retrieved from /home/airflow/.local/lib/python3.12/site-packages/airflow/example_dags/example_params_trigger_ui.py
[2024-10-21T05:34:46.907+0000] {logging_mixin.py:190} INFO - [2024-10-21T05:34:46.907+0000] {dag.py:3239} INFO - Sync 1 DAGs
[2024-10-21T05:34:46.931+0000] {logging_mixin.py:190} INFO - [2024-10-21T05:34:46.931+0000] {dag.py:4180} INFO - Setting next_dagrun for example_params_trigger_ui to None, run_after=None
[2024-10-21T05:34:46.966+0000] {processor.py:208} INFO - Processing /home/airflow/.local/lib/python3.12/site-packages/airflow/example_dags/example_params_trigger_ui.py took 0.161 seconds
[2024-10-21T05:35:17.218+0000] {processor.py:186} INFO - Started process (PID=1090) to work on /home/airflow/.local/lib/python3.12/site-packages/airflow/example_dags/example_params_trigger_ui.py
[2024-10-21T05:35:17.219+0000] {processor.py:914} INFO - Processing file /home/airflow/.local/lib/python3.12/site-packages/airflow/example_dags/example_params_trigger_ui.py for tasks to queue
[2024-10-21T05:35:17.221+0000] {logging_mixin.py:190} INFO - [2024-10-21T05:35:17.221+0000] {dagbag.py:588} INFO - Filling up the DagBag from /home/airflow/.local/lib/python3.12/site-packages/airflow/example_dags/example_params_trigger_ui.py
[2024-10-21T05:35:17.238+0000] {processor.py:925} INFO - DAG(s) 'example_params_trigger_ui' retrieved from /home/airflow/.local/lib/python3.12/site-packages/airflow/example_dags/example_params_trigger_ui.py
[2024-10-21T05:35:17.305+0000] {logging_mixin.py:190} INFO - [2024-10-21T05:35:17.304+0000] {dag.py:3239} INFO - Sync 1 DAGs
[2024-10-21T05:35:17.326+0000] {logging_mixin.py:190} INFO - [2024-10-21T05:35:17.326+0000] {dag.py:4180} INFO - Setting next_dagrun for example_params_trigger_ui to None, run_after=None
[2024-10-21T05:35:17.358+0000] {processor.py:208} INFO - Processing /home/airflow/.local/lib/python3.12/site-packages/airflow/example_dags/example_params_trigger_ui.py took 0.149 seconds
[2024-10-21T05:35:47.633+0000] {processor.py:186} INFO - Started process (PID=1152) to work on /home/airflow/.local/lib/python3.12/site-packages/airflow/example_dags/example_params_trigger_ui.py
[2024-10-21T05:35:47.635+0000] {processor.py:914} INFO - Processing file /home/airflow/.local/lib/python3.12/site-packages/airflow/example_dags/example_params_trigger_ui.py for tasks to queue
[2024-10-21T05:35:47.638+0000] {logging_mixin.py:190} INFO - [2024-10-21T05:35:47.637+0000] {dagbag.py:588} INFO - Filling up the DagBag from /home/airflow/.local/lib/python3.12/site-packages/airflow/example_dags/example_params_trigger_ui.py
[2024-10-21T05:35:47.658+0000] {processor.py:925} INFO - DAG(s) 'example_params_trigger_ui' retrieved from /home/airflow/.local/lib/python3.12/site-packages/airflow/example_dags/example_params_trigger_ui.py
[2024-10-21T05:35:47.734+0000] {logging_mixin.py:190} INFO - [2024-10-21T05:35:47.734+0000] {dag.py:3239} INFO - Sync 1 DAGs
[2024-10-21T05:35:47.756+0000] {logging_mixin.py:190} INFO - [2024-10-21T05:35:47.756+0000] {dag.py:4180} INFO - Setting next_dagrun for example_params_trigger_ui to None, run_after=None
[2024-10-21T05:35:47.785+0000] {processor.py:208} INFO - Processing /home/airflow/.local/lib/python3.12/site-packages/airflow/example_dags/example_params_trigger_ui.py took 0.162 seconds
[2024-10-21T05:36:18.605+0000] {processor.py:186} INFO - Started process (PID=1214) to work on /home/airflow/.local/lib/python3.12/site-packages/airflow/example_dags/example_params_trigger_ui.py
[2024-10-21T05:36:18.608+0000] {processor.py:914} INFO - Processing file /home/airflow/.local/lib/python3.12/site-packages/airflow/example_dags/example_params_trigger_ui.py for tasks to queue
[2024-10-21T05:36:18.611+0000] {logging_mixin.py:190} INFO - [2024-10-21T05:36:18.610+0000] {dagbag.py:588} INFO - Filling up the DagBag from /home/airflow/.local/lib/python3.12/site-packages/airflow/example_dags/example_params_trigger_ui.py
[2024-10-21T05:36:18.629+0000] {processor.py:925} INFO - DAG(s) 'example_params_trigger_ui' retrieved from /home/airflow/.local/lib/python3.12/site-packages/airflow/example_dags/example_params_trigger_ui.py
[2024-10-21T05:36:18.683+0000] {logging_mixin.py:190} INFO - [2024-10-21T05:36:18.683+0000] {dag.py:3239} INFO - Sync 1 DAGs
[2024-10-21T05:36:18.703+0000] {logging_mixin.py:190} INFO - [2024-10-21T05:36:18.703+0000] {dag.py:4180} INFO - Setting next_dagrun for example_params_trigger_ui to None, run_after=None
[2024-10-21T05:36:18.735+0000] {processor.py:208} INFO - Processing /home/airflow/.local/lib/python3.12/site-packages/airflow/example_dags/example_params_trigger_ui.py took 0.141 seconds
[2024-10-21T05:36:49.155+0000] {processor.py:186} INFO - Started process (PID=1276) to work on /home/airflow/.local/lib/python3.12/site-packages/airflow/example_dags/example_params_trigger_ui.py
[2024-10-21T05:36:49.157+0000] {processor.py:914} INFO - Processing file /home/airflow/.local/lib/python3.12/site-packages/airflow/example_dags/example_params_trigger_ui.py for tasks to queue
[2024-10-21T05:36:49.159+0000] {logging_mixin.py:190} INFO - [2024-10-21T05:36:49.158+0000] {dagbag.py:588} INFO - Filling up the DagBag from /home/airflow/.local/lib/python3.12/site-packages/airflow/example_dags/example_params_trigger_ui.py
[2024-10-21T05:36:49.179+0000] {processor.py:925} INFO - DAG(s) 'example_params_trigger_ui' retrieved from /home/airflow/.local/lib/python3.12/site-packages/airflow/example_dags/example_params_trigger_ui.py
[2024-10-21T05:36:49.270+0000] {logging_mixin.py:190} INFO - [2024-10-21T05:36:49.269+0000] {dag.py:3239} INFO - Sync 1 DAGs
[2024-10-21T05:36:49.308+0000] {logging_mixin.py:190} INFO - [2024-10-21T05:36:49.307+0000] {dag.py:4180} INFO - Setting next_dagrun for example_params_trigger_ui to None, run_after=None
[2024-10-21T05:36:49.354+0000] {processor.py:208} INFO - Processing /home/airflow/.local/lib/python3.12/site-packages/airflow/example_dags/example_params_trigger_ui.py took 0.209 seconds
[2024-10-21T11:55:04.771+0000] {processor.py:186} INFO - Started process (PID=115) to work on /home/airflow/.local/lib/python3.12/site-packages/airflow/example_dags/example_params_trigger_ui.py
[2024-10-21T11:55:04.772+0000] {processor.py:914} INFO - Processing file /home/airflow/.local/lib/python3.12/site-packages/airflow/example_dags/example_params_trigger_ui.py for tasks to queue
[2024-10-21T11:55:04.775+0000] {logging_mixin.py:190} INFO - [2024-10-21T11:55:04.775+0000] {dagbag.py:588} INFO - Filling up the DagBag from /home/airflow/.local/lib/python3.12/site-packages/airflow/example_dags/example_params_trigger_ui.py
[2024-10-21T11:55:04.788+0000] {processor.py:925} INFO - DAG(s) 'example_params_trigger_ui' retrieved from /home/airflow/.local/lib/python3.12/site-packages/airflow/example_dags/example_params_trigger_ui.py
[2024-10-21T11:55:04.834+0000] {logging_mixin.py:190} INFO - [2024-10-21T11:55:04.834+0000] {dag.py:3239} INFO - Sync 1 DAGs
[2024-10-21T11:55:04.864+0000] {logging_mixin.py:190} INFO - [2024-10-21T11:55:04.863+0000] {dag.py:4180} INFO - Setting next_dagrun for example_params_trigger_ui to None, run_after=None
[2024-10-21T11:55:04.889+0000] {processor.py:208} INFO - Processing /home/airflow/.local/lib/python3.12/site-packages/airflow/example_dags/example_params_trigger_ui.py took 0.125 seconds
