[2024-10-21T03:08:40.408+0000] {processor.py:186} INFO - Started process (PID=321) to work on /home/airflow/.local/lib/python3.12/site-packages/airflow/example_dags/example_display_name.py
[2024-10-21T03:08:40.409+0000] {processor.py:914} INFO - Processing file /home/airflow/.local/lib/python3.12/site-packages/airflow/example_dags/example_display_name.py for tasks to queue
[2024-10-21T03:08:40.412+0000] {logging_mixin.py:190} INFO - [2024-10-21T03:08:40.411+0000] {dagbag.py:588} INFO - Filling up the DagBag from /home/airflow/.local/lib/python3.12/site-packages/airflow/example_dags/example_display_name.py
[2024-10-21T03:08:40.423+0000] {processor.py:925} INFO - DAG(s) 'example_display_name' retrieved from /home/airflow/.local/lib/python3.12/site-packages/airflow/example_dags/example_display_name.py
[2024-10-21T03:08:40.522+0000] {logging_mixin.py:190} INFO - [2024-10-21T03:08:40.522+0000] {override.py:1900} INFO - Created Permission View: can delete on DAG:example_display_name
[2024-10-21T03:08:40.533+0000] {logging_mixin.py:190} INFO - [2024-10-21T03:08:40.532+0000] {override.py:1900} INFO - Created Permission View: can read on DAG:example_display_name
[2024-10-21T03:08:40.539+0000] {logging_mixin.py:190} INFO - [2024-10-21T03:08:40.538+0000] {override.py:1900} INFO - Created Permission View: can edit on DAG:example_display_name
[2024-10-21T03:08:40.545+0000] {logging_mixin.py:190} INFO - [2024-10-21T03:08:40.545+0000] {override.py:1900} INFO - Created Permission View: menu access on DAG Run:example_display_name
[2024-10-21T03:08:40.550+0000] {logging_mixin.py:190} INFO - [2024-10-21T03:08:40.550+0000] {override.py:1900} INFO - Created Permission View: can delete on DAG Run:example_display_name
[2024-10-21T03:08:40.555+0000] {logging_mixin.py:190} INFO - [2024-10-21T03:08:40.555+0000] {override.py:1900} INFO - Created Permission View: can read on DAG Run:example_display_name
[2024-10-21T03:08:40.560+0000] {logging_mixin.py:190} INFO - [2024-10-21T03:08:40.560+0000] {override.py:1900} INFO - Created Permission View: can create on DAG Run:example_display_name
[2024-10-21T03:08:40.561+0000] {logging_mixin.py:190} INFO - [2024-10-21T03:08:40.561+0000] {dag.py:3239} INFO - Sync 1 DAGs
[2024-10-21T03:08:40.572+0000] {logging_mixin.py:190} INFO - [2024-10-21T03:08:40.572+0000] {dag.py:3262} INFO - Creating ORM DAG for example_display_name
[2024-10-21T03:08:40.573+0000] {logging_mixin.py:190} INFO - [2024-10-21T03:08:40.573+0000] {dag.py:4180} INFO - Setting next_dagrun for example_display_name to None, run_after=None
[2024-10-21T03:08:40.588+0000] {processor.py:208} INFO - Processing /home/airflow/.local/lib/python3.12/site-packages/airflow/example_dags/example_display_name.py took 0.200 seconds
[2024-10-21T03:09:10.641+0000] {processor.py:186} INFO - Started process (PID=382) to work on /home/airflow/.local/lib/python3.12/site-packages/airflow/example_dags/example_display_name.py
[2024-10-21T03:09:10.642+0000] {processor.py:914} INFO - Processing file /home/airflow/.local/lib/python3.12/site-packages/airflow/example_dags/example_display_name.py for tasks to queue
[2024-10-21T03:09:10.644+0000] {logging_mixin.py:190} INFO - [2024-10-21T03:09:10.644+0000] {dagbag.py:588} INFO - Filling up the DagBag from /home/airflow/.local/lib/python3.12/site-packages/airflow/example_dags/example_display_name.py
[2024-10-21T03:09:10.668+0000] {processor.py:925} INFO - DAG(s) 'example_display_name' retrieved from /home/airflow/.local/lib/python3.12/site-packages/airflow/example_dags/example_display_name.py
[2024-10-21T03:09:10.708+0000] {logging_mixin.py:190} INFO - [2024-10-21T03:09:10.708+0000] {dag.py:3239} INFO - Sync 1 DAGs
[2024-10-21T03:09:10.728+0000] {logging_mixin.py:190} INFO - [2024-10-21T03:09:10.727+0000] {dag.py:4180} INFO - Setting next_dagrun for example_display_name to None, run_after=None
[2024-10-21T03:09:10.751+0000] {processor.py:208} INFO - Processing /home/airflow/.local/lib/python3.12/site-packages/airflow/example_dags/example_display_name.py took 0.116 seconds
[2024-10-21T03:09:41.018+0000] {processor.py:186} INFO - Started process (PID=444) to work on /home/airflow/.local/lib/python3.12/site-packages/airflow/example_dags/example_display_name.py
[2024-10-21T03:09:41.019+0000] {processor.py:914} INFO - Processing file /home/airflow/.local/lib/python3.12/site-packages/airflow/example_dags/example_display_name.py for tasks to queue
[2024-10-21T03:09:41.022+0000] {logging_mixin.py:190} INFO - [2024-10-21T03:09:41.022+0000] {dagbag.py:588} INFO - Filling up the DagBag from /home/airflow/.local/lib/python3.12/site-packages/airflow/example_dags/example_display_name.py
[2024-10-21T03:09:41.032+0000] {processor.py:925} INFO - DAG(s) 'example_display_name' retrieved from /home/airflow/.local/lib/python3.12/site-packages/airflow/example_dags/example_display_name.py
[2024-10-21T03:09:41.054+0000] {logging_mixin.py:190} INFO - [2024-10-21T03:09:41.054+0000] {dag.py:3239} INFO - Sync 1 DAGs
[2024-10-21T03:09:41.066+0000] {logging_mixin.py:190} INFO - [2024-10-21T03:09:41.066+0000] {dag.py:4180} INFO - Setting next_dagrun for example_display_name to None, run_after=None
[2024-10-21T03:09:41.084+0000] {processor.py:208} INFO - Processing /home/airflow/.local/lib/python3.12/site-packages/airflow/example_dags/example_display_name.py took 0.073 seconds
[2024-10-21T03:10:11.778+0000] {processor.py:186} INFO - Started process (PID=506) to work on /home/airflow/.local/lib/python3.12/site-packages/airflow/example_dags/example_display_name.py
[2024-10-21T03:10:11.779+0000] {processor.py:914} INFO - Processing file /home/airflow/.local/lib/python3.12/site-packages/airflow/example_dags/example_display_name.py for tasks to queue
[2024-10-21T03:10:11.783+0000] {logging_mixin.py:190} INFO - [2024-10-21T03:10:11.782+0000] {dagbag.py:588} INFO - Filling up the DagBag from /home/airflow/.local/lib/python3.12/site-packages/airflow/example_dags/example_display_name.py
[2024-10-21T03:10:11.795+0000] {processor.py:925} INFO - DAG(s) 'example_display_name' retrieved from /home/airflow/.local/lib/python3.12/site-packages/airflow/example_dags/example_display_name.py
[2024-10-21T03:10:11.818+0000] {logging_mixin.py:190} INFO - [2024-10-21T03:10:11.817+0000] {dag.py:3239} INFO - Sync 1 DAGs
[2024-10-21T03:10:11.830+0000] {logging_mixin.py:190} INFO - [2024-10-21T03:10:11.830+0000] {dag.py:4180} INFO - Setting next_dagrun for example_display_name to None, run_after=None
[2024-10-21T03:10:11.848+0000] {processor.py:208} INFO - Processing /home/airflow/.local/lib/python3.12/site-packages/airflow/example_dags/example_display_name.py took 0.079 seconds
[2024-10-21T03:10:42.368+0000] {processor.py:186} INFO - Started process (PID=568) to work on /home/airflow/.local/lib/python3.12/site-packages/airflow/example_dags/example_display_name.py
[2024-10-21T03:10:42.369+0000] {processor.py:914} INFO - Processing file /home/airflow/.local/lib/python3.12/site-packages/airflow/example_dags/example_display_name.py for tasks to queue
[2024-10-21T03:10:42.372+0000] {logging_mixin.py:190} INFO - [2024-10-21T03:10:42.371+0000] {dagbag.py:588} INFO - Filling up the DagBag from /home/airflow/.local/lib/python3.12/site-packages/airflow/example_dags/example_display_name.py
[2024-10-21T03:10:42.379+0000] {processor.py:925} INFO - DAG(s) 'example_display_name' retrieved from /home/airflow/.local/lib/python3.12/site-packages/airflow/example_dags/example_display_name.py
[2024-10-21T03:10:42.395+0000] {logging_mixin.py:190} INFO - [2024-10-21T03:10:42.395+0000] {dag.py:3239} INFO - Sync 1 DAGs
[2024-10-21T03:10:42.406+0000] {logging_mixin.py:190} INFO - [2024-10-21T03:10:42.406+0000] {dag.py:4180} INFO - Setting next_dagrun for example_display_name to None, run_after=None
[2024-10-21T03:10:42.421+0000] {processor.py:208} INFO - Processing /home/airflow/.local/lib/python3.12/site-packages/airflow/example_dags/example_display_name.py took 0.059 seconds
[2024-10-21T03:11:12.757+0000] {processor.py:186} INFO - Started process (PID=630) to work on /home/airflow/.local/lib/python3.12/site-packages/airflow/example_dags/example_display_name.py
[2024-10-21T03:11:12.758+0000] {processor.py:914} INFO - Processing file /home/airflow/.local/lib/python3.12/site-packages/airflow/example_dags/example_display_name.py for tasks to queue
[2024-10-21T03:11:12.761+0000] {logging_mixin.py:190} INFO - [2024-10-21T03:11:12.760+0000] {dagbag.py:588} INFO - Filling up the DagBag from /home/airflow/.local/lib/python3.12/site-packages/airflow/example_dags/example_display_name.py
[2024-10-21T03:11:12.769+0000] {processor.py:925} INFO - DAG(s) 'example_display_name' retrieved from /home/airflow/.local/lib/python3.12/site-packages/airflow/example_dags/example_display_name.py
[2024-10-21T03:11:12.787+0000] {logging_mixin.py:190} INFO - [2024-10-21T03:11:12.786+0000] {dag.py:3239} INFO - Sync 1 DAGs
[2024-10-21T03:11:12.797+0000] {logging_mixin.py:190} INFO - [2024-10-21T03:11:12.797+0000] {dag.py:4180} INFO - Setting next_dagrun for example_display_name to None, run_after=None
[2024-10-21T03:11:12.812+0000] {processor.py:208} INFO - Processing /home/airflow/.local/lib/python3.12/site-packages/airflow/example_dags/example_display_name.py took 0.060 seconds
[2024-10-21T03:11:43.380+0000] {processor.py:186} INFO - Started process (PID=693) to work on /home/airflow/.local/lib/python3.12/site-packages/airflow/example_dags/example_display_name.py
[2024-10-21T03:11:43.382+0000] {processor.py:914} INFO - Processing file /home/airflow/.local/lib/python3.12/site-packages/airflow/example_dags/example_display_name.py for tasks to queue
[2024-10-21T03:11:43.384+0000] {logging_mixin.py:190} INFO - [2024-10-21T03:11:43.384+0000] {dagbag.py:588} INFO - Filling up the DagBag from /home/airflow/.local/lib/python3.12/site-packages/airflow/example_dags/example_display_name.py
[2024-10-21T03:11:43.394+0000] {processor.py:925} INFO - DAG(s) 'example_display_name' retrieved from /home/airflow/.local/lib/python3.12/site-packages/airflow/example_dags/example_display_name.py
[2024-10-21T03:11:43.430+0000] {logging_mixin.py:190} INFO - [2024-10-21T03:11:43.429+0000] {dag.py:3239} INFO - Sync 1 DAGs
[2024-10-21T03:11:43.454+0000] {logging_mixin.py:190} INFO - [2024-10-21T03:11:43.453+0000] {dag.py:4180} INFO - Setting next_dagrun for example_display_name to None, run_after=None
[2024-10-21T03:11:43.477+0000] {processor.py:208} INFO - Processing /home/airflow/.local/lib/python3.12/site-packages/airflow/example_dags/example_display_name.py took 0.104 seconds
[2024-10-21T05:26:30.810+0000] {processor.py:186} INFO - Started process (PID=106) to work on /home/airflow/.local/lib/python3.12/site-packages/airflow/example_dags/example_display_name.py
[2024-10-21T05:26:30.813+0000] {processor.py:914} INFO - Processing file /home/airflow/.local/lib/python3.12/site-packages/airflow/example_dags/example_display_name.py for tasks to queue
[2024-10-21T05:26:30.824+0000] {logging_mixin.py:190} INFO - [2024-10-21T05:26:30.824+0000] {dagbag.py:588} INFO - Filling up the DagBag from /home/airflow/.local/lib/python3.12/site-packages/airflow/example_dags/example_display_name.py
[2024-10-21T05:26:30.848+0000] {processor.py:925} INFO - DAG(s) 'example_display_name' retrieved from /home/airflow/.local/lib/python3.12/site-packages/airflow/example_dags/example_display_name.py
[2024-10-21T05:26:30.908+0000] {logging_mixin.py:190} INFO - [2024-10-21T05:26:30.907+0000] {dag.py:3239} INFO - Sync 1 DAGs
[2024-10-21T05:26:30.983+0000] {logging_mixin.py:190} INFO - [2024-10-21T05:26:30.983+0000] {dag.py:4180} INFO - Setting next_dagrun for example_display_name to None, run_after=None
[2024-10-21T05:26:31.058+0000] {processor.py:208} INFO - Processing /home/airflow/.local/lib/python3.12/site-packages/airflow/example_dags/example_display_name.py took 0.261 seconds
[2024-10-21T05:27:01.991+0000] {processor.py:186} INFO - Started process (PID=168) to work on /home/airflow/.local/lib/python3.12/site-packages/airflow/example_dags/example_display_name.py
[2024-10-21T05:27:01.993+0000] {processor.py:914} INFO - Processing file /home/airflow/.local/lib/python3.12/site-packages/airflow/example_dags/example_display_name.py for tasks to queue
[2024-10-21T05:27:01.997+0000] {logging_mixin.py:190} INFO - [2024-10-21T05:27:01.997+0000] {dagbag.py:588} INFO - Filling up the DagBag from /home/airflow/.local/lib/python3.12/site-packages/airflow/example_dags/example_display_name.py
[2024-10-21T05:27:02.010+0000] {processor.py:925} INFO - DAG(s) 'example_display_name' retrieved from /home/airflow/.local/lib/python3.12/site-packages/airflow/example_dags/example_display_name.py
[2024-10-21T05:27:02.044+0000] {logging_mixin.py:190} INFO - [2024-10-21T05:27:02.043+0000] {dag.py:3239} INFO - Sync 1 DAGs
[2024-10-21T05:27:02.068+0000] {logging_mixin.py:190} INFO - [2024-10-21T05:27:02.067+0000] {dag.py:4180} INFO - Setting next_dagrun for example_display_name to None, run_after=None
[2024-10-21T05:27:02.110+0000] {processor.py:208} INFO - Processing /home/airflow/.local/lib/python3.12/site-packages/airflow/example_dags/example_display_name.py took 0.128 seconds
[2024-10-21T05:27:32.920+0000] {processor.py:186} INFO - Started process (PID=230) to work on /home/airflow/.local/lib/python3.12/site-packages/airflow/example_dags/example_display_name.py
[2024-10-21T05:27:32.923+0000] {processor.py:914} INFO - Processing file /home/airflow/.local/lib/python3.12/site-packages/airflow/example_dags/example_display_name.py for tasks to queue
[2024-10-21T05:27:32.930+0000] {logging_mixin.py:190} INFO - [2024-10-21T05:27:32.929+0000] {dagbag.py:588} INFO - Filling up the DagBag from /home/airflow/.local/lib/python3.12/site-packages/airflow/example_dags/example_display_name.py
[2024-10-21T05:27:32.961+0000] {processor.py:925} INFO - DAG(s) 'example_display_name' retrieved from /home/airflow/.local/lib/python3.12/site-packages/airflow/example_dags/example_display_name.py
[2024-10-21T05:27:33.014+0000] {logging_mixin.py:190} INFO - [2024-10-21T05:27:33.013+0000] {dag.py:3239} INFO - Sync 1 DAGs
[2024-10-21T05:27:33.047+0000] {logging_mixin.py:190} INFO - [2024-10-21T05:27:33.047+0000] {dag.py:4180} INFO - Setting next_dagrun for example_display_name to None, run_after=None
[2024-10-21T05:27:33.091+0000] {processor.py:208} INFO - Processing /home/airflow/.local/lib/python3.12/site-packages/airflow/example_dags/example_display_name.py took 0.193 seconds
[2024-10-21T05:29:00.459+0000] {processor.py:186} INFO - Started process (PID=310) to work on /home/airflow/.local/lib/python3.12/site-packages/airflow/example_dags/example_display_name.py
[2024-10-21T05:29:00.462+0000] {processor.py:914} INFO - Processing file /home/airflow/.local/lib/python3.12/site-packages/airflow/example_dags/example_display_name.py for tasks to queue
[2024-10-21T05:29:00.469+0000] {logging_mixin.py:190} INFO - [2024-10-21T05:29:00.468+0000] {dagbag.py:588} INFO - Filling up the DagBag from /home/airflow/.local/lib/python3.12/site-packages/airflow/example_dags/example_display_name.py
[2024-10-21T05:29:00.491+0000] {processor.py:925} INFO - DAG(s) 'example_display_name' retrieved from /home/airflow/.local/lib/python3.12/site-packages/airflow/example_dags/example_display_name.py
[2024-10-21T05:29:00.533+0000] {logging_mixin.py:190} INFO - [2024-10-21T05:29:00.532+0000] {dag.py:3239} INFO - Sync 1 DAGs
[2024-10-21T05:29:00.568+0000] {logging_mixin.py:190} INFO - [2024-10-21T05:29:00.567+0000] {dag.py:4180} INFO - Setting next_dagrun for example_display_name to None, run_after=None
[2024-10-21T05:29:00.643+0000] {processor.py:208} INFO - Processing /home/airflow/.local/lib/python3.12/site-packages/airflow/example_dags/example_display_name.py took 0.199 seconds
[2024-10-21T05:29:31.200+0000] {processor.py:186} INFO - Started process (PID=373) to work on /home/airflow/.local/lib/python3.12/site-packages/airflow/example_dags/example_display_name.py
[2024-10-21T05:29:31.202+0000] {processor.py:914} INFO - Processing file /home/airflow/.local/lib/python3.12/site-packages/airflow/example_dags/example_display_name.py for tasks to queue
[2024-10-21T05:29:31.204+0000] {logging_mixin.py:190} INFO - [2024-10-21T05:29:31.203+0000] {dagbag.py:588} INFO - Filling up the DagBag from /home/airflow/.local/lib/python3.12/site-packages/airflow/example_dags/example_display_name.py
[2024-10-21T05:29:31.220+0000] {processor.py:925} INFO - DAG(s) 'example_display_name' retrieved from /home/airflow/.local/lib/python3.12/site-packages/airflow/example_dags/example_display_name.py
[2024-10-21T05:29:31.258+0000] {logging_mixin.py:190} INFO - [2024-10-21T05:29:31.257+0000] {dag.py:3239} INFO - Sync 1 DAGs
[2024-10-21T05:29:31.292+0000] {logging_mixin.py:190} INFO - [2024-10-21T05:29:31.292+0000] {dag.py:4180} INFO - Setting next_dagrun for example_display_name to None, run_after=None
[2024-10-21T05:29:31.324+0000] {processor.py:208} INFO - Processing /home/airflow/.local/lib/python3.12/site-packages/airflow/example_dags/example_display_name.py took 0.134 seconds
[2024-10-21T05:30:01.426+0000] {processor.py:186} INFO - Started process (PID=435) to work on /home/airflow/.local/lib/python3.12/site-packages/airflow/example_dags/example_display_name.py
[2024-10-21T05:30:01.427+0000] {processor.py:914} INFO - Processing file /home/airflow/.local/lib/python3.12/site-packages/airflow/example_dags/example_display_name.py for tasks to queue
[2024-10-21T05:30:01.430+0000] {logging_mixin.py:190} INFO - [2024-10-21T05:30:01.429+0000] {dagbag.py:588} INFO - Filling up the DagBag from /home/airflow/.local/lib/python3.12/site-packages/airflow/example_dags/example_display_name.py
[2024-10-21T05:30:01.444+0000] {processor.py:925} INFO - DAG(s) 'example_display_name' retrieved from /home/airflow/.local/lib/python3.12/site-packages/airflow/example_dags/example_display_name.py
[2024-10-21T05:30:01.479+0000] {logging_mixin.py:190} INFO - [2024-10-21T05:30:01.479+0000] {dag.py:3239} INFO - Sync 1 DAGs
[2024-10-21T05:30:01.507+0000] {logging_mixin.py:190} INFO - [2024-10-21T05:30:01.507+0000] {dag.py:4180} INFO - Setting next_dagrun for example_display_name to None, run_after=None
[2024-10-21T05:30:01.540+0000] {processor.py:208} INFO - Processing /home/airflow/.local/lib/python3.12/site-packages/airflow/example_dags/example_display_name.py took 0.125 seconds
[2024-10-21T05:30:32.015+0000] {processor.py:186} INFO - Started process (PID=498) to work on /home/airflow/.local/lib/python3.12/site-packages/airflow/example_dags/example_display_name.py
[2024-10-21T05:30:32.018+0000] {processor.py:914} INFO - Processing file /home/airflow/.local/lib/python3.12/site-packages/airflow/example_dags/example_display_name.py for tasks to queue
[2024-10-21T05:30:32.022+0000] {logging_mixin.py:190} INFO - [2024-10-21T05:30:32.021+0000] {dagbag.py:588} INFO - Filling up the DagBag from /home/airflow/.local/lib/python3.12/site-packages/airflow/example_dags/example_display_name.py
[2024-10-21T05:30:32.049+0000] {processor.py:925} INFO - DAG(s) 'example_display_name' retrieved from /home/airflow/.local/lib/python3.12/site-packages/airflow/example_dags/example_display_name.py
[2024-10-21T05:30:32.101+0000] {logging_mixin.py:190} INFO - [2024-10-21T05:30:32.100+0000] {dag.py:3239} INFO - Sync 1 DAGs
[2024-10-21T05:30:32.138+0000] {logging_mixin.py:190} INFO - [2024-10-21T05:30:32.137+0000] {dag.py:4180} INFO - Setting next_dagrun for example_display_name to None, run_after=None
[2024-10-21T05:30:32.186+0000] {processor.py:208} INFO - Processing /home/airflow/.local/lib/python3.12/site-packages/airflow/example_dags/example_display_name.py took 0.186 seconds
[2024-10-21T05:31:02.553+0000] {processor.py:186} INFO - Started process (PID=561) to work on /home/airflow/.local/lib/python3.12/site-packages/airflow/example_dags/example_display_name.py
[2024-10-21T05:31:02.554+0000] {processor.py:914} INFO - Processing file /home/airflow/.local/lib/python3.12/site-packages/airflow/example_dags/example_display_name.py for tasks to queue
[2024-10-21T05:31:02.556+0000] {logging_mixin.py:190} INFO - [2024-10-21T05:31:02.556+0000] {dagbag.py:588} INFO - Filling up the DagBag from /home/airflow/.local/lib/python3.12/site-packages/airflow/example_dags/example_display_name.py
[2024-10-21T05:31:02.566+0000] {processor.py:925} INFO - DAG(s) 'example_display_name' retrieved from /home/airflow/.local/lib/python3.12/site-packages/airflow/example_dags/example_display_name.py
[2024-10-21T05:31:02.598+0000] {logging_mixin.py:190} INFO - [2024-10-21T05:31:02.598+0000] {dag.py:3239} INFO - Sync 1 DAGs
[2024-10-21T05:31:02.617+0000] {logging_mixin.py:190} INFO - [2024-10-21T05:31:02.617+0000] {dag.py:4180} INFO - Setting next_dagrun for example_display_name to None, run_after=None
[2024-10-21T05:31:02.651+0000] {processor.py:208} INFO - Processing /home/airflow/.local/lib/python3.12/site-packages/airflow/example_dags/example_display_name.py took 0.105 seconds
[2024-10-21T05:31:33.451+0000] {processor.py:186} INFO - Started process (PID=624) to work on /home/airflow/.local/lib/python3.12/site-packages/airflow/example_dags/example_display_name.py
[2024-10-21T05:31:33.452+0000] {processor.py:914} INFO - Processing file /home/airflow/.local/lib/python3.12/site-packages/airflow/example_dags/example_display_name.py for tasks to queue
[2024-10-21T05:31:33.454+0000] {logging_mixin.py:190} INFO - [2024-10-21T05:31:33.454+0000] {dagbag.py:588} INFO - Filling up the DagBag from /home/airflow/.local/lib/python3.12/site-packages/airflow/example_dags/example_display_name.py
[2024-10-21T05:31:33.465+0000] {processor.py:925} INFO - DAG(s) 'example_display_name' retrieved from /home/airflow/.local/lib/python3.12/site-packages/airflow/example_dags/example_display_name.py
[2024-10-21T05:31:33.491+0000] {logging_mixin.py:190} INFO - [2024-10-21T05:31:33.491+0000] {dag.py:3239} INFO - Sync 1 DAGs
[2024-10-21T05:31:33.513+0000] {logging_mixin.py:190} INFO - [2024-10-21T05:31:33.513+0000] {dag.py:4180} INFO - Setting next_dagrun for example_display_name to None, run_after=None
[2024-10-21T05:31:33.547+0000] {processor.py:208} INFO - Processing /home/airflow/.local/lib/python3.12/site-packages/airflow/example_dags/example_display_name.py took 0.105 seconds
[2024-10-21T05:32:04.310+0000] {processor.py:186} INFO - Started process (PID=686) to work on /home/airflow/.local/lib/python3.12/site-packages/airflow/example_dags/example_display_name.py
[2024-10-21T05:32:04.311+0000] {processor.py:914} INFO - Processing file /home/airflow/.local/lib/python3.12/site-packages/airflow/example_dags/example_display_name.py for tasks to queue
[2024-10-21T05:32:04.313+0000] {logging_mixin.py:190} INFO - [2024-10-21T05:32:04.313+0000] {dagbag.py:588} INFO - Filling up the DagBag from /home/airflow/.local/lib/python3.12/site-packages/airflow/example_dags/example_display_name.py
[2024-10-21T05:32:04.325+0000] {processor.py:925} INFO - DAG(s) 'example_display_name' retrieved from /home/airflow/.local/lib/python3.12/site-packages/airflow/example_dags/example_display_name.py
[2024-10-21T05:32:04.354+0000] {logging_mixin.py:190} INFO - [2024-10-21T05:32:04.354+0000] {dag.py:3239} INFO - Sync 1 DAGs
[2024-10-21T05:32:04.376+0000] {logging_mixin.py:190} INFO - [2024-10-21T05:32:04.376+0000] {dag.py:4180} INFO - Setting next_dagrun for example_display_name to None, run_after=None
[2024-10-21T05:32:04.401+0000] {processor.py:208} INFO - Processing /home/airflow/.local/lib/python3.12/site-packages/airflow/example_dags/example_display_name.py took 0.102 seconds
[2024-10-21T05:32:34.504+0000] {processor.py:186} INFO - Started process (PID=748) to work on /home/airflow/.local/lib/python3.12/site-packages/airflow/example_dags/example_display_name.py
[2024-10-21T05:32:34.506+0000] {processor.py:914} INFO - Processing file /home/airflow/.local/lib/python3.12/site-packages/airflow/example_dags/example_display_name.py for tasks to queue
[2024-10-21T05:32:34.508+0000] {logging_mixin.py:190} INFO - [2024-10-21T05:32:34.507+0000] {dagbag.py:588} INFO - Filling up the DagBag from /home/airflow/.local/lib/python3.12/site-packages/airflow/example_dags/example_display_name.py
[2024-10-21T05:32:34.518+0000] {processor.py:925} INFO - DAG(s) 'example_display_name' retrieved from /home/airflow/.local/lib/python3.12/site-packages/airflow/example_dags/example_display_name.py
[2024-10-21T05:32:34.541+0000] {logging_mixin.py:190} INFO - [2024-10-21T05:32:34.541+0000] {dag.py:3239} INFO - Sync 1 DAGs
[2024-10-21T05:32:34.568+0000] {logging_mixin.py:190} INFO - [2024-10-21T05:32:34.567+0000] {dag.py:4180} INFO - Setting next_dagrun for example_display_name to None, run_after=None
[2024-10-21T05:32:34.593+0000] {processor.py:208} INFO - Processing /home/airflow/.local/lib/python3.12/site-packages/airflow/example_dags/example_display_name.py took 0.096 seconds
[2024-10-21T05:33:05.715+0000] {processor.py:186} INFO - Started process (PID=810) to work on /home/airflow/.local/lib/python3.12/site-packages/airflow/example_dags/example_display_name.py
[2024-10-21T05:33:05.716+0000] {processor.py:914} INFO - Processing file /home/airflow/.local/lib/python3.12/site-packages/airflow/example_dags/example_display_name.py for tasks to queue
[2024-10-21T05:33:05.719+0000] {logging_mixin.py:190} INFO - [2024-10-21T05:33:05.718+0000] {dagbag.py:588} INFO - Filling up the DagBag from /home/airflow/.local/lib/python3.12/site-packages/airflow/example_dags/example_display_name.py
[2024-10-21T05:33:05.735+0000] {processor.py:925} INFO - DAG(s) 'example_display_name' retrieved from /home/airflow/.local/lib/python3.12/site-packages/airflow/example_dags/example_display_name.py
[2024-10-21T05:33:05.771+0000] {logging_mixin.py:190} INFO - [2024-10-21T05:33:05.770+0000] {dag.py:3239} INFO - Sync 1 DAGs
[2024-10-21T05:33:05.802+0000] {logging_mixin.py:190} INFO - [2024-10-21T05:33:05.802+0000] {dag.py:4180} INFO - Setting next_dagrun for example_display_name to None, run_after=None
[2024-10-21T05:33:05.833+0000] {processor.py:208} INFO - Processing /home/airflow/.local/lib/python3.12/site-packages/airflow/example_dags/example_display_name.py took 0.130 seconds
[2024-10-21T05:33:39.078+0000] {processor.py:186} INFO - Started process (PID=873) to work on /home/airflow/.local/lib/python3.12/site-packages/airflow/example_dags/example_display_name.py
[2024-10-21T05:33:39.084+0000] {processor.py:914} INFO - Processing file /home/airflow/.local/lib/python3.12/site-packages/airflow/example_dags/example_display_name.py for tasks to queue
[2024-10-21T05:33:39.087+0000] {logging_mixin.py:190} INFO - [2024-10-21T05:33:39.086+0000] {dagbag.py:588} INFO - Filling up the DagBag from /home/airflow/.local/lib/python3.12/site-packages/airflow/example_dags/example_display_name.py
[2024-10-21T05:33:39.110+0000] {processor.py:925} INFO - DAG(s) 'example_display_name' retrieved from /home/airflow/.local/lib/python3.12/site-packages/airflow/example_dags/example_display_name.py
[2024-10-21T05:33:39.203+0000] {logging_mixin.py:190} INFO - [2024-10-21T05:33:39.203+0000] {dag.py:3239} INFO - Sync 1 DAGs
[2024-10-21T05:33:39.255+0000] {logging_mixin.py:190} INFO - [2024-10-21T05:33:39.254+0000] {dag.py:4180} INFO - Setting next_dagrun for example_display_name to None, run_after=None
[2024-10-21T05:33:39.309+0000] {processor.py:208} INFO - Processing /home/airflow/.local/lib/python3.12/site-packages/airflow/example_dags/example_display_name.py took 0.335 seconds
[2024-10-21T05:34:10.326+0000] {processor.py:186} INFO - Started process (PID=937) to work on /home/airflow/.local/lib/python3.12/site-packages/airflow/example_dags/example_display_name.py
[2024-10-21T05:34:10.328+0000] {processor.py:914} INFO - Processing file /home/airflow/.local/lib/python3.12/site-packages/airflow/example_dags/example_display_name.py for tasks to queue
[2024-10-21T05:34:10.329+0000] {logging_mixin.py:190} INFO - [2024-10-21T05:34:10.329+0000] {dagbag.py:588} INFO - Filling up the DagBag from /home/airflow/.local/lib/python3.12/site-packages/airflow/example_dags/example_display_name.py
[2024-10-21T05:34:10.340+0000] {processor.py:925} INFO - DAG(s) 'example_display_name' retrieved from /home/airflow/.local/lib/python3.12/site-packages/airflow/example_dags/example_display_name.py
[2024-10-21T05:34:10.369+0000] {logging_mixin.py:190} INFO - [2024-10-21T05:34:10.369+0000] {dag.py:3239} INFO - Sync 1 DAGs
[2024-10-21T05:34:10.390+0000] {logging_mixin.py:190} INFO - [2024-10-21T05:34:10.390+0000] {dag.py:4180} INFO - Setting next_dagrun for example_display_name to None, run_after=None
[2024-10-21T05:34:10.419+0000] {processor.py:208} INFO - Processing /home/airflow/.local/lib/python3.12/site-packages/airflow/example_dags/example_display_name.py took 0.101 seconds
[2024-10-21T05:34:41.095+0000] {processor.py:186} INFO - Started process (PID=1000) to work on /home/airflow/.local/lib/python3.12/site-packages/airflow/example_dags/example_display_name.py
[2024-10-21T05:34:41.097+0000] {processor.py:914} INFO - Processing file /home/airflow/.local/lib/python3.12/site-packages/airflow/example_dags/example_display_name.py for tasks to queue
[2024-10-21T05:34:41.099+0000] {logging_mixin.py:190} INFO - [2024-10-21T05:34:41.099+0000] {dagbag.py:588} INFO - Filling up the DagBag from /home/airflow/.local/lib/python3.12/site-packages/airflow/example_dags/example_display_name.py
[2024-10-21T05:34:41.108+0000] {processor.py:925} INFO - DAG(s) 'example_display_name' retrieved from /home/airflow/.local/lib/python3.12/site-packages/airflow/example_dags/example_display_name.py
[2024-10-21T05:34:41.131+0000] {logging_mixin.py:190} INFO - [2024-10-21T05:34:41.131+0000] {dag.py:3239} INFO - Sync 1 DAGs
[2024-10-21T05:34:41.148+0000] {logging_mixin.py:190} INFO - [2024-10-21T05:34:41.148+0000] {dag.py:4180} INFO - Setting next_dagrun for example_display_name to None, run_after=None
[2024-10-21T05:34:41.175+0000] {processor.py:208} INFO - Processing /home/airflow/.local/lib/python3.12/site-packages/airflow/example_dags/example_display_name.py took 0.090 seconds
[2024-10-21T05:35:11.913+0000] {processor.py:186} INFO - Started process (PID=1062) to work on /home/airflow/.local/lib/python3.12/site-packages/airflow/example_dags/example_display_name.py
[2024-10-21T05:35:11.915+0000] {processor.py:914} INFO - Processing file /home/airflow/.local/lib/python3.12/site-packages/airflow/example_dags/example_display_name.py for tasks to queue
[2024-10-21T05:35:11.917+0000] {logging_mixin.py:190} INFO - [2024-10-21T05:35:11.916+0000] {dagbag.py:588} INFO - Filling up the DagBag from /home/airflow/.local/lib/python3.12/site-packages/airflow/example_dags/example_display_name.py
[2024-10-21T05:35:11.930+0000] {processor.py:925} INFO - DAG(s) 'example_display_name' retrieved from /home/airflow/.local/lib/python3.12/site-packages/airflow/example_dags/example_display_name.py
[2024-10-21T05:35:11.954+0000] {logging_mixin.py:190} INFO - [2024-10-21T05:35:11.954+0000] {dag.py:3239} INFO - Sync 1 DAGs
[2024-10-21T05:35:11.973+0000] {logging_mixin.py:190} INFO - [2024-10-21T05:35:11.972+0000] {dag.py:4180} INFO - Setting next_dagrun for example_display_name to None, run_after=None
[2024-10-21T05:35:12.002+0000] {processor.py:208} INFO - Processing /home/airflow/.local/lib/python3.12/site-packages/airflow/example_dags/example_display_name.py took 0.098 seconds
[2024-10-21T05:35:42.486+0000] {processor.py:186} INFO - Started process (PID=1124) to work on /home/airflow/.local/lib/python3.12/site-packages/airflow/example_dags/example_display_name.py
[2024-10-21T05:35:42.488+0000] {processor.py:914} INFO - Processing file /home/airflow/.local/lib/python3.12/site-packages/airflow/example_dags/example_display_name.py for tasks to queue
[2024-10-21T05:35:42.490+0000] {logging_mixin.py:190} INFO - [2024-10-21T05:35:42.489+0000] {dagbag.py:588} INFO - Filling up the DagBag from /home/airflow/.local/lib/python3.12/site-packages/airflow/example_dags/example_display_name.py
[2024-10-21T05:35:42.502+0000] {processor.py:925} INFO - DAG(s) 'example_display_name' retrieved from /home/airflow/.local/lib/python3.12/site-packages/airflow/example_dags/example_display_name.py
[2024-10-21T05:35:42.532+0000] {logging_mixin.py:190} INFO - [2024-10-21T05:35:42.532+0000] {dag.py:3239} INFO - Sync 1 DAGs
[2024-10-21T05:35:42.558+0000] {logging_mixin.py:190} INFO - [2024-10-21T05:35:42.558+0000] {dag.py:4180} INFO - Setting next_dagrun for example_display_name to None, run_after=None
[2024-10-21T05:35:42.590+0000] {processor.py:208} INFO - Processing /home/airflow/.local/lib/python3.12/site-packages/airflow/example_dags/example_display_name.py took 0.115 seconds
[2024-10-21T05:36:13.423+0000] {processor.py:186} INFO - Started process (PID=1186) to work on /home/airflow/.local/lib/python3.12/site-packages/airflow/example_dags/example_display_name.py
[2024-10-21T05:36:13.425+0000] {processor.py:914} INFO - Processing file /home/airflow/.local/lib/python3.12/site-packages/airflow/example_dags/example_display_name.py for tasks to queue
[2024-10-21T05:36:13.427+0000] {logging_mixin.py:190} INFO - [2024-10-21T05:36:13.427+0000] {dagbag.py:588} INFO - Filling up the DagBag from /home/airflow/.local/lib/python3.12/site-packages/airflow/example_dags/example_display_name.py
[2024-10-21T05:36:13.437+0000] {processor.py:925} INFO - DAG(s) 'example_display_name' retrieved from /home/airflow/.local/lib/python3.12/site-packages/airflow/example_dags/example_display_name.py
[2024-10-21T05:36:13.464+0000] {logging_mixin.py:190} INFO - [2024-10-21T05:36:13.464+0000] {dag.py:3239} INFO - Sync 1 DAGs
[2024-10-21T05:36:13.485+0000] {logging_mixin.py:190} INFO - [2024-10-21T05:36:13.485+0000] {dag.py:4180} INFO - Setting next_dagrun for example_display_name to None, run_after=None
[2024-10-21T05:36:13.513+0000] {processor.py:208} INFO - Processing /home/airflow/.local/lib/python3.12/site-packages/airflow/example_dags/example_display_name.py took 0.098 seconds
[2024-10-21T05:36:43.954+0000] {processor.py:186} INFO - Started process (PID=1248) to work on /home/airflow/.local/lib/python3.12/site-packages/airflow/example_dags/example_display_name.py
[2024-10-21T05:36:43.956+0000] {processor.py:914} INFO - Processing file /home/airflow/.local/lib/python3.12/site-packages/airflow/example_dags/example_display_name.py for tasks to queue
[2024-10-21T05:36:43.957+0000] {logging_mixin.py:190} INFO - [2024-10-21T05:36:43.957+0000] {dagbag.py:588} INFO - Filling up the DagBag from /home/airflow/.local/lib/python3.12/site-packages/airflow/example_dags/example_display_name.py
[2024-10-21T05:36:43.966+0000] {processor.py:925} INFO - DAG(s) 'example_display_name' retrieved from /home/airflow/.local/lib/python3.12/site-packages/airflow/example_dags/example_display_name.py
[2024-10-21T05:36:43.993+0000] {logging_mixin.py:190} INFO - [2024-10-21T05:36:43.993+0000] {dag.py:3239} INFO - Sync 1 DAGs
[2024-10-21T05:36:44.013+0000] {logging_mixin.py:190} INFO - [2024-10-21T05:36:44.012+0000] {dag.py:4180} INFO - Setting next_dagrun for example_display_name to None, run_after=None
[2024-10-21T05:36:44.042+0000] {processor.py:208} INFO - Processing /home/airflow/.local/lib/python3.12/site-packages/airflow/example_dags/example_display_name.py took 0.096 seconds
[2024-10-21T11:55:00.873+0000] {processor.py:186} INFO - Started process (PID=95) to work on /home/airflow/.local/lib/python3.12/site-packages/airflow/example_dags/example_display_name.py
[2024-10-21T11:55:00.889+0000] {processor.py:914} INFO - Processing file /home/airflow/.local/lib/python3.12/site-packages/airflow/example_dags/example_display_name.py for tasks to queue
[2024-10-21T11:55:00.898+0000] {logging_mixin.py:190} INFO - [2024-10-21T11:55:00.891+0000] {dagbag.py:588} INFO - Filling up the DagBag from /home/airflow/.local/lib/python3.12/site-packages/airflow/example_dags/example_display_name.py
[2024-10-21T11:55:01.312+0000] {processor.py:925} INFO - DAG(s) 'example_display_name' retrieved from /home/airflow/.local/lib/python3.12/site-packages/airflow/example_dags/example_display_name.py
[2024-10-21T11:55:01.403+0000] {logging_mixin.py:190} INFO - [2024-10-21T11:55:01.402+0000] {dag.py:3239} INFO - Sync 1 DAGs
[2024-10-21T11:55:01.419+0000] {logging_mixin.py:190} INFO - [2024-10-21T11:55:01.419+0000] {dag.py:4180} INFO - Setting next_dagrun for example_display_name to None, run_after=None
[2024-10-21T11:55:01.465+0000] {processor.py:208} INFO - Processing /home/airflow/.local/lib/python3.12/site-packages/airflow/example_dags/example_display_name.py took 0.597 seconds
