[2024-10-21T03:08:41.766+0000] {processor.py:186} INFO - Started process (PID=330) to work on /home/airflow/.local/lib/python3.12/site-packages/airflow/example_dags/example_bash_decorator.py
[2024-10-21T03:08:41.767+0000] {processor.py:914} INFO - Processing file /home/airflow/.local/lib/python3.12/site-packages/airflow/example_dags/example_bash_decorator.py for tasks to queue
[2024-10-21T03:08:41.770+0000] {logging_mixin.py:190} INFO - [2024-10-21T03:08:41.769+0000] {dagbag.py:588} INFO - Filling up the DagBag from /home/airflow/.local/lib/python3.12/site-packages/airflow/example_dags/example_bash_decorator.py
[2024-10-21T03:08:41.786+0000] {processor.py:925} INFO - DAG(s) 'example_bash_decorator' retrieved from /home/airflow/.local/lib/python3.12/site-packages/airflow/example_dags/example_bash_decorator.py
[2024-10-21T03:08:41.879+0000] {logging_mixin.py:190} INFO - [2024-10-21T03:08:41.878+0000] {override.py:1900} INFO - Created Permission View: can delete on DAG:example_bash_decorator
[2024-10-21T03:08:41.887+0000] {logging_mixin.py:190} INFO - [2024-10-21T03:08:41.887+0000] {override.py:1900} INFO - Created Permission View: can read on DAG:example_bash_decorator
[2024-10-21T03:08:41.895+0000] {logging_mixin.py:190} INFO - [2024-10-21T03:08:41.894+0000] {override.py:1900} INFO - Created Permission View: can edit on DAG:example_bash_decorator
[2024-10-21T03:08:41.904+0000] {logging_mixin.py:190} INFO - [2024-10-21T03:08:41.903+0000] {override.py:1900} INFO - Created Permission View: menu access on DAG Run:example_bash_decorator
[2024-10-21T03:08:41.912+0000] {logging_mixin.py:190} INFO - [2024-10-21T03:08:41.911+0000] {override.py:1900} INFO - Created Permission View: can delete on DAG Run:example_bash_decorator
[2024-10-21T03:08:41.919+0000] {logging_mixin.py:190} INFO - [2024-10-21T03:08:41.918+0000] {override.py:1900} INFO - Created Permission View: can read on DAG Run:example_bash_decorator
[2024-10-21T03:08:41.928+0000] {logging_mixin.py:190} INFO - [2024-10-21T03:08:41.927+0000] {override.py:1900} INFO - Created Permission View: can create on DAG Run:example_bash_decorator
[2024-10-21T03:08:41.928+0000] {logging_mixin.py:190} INFO - [2024-10-21T03:08:41.928+0000] {dag.py:3239} INFO - Sync 1 DAGs
[2024-10-21T03:08:41.939+0000] {logging_mixin.py:190} INFO - [2024-10-21T03:08:41.938+0000] {dag.py:3262} INFO - Creating ORM DAG for example_bash_decorator
[2024-10-21T03:08:41.940+0000] {logging_mixin.py:190} INFO - [2024-10-21T03:08:41.940+0000] {dag.py:4180} INFO - Setting next_dagrun for example_bash_decorator to None, run_after=None
[2024-10-21T03:08:41.956+0000] {processor.py:208} INFO - Processing /home/airflow/.local/lib/python3.12/site-packages/airflow/example_dags/example_bash_decorator.py took 0.197 seconds
[2024-10-21T03:09:12.068+0000] {processor.py:186} INFO - Started process (PID=392) to work on /home/airflow/.local/lib/python3.12/site-packages/airflow/example_dags/example_bash_decorator.py
[2024-10-21T03:09:12.070+0000] {processor.py:914} INFO - Processing file /home/airflow/.local/lib/python3.12/site-packages/airflow/example_dags/example_bash_decorator.py for tasks to queue
[2024-10-21T03:09:12.079+0000] {logging_mixin.py:190} INFO - [2024-10-21T03:09:12.077+0000] {dagbag.py:588} INFO - Filling up the DagBag from /home/airflow/.local/lib/python3.12/site-packages/airflow/example_dags/example_bash_decorator.py
[2024-10-21T03:09:12.125+0000] {processor.py:925} INFO - DAG(s) 'example_bash_decorator' retrieved from /home/airflow/.local/lib/python3.12/site-packages/airflow/example_dags/example_bash_decorator.py
[2024-10-21T03:09:12.225+0000] {logging_mixin.py:190} INFO - [2024-10-21T03:09:12.225+0000] {dag.py:3239} INFO - Sync 1 DAGs
[2024-10-21T03:09:12.258+0000] {logging_mixin.py:190} INFO - [2024-10-21T03:09:12.257+0000] {dag.py:4180} INFO - Setting next_dagrun for example_bash_decorator to None, run_after=None
[2024-10-21T03:09:12.297+0000] {processor.py:208} INFO - Processing /home/airflow/.local/lib/python3.12/site-packages/airflow/example_dags/example_bash_decorator.py took 0.248 seconds
[2024-10-21T03:09:42.632+0000] {processor.py:186} INFO - Started process (PID=454) to work on /home/airflow/.local/lib/python3.12/site-packages/airflow/example_dags/example_bash_decorator.py
[2024-10-21T03:09:42.634+0000] {processor.py:914} INFO - Processing file /home/airflow/.local/lib/python3.12/site-packages/airflow/example_dags/example_bash_decorator.py for tasks to queue
[2024-10-21T03:09:42.636+0000] {logging_mixin.py:190} INFO - [2024-10-21T03:09:42.636+0000] {dagbag.py:588} INFO - Filling up the DagBag from /home/airflow/.local/lib/python3.12/site-packages/airflow/example_dags/example_bash_decorator.py
[2024-10-21T03:09:42.649+0000] {processor.py:925} INFO - DAG(s) 'example_bash_decorator' retrieved from /home/airflow/.local/lib/python3.12/site-packages/airflow/example_dags/example_bash_decorator.py
[2024-10-21T03:09:42.673+0000] {logging_mixin.py:190} INFO - [2024-10-21T03:09:42.672+0000] {dag.py:3239} INFO - Sync 1 DAGs
[2024-10-21T03:09:42.685+0000] {logging_mixin.py:190} INFO - [2024-10-21T03:09:42.685+0000] {dag.py:4180} INFO - Setting next_dagrun for example_bash_decorator to None, run_after=None
[2024-10-21T03:09:42.700+0000] {processor.py:208} INFO - Processing /home/airflow/.local/lib/python3.12/site-packages/airflow/example_dags/example_bash_decorator.py took 0.073 seconds
[2024-10-21T03:10:13.547+0000] {processor.py:186} INFO - Started process (PID=516) to work on /home/airflow/.local/lib/python3.12/site-packages/airflow/example_dags/example_bash_decorator.py
[2024-10-21T03:10:13.556+0000] {processor.py:914} INFO - Processing file /home/airflow/.local/lib/python3.12/site-packages/airflow/example_dags/example_bash_decorator.py for tasks to queue
[2024-10-21T03:10:13.570+0000] {logging_mixin.py:190} INFO - [2024-10-21T03:10:13.568+0000] {dagbag.py:588} INFO - Filling up the DagBag from /home/airflow/.local/lib/python3.12/site-packages/airflow/example_dags/example_bash_decorator.py
[2024-10-21T03:10:13.616+0000] {processor.py:925} INFO - DAG(s) 'example_bash_decorator' retrieved from /home/airflow/.local/lib/python3.12/site-packages/airflow/example_dags/example_bash_decorator.py
[2024-10-21T03:10:13.649+0000] {logging_mixin.py:190} INFO - [2024-10-21T03:10:13.648+0000] {dag.py:3239} INFO - Sync 1 DAGs
[2024-10-21T03:10:13.669+0000] {logging_mixin.py:190} INFO - [2024-10-21T03:10:13.668+0000] {dag.py:4180} INFO - Setting next_dagrun for example_bash_decorator to None, run_after=None
[2024-10-21T03:10:13.702+0000] {processor.py:208} INFO - Processing /home/airflow/.local/lib/python3.12/site-packages/airflow/example_dags/example_bash_decorator.py took 0.168 seconds
[2024-10-21T03:10:44.013+0000] {processor.py:186} INFO - Started process (PID=578) to work on /home/airflow/.local/lib/python3.12/site-packages/airflow/example_dags/example_bash_decorator.py
[2024-10-21T03:10:44.014+0000] {processor.py:914} INFO - Processing file /home/airflow/.local/lib/python3.12/site-packages/airflow/example_dags/example_bash_decorator.py for tasks to queue
[2024-10-21T03:10:44.017+0000] {logging_mixin.py:190} INFO - [2024-10-21T03:10:44.016+0000] {dagbag.py:588} INFO - Filling up the DagBag from /home/airflow/.local/lib/python3.12/site-packages/airflow/example_dags/example_bash_decorator.py
[2024-10-21T03:10:44.031+0000] {processor.py:925} INFO - DAG(s) 'example_bash_decorator' retrieved from /home/airflow/.local/lib/python3.12/site-packages/airflow/example_dags/example_bash_decorator.py
[2024-10-21T03:10:44.057+0000] {logging_mixin.py:190} INFO - [2024-10-21T03:10:44.057+0000] {dag.py:3239} INFO - Sync 1 DAGs
[2024-10-21T03:10:44.071+0000] {logging_mixin.py:190} INFO - [2024-10-21T03:10:44.071+0000] {dag.py:4180} INFO - Setting next_dagrun for example_bash_decorator to None, run_after=None
[2024-10-21T03:10:44.097+0000] {processor.py:208} INFO - Processing /home/airflow/.local/lib/python3.12/site-packages/airflow/example_dags/example_bash_decorator.py took 0.090 seconds
[2024-10-21T03:11:14.424+0000] {processor.py:186} INFO - Started process (PID=640) to work on /home/airflow/.local/lib/python3.12/site-packages/airflow/example_dags/example_bash_decorator.py
[2024-10-21T03:11:14.425+0000] {processor.py:914} INFO - Processing file /home/airflow/.local/lib/python3.12/site-packages/airflow/example_dags/example_bash_decorator.py for tasks to queue
[2024-10-21T03:11:14.427+0000] {logging_mixin.py:190} INFO - [2024-10-21T03:11:14.427+0000] {dagbag.py:588} INFO - Filling up the DagBag from /home/airflow/.local/lib/python3.12/site-packages/airflow/example_dags/example_bash_decorator.py
[2024-10-21T03:11:14.439+0000] {processor.py:925} INFO - DAG(s) 'example_bash_decorator' retrieved from /home/airflow/.local/lib/python3.12/site-packages/airflow/example_dags/example_bash_decorator.py
[2024-10-21T03:11:14.458+0000] {logging_mixin.py:190} INFO - [2024-10-21T03:11:14.458+0000] {dag.py:3239} INFO - Sync 1 DAGs
[2024-10-21T03:11:14.469+0000] {logging_mixin.py:190} INFO - [2024-10-21T03:11:14.468+0000] {dag.py:4180} INFO - Setting next_dagrun for example_bash_decorator to None, run_after=None
[2024-10-21T03:11:14.483+0000] {processor.py:208} INFO - Processing /home/airflow/.local/lib/python3.12/site-packages/airflow/example_dags/example_bash_decorator.py took 0.064 seconds
[2024-10-21T03:11:45.256+0000] {processor.py:186} INFO - Started process (PID=703) to work on /home/airflow/.local/lib/python3.12/site-packages/airflow/example_dags/example_bash_decorator.py
[2024-10-21T03:11:45.257+0000] {processor.py:914} INFO - Processing file /home/airflow/.local/lib/python3.12/site-packages/airflow/example_dags/example_bash_decorator.py for tasks to queue
[2024-10-21T03:11:45.260+0000] {logging_mixin.py:190} INFO - [2024-10-21T03:11:45.260+0000] {dagbag.py:588} INFO - Filling up the DagBag from /home/airflow/.local/lib/python3.12/site-packages/airflow/example_dags/example_bash_decorator.py
[2024-10-21T03:11:45.275+0000] {processor.py:925} INFO - DAG(s) 'example_bash_decorator' retrieved from /home/airflow/.local/lib/python3.12/site-packages/airflow/example_dags/example_bash_decorator.py
[2024-10-21T03:11:45.307+0000] {logging_mixin.py:190} INFO - [2024-10-21T03:11:45.307+0000] {dag.py:3239} INFO - Sync 1 DAGs
[2024-10-21T03:11:45.324+0000] {logging_mixin.py:190} INFO - [2024-10-21T03:11:45.323+0000] {dag.py:4180} INFO - Setting next_dagrun for example_bash_decorator to None, run_after=None
[2024-10-21T03:11:45.352+0000] {processor.py:208} INFO - Processing /home/airflow/.local/lib/python3.12/site-packages/airflow/example_dags/example_bash_decorator.py took 0.102 seconds
[2024-10-21T05:26:32.085+0000] {processor.py:186} INFO - Started process (PID=115) to work on /home/airflow/.local/lib/python3.12/site-packages/airflow/example_dags/example_bash_decorator.py
[2024-10-21T05:26:32.088+0000] {processor.py:914} INFO - Processing file /home/airflow/.local/lib/python3.12/site-packages/airflow/example_dags/example_bash_decorator.py for tasks to queue
[2024-10-21T05:26:32.093+0000] {logging_mixin.py:190} INFO - [2024-10-21T05:26:32.092+0000] {dagbag.py:588} INFO - Filling up the DagBag from /home/airflow/.local/lib/python3.12/site-packages/airflow/example_dags/example_bash_decorator.py
[2024-10-21T05:26:32.126+0000] {processor.py:925} INFO - DAG(s) 'example_bash_decorator' retrieved from /home/airflow/.local/lib/python3.12/site-packages/airflow/example_dags/example_bash_decorator.py
[2024-10-21T05:26:32.329+0000] {logging_mixin.py:190} INFO - [2024-10-21T05:26:32.328+0000] {dag.py:3239} INFO - Sync 1 DAGs
[2024-10-21T05:26:32.349+0000] {logging_mixin.py:190} INFO - [2024-10-21T05:26:32.348+0000] {dag.py:4180} INFO - Setting next_dagrun for example_bash_decorator to None, run_after=None
[2024-10-21T05:26:32.378+0000] {processor.py:208} INFO - Processing /home/airflow/.local/lib/python3.12/site-packages/airflow/example_dags/example_bash_decorator.py took 0.305 seconds
[2024-10-21T05:27:03.308+0000] {processor.py:186} INFO - Started process (PID=177) to work on /home/airflow/.local/lib/python3.12/site-packages/airflow/example_dags/example_bash_decorator.py
[2024-10-21T05:27:03.310+0000] {processor.py:914} INFO - Processing file /home/airflow/.local/lib/python3.12/site-packages/airflow/example_dags/example_bash_decorator.py for tasks to queue
[2024-10-21T05:27:03.314+0000] {logging_mixin.py:190} INFO - [2024-10-21T05:27:03.313+0000] {dagbag.py:588} INFO - Filling up the DagBag from /home/airflow/.local/lib/python3.12/site-packages/airflow/example_dags/example_bash_decorator.py
[2024-10-21T05:27:03.338+0000] {processor.py:925} INFO - DAG(s) 'example_bash_decorator' retrieved from /home/airflow/.local/lib/python3.12/site-packages/airflow/example_dags/example_bash_decorator.py
[2024-10-21T05:27:03.384+0000] {logging_mixin.py:190} INFO - [2024-10-21T05:27:03.383+0000] {dag.py:3239} INFO - Sync 1 DAGs
[2024-10-21T05:27:03.410+0000] {logging_mixin.py:190} INFO - [2024-10-21T05:27:03.409+0000] {dag.py:4180} INFO - Setting next_dagrun for example_bash_decorator to None, run_after=None
[2024-10-21T05:27:03.459+0000] {processor.py:208} INFO - Processing /home/airflow/.local/lib/python3.12/site-packages/airflow/example_dags/example_bash_decorator.py took 0.159 seconds
[2024-10-21T05:27:34.297+0000] {processor.py:186} INFO - Started process (PID=239) to work on /home/airflow/.local/lib/python3.12/site-packages/airflow/example_dags/example_bash_decorator.py
[2024-10-21T05:27:34.298+0000] {processor.py:914} INFO - Processing file /home/airflow/.local/lib/python3.12/site-packages/airflow/example_dags/example_bash_decorator.py for tasks to queue
[2024-10-21T05:27:34.303+0000] {logging_mixin.py:190} INFO - [2024-10-21T05:27:34.303+0000] {dagbag.py:588} INFO - Filling up the DagBag from /home/airflow/.local/lib/python3.12/site-packages/airflow/example_dags/example_bash_decorator.py
[2024-10-21T05:27:34.333+0000] {processor.py:925} INFO - DAG(s) 'example_bash_decorator' retrieved from /home/airflow/.local/lib/python3.12/site-packages/airflow/example_dags/example_bash_decorator.py
[2024-10-21T05:27:34.379+0000] {logging_mixin.py:190} INFO - [2024-10-21T05:27:34.379+0000] {dag.py:3239} INFO - Sync 1 DAGs
[2024-10-21T05:27:34.402+0000] {logging_mixin.py:190} INFO - [2024-10-21T05:27:34.402+0000] {dag.py:4180} INFO - Setting next_dagrun for example_bash_decorator to None, run_after=None
[2024-10-21T05:27:34.434+0000] {processor.py:208} INFO - Processing /home/airflow/.local/lib/python3.12/site-packages/airflow/example_dags/example_bash_decorator.py took 0.149 seconds
[2024-10-21T05:29:05.593+0000] {processor.py:186} INFO - Started process (PID=331) to work on /home/airflow/.local/lib/python3.12/site-packages/airflow/example_dags/example_bash_decorator.py
[2024-10-21T05:29:05.597+0000] {processor.py:914} INFO - Processing file /home/airflow/.local/lib/python3.12/site-packages/airflow/example_dags/example_bash_decorator.py for tasks to queue
[2024-10-21T05:29:05.608+0000] {logging_mixin.py:190} INFO - [2024-10-21T05:29:05.606+0000] {dagbag.py:588} INFO - Filling up the DagBag from /home/airflow/.local/lib/python3.12/site-packages/airflow/example_dags/example_bash_decorator.py
[2024-10-21T05:29:05.656+0000] {processor.py:925} INFO - DAG(s) 'example_bash_decorator' retrieved from /home/airflow/.local/lib/python3.12/site-packages/airflow/example_dags/example_bash_decorator.py
[2024-10-21T05:29:05.720+0000] {logging_mixin.py:190} INFO - [2024-10-21T05:29:05.719+0000] {dag.py:3239} INFO - Sync 1 DAGs
[2024-10-21T05:29:05.764+0000] {logging_mixin.py:190} INFO - [2024-10-21T05:29:05.763+0000] {dag.py:4180} INFO - Setting next_dagrun for example_bash_decorator to None, run_after=None
[2024-10-21T05:29:05.826+0000] {processor.py:208} INFO - Processing /home/airflow/.local/lib/python3.12/site-packages/airflow/example_dags/example_bash_decorator.py took 0.251 seconds
[2024-10-21T05:29:36.622+0000] {processor.py:186} INFO - Started process (PID=393) to work on /home/airflow/.local/lib/python3.12/site-packages/airflow/example_dags/example_bash_decorator.py
[2024-10-21T05:29:36.626+0000] {processor.py:914} INFO - Processing file /home/airflow/.local/lib/python3.12/site-packages/airflow/example_dags/example_bash_decorator.py for tasks to queue
[2024-10-21T05:29:36.631+0000] {logging_mixin.py:190} INFO - [2024-10-21T05:29:36.630+0000] {dagbag.py:588} INFO - Filling up the DagBag from /home/airflow/.local/lib/python3.12/site-packages/airflow/example_dags/example_bash_decorator.py
[2024-10-21T05:29:36.675+0000] {processor.py:925} INFO - DAG(s) 'example_bash_decorator' retrieved from /home/airflow/.local/lib/python3.12/site-packages/airflow/example_dags/example_bash_decorator.py
[2024-10-21T05:29:36.751+0000] {logging_mixin.py:190} INFO - [2024-10-21T05:29:36.751+0000] {dag.py:3239} INFO - Sync 1 DAGs
[2024-10-21T05:29:36.796+0000] {logging_mixin.py:190} INFO - [2024-10-21T05:29:36.795+0000] {dag.py:4180} INFO - Setting next_dagrun for example_bash_decorator to None, run_after=None
[2024-10-21T05:29:36.894+0000] {processor.py:208} INFO - Processing /home/airflow/.local/lib/python3.12/site-packages/airflow/example_dags/example_bash_decorator.py took 0.293 seconds
[2024-10-21T05:30:07.336+0000] {processor.py:186} INFO - Started process (PID=455) to work on /home/airflow/.local/lib/python3.12/site-packages/airflow/example_dags/example_bash_decorator.py
[2024-10-21T05:30:07.337+0000] {processor.py:914} INFO - Processing file /home/airflow/.local/lib/python3.12/site-packages/airflow/example_dags/example_bash_decorator.py for tasks to queue
[2024-10-21T05:30:07.340+0000] {logging_mixin.py:190} INFO - [2024-10-21T05:30:07.339+0000] {dagbag.py:588} INFO - Filling up the DagBag from /home/airflow/.local/lib/python3.12/site-packages/airflow/example_dags/example_bash_decorator.py
[2024-10-21T05:30:07.363+0000] {processor.py:925} INFO - DAG(s) 'example_bash_decorator' retrieved from /home/airflow/.local/lib/python3.12/site-packages/airflow/example_dags/example_bash_decorator.py
[2024-10-21T05:30:07.399+0000] {logging_mixin.py:190} INFO - [2024-10-21T05:30:07.398+0000] {dag.py:3239} INFO - Sync 1 DAGs
[2024-10-21T05:30:07.440+0000] {logging_mixin.py:190} INFO - [2024-10-21T05:30:07.439+0000] {dag.py:4180} INFO - Setting next_dagrun for example_bash_decorator to None, run_after=None
[2024-10-21T05:30:07.473+0000] {processor.py:208} INFO - Processing /home/airflow/.local/lib/python3.12/site-packages/airflow/example_dags/example_bash_decorator.py took 0.146 seconds
[2024-10-21T05:30:37.966+0000] {processor.py:186} INFO - Started process (PID=517) to work on /home/airflow/.local/lib/python3.12/site-packages/airflow/example_dags/example_bash_decorator.py
[2024-10-21T05:30:37.967+0000] {processor.py:914} INFO - Processing file /home/airflow/.local/lib/python3.12/site-packages/airflow/example_dags/example_bash_decorator.py for tasks to queue
[2024-10-21T05:30:37.969+0000] {logging_mixin.py:190} INFO - [2024-10-21T05:30:37.969+0000] {dagbag.py:588} INFO - Filling up the DagBag from /home/airflow/.local/lib/python3.12/site-packages/airflow/example_dags/example_bash_decorator.py
[2024-10-21T05:30:37.993+0000] {processor.py:925} INFO - DAG(s) 'example_bash_decorator' retrieved from /home/airflow/.local/lib/python3.12/site-packages/airflow/example_dags/example_bash_decorator.py
[2024-10-21T05:30:38.031+0000] {logging_mixin.py:190} INFO - [2024-10-21T05:30:38.030+0000] {dag.py:3239} INFO - Sync 1 DAGs
[2024-10-21T05:30:38.057+0000] {logging_mixin.py:190} INFO - [2024-10-21T05:30:38.056+0000] {dag.py:4180} INFO - Setting next_dagrun for example_bash_decorator to None, run_after=None
[2024-10-21T05:30:38.083+0000] {processor.py:208} INFO - Processing /home/airflow/.local/lib/python3.12/site-packages/airflow/example_dags/example_bash_decorator.py took 0.129 seconds
[2024-10-21T05:31:09.280+0000] {processor.py:186} INFO - Started process (PID=579) to work on /home/airflow/.local/lib/python3.12/site-packages/airflow/example_dags/example_bash_decorator.py
[2024-10-21T05:31:09.282+0000] {processor.py:914} INFO - Processing file /home/airflow/.local/lib/python3.12/site-packages/airflow/example_dags/example_bash_decorator.py for tasks to queue
[2024-10-21T05:31:09.284+0000] {logging_mixin.py:190} INFO - [2024-10-21T05:31:09.283+0000] {dagbag.py:588} INFO - Filling up the DagBag from /home/airflow/.local/lib/python3.12/site-packages/airflow/example_dags/example_bash_decorator.py
[2024-10-21T05:31:09.307+0000] {processor.py:925} INFO - DAG(s) 'example_bash_decorator' retrieved from /home/airflow/.local/lib/python3.12/site-packages/airflow/example_dags/example_bash_decorator.py
[2024-10-21T05:31:09.339+0000] {logging_mixin.py:190} INFO - [2024-10-21T05:31:09.339+0000] {dag.py:3239} INFO - Sync 1 DAGs
[2024-10-21T05:31:09.375+0000] {logging_mixin.py:190} INFO - [2024-10-21T05:31:09.374+0000] {dag.py:4180} INFO - Setting next_dagrun for example_bash_decorator to None, run_after=None
[2024-10-21T05:31:09.414+0000] {processor.py:208} INFO - Processing /home/airflow/.local/lib/python3.12/site-packages/airflow/example_dags/example_bash_decorator.py took 0.143 seconds
[2024-10-21T05:31:40.105+0000] {processor.py:186} INFO - Started process (PID=642) to work on /home/airflow/.local/lib/python3.12/site-packages/airflow/example_dags/example_bash_decorator.py
[2024-10-21T05:31:40.107+0000] {processor.py:914} INFO - Processing file /home/airflow/.local/lib/python3.12/site-packages/airflow/example_dags/example_bash_decorator.py for tasks to queue
[2024-10-21T05:31:40.109+0000] {logging_mixin.py:190} INFO - [2024-10-21T05:31:40.108+0000] {dagbag.py:588} INFO - Filling up the DagBag from /home/airflow/.local/lib/python3.12/site-packages/airflow/example_dags/example_bash_decorator.py
[2024-10-21T05:31:40.128+0000] {processor.py:925} INFO - DAG(s) 'example_bash_decorator' retrieved from /home/airflow/.local/lib/python3.12/site-packages/airflow/example_dags/example_bash_decorator.py
[2024-10-21T05:31:40.162+0000] {logging_mixin.py:190} INFO - [2024-10-21T05:31:40.162+0000] {dag.py:3239} INFO - Sync 1 DAGs
[2024-10-21T05:31:40.186+0000] {logging_mixin.py:190} INFO - [2024-10-21T05:31:40.186+0000] {dag.py:4180} INFO - Setting next_dagrun for example_bash_decorator to None, run_after=None
[2024-10-21T05:31:40.213+0000] {processor.py:208} INFO - Processing /home/airflow/.local/lib/python3.12/site-packages/airflow/example_dags/example_bash_decorator.py took 0.115 seconds
[2024-10-21T05:32:10.812+0000] {processor.py:186} INFO - Started process (PID=704) to work on /home/airflow/.local/lib/python3.12/site-packages/airflow/example_dags/example_bash_decorator.py
[2024-10-21T05:32:10.814+0000] {processor.py:914} INFO - Processing file /home/airflow/.local/lib/python3.12/site-packages/airflow/example_dags/example_bash_decorator.py for tasks to queue
[2024-10-21T05:32:10.816+0000] {logging_mixin.py:190} INFO - [2024-10-21T05:32:10.816+0000] {dagbag.py:588} INFO - Filling up the DagBag from /home/airflow/.local/lib/python3.12/site-packages/airflow/example_dags/example_bash_decorator.py
[2024-10-21T05:32:10.839+0000] {processor.py:925} INFO - DAG(s) 'example_bash_decorator' retrieved from /home/airflow/.local/lib/python3.12/site-packages/airflow/example_dags/example_bash_decorator.py
[2024-10-21T05:32:10.879+0000] {logging_mixin.py:190} INFO - [2024-10-21T05:32:10.879+0000] {dag.py:3239} INFO - Sync 1 DAGs
[2024-10-21T05:32:10.902+0000] {logging_mixin.py:190} INFO - [2024-10-21T05:32:10.901+0000] {dag.py:4180} INFO - Setting next_dagrun for example_bash_decorator to None, run_after=None
[2024-10-21T05:32:10.928+0000] {processor.py:208} INFO - Processing /home/airflow/.local/lib/python3.12/site-packages/airflow/example_dags/example_bash_decorator.py took 0.126 seconds
[2024-10-21T05:32:41.331+0000] {processor.py:186} INFO - Started process (PID=766) to work on /home/airflow/.local/lib/python3.12/site-packages/airflow/example_dags/example_bash_decorator.py
[2024-10-21T05:32:41.333+0000] {processor.py:914} INFO - Processing file /home/airflow/.local/lib/python3.12/site-packages/airflow/example_dags/example_bash_decorator.py for tasks to queue
[2024-10-21T05:32:41.335+0000] {logging_mixin.py:190} INFO - [2024-10-21T05:32:41.334+0000] {dagbag.py:588} INFO - Filling up the DagBag from /home/airflow/.local/lib/python3.12/site-packages/airflow/example_dags/example_bash_decorator.py
[2024-10-21T05:32:41.364+0000] {processor.py:925} INFO - DAG(s) 'example_bash_decorator' retrieved from /home/airflow/.local/lib/python3.12/site-packages/airflow/example_dags/example_bash_decorator.py
[2024-10-21T05:32:41.401+0000] {logging_mixin.py:190} INFO - [2024-10-21T05:32:41.400+0000] {dag.py:3239} INFO - Sync 1 DAGs
[2024-10-21T05:32:41.424+0000] {logging_mixin.py:190} INFO - [2024-10-21T05:32:41.424+0000] {dag.py:4180} INFO - Setting next_dagrun for example_bash_decorator to None, run_after=None
[2024-10-21T05:32:41.451+0000] {processor.py:208} INFO - Processing /home/airflow/.local/lib/python3.12/site-packages/airflow/example_dags/example_bash_decorator.py took 0.130 seconds
[2024-10-21T05:33:11.844+0000] {processor.py:186} INFO - Started process (PID=828) to work on /home/airflow/.local/lib/python3.12/site-packages/airflow/example_dags/example_bash_decorator.py
[2024-10-21T05:33:11.845+0000] {processor.py:914} INFO - Processing file /home/airflow/.local/lib/python3.12/site-packages/airflow/example_dags/example_bash_decorator.py for tasks to queue
[2024-10-21T05:33:11.847+0000] {logging_mixin.py:190} INFO - [2024-10-21T05:33:11.847+0000] {dagbag.py:588} INFO - Filling up the DagBag from /home/airflow/.local/lib/python3.12/site-packages/airflow/example_dags/example_bash_decorator.py
[2024-10-21T05:33:11.875+0000] {processor.py:925} INFO - DAG(s) 'example_bash_decorator' retrieved from /home/airflow/.local/lib/python3.12/site-packages/airflow/example_dags/example_bash_decorator.py
[2024-10-21T05:33:11.914+0000] {logging_mixin.py:190} INFO - [2024-10-21T05:33:11.914+0000] {dag.py:3239} INFO - Sync 1 DAGs
[2024-10-21T05:33:11.949+0000] {logging_mixin.py:190} INFO - [2024-10-21T05:33:11.948+0000] {dag.py:4180} INFO - Setting next_dagrun for example_bash_decorator to None, run_after=None
[2024-10-21T05:33:11.996+0000] {processor.py:208} INFO - Processing /home/airflow/.local/lib/python3.12/site-packages/airflow/example_dags/example_bash_decorator.py took 0.161 seconds
[2024-10-21T05:33:42.688+0000] {processor.py:186} INFO - Started process (PID=890) to work on /home/airflow/.local/lib/python3.12/site-packages/airflow/example_dags/example_bash_decorator.py
[2024-10-21T05:33:42.690+0000] {processor.py:914} INFO - Processing file /home/airflow/.local/lib/python3.12/site-packages/airflow/example_dags/example_bash_decorator.py for tasks to queue
[2024-10-21T05:33:42.692+0000] {logging_mixin.py:190} INFO - [2024-10-21T05:33:42.692+0000] {dagbag.py:588} INFO - Filling up the DagBag from /home/airflow/.local/lib/python3.12/site-packages/airflow/example_dags/example_bash_decorator.py
[2024-10-21T05:33:42.724+0000] {processor.py:925} INFO - DAG(s) 'example_bash_decorator' retrieved from /home/airflow/.local/lib/python3.12/site-packages/airflow/example_dags/example_bash_decorator.py
[2024-10-21T05:33:42.801+0000] {logging_mixin.py:190} INFO - [2024-10-21T05:33:42.799+0000] {dag.py:3239} INFO - Sync 1 DAGs
[2024-10-21T05:33:42.840+0000] {logging_mixin.py:190} INFO - [2024-10-21T05:33:42.839+0000] {dag.py:4180} INFO - Setting next_dagrun for example_bash_decorator to None, run_after=None
[2024-10-21T05:33:42.886+0000] {processor.py:208} INFO - Processing /home/airflow/.local/lib/python3.12/site-packages/airflow/example_dags/example_bash_decorator.py took 0.210 seconds
[2024-10-21T05:34:13.296+0000] {processor.py:186} INFO - Started process (PID=952) to work on /home/airflow/.local/lib/python3.12/site-packages/airflow/example_dags/example_bash_decorator.py
[2024-10-21T05:34:13.298+0000] {processor.py:914} INFO - Processing file /home/airflow/.local/lib/python3.12/site-packages/airflow/example_dags/example_bash_decorator.py for tasks to queue
[2024-10-21T05:34:13.301+0000] {logging_mixin.py:190} INFO - [2024-10-21T05:34:13.300+0000] {dagbag.py:588} INFO - Filling up the DagBag from /home/airflow/.local/lib/python3.12/site-packages/airflow/example_dags/example_bash_decorator.py
[2024-10-21T05:34:13.329+0000] {processor.py:925} INFO - DAG(s) 'example_bash_decorator' retrieved from /home/airflow/.local/lib/python3.12/site-packages/airflow/example_dags/example_bash_decorator.py
[2024-10-21T05:34:13.386+0000] {logging_mixin.py:190} INFO - [2024-10-21T05:34:13.386+0000] {dag.py:3239} INFO - Sync 1 DAGs
[2024-10-21T05:34:13.427+0000] {logging_mixin.py:190} INFO - [2024-10-21T05:34:13.426+0000] {dag.py:4180} INFO - Setting next_dagrun for example_bash_decorator to None, run_after=None
[2024-10-21T05:34:13.458+0000] {processor.py:208} INFO - Processing /home/airflow/.local/lib/python3.12/site-packages/airflow/example_dags/example_bash_decorator.py took 0.175 seconds
[2024-10-21T05:34:44.242+0000] {processor.py:186} INFO - Started process (PID=1014) to work on /home/airflow/.local/lib/python3.12/site-packages/airflow/example_dags/example_bash_decorator.py
[2024-10-21T05:34:44.244+0000] {processor.py:914} INFO - Processing file /home/airflow/.local/lib/python3.12/site-packages/airflow/example_dags/example_bash_decorator.py for tasks to queue
[2024-10-21T05:34:44.246+0000] {logging_mixin.py:190} INFO - [2024-10-21T05:34:44.246+0000] {dagbag.py:588} INFO - Filling up the DagBag from /home/airflow/.local/lib/python3.12/site-packages/airflow/example_dags/example_bash_decorator.py
[2024-10-21T05:34:44.265+0000] {processor.py:925} INFO - DAG(s) 'example_bash_decorator' retrieved from /home/airflow/.local/lib/python3.12/site-packages/airflow/example_dags/example_bash_decorator.py
[2024-10-21T05:34:44.301+0000] {logging_mixin.py:190} INFO - [2024-10-21T05:34:44.301+0000] {dag.py:3239} INFO - Sync 1 DAGs
[2024-10-21T05:34:44.320+0000] {logging_mixin.py:190} INFO - [2024-10-21T05:34:44.319+0000] {dag.py:4180} INFO - Setting next_dagrun for example_bash_decorator to None, run_after=None
[2024-10-21T05:34:44.350+0000] {processor.py:208} INFO - Processing /home/airflow/.local/lib/python3.12/site-packages/airflow/example_dags/example_bash_decorator.py took 0.118 seconds
[2024-10-21T05:35:15.163+0000] {processor.py:186} INFO - Started process (PID=1076) to work on /home/airflow/.local/lib/python3.12/site-packages/airflow/example_dags/example_bash_decorator.py
[2024-10-21T05:35:15.165+0000] {processor.py:914} INFO - Processing file /home/airflow/.local/lib/python3.12/site-packages/airflow/example_dags/example_bash_decorator.py for tasks to queue
[2024-10-21T05:35:15.170+0000] {logging_mixin.py:190} INFO - [2024-10-21T05:35:15.168+0000] {dagbag.py:588} INFO - Filling up the DagBag from /home/airflow/.local/lib/python3.12/site-packages/airflow/example_dags/example_bash_decorator.py
[2024-10-21T05:35:15.223+0000] {processor.py:925} INFO - DAG(s) 'example_bash_decorator' retrieved from /home/airflow/.local/lib/python3.12/site-packages/airflow/example_dags/example_bash_decorator.py
[2024-10-21T05:35:15.294+0000] {logging_mixin.py:190} INFO - [2024-10-21T05:35:15.294+0000] {dag.py:3239} INFO - Sync 1 DAGs
[2024-10-21T05:35:15.343+0000] {logging_mixin.py:190} INFO - [2024-10-21T05:35:15.342+0000] {dag.py:4180} INFO - Setting next_dagrun for example_bash_decorator to None, run_after=None
[2024-10-21T05:35:15.385+0000] {processor.py:208} INFO - Processing /home/airflow/.local/lib/python3.12/site-packages/airflow/example_dags/example_bash_decorator.py took 0.232 seconds
[2024-10-21T05:35:45.984+0000] {processor.py:186} INFO - Started process (PID=1138) to work on /home/airflow/.local/lib/python3.12/site-packages/airflow/example_dags/example_bash_decorator.py
[2024-10-21T05:35:45.986+0000] {processor.py:914} INFO - Processing file /home/airflow/.local/lib/python3.12/site-packages/airflow/example_dags/example_bash_decorator.py for tasks to queue
[2024-10-21T05:35:45.988+0000] {logging_mixin.py:190} INFO - [2024-10-21T05:35:45.987+0000] {dagbag.py:588} INFO - Filling up the DagBag from /home/airflow/.local/lib/python3.12/site-packages/airflow/example_dags/example_bash_decorator.py
[2024-10-21T05:35:46.007+0000] {processor.py:925} INFO - DAG(s) 'example_bash_decorator' retrieved from /home/airflow/.local/lib/python3.12/site-packages/airflow/example_dags/example_bash_decorator.py
[2024-10-21T05:35:46.044+0000] {logging_mixin.py:190} INFO - [2024-10-21T05:35:46.043+0000] {dag.py:3239} INFO - Sync 1 DAGs
[2024-10-21T05:35:46.066+0000] {logging_mixin.py:190} INFO - [2024-10-21T05:35:46.066+0000] {dag.py:4180} INFO - Setting next_dagrun for example_bash_decorator to None, run_after=None
[2024-10-21T05:35:46.091+0000] {processor.py:208} INFO - Processing /home/airflow/.local/lib/python3.12/site-packages/airflow/example_dags/example_bash_decorator.py took 0.114 seconds
[2024-10-21T05:36:17.088+0000] {processor.py:186} INFO - Started process (PID=1201) to work on /home/airflow/.local/lib/python3.12/site-packages/airflow/example_dags/example_bash_decorator.py
[2024-10-21T05:36:17.090+0000] {processor.py:914} INFO - Processing file /home/airflow/.local/lib/python3.12/site-packages/airflow/example_dags/example_bash_decorator.py for tasks to queue
[2024-10-21T05:36:17.092+0000] {logging_mixin.py:190} INFO - [2024-10-21T05:36:17.091+0000] {dagbag.py:588} INFO - Filling up the DagBag from /home/airflow/.local/lib/python3.12/site-packages/airflow/example_dags/example_bash_decorator.py
[2024-10-21T05:36:17.114+0000] {processor.py:925} INFO - DAG(s) 'example_bash_decorator' retrieved from /home/airflow/.local/lib/python3.12/site-packages/airflow/example_dags/example_bash_decorator.py
[2024-10-21T05:36:17.148+0000] {logging_mixin.py:190} INFO - [2024-10-21T05:36:17.147+0000] {dag.py:3239} INFO - Sync 1 DAGs
[2024-10-21T05:36:17.171+0000] {logging_mixin.py:190} INFO - [2024-10-21T05:36:17.170+0000] {dag.py:4180} INFO - Setting next_dagrun for example_bash_decorator to None, run_after=None
[2024-10-21T05:36:17.204+0000] {processor.py:208} INFO - Processing /home/airflow/.local/lib/python3.12/site-packages/airflow/example_dags/example_bash_decorator.py took 0.126 seconds
[2024-10-21T05:36:47.341+0000] {processor.py:186} INFO - Started process (PID=1263) to work on /home/airflow/.local/lib/python3.12/site-packages/airflow/example_dags/example_bash_decorator.py
[2024-10-21T05:36:47.343+0000] {processor.py:914} INFO - Processing file /home/airflow/.local/lib/python3.12/site-packages/airflow/example_dags/example_bash_decorator.py for tasks to queue
[2024-10-21T05:36:47.345+0000] {logging_mixin.py:190} INFO - [2024-10-21T05:36:47.345+0000] {dagbag.py:588} INFO - Filling up the DagBag from /home/airflow/.local/lib/python3.12/site-packages/airflow/example_dags/example_bash_decorator.py
[2024-10-21T05:36:47.373+0000] {processor.py:925} INFO - DAG(s) 'example_bash_decorator' retrieved from /home/airflow/.local/lib/python3.12/site-packages/airflow/example_dags/example_bash_decorator.py
[2024-10-21T05:36:47.412+0000] {logging_mixin.py:190} INFO - [2024-10-21T05:36:47.411+0000] {dag.py:3239} INFO - Sync 1 DAGs
[2024-10-21T05:36:47.434+0000] {logging_mixin.py:190} INFO - [2024-10-21T05:36:47.434+0000] {dag.py:4180} INFO - Setting next_dagrun for example_bash_decorator to None, run_after=None
[2024-10-21T05:36:47.464+0000] {processor.py:208} INFO - Processing /home/airflow/.local/lib/python3.12/site-packages/airflow/example_dags/example_bash_decorator.py took 0.134 seconds
[2024-10-21T11:55:03.299+0000] {processor.py:186} INFO - Started process (PID=104) to work on /home/airflow/.local/lib/python3.12/site-packages/airflow/example_dags/example_bash_decorator.py
[2024-10-21T11:55:03.300+0000] {processor.py:914} INFO - Processing file /home/airflow/.local/lib/python3.12/site-packages/airflow/example_dags/example_bash_decorator.py for tasks to queue
[2024-10-21T11:55:03.303+0000] {logging_mixin.py:190} INFO - [2024-10-21T11:55:03.303+0000] {dagbag.py:588} INFO - Filling up the DagBag from /home/airflow/.local/lib/python3.12/site-packages/airflow/example_dags/example_bash_decorator.py
[2024-10-21T11:55:03.322+0000] {processor.py:925} INFO - DAG(s) 'example_bash_decorator' retrieved from /home/airflow/.local/lib/python3.12/site-packages/airflow/example_dags/example_bash_decorator.py
[2024-10-21T11:55:03.505+0000] {logging_mixin.py:190} INFO - [2024-10-21T11:55:03.505+0000] {dag.py:3239} INFO - Sync 1 DAGs
[2024-10-21T11:55:03.529+0000] {logging_mixin.py:190} INFO - [2024-10-21T11:55:03.528+0000] {dag.py:4180} INFO - Setting next_dagrun for example_bash_decorator to None, run_after=None
[2024-10-21T11:55:03.562+0000] {processor.py:208} INFO - Processing /home/airflow/.local/lib/python3.12/site-packages/airflow/example_dags/example_bash_decorator.py took 0.283 seconds
