[2024-10-21T03:08:41.809+0000] {processor.py:186} INFO - Started process (PID=331) to work on /home/airflow/.local/lib/python3.12/site-packages/airflow/example_dags/example_latest_only.py
[2024-10-21T03:08:41.810+0000] {processor.py:914} INFO - Processing file /home/airflow/.local/lib/python3.12/site-packages/airflow/example_dags/example_latest_only.py for tasks to queue
[2024-10-21T03:08:41.812+0000] {logging_mixin.py:190} INFO - [2024-10-21T03:08:41.812+0000] {dagbag.py:588} INFO - Filling up the DagBag from /home/airflow/.local/lib/python3.12/site-packages/airflow/example_dags/example_latest_only.py
[2024-10-21T03:08:41.819+0000] {processor.py:925} INFO - DAG(s) 'latest_only' retrieved from /home/airflow/.local/lib/python3.12/site-packages/airflow/example_dags/example_latest_only.py
[2024-10-21T03:08:41.910+0000] {logging_mixin.py:190} INFO - [2024-10-21T03:08:41.909+0000] {override.py:1900} INFO - Created Permission View: can delete on DAG:latest_only
[2024-10-21T03:08:41.921+0000] {logging_mixin.py:190} INFO - [2024-10-21T03:08:41.921+0000] {override.py:1900} INFO - Created Permission View: can read on DAG:latest_only
[2024-10-21T03:08:41.931+0000] {logging_mixin.py:190} INFO - [2024-10-21T03:08:41.931+0000] {override.py:1900} INFO - Created Permission View: can edit on DAG:latest_only
[2024-10-21T03:08:41.942+0000] {logging_mixin.py:190} INFO - [2024-10-21T03:08:41.942+0000] {override.py:1900} INFO - Created Permission View: menu access on DAG Run:latest_only
[2024-10-21T03:08:41.953+0000] {logging_mixin.py:190} INFO - [2024-10-21T03:08:41.952+0000] {override.py:1900} INFO - Created Permission View: can delete on DAG Run:latest_only
[2024-10-21T03:08:41.960+0000] {logging_mixin.py:190} INFO - [2024-10-21T03:08:41.960+0000] {override.py:1900} INFO - Created Permission View: can read on DAG Run:latest_only
[2024-10-21T03:08:41.971+0000] {logging_mixin.py:190} INFO - [2024-10-21T03:08:41.970+0000] {override.py:1900} INFO - Created Permission View: can create on DAG Run:latest_only
[2024-10-21T03:08:41.971+0000] {logging_mixin.py:190} INFO - [2024-10-21T03:08:41.971+0000] {dag.py:3239} INFO - Sync 1 DAGs
[2024-10-21T03:08:41.982+0000] {logging_mixin.py:190} INFO - [2024-10-21T03:08:41.982+0000] {dag.py:3262} INFO - Creating ORM DAG for latest_only
[2024-10-21T03:08:41.990+0000] {logging_mixin.py:190} INFO - [2024-10-21T03:08:41.990+0000] {dag.py:4180} INFO - Setting next_dagrun for latest_only to 2024-10-20 20:00:00+00:00, run_after=2024-10-21 00:00:00+00:00
[2024-10-21T03:08:42.008+0000] {processor.py:208} INFO - Processing /home/airflow/.local/lib/python3.12/site-packages/airflow/example_dags/example_latest_only.py took 0.204 seconds
[2024-10-21T03:09:12.320+0000] {processor.py:186} INFO - Started process (PID=393) to work on /home/airflow/.local/lib/python3.12/site-packages/airflow/example_dags/example_latest_only.py
[2024-10-21T03:09:12.321+0000] {processor.py:914} INFO - Processing file /home/airflow/.local/lib/python3.12/site-packages/airflow/example_dags/example_latest_only.py for tasks to queue
[2024-10-21T03:09:12.324+0000] {logging_mixin.py:190} INFO - [2024-10-21T03:09:12.324+0000] {dagbag.py:588} INFO - Filling up the DagBag from /home/airflow/.local/lib/python3.12/site-packages/airflow/example_dags/example_latest_only.py
[2024-10-21T03:09:12.333+0000] {processor.py:925} INFO - DAG(s) 'latest_only' retrieved from /home/airflow/.local/lib/python3.12/site-packages/airflow/example_dags/example_latest_only.py
[2024-10-21T03:09:12.364+0000] {logging_mixin.py:190} INFO - [2024-10-21T03:09:12.364+0000] {dag.py:3239} INFO - Sync 1 DAGs
[2024-10-21T03:09:12.408+0000] {logging_mixin.py:190} INFO - [2024-10-21T03:09:12.407+0000] {dag.py:4180} INFO - Setting next_dagrun for latest_only to 2024-10-20 20:00:00+00:00, run_after=2024-10-21 00:00:00+00:00
[2024-10-21T03:09:12.436+0000] {processor.py:208} INFO - Processing /home/airflow/.local/lib/python3.12/site-packages/airflow/example_dags/example_latest_only.py took 0.125 seconds
[2024-10-21T03:09:42.735+0000] {processor.py:186} INFO - Started process (PID=455) to work on /home/airflow/.local/lib/python3.12/site-packages/airflow/example_dags/example_latest_only.py
[2024-10-21T03:09:42.737+0000] {processor.py:914} INFO - Processing file /home/airflow/.local/lib/python3.12/site-packages/airflow/example_dags/example_latest_only.py for tasks to queue
[2024-10-21T03:09:42.739+0000] {logging_mixin.py:190} INFO - [2024-10-21T03:09:42.739+0000] {dagbag.py:588} INFO - Filling up the DagBag from /home/airflow/.local/lib/python3.12/site-packages/airflow/example_dags/example_latest_only.py
[2024-10-21T03:09:42.747+0000] {processor.py:925} INFO - DAG(s) 'latest_only' retrieved from /home/airflow/.local/lib/python3.12/site-packages/airflow/example_dags/example_latest_only.py
[2024-10-21T03:09:42.764+0000] {logging_mixin.py:190} INFO - [2024-10-21T03:09:42.764+0000] {dag.py:3239} INFO - Sync 1 DAGs
[2024-10-21T03:09:42.790+0000] {logging_mixin.py:190} INFO - [2024-10-21T03:09:42.789+0000] {dag.py:4180} INFO - Setting next_dagrun for latest_only to 2024-10-20 20:00:00+00:00, run_after=2024-10-21 00:00:00+00:00
[2024-10-21T03:09:42.817+0000] {processor.py:208} INFO - Processing /home/airflow/.local/lib/python3.12/site-packages/airflow/example_dags/example_latest_only.py took 0.087 seconds
[2024-10-21T03:10:13.613+0000] {processor.py:186} INFO - Started process (PID=517) to work on /home/airflow/.local/lib/python3.12/site-packages/airflow/example_dags/example_latest_only.py
[2024-10-21T03:10:13.617+0000] {processor.py:914} INFO - Processing file /home/airflow/.local/lib/python3.12/site-packages/airflow/example_dags/example_latest_only.py for tasks to queue
[2024-10-21T03:10:13.621+0000] {logging_mixin.py:190} INFO - [2024-10-21T03:10:13.620+0000] {dagbag.py:588} INFO - Filling up the DagBag from /home/airflow/.local/lib/python3.12/site-packages/airflow/example_dags/example_latest_only.py
[2024-10-21T03:10:13.632+0000] {processor.py:925} INFO - DAG(s) 'latest_only' retrieved from /home/airflow/.local/lib/python3.12/site-packages/airflow/example_dags/example_latest_only.py
[2024-10-21T03:10:13.660+0000] {logging_mixin.py:190} INFO - [2024-10-21T03:10:13.660+0000] {dag.py:3239} INFO - Sync 1 DAGs
[2024-10-21T03:10:13.693+0000] {logging_mixin.py:190} INFO - [2024-10-21T03:10:13.693+0000] {dag.py:4180} INFO - Setting next_dagrun for latest_only to 2024-10-20 20:00:00+00:00, run_after=2024-10-21 00:00:00+00:00
[2024-10-21T03:10:13.723+0000] {processor.py:208} INFO - Processing /home/airflow/.local/lib/python3.12/site-packages/airflow/example_dags/example_latest_only.py took 0.124 seconds
[2024-10-21T03:10:44.029+0000] {processor.py:186} INFO - Started process (PID=579) to work on /home/airflow/.local/lib/python3.12/site-packages/airflow/example_dags/example_latest_only.py
[2024-10-21T03:10:44.030+0000] {processor.py:914} INFO - Processing file /home/airflow/.local/lib/python3.12/site-packages/airflow/example_dags/example_latest_only.py for tasks to queue
[2024-10-21T03:10:44.033+0000] {logging_mixin.py:190} INFO - [2024-10-21T03:10:44.032+0000] {dagbag.py:588} INFO - Filling up the DagBag from /home/airflow/.local/lib/python3.12/site-packages/airflow/example_dags/example_latest_only.py
[2024-10-21T03:10:44.041+0000] {processor.py:925} INFO - DAG(s) 'latest_only' retrieved from /home/airflow/.local/lib/python3.12/site-packages/airflow/example_dags/example_latest_only.py
[2024-10-21T03:10:44.060+0000] {logging_mixin.py:190} INFO - [2024-10-21T03:10:44.060+0000] {dag.py:3239} INFO - Sync 1 DAGs
[2024-10-21T03:10:44.087+0000] {logging_mixin.py:190} INFO - [2024-10-21T03:10:44.087+0000] {dag.py:4180} INFO - Setting next_dagrun for latest_only to 2024-10-20 20:00:00+00:00, run_after=2024-10-21 00:00:00+00:00
[2024-10-21T03:10:44.109+0000] {processor.py:208} INFO - Processing /home/airflow/.local/lib/python3.12/site-packages/airflow/example_dags/example_latest_only.py took 0.086 seconds
[2024-10-21T03:11:14.513+0000] {processor.py:186} INFO - Started process (PID=641) to work on /home/airflow/.local/lib/python3.12/site-packages/airflow/example_dags/example_latest_only.py
[2024-10-21T03:11:14.514+0000] {processor.py:914} INFO - Processing file /home/airflow/.local/lib/python3.12/site-packages/airflow/example_dags/example_latest_only.py for tasks to queue
[2024-10-21T03:11:14.516+0000] {logging_mixin.py:190} INFO - [2024-10-21T03:11:14.516+0000] {dagbag.py:588} INFO - Filling up the DagBag from /home/airflow/.local/lib/python3.12/site-packages/airflow/example_dags/example_latest_only.py
[2024-10-21T03:11:14.523+0000] {processor.py:925} INFO - DAG(s) 'latest_only' retrieved from /home/airflow/.local/lib/python3.12/site-packages/airflow/example_dags/example_latest_only.py
[2024-10-21T03:11:14.538+0000] {logging_mixin.py:190} INFO - [2024-10-21T03:11:14.538+0000] {dag.py:3239} INFO - Sync 1 DAGs
[2024-10-21T03:11:14.554+0000] {logging_mixin.py:190} INFO - [2024-10-21T03:11:14.553+0000] {dag.py:4180} INFO - Setting next_dagrun for latest_only to 2024-10-20 20:00:00+00:00, run_after=2024-10-21 00:00:00+00:00
[2024-10-21T03:11:14.568+0000] {processor.py:208} INFO - Processing /home/airflow/.local/lib/python3.12/site-packages/airflow/example_dags/example_latest_only.py took 0.060 seconds
[2024-10-21T03:11:45.337+0000] {processor.py:186} INFO - Started process (PID=704) to work on /home/airflow/.local/lib/python3.12/site-packages/airflow/example_dags/example_latest_only.py
[2024-10-21T03:11:45.339+0000] {processor.py:914} INFO - Processing file /home/airflow/.local/lib/python3.12/site-packages/airflow/example_dags/example_latest_only.py for tasks to queue
[2024-10-21T03:11:45.343+0000] {logging_mixin.py:190} INFO - [2024-10-21T03:11:45.343+0000] {dagbag.py:588} INFO - Filling up the DagBag from /home/airflow/.local/lib/python3.12/site-packages/airflow/example_dags/example_latest_only.py
[2024-10-21T03:11:45.361+0000] {processor.py:925} INFO - DAG(s) 'latest_only' retrieved from /home/airflow/.local/lib/python3.12/site-packages/airflow/example_dags/example_latest_only.py
[2024-10-21T03:11:45.396+0000] {logging_mixin.py:190} INFO - [2024-10-21T03:11:45.396+0000] {dag.py:3239} INFO - Sync 1 DAGs
[2024-10-21T03:11:45.442+0000] {logging_mixin.py:190} INFO - [2024-10-21T03:11:45.441+0000] {dag.py:4180} INFO - Setting next_dagrun for latest_only to 2024-10-20 20:00:00+00:00, run_after=2024-10-21 00:00:00+00:00
[2024-10-21T03:11:45.481+0000] {processor.py:208} INFO - Processing /home/airflow/.local/lib/python3.12/site-packages/airflow/example_dags/example_latest_only.py took 0.152 seconds
[2024-10-21T05:26:32.167+0000] {processor.py:186} INFO - Started process (PID=116) to work on /home/airflow/.local/lib/python3.12/site-packages/airflow/example_dags/example_latest_only.py
[2024-10-21T05:26:32.169+0000] {processor.py:914} INFO - Processing file /home/airflow/.local/lib/python3.12/site-packages/airflow/example_dags/example_latest_only.py for tasks to queue
[2024-10-21T05:26:32.173+0000] {logging_mixin.py:190} INFO - [2024-10-21T05:26:32.172+0000] {dagbag.py:588} INFO - Filling up the DagBag from /home/airflow/.local/lib/python3.12/site-packages/airflow/example_dags/example_latest_only.py
[2024-10-21T05:26:32.186+0000] {processor.py:925} INFO - DAG(s) 'latest_only' retrieved from /home/airflow/.local/lib/python3.12/site-packages/airflow/example_dags/example_latest_only.py
[2024-10-21T05:26:32.221+0000] {logging_mixin.py:190} INFO - [2024-10-21T05:26:32.220+0000] {dag.py:3239} INFO - Sync 1 DAGs
[2024-10-21T05:26:32.264+0000] {logging_mixin.py:190} INFO - [2024-10-21T05:26:32.264+0000] {dag.py:4180} INFO - Setting next_dagrun for latest_only to 2024-10-21 00:00:00+00:00, run_after=2024-10-21 04:00:00+00:00
[2024-10-21T05:26:32.302+0000] {processor.py:208} INFO - Processing /home/airflow/.local/lib/python3.12/site-packages/airflow/example_dags/example_latest_only.py took 0.144 seconds
[2024-10-21T05:27:03.330+0000] {processor.py:186} INFO - Started process (PID=178) to work on /home/airflow/.local/lib/python3.12/site-packages/airflow/example_dags/example_latest_only.py
[2024-10-21T05:27:03.331+0000] {processor.py:914} INFO - Processing file /home/airflow/.local/lib/python3.12/site-packages/airflow/example_dags/example_latest_only.py for tasks to queue
[2024-10-21T05:27:03.335+0000] {logging_mixin.py:190} INFO - [2024-10-21T05:27:03.335+0000] {dagbag.py:588} INFO - Filling up the DagBag from /home/airflow/.local/lib/python3.12/site-packages/airflow/example_dags/example_latest_only.py
[2024-10-21T05:27:03.349+0000] {processor.py:925} INFO - DAG(s) 'latest_only' retrieved from /home/airflow/.local/lib/python3.12/site-packages/airflow/example_dags/example_latest_only.py
[2024-10-21T05:27:03.388+0000] {logging_mixin.py:190} INFO - [2024-10-21T05:27:03.387+0000] {dag.py:3239} INFO - Sync 1 DAGs
[2024-10-21T05:27:03.437+0000] {logging_mixin.py:190} INFO - [2024-10-21T05:27:03.436+0000] {dag.py:4180} INFO - Setting next_dagrun for latest_only to 2024-10-21 00:00:00+00:00, run_after=2024-10-21 04:00:00+00:00
[2024-10-21T05:27:03.485+0000] {processor.py:208} INFO - Processing /home/airflow/.local/lib/python3.12/site-packages/airflow/example_dags/example_latest_only.py took 0.163 seconds
[2024-10-21T05:27:34.394+0000] {processor.py:186} INFO - Started process (PID=240) to work on /home/airflow/.local/lib/python3.12/site-packages/airflow/example_dags/example_latest_only.py
[2024-10-21T05:27:34.397+0000] {processor.py:914} INFO - Processing file /home/airflow/.local/lib/python3.12/site-packages/airflow/example_dags/example_latest_only.py for tasks to queue
[2024-10-21T05:27:34.402+0000] {logging_mixin.py:190} INFO - [2024-10-21T05:27:34.401+0000] {dagbag.py:588} INFO - Filling up the DagBag from /home/airflow/.local/lib/python3.12/site-packages/airflow/example_dags/example_latest_only.py
[2024-10-21T05:27:34.417+0000] {processor.py:925} INFO - DAG(s) 'latest_only' retrieved from /home/airflow/.local/lib/python3.12/site-packages/airflow/example_dags/example_latest_only.py
[2024-10-21T05:27:34.451+0000] {logging_mixin.py:190} INFO - [2024-10-21T05:27:34.451+0000] {dag.py:3239} INFO - Sync 1 DAGs
[2024-10-21T05:27:34.499+0000] {logging_mixin.py:190} INFO - [2024-10-21T05:27:34.498+0000] {dag.py:4180} INFO - Setting next_dagrun for latest_only to 2024-10-21 00:00:00+00:00, run_after=2024-10-21 04:00:00+00:00
[2024-10-21T05:27:34.537+0000] {processor.py:208} INFO - Processing /home/airflow/.local/lib/python3.12/site-packages/airflow/example_dags/example_latest_only.py took 0.156 seconds
[2024-10-21T05:29:05.847+0000] {processor.py:186} INFO - Started process (PID=332) to work on /home/airflow/.local/lib/python3.12/site-packages/airflow/example_dags/example_latest_only.py
[2024-10-21T05:29:05.855+0000] {processor.py:914} INFO - Processing file /home/airflow/.local/lib/python3.12/site-packages/airflow/example_dags/example_latest_only.py for tasks to queue
[2024-10-21T05:29:05.862+0000] {logging_mixin.py:190} INFO - [2024-10-21T05:29:05.860+0000] {dagbag.py:588} INFO - Filling up the DagBag from /home/airflow/.local/lib/python3.12/site-packages/airflow/example_dags/example_latest_only.py
[2024-10-21T05:29:05.890+0000] {processor.py:925} INFO - DAG(s) 'latest_only' retrieved from /home/airflow/.local/lib/python3.12/site-packages/airflow/example_dags/example_latest_only.py
[2024-10-21T05:29:05.946+0000] {logging_mixin.py:190} INFO - [2024-10-21T05:29:05.945+0000] {dag.py:3239} INFO - Sync 1 DAGs
[2024-10-21T05:29:06.003+0000] {logging_mixin.py:190} INFO - [2024-10-21T05:29:06.002+0000] {dag.py:4180} INFO - Setting next_dagrun for latest_only to 2024-10-21 00:00:00+00:00, run_after=2024-10-21 04:00:00+00:00
[2024-10-21T05:29:06.054+0000] {processor.py:208} INFO - Processing /home/airflow/.local/lib/python3.12/site-packages/airflow/example_dags/example_latest_only.py took 0.226 seconds
[2024-10-21T05:29:36.973+0000] {processor.py:186} INFO - Started process (PID=394) to work on /home/airflow/.local/lib/python3.12/site-packages/airflow/example_dags/example_latest_only.py
[2024-10-21T05:29:36.975+0000] {processor.py:914} INFO - Processing file /home/airflow/.local/lib/python3.12/site-packages/airflow/example_dags/example_latest_only.py for tasks to queue
[2024-10-21T05:29:36.979+0000] {logging_mixin.py:190} INFO - [2024-10-21T05:29:36.978+0000] {dagbag.py:588} INFO - Filling up the DagBag from /home/airflow/.local/lib/python3.12/site-packages/airflow/example_dags/example_latest_only.py
[2024-10-21T05:29:36.998+0000] {processor.py:925} INFO - DAG(s) 'latest_only' retrieved from /home/airflow/.local/lib/python3.12/site-packages/airflow/example_dags/example_latest_only.py
[2024-10-21T05:29:37.025+0000] {logging_mixin.py:190} INFO - [2024-10-21T05:29:37.025+0000] {dag.py:3239} INFO - Sync 1 DAGs
[2024-10-21T05:29:37.057+0000] {logging_mixin.py:190} INFO - [2024-10-21T05:29:37.056+0000] {dag.py:4180} INFO - Setting next_dagrun for latest_only to 2024-10-21 00:00:00+00:00, run_after=2024-10-21 04:00:00+00:00
[2024-10-21T05:29:37.104+0000] {processor.py:208} INFO - Processing /home/airflow/.local/lib/python3.12/site-packages/airflow/example_dags/example_latest_only.py took 0.147 seconds
[2024-10-21T05:30:07.514+0000] {processor.py:186} INFO - Started process (PID=456) to work on /home/airflow/.local/lib/python3.12/site-packages/airflow/example_dags/example_latest_only.py
[2024-10-21T05:30:07.516+0000] {processor.py:914} INFO - Processing file /home/airflow/.local/lib/python3.12/site-packages/airflow/example_dags/example_latest_only.py for tasks to queue
[2024-10-21T05:30:07.518+0000] {logging_mixin.py:190} INFO - [2024-10-21T05:30:07.518+0000] {dagbag.py:588} INFO - Filling up the DagBag from /home/airflow/.local/lib/python3.12/site-packages/airflow/example_dags/example_latest_only.py
[2024-10-21T05:30:07.534+0000] {processor.py:925} INFO - DAG(s) 'latest_only' retrieved from /home/airflow/.local/lib/python3.12/site-packages/airflow/example_dags/example_latest_only.py
[2024-10-21T05:30:07.569+0000] {logging_mixin.py:190} INFO - [2024-10-21T05:30:07.568+0000] {dag.py:3239} INFO - Sync 1 DAGs
[2024-10-21T05:30:07.614+0000] {logging_mixin.py:190} INFO - [2024-10-21T05:30:07.614+0000] {dag.py:4180} INFO - Setting next_dagrun for latest_only to 2024-10-21 00:00:00+00:00, run_after=2024-10-21 04:00:00+00:00
[2024-10-21T05:30:07.651+0000] {processor.py:208} INFO - Processing /home/airflow/.local/lib/python3.12/site-packages/airflow/example_dags/example_latest_only.py took 0.146 seconds
[2024-10-21T05:30:38.138+0000] {processor.py:186} INFO - Started process (PID=518) to work on /home/airflow/.local/lib/python3.12/site-packages/airflow/example_dags/example_latest_only.py
[2024-10-21T05:30:38.139+0000] {processor.py:914} INFO - Processing file /home/airflow/.local/lib/python3.12/site-packages/airflow/example_dags/example_latest_only.py for tasks to queue
[2024-10-21T05:30:38.142+0000] {logging_mixin.py:190} INFO - [2024-10-21T05:30:38.141+0000] {dagbag.py:588} INFO - Filling up the DagBag from /home/airflow/.local/lib/python3.12/site-packages/airflow/example_dags/example_latest_only.py
[2024-10-21T05:30:38.153+0000] {processor.py:925} INFO - DAG(s) 'latest_only' retrieved from /home/airflow/.local/lib/python3.12/site-packages/airflow/example_dags/example_latest_only.py
[2024-10-21T05:30:38.179+0000] {logging_mixin.py:190} INFO - [2024-10-21T05:30:38.179+0000] {dag.py:3239} INFO - Sync 1 DAGs
[2024-10-21T05:30:38.213+0000] {logging_mixin.py:190} INFO - [2024-10-21T05:30:38.213+0000] {dag.py:4180} INFO - Setting next_dagrun for latest_only to 2024-10-21 00:00:00+00:00, run_after=2024-10-21 04:00:00+00:00
[2024-10-21T05:30:38.239+0000] {processor.py:208} INFO - Processing /home/airflow/.local/lib/python3.12/site-packages/airflow/example_dags/example_latest_only.py took 0.111 seconds
[2024-10-21T05:31:09.333+0000] {processor.py:186} INFO - Started process (PID=580) to work on /home/airflow/.local/lib/python3.12/site-packages/airflow/example_dags/example_latest_only.py
[2024-10-21T05:31:09.334+0000] {processor.py:914} INFO - Processing file /home/airflow/.local/lib/python3.12/site-packages/airflow/example_dags/example_latest_only.py for tasks to queue
[2024-10-21T05:31:09.336+0000] {logging_mixin.py:190} INFO - [2024-10-21T05:31:09.336+0000] {dagbag.py:588} INFO - Filling up the DagBag from /home/airflow/.local/lib/python3.12/site-packages/airflow/example_dags/example_latest_only.py
[2024-10-21T05:31:09.348+0000] {processor.py:925} INFO - DAG(s) 'latest_only' retrieved from /home/airflow/.local/lib/python3.12/site-packages/airflow/example_dags/example_latest_only.py
[2024-10-21T05:31:09.390+0000] {logging_mixin.py:190} INFO - [2024-10-21T05:31:09.389+0000] {dag.py:3239} INFO - Sync 1 DAGs
[2024-10-21T05:31:09.438+0000] {logging_mixin.py:190} INFO - [2024-10-21T05:31:09.438+0000] {dag.py:4180} INFO - Setting next_dagrun for latest_only to 2024-10-21 00:00:00+00:00, run_after=2024-10-21 04:00:00+00:00
[2024-10-21T05:31:09.466+0000] {processor.py:208} INFO - Processing /home/airflow/.local/lib/python3.12/site-packages/airflow/example_dags/example_latest_only.py took 0.143 seconds
[2024-10-21T05:31:40.169+0000] {processor.py:186} INFO - Started process (PID=643) to work on /home/airflow/.local/lib/python3.12/site-packages/airflow/example_dags/example_latest_only.py
[2024-10-21T05:31:40.171+0000] {processor.py:914} INFO - Processing file /home/airflow/.local/lib/python3.12/site-packages/airflow/example_dags/example_latest_only.py for tasks to queue
[2024-10-21T05:31:40.174+0000] {logging_mixin.py:190} INFO - [2024-10-21T05:31:40.173+0000] {dagbag.py:588} INFO - Filling up the DagBag from /home/airflow/.local/lib/python3.12/site-packages/airflow/example_dags/example_latest_only.py
[2024-10-21T05:31:40.183+0000] {processor.py:925} INFO - DAG(s) 'latest_only' retrieved from /home/airflow/.local/lib/python3.12/site-packages/airflow/example_dags/example_latest_only.py
[2024-10-21T05:31:40.211+0000] {logging_mixin.py:190} INFO - [2024-10-21T05:31:40.211+0000] {dag.py:3239} INFO - Sync 1 DAGs
[2024-10-21T05:31:40.245+0000] {logging_mixin.py:190} INFO - [2024-10-21T05:31:40.244+0000] {dag.py:4180} INFO - Setting next_dagrun for latest_only to 2024-10-21 00:00:00+00:00, run_after=2024-10-21 04:00:00+00:00
[2024-10-21T05:31:40.278+0000] {processor.py:208} INFO - Processing /home/airflow/.local/lib/python3.12/site-packages/airflow/example_dags/example_latest_only.py took 0.117 seconds
[2024-10-21T05:32:10.891+0000] {processor.py:186} INFO - Started process (PID=705) to work on /home/airflow/.local/lib/python3.12/site-packages/airflow/example_dags/example_latest_only.py
[2024-10-21T05:32:10.893+0000] {processor.py:914} INFO - Processing file /home/airflow/.local/lib/python3.12/site-packages/airflow/example_dags/example_latest_only.py for tasks to queue
[2024-10-21T05:32:10.895+0000] {logging_mixin.py:190} INFO - [2024-10-21T05:32:10.895+0000] {dagbag.py:588} INFO - Filling up the DagBag from /home/airflow/.local/lib/python3.12/site-packages/airflow/example_dags/example_latest_only.py
[2024-10-21T05:32:10.908+0000] {processor.py:925} INFO - DAG(s) 'latest_only' retrieved from /home/airflow/.local/lib/python3.12/site-packages/airflow/example_dags/example_latest_only.py
[2024-10-21T05:32:10.937+0000] {logging_mixin.py:190} INFO - [2024-10-21T05:32:10.937+0000] {dag.py:3239} INFO - Sync 1 DAGs
[2024-10-21T05:32:10.974+0000] {logging_mixin.py:190} INFO - [2024-10-21T05:32:10.974+0000] {dag.py:4180} INFO - Setting next_dagrun for latest_only to 2024-10-21 00:00:00+00:00, run_after=2024-10-21 04:00:00+00:00
[2024-10-21T05:32:11.004+0000] {processor.py:208} INFO - Processing /home/airflow/.local/lib/python3.12/site-packages/airflow/example_dags/example_latest_only.py took 0.122 seconds
[2024-10-21T05:32:41.406+0000] {processor.py:186} INFO - Started process (PID=767) to work on /home/airflow/.local/lib/python3.12/site-packages/airflow/example_dags/example_latest_only.py
[2024-10-21T05:32:41.408+0000] {processor.py:914} INFO - Processing file /home/airflow/.local/lib/python3.12/site-packages/airflow/example_dags/example_latest_only.py for tasks to queue
[2024-10-21T05:32:41.410+0000] {logging_mixin.py:190} INFO - [2024-10-21T05:32:41.409+0000] {dagbag.py:588} INFO - Filling up the DagBag from /home/airflow/.local/lib/python3.12/site-packages/airflow/example_dags/example_latest_only.py
[2024-10-21T05:32:41.423+0000] {processor.py:925} INFO - DAG(s) 'latest_only' retrieved from /home/airflow/.local/lib/python3.12/site-packages/airflow/example_dags/example_latest_only.py
[2024-10-21T05:32:41.453+0000] {logging_mixin.py:190} INFO - [2024-10-21T05:32:41.452+0000] {dag.py:3239} INFO - Sync 1 DAGs
[2024-10-21T05:32:41.487+0000] {logging_mixin.py:190} INFO - [2024-10-21T05:32:41.487+0000] {dag.py:4180} INFO - Setting next_dagrun for latest_only to 2024-10-21 00:00:00+00:00, run_after=2024-10-21 04:00:00+00:00
[2024-10-21T05:32:41.514+0000] {processor.py:208} INFO - Processing /home/airflow/.local/lib/python3.12/site-packages/airflow/example_dags/example_latest_only.py took 0.117 seconds
[2024-10-21T05:33:11.974+0000] {processor.py:186} INFO - Started process (PID=829) to work on /home/airflow/.local/lib/python3.12/site-packages/airflow/example_dags/example_latest_only.py
[2024-10-21T05:33:11.977+0000] {processor.py:914} INFO - Processing file /home/airflow/.local/lib/python3.12/site-packages/airflow/example_dags/example_latest_only.py for tasks to queue
[2024-10-21T05:33:11.980+0000] {logging_mixin.py:190} INFO - [2024-10-21T05:33:11.979+0000] {dagbag.py:588} INFO - Filling up the DagBag from /home/airflow/.local/lib/python3.12/site-packages/airflow/example_dags/example_latest_only.py
[2024-10-21T05:33:12.001+0000] {processor.py:925} INFO - DAG(s) 'latest_only' retrieved from /home/airflow/.local/lib/python3.12/site-packages/airflow/example_dags/example_latest_only.py
[2024-10-21T05:33:12.049+0000] {logging_mixin.py:190} INFO - [2024-10-21T05:33:12.048+0000] {dag.py:3239} INFO - Sync 1 DAGs
[2024-10-21T05:33:12.097+0000] {logging_mixin.py:190} INFO - [2024-10-21T05:33:12.097+0000] {dag.py:4180} INFO - Setting next_dagrun for latest_only to 2024-10-21 00:00:00+00:00, run_after=2024-10-21 04:00:00+00:00
[2024-10-21T05:33:12.123+0000] {processor.py:208} INFO - Processing /home/airflow/.local/lib/python3.12/site-packages/airflow/example_dags/example_latest_only.py took 0.163 seconds
[2024-10-21T05:33:42.815+0000] {processor.py:186} INFO - Started process (PID=891) to work on /home/airflow/.local/lib/python3.12/site-packages/airflow/example_dags/example_latest_only.py
[2024-10-21T05:33:42.818+0000] {processor.py:914} INFO - Processing file /home/airflow/.local/lib/python3.12/site-packages/airflow/example_dags/example_latest_only.py for tasks to queue
[2024-10-21T05:33:42.822+0000] {logging_mixin.py:190} INFO - [2024-10-21T05:33:42.821+0000] {dagbag.py:588} INFO - Filling up the DagBag from /home/airflow/.local/lib/python3.12/site-packages/airflow/example_dags/example_latest_only.py
[2024-10-21T05:33:42.840+0000] {processor.py:925} INFO - DAG(s) 'latest_only' retrieved from /home/airflow/.local/lib/python3.12/site-packages/airflow/example_dags/example_latest_only.py
[2024-10-21T05:33:42.888+0000] {logging_mixin.py:190} INFO - [2024-10-21T05:33:42.888+0000] {dag.py:3239} INFO - Sync 1 DAGs
[2024-10-21T05:33:42.946+0000] {logging_mixin.py:190} INFO - [2024-10-21T05:33:42.945+0000] {dag.py:4180} INFO - Setting next_dagrun for latest_only to 2024-10-21 00:00:00+00:00, run_after=2024-10-21 04:00:00+00:00
[2024-10-21T05:33:42.993+0000] {processor.py:208} INFO - Processing /home/airflow/.local/lib/python3.12/site-packages/airflow/example_dags/example_latest_only.py took 0.194 seconds
[2024-10-21T05:34:13.458+0000] {processor.py:186} INFO - Started process (PID=953) to work on /home/airflow/.local/lib/python3.12/site-packages/airflow/example_dags/example_latest_only.py
[2024-10-21T05:34:13.459+0000] {processor.py:914} INFO - Processing file /home/airflow/.local/lib/python3.12/site-packages/airflow/example_dags/example_latest_only.py for tasks to queue
[2024-10-21T05:34:13.461+0000] {logging_mixin.py:190} INFO - [2024-10-21T05:34:13.461+0000] {dagbag.py:588} INFO - Filling up the DagBag from /home/airflow/.local/lib/python3.12/site-packages/airflow/example_dags/example_latest_only.py
[2024-10-21T05:34:13.474+0000] {processor.py:925} INFO - DAG(s) 'latest_only' retrieved from /home/airflow/.local/lib/python3.12/site-packages/airflow/example_dags/example_latest_only.py
[2024-10-21T05:34:13.507+0000] {logging_mixin.py:190} INFO - [2024-10-21T05:34:13.507+0000] {dag.py:3239} INFO - Sync 1 DAGs
[2024-10-21T05:34:13.549+0000] {logging_mixin.py:190} INFO - [2024-10-21T05:34:13.548+0000] {dag.py:4180} INFO - Setting next_dagrun for latest_only to 2024-10-21 00:00:00+00:00, run_after=2024-10-21 04:00:00+00:00
[2024-10-21T05:34:13.585+0000] {processor.py:208} INFO - Processing /home/airflow/.local/lib/python3.12/site-packages/airflow/example_dags/example_latest_only.py took 0.136 seconds
[2024-10-21T05:34:44.398+0000] {processor.py:186} INFO - Started process (PID=1015) to work on /home/airflow/.local/lib/python3.12/site-packages/airflow/example_dags/example_latest_only.py
[2024-10-21T05:34:44.399+0000] {processor.py:914} INFO - Processing file /home/airflow/.local/lib/python3.12/site-packages/airflow/example_dags/example_latest_only.py for tasks to queue
[2024-10-21T05:34:44.401+0000] {logging_mixin.py:190} INFO - [2024-10-21T05:34:44.401+0000] {dagbag.py:588} INFO - Filling up the DagBag from /home/airflow/.local/lib/python3.12/site-packages/airflow/example_dags/example_latest_only.py
[2024-10-21T05:34:44.412+0000] {processor.py:925} INFO - DAG(s) 'latest_only' retrieved from /home/airflow/.local/lib/python3.12/site-packages/airflow/example_dags/example_latest_only.py
[2024-10-21T05:34:44.438+0000] {logging_mixin.py:190} INFO - [2024-10-21T05:34:44.438+0000] {dag.py:3239} INFO - Sync 1 DAGs
[2024-10-21T05:34:44.471+0000] {logging_mixin.py:190} INFO - [2024-10-21T05:34:44.471+0000] {dag.py:4180} INFO - Setting next_dagrun for latest_only to 2024-10-21 00:00:00+00:00, run_after=2024-10-21 04:00:00+00:00
[2024-10-21T05:34:44.502+0000] {processor.py:208} INFO - Processing /home/airflow/.local/lib/python3.12/site-packages/airflow/example_dags/example_latest_only.py took 0.112 seconds
[2024-10-21T05:35:15.444+0000] {processor.py:186} INFO - Started process (PID=1077) to work on /home/airflow/.local/lib/python3.12/site-packages/airflow/example_dags/example_latest_only.py
[2024-10-21T05:35:15.446+0000] {processor.py:914} INFO - Processing file /home/airflow/.local/lib/python3.12/site-packages/airflow/example_dags/example_latest_only.py for tasks to queue
[2024-10-21T05:35:15.449+0000] {logging_mixin.py:190} INFO - [2024-10-21T05:35:15.448+0000] {dagbag.py:588} INFO - Filling up the DagBag from /home/airflow/.local/lib/python3.12/site-packages/airflow/example_dags/example_latest_only.py
[2024-10-21T05:35:15.464+0000] {processor.py:925} INFO - DAG(s) 'latest_only' retrieved from /home/airflow/.local/lib/python3.12/site-packages/airflow/example_dags/example_latest_only.py
[2024-10-21T05:35:15.495+0000] {logging_mixin.py:190} INFO - [2024-10-21T05:35:15.494+0000] {dag.py:3239} INFO - Sync 1 DAGs
[2024-10-21T05:35:15.544+0000] {logging_mixin.py:190} INFO - [2024-10-21T05:35:15.543+0000] {dag.py:4180} INFO - Setting next_dagrun for latest_only to 2024-10-21 00:00:00+00:00, run_after=2024-10-21 04:00:00+00:00
[2024-10-21T05:35:15.607+0000] {processor.py:208} INFO - Processing /home/airflow/.local/lib/python3.12/site-packages/airflow/example_dags/example_latest_only.py took 0.175 seconds
[2024-10-21T05:35:46.135+0000] {processor.py:186} INFO - Started process (PID=1139) to work on /home/airflow/.local/lib/python3.12/site-packages/airflow/example_dags/example_latest_only.py
[2024-10-21T05:35:46.137+0000] {processor.py:914} INFO - Processing file /home/airflow/.local/lib/python3.12/site-packages/airflow/example_dags/example_latest_only.py for tasks to queue
[2024-10-21T05:35:46.139+0000] {logging_mixin.py:190} INFO - [2024-10-21T05:35:46.139+0000] {dagbag.py:588} INFO - Filling up the DagBag from /home/airflow/.local/lib/python3.12/site-packages/airflow/example_dags/example_latest_only.py
[2024-10-21T05:35:46.153+0000] {processor.py:925} INFO - DAG(s) 'latest_only' retrieved from /home/airflow/.local/lib/python3.12/site-packages/airflow/example_dags/example_latest_only.py
[2024-10-21T05:35:46.180+0000] {logging_mixin.py:190} INFO - [2024-10-21T05:35:46.180+0000] {dag.py:3239} INFO - Sync 1 DAGs
[2024-10-21T05:35:46.213+0000] {logging_mixin.py:190} INFO - [2024-10-21T05:35:46.213+0000] {dag.py:4180} INFO - Setting next_dagrun for latest_only to 2024-10-21 00:00:00+00:00, run_after=2024-10-21 04:00:00+00:00
[2024-10-21T05:35:46.241+0000] {processor.py:208} INFO - Processing /home/airflow/.local/lib/python3.12/site-packages/airflow/example_dags/example_latest_only.py took 0.115 seconds
[2024-10-21T05:36:17.247+0000] {processor.py:186} INFO - Started process (PID=1202) to work on /home/airflow/.local/lib/python3.12/site-packages/airflow/example_dags/example_latest_only.py
[2024-10-21T05:36:17.249+0000] {processor.py:914} INFO - Processing file /home/airflow/.local/lib/python3.12/site-packages/airflow/example_dags/example_latest_only.py for tasks to queue
[2024-10-21T05:36:17.251+0000] {logging_mixin.py:190} INFO - [2024-10-21T05:36:17.251+0000] {dagbag.py:588} INFO - Filling up the DagBag from /home/airflow/.local/lib/python3.12/site-packages/airflow/example_dags/example_latest_only.py
[2024-10-21T05:36:17.266+0000] {processor.py:925} INFO - DAG(s) 'latest_only' retrieved from /home/airflow/.local/lib/python3.12/site-packages/airflow/example_dags/example_latest_only.py
[2024-10-21T05:36:17.298+0000] {logging_mixin.py:190} INFO - [2024-10-21T05:36:17.297+0000] {dag.py:3239} INFO - Sync 1 DAGs
[2024-10-21T05:36:17.337+0000] {logging_mixin.py:190} INFO - [2024-10-21T05:36:17.336+0000] {dag.py:4180} INFO - Setting next_dagrun for latest_only to 2024-10-21 00:00:00+00:00, run_after=2024-10-21 04:00:00+00:00
[2024-10-21T05:36:17.364+0000] {processor.py:208} INFO - Processing /home/airflow/.local/lib/python3.12/site-packages/airflow/example_dags/example_latest_only.py took 0.126 seconds
[2024-10-21T05:36:47.515+0000] {processor.py:186} INFO - Started process (PID=1264) to work on /home/airflow/.local/lib/python3.12/site-packages/airflow/example_dags/example_latest_only.py
[2024-10-21T05:36:47.517+0000] {processor.py:914} INFO - Processing file /home/airflow/.local/lib/python3.12/site-packages/airflow/example_dags/example_latest_only.py for tasks to queue
[2024-10-21T05:36:47.520+0000] {logging_mixin.py:190} INFO - [2024-10-21T05:36:47.519+0000] {dagbag.py:588} INFO - Filling up the DagBag from /home/airflow/.local/lib/python3.12/site-packages/airflow/example_dags/example_latest_only.py
[2024-10-21T05:36:47.533+0000] {processor.py:925} INFO - DAG(s) 'latest_only' retrieved from /home/airflow/.local/lib/python3.12/site-packages/airflow/example_dags/example_latest_only.py
[2024-10-21T05:36:47.570+0000] {logging_mixin.py:190} INFO - [2024-10-21T05:36:47.570+0000] {dag.py:3239} INFO - Sync 1 DAGs
[2024-10-21T05:36:47.616+0000] {logging_mixin.py:190} INFO - [2024-10-21T05:36:47.615+0000] {dag.py:4180} INFO - Setting next_dagrun for latest_only to 2024-10-21 00:00:00+00:00, run_after=2024-10-21 04:00:00+00:00
[2024-10-21T05:36:47.647+0000] {processor.py:208} INFO - Processing /home/airflow/.local/lib/python3.12/site-packages/airflow/example_dags/example_latest_only.py took 0.141 seconds
[2024-10-21T11:55:03.337+0000] {processor.py:186} INFO - Started process (PID=105) to work on /home/airflow/.local/lib/python3.12/site-packages/airflow/example_dags/example_latest_only.py
[2024-10-21T11:55:03.338+0000] {processor.py:914} INFO - Processing file /home/airflow/.local/lib/python3.12/site-packages/airflow/example_dags/example_latest_only.py for tasks to queue
[2024-10-21T11:55:03.340+0000] {logging_mixin.py:190} INFO - [2024-10-21T11:55:03.340+0000] {dagbag.py:588} INFO - Filling up the DagBag from /home/airflow/.local/lib/python3.12/site-packages/airflow/example_dags/example_latest_only.py
[2024-10-21T11:55:03.363+0000] {processor.py:925} INFO - DAG(s) 'latest_only' retrieved from /home/airflow/.local/lib/python3.12/site-packages/airflow/example_dags/example_latest_only.py
[2024-10-21T11:55:03.395+0000] {logging_mixin.py:190} INFO - [2024-10-21T11:55:03.395+0000] {dag.py:3239} INFO - Sync 1 DAGs
[2024-10-21T11:55:03.429+0000] {logging_mixin.py:190} INFO - [2024-10-21T11:55:03.429+0000] {dag.py:4180} INFO - Setting next_dagrun for latest_only to 2024-10-21 04:00:00+00:00, run_after=2024-10-21 08:00:00+00:00
[2024-10-21T11:55:03.473+0000] {processor.py:208} INFO - Processing /home/airflow/.local/lib/python3.12/site-packages/airflow/example_dags/example_latest_only.py took 0.142 seconds
