[2024-10-21T03:08:42.436+0000] {processor.py:186} INFO - Started process (PID=335) to work on /home/airflow/.local/lib/python3.12/site-packages/airflow/example_dags/example_latest_only_with_trigger.py
[2024-10-21T03:08:42.437+0000] {processor.py:914} INFO - Processing file /home/airflow/.local/lib/python3.12/site-packages/airflow/example_dags/example_latest_only_with_trigger.py for tasks to queue
[2024-10-21T03:08:42.440+0000] {logging_mixin.py:190} INFO - [2024-10-21T03:08:42.439+0000] {dagbag.py:588} INFO - Filling up the DagBag from /home/airflow/.local/lib/python3.12/site-packages/airflow/example_dags/example_latest_only_with_trigger.py
[2024-10-21T03:08:42.447+0000] {processor.py:925} INFO - DAG(s) 'latest_only_with_trigger' retrieved from /home/airflow/.local/lib/python3.12/site-packages/airflow/example_dags/example_latest_only_with_trigger.py
[2024-10-21T03:08:42.535+0000] {logging_mixin.py:190} INFO - [2024-10-21T03:08:42.534+0000] {override.py:1900} INFO - Created Permission View: can delete on DAG:latest_only_with_trigger
[2024-10-21T03:08:42.544+0000] {logging_mixin.py:190} INFO - [2024-10-21T03:08:42.544+0000] {override.py:1900} INFO - Created Permission View: can read on DAG:latest_only_with_trigger
[2024-10-21T03:08:42.551+0000] {logging_mixin.py:190} INFO - [2024-10-21T03:08:42.551+0000] {override.py:1900} INFO - Created Permission View: can edit on DAG:latest_only_with_trigger
[2024-10-21T03:08:42.559+0000] {logging_mixin.py:190} INFO - [2024-10-21T03:08:42.559+0000] {override.py:1900} INFO - Created Permission View: menu access on DAG Run:latest_only_with_trigger
[2024-10-21T03:08:42.566+0000] {logging_mixin.py:190} INFO - [2024-10-21T03:08:42.566+0000] {override.py:1900} INFO - Created Permission View: can delete on DAG Run:latest_only_with_trigger
[2024-10-21T03:08:42.572+0000] {logging_mixin.py:190} INFO - [2024-10-21T03:08:42.572+0000] {override.py:1900} INFO - Created Permission View: can read on DAG Run:latest_only_with_trigger
[2024-10-21T03:08:42.577+0000] {logging_mixin.py:190} INFO - [2024-10-21T03:08:42.577+0000] {override.py:1900} INFO - Created Permission View: can create on DAG Run:latest_only_with_trigger
[2024-10-21T03:08:42.577+0000] {logging_mixin.py:190} INFO - [2024-10-21T03:08:42.577+0000] {dag.py:3239} INFO - Sync 1 DAGs
[2024-10-21T03:08:42.588+0000] {logging_mixin.py:190} INFO - [2024-10-21T03:08:42.587+0000] {dag.py:3262} INFO - Creating ORM DAG for latest_only_with_trigger
[2024-10-21T03:08:42.595+0000] {logging_mixin.py:190} INFO - [2024-10-21T03:08:42.595+0000] {dag.py:4180} INFO - Setting next_dagrun for latest_only_with_trigger to 2024-10-20 20:00:00+00:00, run_after=2024-10-21 00:00:00+00:00
[2024-10-21T03:08:42.609+0000] {processor.py:208} INFO - Processing /home/airflow/.local/lib/python3.12/site-packages/airflow/example_dags/example_latest_only_with_trigger.py took 0.178 seconds
[2024-10-21T03:09:12.961+0000] {processor.py:186} INFO - Started process (PID=397) to work on /home/airflow/.local/lib/python3.12/site-packages/airflow/example_dags/example_latest_only_with_trigger.py
[2024-10-21T03:09:13.211+0000] {processor.py:914} INFO - Processing file /home/airflow/.local/lib/python3.12/site-packages/airflow/example_dags/example_latest_only_with_trigger.py for tasks to queue
[2024-10-21T03:09:13.234+0000] {logging_mixin.py:190} INFO - [2024-10-21T03:09:13.232+0000] {dagbag.py:588} INFO - Filling up the DagBag from /home/airflow/.local/lib/python3.12/site-packages/airflow/example_dags/example_latest_only_with_trigger.py
[2024-10-21T03:09:13.256+0000] {processor.py:925} INFO - DAG(s) 'latest_only_with_trigger' retrieved from /home/airflow/.local/lib/python3.12/site-packages/airflow/example_dags/example_latest_only_with_trigger.py
[2024-10-21T03:09:13.330+0000] {logging_mixin.py:190} INFO - [2024-10-21T03:09:13.330+0000] {dag.py:3239} INFO - Sync 1 DAGs
[2024-10-21T03:09:13.379+0000] {logging_mixin.py:190} INFO - [2024-10-21T03:09:13.378+0000] {dag.py:4180} INFO - Setting next_dagrun for latest_only_with_trigger to 2024-10-20 20:00:00+00:00, run_after=2024-10-21 00:00:00+00:00
[2024-10-21T03:09:13.430+0000] {processor.py:208} INFO - Processing /home/airflow/.local/lib/python3.12/site-packages/airflow/example_dags/example_latest_only_with_trigger.py took 0.492 seconds
[2024-10-21T03:09:43.881+0000] {processor.py:186} INFO - Started process (PID=459) to work on /home/airflow/.local/lib/python3.12/site-packages/airflow/example_dags/example_latest_only_with_trigger.py
[2024-10-21T03:09:43.882+0000] {processor.py:914} INFO - Processing file /home/airflow/.local/lib/python3.12/site-packages/airflow/example_dags/example_latest_only_with_trigger.py for tasks to queue
[2024-10-21T03:09:43.884+0000] {logging_mixin.py:190} INFO - [2024-10-21T03:09:43.884+0000] {dagbag.py:588} INFO - Filling up the DagBag from /home/airflow/.local/lib/python3.12/site-packages/airflow/example_dags/example_latest_only_with_trigger.py
[2024-10-21T03:09:43.891+0000] {processor.py:925} INFO - DAG(s) 'latest_only_with_trigger' retrieved from /home/airflow/.local/lib/python3.12/site-packages/airflow/example_dags/example_latest_only_with_trigger.py
[2024-10-21T03:09:43.909+0000] {logging_mixin.py:190} INFO - [2024-10-21T03:09:43.908+0000] {dag.py:3239} INFO - Sync 1 DAGs
[2024-10-21T03:09:43.939+0000] {logging_mixin.py:190} INFO - [2024-10-21T03:09:43.939+0000] {dag.py:4180} INFO - Setting next_dagrun for latest_only_with_trigger to 2024-10-20 20:00:00+00:00, run_after=2024-10-21 00:00:00+00:00
[2024-10-21T03:09:43.974+0000] {processor.py:208} INFO - Processing /home/airflow/.local/lib/python3.12/site-packages/airflow/example_dags/example_latest_only_with_trigger.py took 0.097 seconds
[2024-10-21T03:10:14.893+0000] {processor.py:186} INFO - Started process (PID=521) to work on /home/airflow/.local/lib/python3.12/site-packages/airflow/example_dags/example_latest_only_with_trigger.py
[2024-10-21T03:10:14.895+0000] {processor.py:914} INFO - Processing file /home/airflow/.local/lib/python3.12/site-packages/airflow/example_dags/example_latest_only_with_trigger.py for tasks to queue
[2024-10-21T03:10:14.897+0000] {logging_mixin.py:190} INFO - [2024-10-21T03:10:14.897+0000] {dagbag.py:588} INFO - Filling up the DagBag from /home/airflow/.local/lib/python3.12/site-packages/airflow/example_dags/example_latest_only_with_trigger.py
[2024-10-21T03:10:14.905+0000] {processor.py:925} INFO - DAG(s) 'latest_only_with_trigger' retrieved from /home/airflow/.local/lib/python3.12/site-packages/airflow/example_dags/example_latest_only_with_trigger.py
[2024-10-21T03:10:14.924+0000] {logging_mixin.py:190} INFO - [2024-10-21T03:10:14.923+0000] {dag.py:3239} INFO - Sync 1 DAGs
[2024-10-21T03:10:14.941+0000] {logging_mixin.py:190} INFO - [2024-10-21T03:10:14.941+0000] {dag.py:4180} INFO - Setting next_dagrun for latest_only_with_trigger to 2024-10-20 20:00:00+00:00, run_after=2024-10-21 00:00:00+00:00
[2024-10-21T03:10:14.958+0000] {processor.py:208} INFO - Processing /home/airflow/.local/lib/python3.12/site-packages/airflow/example_dags/example_latest_only_with_trigger.py took 0.070 seconds
[2024-10-21T03:10:45.241+0000] {processor.py:186} INFO - Started process (PID=583) to work on /home/airflow/.local/lib/python3.12/site-packages/airflow/example_dags/example_latest_only_with_trigger.py
[2024-10-21T03:10:45.243+0000] {processor.py:914} INFO - Processing file /home/airflow/.local/lib/python3.12/site-packages/airflow/example_dags/example_latest_only_with_trigger.py for tasks to queue
[2024-10-21T03:10:45.245+0000] {logging_mixin.py:190} INFO - [2024-10-21T03:10:45.244+0000] {dagbag.py:588} INFO - Filling up the DagBag from /home/airflow/.local/lib/python3.12/site-packages/airflow/example_dags/example_latest_only_with_trigger.py
[2024-10-21T03:10:45.251+0000] {processor.py:925} INFO - DAG(s) 'latest_only_with_trigger' retrieved from /home/airflow/.local/lib/python3.12/site-packages/airflow/example_dags/example_latest_only_with_trigger.py
[2024-10-21T03:10:45.270+0000] {logging_mixin.py:190} INFO - [2024-10-21T03:10:45.269+0000] {dag.py:3239} INFO - Sync 1 DAGs
[2024-10-21T03:10:45.291+0000] {logging_mixin.py:190} INFO - [2024-10-21T03:10:45.291+0000] {dag.py:4180} INFO - Setting next_dagrun for latest_only_with_trigger to 2024-10-20 20:00:00+00:00, run_after=2024-10-21 00:00:00+00:00
[2024-10-21T03:10:45.311+0000] {processor.py:208} INFO - Processing /home/airflow/.local/lib/python3.12/site-packages/airflow/example_dags/example_latest_only_with_trigger.py took 0.075 seconds
[2024-10-21T03:11:15.623+0000] {processor.py:186} INFO - Started process (PID=645) to work on /home/airflow/.local/lib/python3.12/site-packages/airflow/example_dags/example_latest_only_with_trigger.py
[2024-10-21T03:11:15.624+0000] {processor.py:914} INFO - Processing file /home/airflow/.local/lib/python3.12/site-packages/airflow/example_dags/example_latest_only_with_trigger.py for tasks to queue
[2024-10-21T03:11:15.626+0000] {logging_mixin.py:190} INFO - [2024-10-21T03:11:15.625+0000] {dagbag.py:588} INFO - Filling up the DagBag from /home/airflow/.local/lib/python3.12/site-packages/airflow/example_dags/example_latest_only_with_trigger.py
[2024-10-21T03:11:15.633+0000] {processor.py:925} INFO - DAG(s) 'latest_only_with_trigger' retrieved from /home/airflow/.local/lib/python3.12/site-packages/airflow/example_dags/example_latest_only_with_trigger.py
[2024-10-21T03:11:15.651+0000] {logging_mixin.py:190} INFO - [2024-10-21T03:11:15.650+0000] {dag.py:3239} INFO - Sync 1 DAGs
[2024-10-21T03:11:15.669+0000] {logging_mixin.py:190} INFO - [2024-10-21T03:11:15.668+0000] {dag.py:4180} INFO - Setting next_dagrun for latest_only_with_trigger to 2024-10-20 20:00:00+00:00, run_after=2024-10-21 00:00:00+00:00
[2024-10-21T03:11:15.693+0000] {processor.py:208} INFO - Processing /home/airflow/.local/lib/python3.12/site-packages/airflow/example_dags/example_latest_only_with_trigger.py took 0.075 seconds
[2024-10-21T03:11:46.653+0000] {processor.py:186} INFO - Started process (PID=708) to work on /home/airflow/.local/lib/python3.12/site-packages/airflow/example_dags/example_latest_only_with_trigger.py
[2024-10-21T03:11:46.654+0000] {processor.py:914} INFO - Processing file /home/airflow/.local/lib/python3.12/site-packages/airflow/example_dags/example_latest_only_with_trigger.py for tasks to queue
[2024-10-21T03:11:46.656+0000] {logging_mixin.py:190} INFO - [2024-10-21T03:11:46.656+0000] {dagbag.py:588} INFO - Filling up the DagBag from /home/airflow/.local/lib/python3.12/site-packages/airflow/example_dags/example_latest_only_with_trigger.py
[2024-10-21T03:11:46.665+0000] {processor.py:925} INFO - DAG(s) 'latest_only_with_trigger' retrieved from /home/airflow/.local/lib/python3.12/site-packages/airflow/example_dags/example_latest_only_with_trigger.py
[2024-10-21T03:11:46.684+0000] {logging_mixin.py:190} INFO - [2024-10-21T03:11:46.684+0000] {dag.py:3239} INFO - Sync 1 DAGs
[2024-10-21T03:11:46.704+0000] {logging_mixin.py:190} INFO - [2024-10-21T03:11:46.704+0000] {dag.py:4180} INFO - Setting next_dagrun for latest_only_with_trigger to 2024-10-20 20:00:00+00:00, run_after=2024-10-21 00:00:00+00:00
[2024-10-21T03:11:46.722+0000] {processor.py:208} INFO - Processing /home/airflow/.local/lib/python3.12/site-packages/airflow/example_dags/example_latest_only_with_trigger.py took 0.076 seconds
[2024-10-21T05:26:32.700+0000] {processor.py:186} INFO - Started process (PID=120) to work on /home/airflow/.local/lib/python3.12/site-packages/airflow/example_dags/example_latest_only_with_trigger.py
[2024-10-21T05:26:32.702+0000] {processor.py:914} INFO - Processing file /home/airflow/.local/lib/python3.12/site-packages/airflow/example_dags/example_latest_only_with_trigger.py for tasks to queue
[2024-10-21T05:26:32.705+0000] {logging_mixin.py:190} INFO - [2024-10-21T05:26:32.705+0000] {dagbag.py:588} INFO - Filling up the DagBag from /home/airflow/.local/lib/python3.12/site-packages/airflow/example_dags/example_latest_only_with_trigger.py
[2024-10-21T05:26:32.718+0000] {processor.py:925} INFO - DAG(s) 'latest_only_with_trigger' retrieved from /home/airflow/.local/lib/python3.12/site-packages/airflow/example_dags/example_latest_only_with_trigger.py
[2024-10-21T05:26:32.747+0000] {logging_mixin.py:190} INFO - [2024-10-21T05:26:32.747+0000] {dag.py:3239} INFO - Sync 1 DAGs
[2024-10-21T05:26:32.785+0000] {logging_mixin.py:190} INFO - [2024-10-21T05:26:32.785+0000] {dag.py:4180} INFO - Setting next_dagrun for latest_only_with_trigger to 2024-10-21 00:00:00+00:00, run_after=2024-10-21 04:00:00+00:00
[2024-10-21T05:26:32.811+0000] {processor.py:208} INFO - Processing /home/airflow/.local/lib/python3.12/site-packages/airflow/example_dags/example_latest_only_with_trigger.py took 0.118 seconds
[2024-10-21T05:27:03.896+0000] {processor.py:186} INFO - Started process (PID=182) to work on /home/airflow/.local/lib/python3.12/site-packages/airflow/example_dags/example_latest_only_with_trigger.py
[2024-10-21T05:27:03.898+0000] {processor.py:914} INFO - Processing file /home/airflow/.local/lib/python3.12/site-packages/airflow/example_dags/example_latest_only_with_trigger.py for tasks to queue
[2024-10-21T05:27:03.904+0000] {logging_mixin.py:190} INFO - [2024-10-21T05:27:03.903+0000] {dagbag.py:588} INFO - Filling up the DagBag from /home/airflow/.local/lib/python3.12/site-packages/airflow/example_dags/example_latest_only_with_trigger.py
[2024-10-21T05:27:03.922+0000] {processor.py:925} INFO - DAG(s) 'latest_only_with_trigger' retrieved from /home/airflow/.local/lib/python3.12/site-packages/airflow/example_dags/example_latest_only_with_trigger.py
[2024-10-21T05:27:03.958+0000] {logging_mixin.py:190} INFO - [2024-10-21T05:27:03.957+0000] {dag.py:3239} INFO - Sync 1 DAGs
[2024-10-21T05:27:03.999+0000] {logging_mixin.py:190} INFO - [2024-10-21T05:27:03.999+0000] {dag.py:4180} INFO - Setting next_dagrun for latest_only_with_trigger to 2024-10-21 00:00:00+00:00, run_after=2024-10-21 04:00:00+00:00
[2024-10-21T05:27:04.035+0000] {processor.py:208} INFO - Processing /home/airflow/.local/lib/python3.12/site-packages/airflow/example_dags/example_latest_only_with_trigger.py took 0.151 seconds
[2024-10-21T05:27:34.835+0000] {processor.py:186} INFO - Started process (PID=244) to work on /home/airflow/.local/lib/python3.12/site-packages/airflow/example_dags/example_latest_only_with_trigger.py
[2024-10-21T05:27:34.837+0000] {processor.py:914} INFO - Processing file /home/airflow/.local/lib/python3.12/site-packages/airflow/example_dags/example_latest_only_with_trigger.py for tasks to queue
[2024-10-21T05:27:34.841+0000] {logging_mixin.py:190} INFO - [2024-10-21T05:27:34.840+0000] {dagbag.py:588} INFO - Filling up the DagBag from /home/airflow/.local/lib/python3.12/site-packages/airflow/example_dags/example_latest_only_with_trigger.py
[2024-10-21T05:27:34.852+0000] {processor.py:925} INFO - DAG(s) 'latest_only_with_trigger' retrieved from /home/airflow/.local/lib/python3.12/site-packages/airflow/example_dags/example_latest_only_with_trigger.py
[2024-10-21T05:27:34.899+0000] {logging_mixin.py:190} INFO - [2024-10-21T05:27:34.898+0000] {dag.py:3239} INFO - Sync 1 DAGs
[2024-10-21T05:27:34.950+0000] {logging_mixin.py:190} INFO - [2024-10-21T05:27:34.950+0000] {dag.py:4180} INFO - Setting next_dagrun for latest_only_with_trigger to 2024-10-21 00:00:00+00:00, run_after=2024-10-21 04:00:00+00:00
[2024-10-21T05:27:34.989+0000] {processor.py:208} INFO - Processing /home/airflow/.local/lib/python3.12/site-packages/airflow/example_dags/example_latest_only_with_trigger.py took 0.163 seconds
[2024-10-21T05:29:06.526+0000] {processor.py:186} INFO - Started process (PID=336) to work on /home/airflow/.local/lib/python3.12/site-packages/airflow/example_dags/example_latest_only_with_trigger.py
[2024-10-21T05:29:06.531+0000] {processor.py:914} INFO - Processing file /home/airflow/.local/lib/python3.12/site-packages/airflow/example_dags/example_latest_only_with_trigger.py for tasks to queue
[2024-10-21T05:29:06.542+0000] {logging_mixin.py:190} INFO - [2024-10-21T05:29:06.539+0000] {dagbag.py:588} INFO - Filling up the DagBag from /home/airflow/.local/lib/python3.12/site-packages/airflow/example_dags/example_latest_only_with_trigger.py
[2024-10-21T05:29:06.575+0000] {processor.py:925} INFO - DAG(s) 'latest_only_with_trigger' retrieved from /home/airflow/.local/lib/python3.12/site-packages/airflow/example_dags/example_latest_only_with_trigger.py
[2024-10-21T05:29:06.643+0000] {logging_mixin.py:190} INFO - [2024-10-21T05:29:06.642+0000] {dag.py:3239} INFO - Sync 1 DAGs
[2024-10-21T05:29:06.725+0000] {logging_mixin.py:190} INFO - [2024-10-21T05:29:06.721+0000] {dag.py:4180} INFO - Setting next_dagrun for latest_only_with_trigger to 2024-10-21 00:00:00+00:00, run_after=2024-10-21 04:00:00+00:00
[2024-10-21T05:29:06.804+0000] {processor.py:208} INFO - Processing /home/airflow/.local/lib/python3.12/site-packages/airflow/example_dags/example_latest_only_with_trigger.py took 0.303 seconds
[2024-10-21T05:29:37.967+0000] {processor.py:186} INFO - Started process (PID=398) to work on /home/airflow/.local/lib/python3.12/site-packages/airflow/example_dags/example_latest_only_with_trigger.py
[2024-10-21T05:29:37.969+0000] {processor.py:914} INFO - Processing file /home/airflow/.local/lib/python3.12/site-packages/airflow/example_dags/example_latest_only_with_trigger.py for tasks to queue
[2024-10-21T05:29:37.972+0000] {logging_mixin.py:190} INFO - [2024-10-21T05:29:37.971+0000] {dagbag.py:588} INFO - Filling up the DagBag from /home/airflow/.local/lib/python3.12/site-packages/airflow/example_dags/example_latest_only_with_trigger.py
[2024-10-21T05:29:37.989+0000] {processor.py:925} INFO - DAG(s) 'latest_only_with_trigger' retrieved from /home/airflow/.local/lib/python3.12/site-packages/airflow/example_dags/example_latest_only_with_trigger.py
[2024-10-21T05:29:38.040+0000] {logging_mixin.py:190} INFO - [2024-10-21T05:29:38.039+0000] {dag.py:3239} INFO - Sync 1 DAGs
[2024-10-21T05:29:38.102+0000] {logging_mixin.py:190} INFO - [2024-10-21T05:29:38.102+0000] {dag.py:4180} INFO - Setting next_dagrun for latest_only_with_trigger to 2024-10-21 00:00:00+00:00, run_after=2024-10-21 04:00:00+00:00
[2024-10-21T05:29:38.151+0000] {processor.py:208} INFO - Processing /home/airflow/.local/lib/python3.12/site-packages/airflow/example_dags/example_latest_only_with_trigger.py took 0.198 seconds
[2024-10-21T05:30:08.765+0000] {processor.py:186} INFO - Started process (PID=460) to work on /home/airflow/.local/lib/python3.12/site-packages/airflow/example_dags/example_latest_only_with_trigger.py
[2024-10-21T05:30:08.767+0000] {processor.py:914} INFO - Processing file /home/airflow/.local/lib/python3.12/site-packages/airflow/example_dags/example_latest_only_with_trigger.py for tasks to queue
[2024-10-21T05:30:08.770+0000] {logging_mixin.py:190} INFO - [2024-10-21T05:30:08.770+0000] {dagbag.py:588} INFO - Filling up the DagBag from /home/airflow/.local/lib/python3.12/site-packages/airflow/example_dags/example_latest_only_with_trigger.py
[2024-10-21T05:30:08.784+0000] {processor.py:925} INFO - DAG(s) 'latest_only_with_trigger' retrieved from /home/airflow/.local/lib/python3.12/site-packages/airflow/example_dags/example_latest_only_with_trigger.py
[2024-10-21T05:30:08.824+0000] {logging_mixin.py:190} INFO - [2024-10-21T05:30:08.823+0000] {dag.py:3239} INFO - Sync 1 DAGs
[2024-10-21T05:30:08.867+0000] {logging_mixin.py:190} INFO - [2024-10-21T05:30:08.867+0000] {dag.py:4180} INFO - Setting next_dagrun for latest_only_with_trigger to 2024-10-21 00:00:00+00:00, run_after=2024-10-21 04:00:00+00:00
[2024-10-21T05:30:08.903+0000] {processor.py:208} INFO - Processing /home/airflow/.local/lib/python3.12/site-packages/airflow/example_dags/example_latest_only_with_trigger.py took 0.157 seconds
[2024-10-21T05:30:39.522+0000] {processor.py:186} INFO - Started process (PID=522) to work on /home/airflow/.local/lib/python3.12/site-packages/airflow/example_dags/example_latest_only_with_trigger.py
[2024-10-21T05:30:39.524+0000] {processor.py:914} INFO - Processing file /home/airflow/.local/lib/python3.12/site-packages/airflow/example_dags/example_latest_only_with_trigger.py for tasks to queue
[2024-10-21T05:30:39.527+0000] {logging_mixin.py:190} INFO - [2024-10-21T05:30:39.526+0000] {dagbag.py:588} INFO - Filling up the DagBag from /home/airflow/.local/lib/python3.12/site-packages/airflow/example_dags/example_latest_only_with_trigger.py
[2024-10-21T05:30:39.541+0000] {processor.py:925} INFO - DAG(s) 'latest_only_with_trigger' retrieved from /home/airflow/.local/lib/python3.12/site-packages/airflow/example_dags/example_latest_only_with_trigger.py
[2024-10-21T05:30:39.577+0000] {logging_mixin.py:190} INFO - [2024-10-21T05:30:39.577+0000] {dag.py:3239} INFO - Sync 1 DAGs
[2024-10-21T05:30:39.612+0000] {logging_mixin.py:190} INFO - [2024-10-21T05:30:39.612+0000] {dag.py:4180} INFO - Setting next_dagrun for latest_only_with_trigger to 2024-10-21 00:00:00+00:00, run_after=2024-10-21 04:00:00+00:00
[2024-10-21T05:30:39.641+0000] {processor.py:208} INFO - Processing /home/airflow/.local/lib/python3.12/site-packages/airflow/example_dags/example_latest_only_with_trigger.py took 0.129 seconds
[2024-10-21T05:31:10.634+0000] {processor.py:186} INFO - Started process (PID=584) to work on /home/airflow/.local/lib/python3.12/site-packages/airflow/example_dags/example_latest_only_with_trigger.py
[2024-10-21T05:31:10.635+0000] {processor.py:914} INFO - Processing file /home/airflow/.local/lib/python3.12/site-packages/airflow/example_dags/example_latest_only_with_trigger.py for tasks to queue
[2024-10-21T05:31:10.638+0000] {logging_mixin.py:190} INFO - [2024-10-21T05:31:10.637+0000] {dagbag.py:588} INFO - Filling up the DagBag from /home/airflow/.local/lib/python3.12/site-packages/airflow/example_dags/example_latest_only_with_trigger.py
[2024-10-21T05:31:10.656+0000] {processor.py:925} INFO - DAG(s) 'latest_only_with_trigger' retrieved from /home/airflow/.local/lib/python3.12/site-packages/airflow/example_dags/example_latest_only_with_trigger.py
[2024-10-21T05:31:10.689+0000] {logging_mixin.py:190} INFO - [2024-10-21T05:31:10.689+0000] {dag.py:3239} INFO - Sync 1 DAGs
[2024-10-21T05:31:10.723+0000] {logging_mixin.py:190} INFO - [2024-10-21T05:31:10.723+0000] {dag.py:4180} INFO - Setting next_dagrun for latest_only_with_trigger to 2024-10-21 00:00:00+00:00, run_after=2024-10-21 04:00:00+00:00
[2024-10-21T05:31:10.755+0000] {processor.py:208} INFO - Processing /home/airflow/.local/lib/python3.12/site-packages/airflow/example_dags/example_latest_only_with_trigger.py took 0.131 seconds
[2024-10-21T05:31:41.465+0000] {processor.py:186} INFO - Started process (PID=647) to work on /home/airflow/.local/lib/python3.12/site-packages/airflow/example_dags/example_latest_only_with_trigger.py
[2024-10-21T05:31:41.468+0000] {processor.py:914} INFO - Processing file /home/airflow/.local/lib/python3.12/site-packages/airflow/example_dags/example_latest_only_with_trigger.py for tasks to queue
[2024-10-21T05:31:41.471+0000] {logging_mixin.py:190} INFO - [2024-10-21T05:31:41.470+0000] {dagbag.py:588} INFO - Filling up the DagBag from /home/airflow/.local/lib/python3.12/site-packages/airflow/example_dags/example_latest_only_with_trigger.py
[2024-10-21T05:31:41.490+0000] {processor.py:925} INFO - DAG(s) 'latest_only_with_trigger' retrieved from /home/airflow/.local/lib/python3.12/site-packages/airflow/example_dags/example_latest_only_with_trigger.py
[2024-10-21T05:31:41.540+0000] {logging_mixin.py:190} INFO - [2024-10-21T05:31:41.539+0000] {dag.py:3239} INFO - Sync 1 DAGs
[2024-10-21T05:31:41.586+0000] {logging_mixin.py:190} INFO - [2024-10-21T05:31:41.585+0000] {dag.py:4180} INFO - Setting next_dagrun for latest_only_with_trigger to 2024-10-21 00:00:00+00:00, run_after=2024-10-21 04:00:00+00:00
[2024-10-21T05:31:41.627+0000] {processor.py:208} INFO - Processing /home/airflow/.local/lib/python3.12/site-packages/airflow/example_dags/example_latest_only_with_trigger.py took 0.177 seconds
[2024-10-21T05:32:12.163+0000] {processor.py:186} INFO - Started process (PID=709) to work on /home/airflow/.local/lib/python3.12/site-packages/airflow/example_dags/example_latest_only_with_trigger.py
[2024-10-21T05:32:12.165+0000] {processor.py:914} INFO - Processing file /home/airflow/.local/lib/python3.12/site-packages/airflow/example_dags/example_latest_only_with_trigger.py for tasks to queue
[2024-10-21T05:32:12.167+0000] {logging_mixin.py:190} INFO - [2024-10-21T05:32:12.167+0000] {dagbag.py:588} INFO - Filling up the DagBag from /home/airflow/.local/lib/python3.12/site-packages/airflow/example_dags/example_latest_only_with_trigger.py
[2024-10-21T05:32:12.180+0000] {processor.py:925} INFO - DAG(s) 'latest_only_with_trigger' retrieved from /home/airflow/.local/lib/python3.12/site-packages/airflow/example_dags/example_latest_only_with_trigger.py
[2024-10-21T05:32:12.219+0000] {logging_mixin.py:190} INFO - [2024-10-21T05:32:12.218+0000] {dag.py:3239} INFO - Sync 1 DAGs
[2024-10-21T05:32:12.266+0000] {logging_mixin.py:190} INFO - [2024-10-21T05:32:12.266+0000] {dag.py:4180} INFO - Setting next_dagrun for latest_only_with_trigger to 2024-10-21 00:00:00+00:00, run_after=2024-10-21 04:00:00+00:00
[2024-10-21T05:32:12.305+0000] {processor.py:208} INFO - Processing /home/airflow/.local/lib/python3.12/site-packages/airflow/example_dags/example_latest_only_with_trigger.py took 0.151 seconds
[2024-10-21T05:32:42.683+0000] {processor.py:186} INFO - Started process (PID=771) to work on /home/airflow/.local/lib/python3.12/site-packages/airflow/example_dags/example_latest_only_with_trigger.py
[2024-10-21T05:32:42.685+0000] {processor.py:914} INFO - Processing file /home/airflow/.local/lib/python3.12/site-packages/airflow/example_dags/example_latest_only_with_trigger.py for tasks to queue
[2024-10-21T05:32:42.688+0000] {logging_mixin.py:190} INFO - [2024-10-21T05:32:42.687+0000] {dagbag.py:588} INFO - Filling up the DagBag from /home/airflow/.local/lib/python3.12/site-packages/airflow/example_dags/example_latest_only_with_trigger.py
[2024-10-21T05:32:42.703+0000] {processor.py:925} INFO - DAG(s) 'latest_only_with_trigger' retrieved from /home/airflow/.local/lib/python3.12/site-packages/airflow/example_dags/example_latest_only_with_trigger.py
[2024-10-21T05:32:42.739+0000] {logging_mixin.py:190} INFO - [2024-10-21T05:32:42.739+0000] {dag.py:3239} INFO - Sync 1 DAGs
[2024-10-21T05:32:42.784+0000] {logging_mixin.py:190} INFO - [2024-10-21T05:32:42.783+0000] {dag.py:4180} INFO - Setting next_dagrun for latest_only_with_trigger to 2024-10-21 00:00:00+00:00, run_after=2024-10-21 04:00:00+00:00
[2024-10-21T05:32:42.842+0000] {processor.py:208} INFO - Processing /home/airflow/.local/lib/python3.12/site-packages/airflow/example_dags/example_latest_only_with_trigger.py took 0.168 seconds
[2024-10-21T05:33:13.319+0000] {processor.py:186} INFO - Started process (PID=833) to work on /home/airflow/.local/lib/python3.12/site-packages/airflow/example_dags/example_latest_only_with_trigger.py
[2024-10-21T05:33:13.327+0000] {processor.py:914} INFO - Processing file /home/airflow/.local/lib/python3.12/site-packages/airflow/example_dags/example_latest_only_with_trigger.py for tasks to queue
[2024-10-21T05:33:13.330+0000] {logging_mixin.py:190} INFO - [2024-10-21T05:33:13.329+0000] {dagbag.py:588} INFO - Filling up the DagBag from /home/airflow/.local/lib/python3.12/site-packages/airflow/example_dags/example_latest_only_with_trigger.py
[2024-10-21T05:33:13.353+0000] {processor.py:925} INFO - DAG(s) 'latest_only_with_trigger' retrieved from /home/airflow/.local/lib/python3.12/site-packages/airflow/example_dags/example_latest_only_with_trigger.py
[2024-10-21T05:33:13.397+0000] {logging_mixin.py:190} INFO - [2024-10-21T05:33:13.397+0000] {dag.py:3239} INFO - Sync 1 DAGs
[2024-10-21T05:33:13.452+0000] {logging_mixin.py:190} INFO - [2024-10-21T05:33:13.451+0000] {dag.py:4180} INFO - Setting next_dagrun for latest_only_with_trigger to 2024-10-21 00:00:00+00:00, run_after=2024-10-21 04:00:00+00:00
[2024-10-21T05:33:13.487+0000] {processor.py:208} INFO - Processing /home/airflow/.local/lib/python3.12/site-packages/airflow/example_dags/example_latest_only_with_trigger.py took 0.193 seconds
[2024-10-21T05:33:44.644+0000] {processor.py:186} INFO - Started process (PID=898) to work on /home/airflow/.local/lib/python3.12/site-packages/airflow/example_dags/example_latest_only_with_trigger.py
[2024-10-21T05:33:44.646+0000] {processor.py:914} INFO - Processing file /home/airflow/.local/lib/python3.12/site-packages/airflow/example_dags/example_latest_only_with_trigger.py for tasks to queue
[2024-10-21T05:33:44.648+0000] {logging_mixin.py:190} INFO - [2024-10-21T05:33:44.647+0000] {dagbag.py:588} INFO - Filling up the DagBag from /home/airflow/.local/lib/python3.12/site-packages/airflow/example_dags/example_latest_only_with_trigger.py
[2024-10-21T05:33:44.661+0000] {processor.py:925} INFO - DAG(s) 'latest_only_with_trigger' retrieved from /home/airflow/.local/lib/python3.12/site-packages/airflow/example_dags/example_latest_only_with_trigger.py
[2024-10-21T05:33:44.694+0000] {logging_mixin.py:190} INFO - [2024-10-21T05:33:44.693+0000] {dag.py:3239} INFO - Sync 1 DAGs
[2024-10-21T05:33:44.730+0000] {logging_mixin.py:190} INFO - [2024-10-21T05:33:44.730+0000] {dag.py:4180} INFO - Setting next_dagrun for latest_only_with_trigger to 2024-10-21 00:00:00+00:00, run_after=2024-10-21 04:00:00+00:00
[2024-10-21T05:33:44.767+0000] {processor.py:208} INFO - Processing /home/airflow/.local/lib/python3.12/site-packages/airflow/example_dags/example_latest_only_with_trigger.py took 0.132 seconds
[2024-10-21T05:34:15.266+0000] {processor.py:186} INFO - Started process (PID=960) to work on /home/airflow/.local/lib/python3.12/site-packages/airflow/example_dags/example_latest_only_with_trigger.py
[2024-10-21T05:34:15.268+0000] {processor.py:914} INFO - Processing file /home/airflow/.local/lib/python3.12/site-packages/airflow/example_dags/example_latest_only_with_trigger.py for tasks to queue
[2024-10-21T05:34:15.271+0000] {logging_mixin.py:190} INFO - [2024-10-21T05:34:15.271+0000] {dagbag.py:588} INFO - Filling up the DagBag from /home/airflow/.local/lib/python3.12/site-packages/airflow/example_dags/example_latest_only_with_trigger.py
[2024-10-21T05:34:15.288+0000] {processor.py:925} INFO - DAG(s) 'latest_only_with_trigger' retrieved from /home/airflow/.local/lib/python3.12/site-packages/airflow/example_dags/example_latest_only_with_trigger.py
[2024-10-21T05:34:15.326+0000] {logging_mixin.py:190} INFO - [2024-10-21T05:34:15.326+0000] {dag.py:3239} INFO - Sync 1 DAGs
[2024-10-21T05:34:15.382+0000] {logging_mixin.py:190} INFO - [2024-10-21T05:34:15.381+0000] {dag.py:4180} INFO - Setting next_dagrun for latest_only_with_trigger to 2024-10-21 00:00:00+00:00, run_after=2024-10-21 04:00:00+00:00
[2024-10-21T05:34:15.422+0000] {processor.py:208} INFO - Processing /home/airflow/.local/lib/python3.12/site-packages/airflow/example_dags/example_latest_only_with_trigger.py took 0.171 seconds
[2024-10-21T05:34:46.116+0000] {processor.py:186} INFO - Started process (PID=1021) to work on /home/airflow/.local/lib/python3.12/site-packages/airflow/example_dags/example_latest_only_with_trigger.py
[2024-10-21T05:34:46.117+0000] {processor.py:914} INFO - Processing file /home/airflow/.local/lib/python3.12/site-packages/airflow/example_dags/example_latest_only_with_trigger.py for tasks to queue
[2024-10-21T05:34:46.120+0000] {logging_mixin.py:190} INFO - [2024-10-21T05:34:46.120+0000] {dagbag.py:588} INFO - Filling up the DagBag from /home/airflow/.local/lib/python3.12/site-packages/airflow/example_dags/example_latest_only_with_trigger.py
[2024-10-21T05:34:46.135+0000] {processor.py:925} INFO - DAG(s) 'latest_only_with_trigger' retrieved from /home/airflow/.local/lib/python3.12/site-packages/airflow/example_dags/example_latest_only_with_trigger.py
[2024-10-21T05:34:46.178+0000] {logging_mixin.py:190} INFO - [2024-10-21T05:34:46.178+0000] {dag.py:3239} INFO - Sync 1 DAGs
[2024-10-21T05:34:46.213+0000] {logging_mixin.py:190} INFO - [2024-10-21T05:34:46.213+0000] {dag.py:4180} INFO - Setting next_dagrun for latest_only_with_trigger to 2024-10-21 00:00:00+00:00, run_after=2024-10-21 04:00:00+00:00
[2024-10-21T05:34:46.242+0000] {processor.py:208} INFO - Processing /home/airflow/.local/lib/python3.12/site-packages/airflow/example_dags/example_latest_only_with_trigger.py took 0.138 seconds
[2024-10-21T05:35:16.343+0000] {processor.py:186} INFO - Started process (PID=1083) to work on /home/airflow/.local/lib/python3.12/site-packages/airflow/example_dags/example_latest_only_with_trigger.py
[2024-10-21T05:35:16.345+0000] {processor.py:914} INFO - Processing file /home/airflow/.local/lib/python3.12/site-packages/airflow/example_dags/example_latest_only_with_trigger.py for tasks to queue
[2024-10-21T05:35:16.347+0000] {logging_mixin.py:190} INFO - [2024-10-21T05:35:16.346+0000] {dagbag.py:588} INFO - Filling up the DagBag from /home/airflow/.local/lib/python3.12/site-packages/airflow/example_dags/example_latest_only_with_trigger.py
[2024-10-21T05:35:16.359+0000] {processor.py:925} INFO - DAG(s) 'latest_only_with_trigger' retrieved from /home/airflow/.local/lib/python3.12/site-packages/airflow/example_dags/example_latest_only_with_trigger.py
[2024-10-21T05:35:16.392+0000] {logging_mixin.py:190} INFO - [2024-10-21T05:35:16.391+0000] {dag.py:3239} INFO - Sync 1 DAGs
[2024-10-21T05:35:16.424+0000] {logging_mixin.py:190} INFO - [2024-10-21T05:35:16.424+0000] {dag.py:4180} INFO - Setting next_dagrun for latest_only_with_trigger to 2024-10-21 00:00:00+00:00, run_after=2024-10-21 04:00:00+00:00
[2024-10-21T05:35:16.454+0000] {processor.py:208} INFO - Processing /home/airflow/.local/lib/python3.12/site-packages/airflow/example_dags/example_latest_only_with_trigger.py took 0.119 seconds
[2024-10-21T05:35:46.779+0000] {processor.py:186} INFO - Started process (PID=1145) to work on /home/airflow/.local/lib/python3.12/site-packages/airflow/example_dags/example_latest_only_with_trigger.py
[2024-10-21T05:35:46.781+0000] {processor.py:914} INFO - Processing file /home/airflow/.local/lib/python3.12/site-packages/airflow/example_dags/example_latest_only_with_trigger.py for tasks to queue
[2024-10-21T05:35:46.783+0000] {logging_mixin.py:190} INFO - [2024-10-21T05:35:46.782+0000] {dagbag.py:588} INFO - Filling up the DagBag from /home/airflow/.local/lib/python3.12/site-packages/airflow/example_dags/example_latest_only_with_trigger.py
[2024-10-21T05:35:46.799+0000] {processor.py:925} INFO - DAG(s) 'latest_only_with_trigger' retrieved from /home/airflow/.local/lib/python3.12/site-packages/airflow/example_dags/example_latest_only_with_trigger.py
[2024-10-21T05:35:46.834+0000] {logging_mixin.py:190} INFO - [2024-10-21T05:35:46.833+0000] {dag.py:3239} INFO - Sync 1 DAGs
[2024-10-21T05:35:46.870+0000] {logging_mixin.py:190} INFO - [2024-10-21T05:35:46.870+0000] {dag.py:4180} INFO - Setting next_dagrun for latest_only_with_trigger to 2024-10-21 00:00:00+00:00, run_after=2024-10-21 04:00:00+00:00
[2024-10-21T05:35:46.899+0000] {processor.py:208} INFO - Processing /home/airflow/.local/lib/python3.12/site-packages/airflow/example_dags/example_latest_only_with_trigger.py took 0.129 seconds
[2024-10-21T05:36:17.728+0000] {processor.py:186} INFO - Started process (PID=1207) to work on /home/airflow/.local/lib/python3.12/site-packages/airflow/example_dags/example_latest_only_with_trigger.py
[2024-10-21T05:36:17.730+0000] {processor.py:914} INFO - Processing file /home/airflow/.local/lib/python3.12/site-packages/airflow/example_dags/example_latest_only_with_trigger.py for tasks to queue
[2024-10-21T05:36:17.732+0000] {logging_mixin.py:190} INFO - [2024-10-21T05:36:17.732+0000] {dagbag.py:588} INFO - Filling up the DagBag from /home/airflow/.local/lib/python3.12/site-packages/airflow/example_dags/example_latest_only_with_trigger.py
[2024-10-21T05:36:17.748+0000] {processor.py:925} INFO - DAG(s) 'latest_only_with_trigger' retrieved from /home/airflow/.local/lib/python3.12/site-packages/airflow/example_dags/example_latest_only_with_trigger.py
[2024-10-21T05:36:17.777+0000] {logging_mixin.py:190} INFO - [2024-10-21T05:36:17.777+0000] {dag.py:3239} INFO - Sync 1 DAGs
[2024-10-21T05:36:17.812+0000] {logging_mixin.py:190} INFO - [2024-10-21T05:36:17.811+0000] {dag.py:4180} INFO - Setting next_dagrun for latest_only_with_trigger to 2024-10-21 00:00:00+00:00, run_after=2024-10-21 04:00:00+00:00
[2024-10-21T05:36:17.842+0000] {processor.py:208} INFO - Processing /home/airflow/.local/lib/python3.12/site-packages/airflow/example_dags/example_latest_only_with_trigger.py took 0.123 seconds
[2024-10-21T05:36:48.058+0000] {processor.py:186} INFO - Started process (PID=1269) to work on /home/airflow/.local/lib/python3.12/site-packages/airflow/example_dags/example_latest_only_with_trigger.py
[2024-10-21T05:36:48.059+0000] {processor.py:914} INFO - Processing file /home/airflow/.local/lib/python3.12/site-packages/airflow/example_dags/example_latest_only_with_trigger.py for tasks to queue
[2024-10-21T05:36:48.062+0000] {logging_mixin.py:190} INFO - [2024-10-21T05:36:48.061+0000] {dagbag.py:588} INFO - Filling up the DagBag from /home/airflow/.local/lib/python3.12/site-packages/airflow/example_dags/example_latest_only_with_trigger.py
[2024-10-21T05:36:48.076+0000] {processor.py:925} INFO - DAG(s) 'latest_only_with_trigger' retrieved from /home/airflow/.local/lib/python3.12/site-packages/airflow/example_dags/example_latest_only_with_trigger.py
[2024-10-21T05:36:48.119+0000] {logging_mixin.py:190} INFO - [2024-10-21T05:36:48.118+0000] {dag.py:3239} INFO - Sync 1 DAGs
[2024-10-21T05:36:48.168+0000] {logging_mixin.py:190} INFO - [2024-10-21T05:36:48.168+0000] {dag.py:4180} INFO - Setting next_dagrun for latest_only_with_trigger to 2024-10-21 00:00:00+00:00, run_after=2024-10-21 04:00:00+00:00
[2024-10-21T05:36:48.206+0000] {processor.py:208} INFO - Processing /home/airflow/.local/lib/python3.12/site-packages/airflow/example_dags/example_latest_only_with_trigger.py took 0.158 seconds
[2024-10-21T11:55:04.004+0000] {processor.py:186} INFO - Started process (PID=109) to work on /home/airflow/.local/lib/python3.12/site-packages/airflow/example_dags/example_latest_only_with_trigger.py
[2024-10-21T11:55:04.007+0000] {processor.py:914} INFO - Processing file /home/airflow/.local/lib/python3.12/site-packages/airflow/example_dags/example_latest_only_with_trigger.py for tasks to queue
[2024-10-21T11:55:04.010+0000] {logging_mixin.py:190} INFO - [2024-10-21T11:55:04.010+0000] {dagbag.py:588} INFO - Filling up the DagBag from /home/airflow/.local/lib/python3.12/site-packages/airflow/example_dags/example_latest_only_with_trigger.py
[2024-10-21T11:55:04.021+0000] {processor.py:925} INFO - DAG(s) 'latest_only_with_trigger' retrieved from /home/airflow/.local/lib/python3.12/site-packages/airflow/example_dags/example_latest_only_with_trigger.py
[2024-10-21T11:55:04.049+0000] {logging_mixin.py:190} INFO - [2024-10-21T11:55:04.048+0000] {dag.py:3239} INFO - Sync 1 DAGs
[2024-10-21T11:55:04.089+0000] {logging_mixin.py:190} INFO - [2024-10-21T11:55:04.088+0000] {dag.py:4180} INFO - Setting next_dagrun for latest_only_with_trigger to 2024-10-21 04:00:00+00:00, run_after=2024-10-21 08:00:00+00:00
[2024-10-21T11:55:04.121+0000] {processor.py:208} INFO - Processing /home/airflow/.local/lib/python3.12/site-packages/airflow/example_dags/example_latest_only_with_trigger.py took 0.125 seconds
