[2024-10-21T03:08:32.726+0000] {processor.py:186} INFO - Started process (PID=299) to work on /home/airflow/.local/lib/python3.12/site-packages/airflow/example_dags/example_sla_dag.py
[2024-10-21T03:08:32.727+0000] {processor.py:914} INFO - Processing file /home/airflow/.local/lib/python3.12/site-packages/airflow/example_dags/example_sla_dag.py for tasks to queue
[2024-10-21T03:08:32.729+0000] {logging_mixin.py:190} INFO - [2024-10-21T03:08:32.729+0000] {dagbag.py:588} INFO - Filling up the DagBag from /home/airflow/.local/lib/python3.12/site-packages/airflow/example_dags/example_sla_dag.py
[2024-10-21T03:08:32.741+0000] {processor.py:925} INFO - DAG(s) 'example_sla_dag' retrieved from /home/airflow/.local/lib/python3.12/site-packages/airflow/example_dags/example_sla_dag.py
[2024-10-21T03:08:32.873+0000] {logging_mixin.py:190} INFO - [2024-10-21T03:08:32.872+0000] {override.py:1900} INFO - Created Permission View: can delete on DAG:example_sla_dag
[2024-10-21T03:08:32.883+0000] {logging_mixin.py:190} INFO - [2024-10-21T03:08:32.882+0000] {override.py:1900} INFO - Created Permission View: can read on DAG:example_sla_dag
[2024-10-21T03:08:32.889+0000] {logging_mixin.py:190} INFO - [2024-10-21T03:08:32.889+0000] {override.py:1900} INFO - Created Permission View: can edit on DAG:example_sla_dag
[2024-10-21T03:08:32.897+0000] {logging_mixin.py:190} INFO - [2024-10-21T03:08:32.897+0000] {override.py:1900} INFO - Created Permission View: menu access on DAG Run:example_sla_dag
[2024-10-21T03:08:32.903+0000] {logging_mixin.py:190} INFO - [2024-10-21T03:08:32.902+0000] {override.py:1900} INFO - Created Permission View: can delete on DAG Run:example_sla_dag
[2024-10-21T03:08:32.909+0000] {logging_mixin.py:190} INFO - [2024-10-21T03:08:32.909+0000] {override.py:1900} INFO - Created Permission View: can read on DAG Run:example_sla_dag
[2024-10-21T03:08:32.915+0000] {logging_mixin.py:190} INFO - [2024-10-21T03:08:32.915+0000] {override.py:1900} INFO - Created Permission View: can create on DAG Run:example_sla_dag
[2024-10-21T03:08:32.916+0000] {logging_mixin.py:190} INFO - [2024-10-21T03:08:32.916+0000] {dag.py:3239} INFO - Sync 1 DAGs
[2024-10-21T03:08:32.926+0000] {logging_mixin.py:190} INFO - [2024-10-21T03:08:32.926+0000] {dag.py:3262} INFO - Creating ORM DAG for example_sla_dag
[2024-10-21T03:08:32.942+0000] {logging_mixin.py:190} INFO - [2024-10-21T03:08:32.942+0000] {dag.py:4180} INFO - Setting next_dagrun for example_sla_dag to 2024-10-21 03:06:00+00:00, run_after=2024-10-21 03:08:00+00:00
[2024-10-21T03:08:32.963+0000] {processor.py:208} INFO - Processing /home/airflow/.local/lib/python3.12/site-packages/airflow/example_dags/example_sla_dag.py took 0.243 seconds
[2024-10-21T03:09:03.235+0000] {processor.py:186} INFO - Started process (PID=361) to work on /home/airflow/.local/lib/python3.12/site-packages/airflow/example_dags/example_sla_dag.py
[2024-10-21T03:09:03.236+0000] {processor.py:914} INFO - Processing file /home/airflow/.local/lib/python3.12/site-packages/airflow/example_dags/example_sla_dag.py for tasks to queue
[2024-10-21T03:09:03.240+0000] {logging_mixin.py:190} INFO - [2024-10-21T03:09:03.239+0000] {dagbag.py:588} INFO - Filling up the DagBag from /home/airflow/.local/lib/python3.12/site-packages/airflow/example_dags/example_sla_dag.py
[2024-10-21T03:09:03.255+0000] {processor.py:925} INFO - DAG(s) 'example_sla_dag' retrieved from /home/airflow/.local/lib/python3.12/site-packages/airflow/example_dags/example_sla_dag.py
[2024-10-21T03:09:03.277+0000] {logging_mixin.py:190} INFO - [2024-10-21T03:09:03.277+0000] {dag.py:3239} INFO - Sync 1 DAGs
[2024-10-21T03:09:03.304+0000] {logging_mixin.py:190} INFO - [2024-10-21T03:09:03.304+0000] {dag.py:4180} INFO - Setting next_dagrun for example_sla_dag to 2024-10-21 03:06:00+00:00, run_after=2024-10-21 03:08:00+00:00
[2024-10-21T03:09:03.321+0000] {processor.py:208} INFO - Processing /home/airflow/.local/lib/python3.12/site-packages/airflow/example_dags/example_sla_dag.py took 0.094 seconds
[2024-10-21T03:09:33.839+0000] {processor.py:186} INFO - Started process (PID=423) to work on /home/airflow/.local/lib/python3.12/site-packages/airflow/example_dags/example_sla_dag.py
[2024-10-21T03:09:33.840+0000] {processor.py:914} INFO - Processing file /home/airflow/.local/lib/python3.12/site-packages/airflow/example_dags/example_sla_dag.py for tasks to queue
[2024-10-21T03:09:33.842+0000] {logging_mixin.py:190} INFO - [2024-10-21T03:09:33.842+0000] {dagbag.py:588} INFO - Filling up the DagBag from /home/airflow/.local/lib/python3.12/site-packages/airflow/example_dags/example_sla_dag.py
[2024-10-21T03:09:33.851+0000] {processor.py:925} INFO - DAG(s) 'example_sla_dag' retrieved from /home/airflow/.local/lib/python3.12/site-packages/airflow/example_dags/example_sla_dag.py
[2024-10-21T03:09:33.868+0000] {logging_mixin.py:190} INFO - [2024-10-21T03:09:33.868+0000] {dag.py:3239} INFO - Sync 1 DAGs
[2024-10-21T03:09:33.898+0000] {logging_mixin.py:190} INFO - [2024-10-21T03:09:33.898+0000] {dag.py:4180} INFO - Setting next_dagrun for example_sla_dag to 2024-10-21 03:06:00+00:00, run_after=2024-10-21 03:08:00+00:00
[2024-10-21T03:09:33.920+0000] {processor.py:208} INFO - Processing /home/airflow/.local/lib/python3.12/site-packages/airflow/example_dags/example_sla_dag.py took 0.086 seconds
[2024-10-21T03:10:04.656+0000] {processor.py:186} INFO - Started process (PID=485) to work on /home/airflow/.local/lib/python3.12/site-packages/airflow/example_dags/example_sla_dag.py
[2024-10-21T03:10:04.657+0000] {processor.py:914} INFO - Processing file /home/airflow/.local/lib/python3.12/site-packages/airflow/example_dags/example_sla_dag.py for tasks to queue
[2024-10-21T03:10:04.661+0000] {logging_mixin.py:190} INFO - [2024-10-21T03:10:04.660+0000] {dagbag.py:588} INFO - Filling up the DagBag from /home/airflow/.local/lib/python3.12/site-packages/airflow/example_dags/example_sla_dag.py
[2024-10-21T03:10:04.674+0000] {processor.py:925} INFO - DAG(s) 'example_sla_dag' retrieved from /home/airflow/.local/lib/python3.12/site-packages/airflow/example_dags/example_sla_dag.py
[2024-10-21T03:10:04.695+0000] {logging_mixin.py:190} INFO - [2024-10-21T03:10:04.694+0000] {dag.py:3239} INFO - Sync 1 DAGs
[2024-10-21T03:10:04.726+0000] {logging_mixin.py:190} INFO - [2024-10-21T03:10:04.725+0000] {dag.py:4180} INFO - Setting next_dagrun for example_sla_dag to 2024-10-21 03:08:00+00:00, run_after=2024-10-21 03:10:00+00:00
[2024-10-21T03:10:04.756+0000] {processor.py:208} INFO - Processing /home/airflow/.local/lib/python3.12/site-packages/airflow/example_dags/example_sla_dag.py took 0.106 seconds
[2024-10-21T03:10:35.459+0000] {processor.py:186} INFO - Started process (PID=547) to work on /home/airflow/.local/lib/python3.12/site-packages/airflow/example_dags/example_sla_dag.py
[2024-10-21T03:10:35.460+0000] {processor.py:914} INFO - Processing file /home/airflow/.local/lib/python3.12/site-packages/airflow/example_dags/example_sla_dag.py for tasks to queue
[2024-10-21T03:10:35.463+0000] {logging_mixin.py:190} INFO - [2024-10-21T03:10:35.463+0000] {dagbag.py:588} INFO - Filling up the DagBag from /home/airflow/.local/lib/python3.12/site-packages/airflow/example_dags/example_sla_dag.py
[2024-10-21T03:10:35.475+0000] {processor.py:925} INFO - DAG(s) 'example_sla_dag' retrieved from /home/airflow/.local/lib/python3.12/site-packages/airflow/example_dags/example_sla_dag.py
[2024-10-21T03:10:35.496+0000] {logging_mixin.py:190} INFO - [2024-10-21T03:10:35.495+0000] {dag.py:3239} INFO - Sync 1 DAGs
[2024-10-21T03:10:35.520+0000] {logging_mixin.py:190} INFO - [2024-10-21T03:10:35.519+0000] {dag.py:4180} INFO - Setting next_dagrun for example_sla_dag to 2024-10-21 03:08:00+00:00, run_after=2024-10-21 03:10:00+00:00
[2024-10-21T03:10:35.538+0000] {processor.py:208} INFO - Processing /home/airflow/.local/lib/python3.12/site-packages/airflow/example_dags/example_sla_dag.py took 0.086 seconds
[2024-10-21T03:11:05.702+0000] {processor.py:186} INFO - Started process (PID=609) to work on /home/airflow/.local/lib/python3.12/site-packages/airflow/example_dags/example_sla_dag.py
[2024-10-21T03:11:05.703+0000] {processor.py:914} INFO - Processing file /home/airflow/.local/lib/python3.12/site-packages/airflow/example_dags/example_sla_dag.py for tasks to queue
[2024-10-21T03:11:05.705+0000] {logging_mixin.py:190} INFO - [2024-10-21T03:11:05.705+0000] {dagbag.py:588} INFO - Filling up the DagBag from /home/airflow/.local/lib/python3.12/site-packages/airflow/example_dags/example_sla_dag.py
[2024-10-21T03:11:05.714+0000] {processor.py:925} INFO - DAG(s) 'example_sla_dag' retrieved from /home/airflow/.local/lib/python3.12/site-packages/airflow/example_dags/example_sla_dag.py
[2024-10-21T03:11:05.730+0000] {logging_mixin.py:190} INFO - [2024-10-21T03:11:05.730+0000] {dag.py:3239} INFO - Sync 1 DAGs
[2024-10-21T03:11:05.748+0000] {logging_mixin.py:190} INFO - [2024-10-21T03:11:05.748+0000] {dag.py:4180} INFO - Setting next_dagrun for example_sla_dag to 2024-10-21 03:08:00+00:00, run_after=2024-10-21 03:10:00+00:00
[2024-10-21T03:11:05.763+0000] {processor.py:208} INFO - Processing /home/airflow/.local/lib/python3.12/site-packages/airflow/example_dags/example_sla_dag.py took 0.065 seconds
[2024-10-21T03:11:36.466+0000] {processor.py:186} INFO - Started process (PID=671) to work on /home/airflow/.local/lib/python3.12/site-packages/airflow/example_dags/example_sla_dag.py
[2024-10-21T03:11:36.477+0000] {processor.py:914} INFO - Processing file /home/airflow/.local/lib/python3.12/site-packages/airflow/example_dags/example_sla_dag.py for tasks to queue
[2024-10-21T03:11:36.485+0000] {logging_mixin.py:190} INFO - [2024-10-21T03:11:36.483+0000] {dagbag.py:588} INFO - Filling up the DagBag from /home/airflow/.local/lib/python3.12/site-packages/airflow/example_dags/example_sla_dag.py
[2024-10-21T03:11:36.512+0000] {processor.py:925} INFO - DAG(s) 'example_sla_dag' retrieved from /home/airflow/.local/lib/python3.12/site-packages/airflow/example_dags/example_sla_dag.py
[2024-10-21T03:11:36.555+0000] {logging_mixin.py:190} INFO - [2024-10-21T03:11:36.554+0000] {dag.py:3239} INFO - Sync 1 DAGs
[2024-10-21T03:11:36.615+0000] {logging_mixin.py:190} INFO - [2024-10-21T03:11:36.614+0000] {dag.py:4180} INFO - Setting next_dagrun for example_sla_dag to 2024-10-21 03:08:00+00:00, run_after=2024-10-21 03:10:00+00:00
[2024-10-21T03:11:36.682+0000] {processor.py:208} INFO - Processing /home/airflow/.local/lib/python3.12/site-packages/airflow/example_dags/example_sla_dag.py took 0.229 seconds
[2024-10-21T05:26:20.924+0000] {processor.py:186} INFO - Started process (PID=84) to work on /home/airflow/.local/lib/python3.12/site-packages/airflow/example_dags/example_sla_dag.py
[2024-10-21T05:26:20.948+0000] {processor.py:914} INFO - Processing file /home/airflow/.local/lib/python3.12/site-packages/airflow/example_dags/example_sla_dag.py for tasks to queue
[2024-10-21T05:26:21.071+0000] {logging_mixin.py:190} INFO - [2024-10-21T05:26:21.070+0000] {dagbag.py:588} INFO - Filling up the DagBag from /home/airflow/.local/lib/python3.12/site-packages/airflow/example_dags/example_sla_dag.py
[2024-10-21T05:26:21.229+0000] {processor.py:925} INFO - DAG(s) 'example_sla_dag' retrieved from /home/airflow/.local/lib/python3.12/site-packages/airflow/example_dags/example_sla_dag.py
[2024-10-21T05:26:21.413+0000] {logging_mixin.py:190} INFO - [2024-10-21T05:26:21.412+0000] {dag.py:3239} INFO - Sync 1 DAGs
[2024-10-21T05:26:21.695+0000] {logging_mixin.py:190} INFO - [2024-10-21T05:26:21.695+0000] {dag.py:4180} INFO - Setting next_dagrun for example_sla_dag to 2024-10-21 05:24:00+00:00, run_after=2024-10-21 05:26:00+00:00
[2024-10-21T05:26:21.775+0000] {processor.py:208} INFO - Processing /home/airflow/.local/lib/python3.12/site-packages/airflow/example_dags/example_sla_dag.py took 0.923 seconds
[2024-10-21T05:26:56.549+0000] {processor.py:186} INFO - Started process (PID=146) to work on /home/airflow/.local/lib/python3.12/site-packages/airflow/example_dags/example_sla_dag.py
[2024-10-21T05:26:56.551+0000] {processor.py:914} INFO - Processing file /home/airflow/.local/lib/python3.12/site-packages/airflow/example_dags/example_sla_dag.py for tasks to queue
[2024-10-21T05:26:56.560+0000] {logging_mixin.py:190} INFO - [2024-10-21T05:26:56.557+0000] {dagbag.py:588} INFO - Filling up the DagBag from /home/airflow/.local/lib/python3.12/site-packages/airflow/example_dags/example_sla_dag.py
[2024-10-21T05:26:56.621+0000] {processor.py:925} INFO - DAG(s) 'example_sla_dag' retrieved from /home/airflow/.local/lib/python3.12/site-packages/airflow/example_dags/example_sla_dag.py
[2024-10-21T05:26:56.712+0000] {logging_mixin.py:190} INFO - [2024-10-21T05:26:56.712+0000] {dag.py:3239} INFO - Sync 1 DAGs
[2024-10-21T05:26:56.815+0000] {logging_mixin.py:190} INFO - [2024-10-21T05:26:56.815+0000] {dag.py:4180} INFO - Setting next_dagrun for example_sla_dag to 2024-10-21 05:24:00+00:00, run_after=2024-10-21 05:26:00+00:00
[2024-10-21T05:26:56.878+0000] {processor.py:208} INFO - Processing /home/airflow/.local/lib/python3.12/site-packages/airflow/example_dags/example_sla_dag.py took 0.346 seconds
[2024-10-21T05:27:27.601+0000] {processor.py:186} INFO - Started process (PID=208) to work on /home/airflow/.local/lib/python3.12/site-packages/airflow/example_dags/example_sla_dag.py
[2024-10-21T05:27:27.604+0000] {processor.py:914} INFO - Processing file /home/airflow/.local/lib/python3.12/site-packages/airflow/example_dags/example_sla_dag.py for tasks to queue
[2024-10-21T05:27:27.609+0000] {logging_mixin.py:190} INFO - [2024-10-21T05:27:27.608+0000] {dagbag.py:588} INFO - Filling up the DagBag from /home/airflow/.local/lib/python3.12/site-packages/airflow/example_dags/example_sla_dag.py
[2024-10-21T05:27:27.642+0000] {processor.py:925} INFO - DAG(s) 'example_sla_dag' retrieved from /home/airflow/.local/lib/python3.12/site-packages/airflow/example_dags/example_sla_dag.py
[2024-10-21T05:27:27.690+0000] {logging_mixin.py:190} INFO - [2024-10-21T05:27:27.690+0000] {dag.py:3239} INFO - Sync 1 DAGs
[2024-10-21T05:27:27.751+0000] {logging_mixin.py:190} INFO - [2024-10-21T05:27:27.751+0000] {dag.py:4180} INFO - Setting next_dagrun for example_sla_dag to 2024-10-21 05:24:00+00:00, run_after=2024-10-21 05:26:00+00:00
[2024-10-21T05:27:27.786+0000] {processor.py:208} INFO - Processing /home/airflow/.local/lib/python3.12/site-packages/airflow/example_dags/example_sla_dag.py took 0.208 seconds
[2024-10-21T05:28:24.248+0000] {processor.py:186} INFO - Started process (PID=289) to work on /home/airflow/.local/lib/python3.12/site-packages/airflow/example_dags/example_sla_dag.py
[2024-10-21T05:28:24.252+0000] {processor.py:914} INFO - Processing file /home/airflow/.local/lib/python3.12/site-packages/airflow/example_dags/example_sla_dag.py for tasks to queue
[2024-10-21T05:28:24.280+0000] {logging_mixin.py:190} INFO - [2024-10-21T05:28:24.268+0000] {dagbag.py:588} INFO - Filling up the DagBag from /home/airflow/.local/lib/python3.12/site-packages/airflow/example_dags/example_sla_dag.py
[2024-10-21T05:28:24.403+0000] {processor.py:925} INFO - DAG(s) 'example_sla_dag' retrieved from /home/airflow/.local/lib/python3.12/site-packages/airflow/example_dags/example_sla_dag.py
[2024-10-21T05:28:24.555+0000] {logging_mixin.py:190} INFO - [2024-10-21T05:28:24.554+0000] {dag.py:3239} INFO - Sync 1 DAGs
[2024-10-21T05:28:24.762+0000] {logging_mixin.py:190} INFO - [2024-10-21T05:28:24.760+0000] {dag.py:4180} INFO - Setting next_dagrun for example_sla_dag to 2024-10-21 05:26:00+00:00, run_after=2024-10-21 05:28:00+00:00
[2024-10-21T05:28:24.825+0000] {processor.py:208} INFO - Processing /home/airflow/.local/lib/python3.12/site-packages/airflow/example_dags/example_sla_dag.py took 0.596 seconds
[2024-10-21T05:29:02.123+0000] {processor.py:186} INFO - Started process (PID=318) to work on /home/airflow/.local/lib/python3.12/site-packages/airflow/example_dags/example_sla_dag.py
[2024-10-21T05:29:02.126+0000] {processor.py:914} INFO - Processing file /home/airflow/.local/lib/python3.12/site-packages/airflow/example_dags/example_sla_dag.py for tasks to queue
[2024-10-21T05:29:02.141+0000] {logging_mixin.py:190} INFO - [2024-10-21T05:29:02.139+0000] {dagbag.py:588} INFO - Filling up the DagBag from /home/airflow/.local/lib/python3.12/site-packages/airflow/example_dags/example_sla_dag.py
[2024-10-21T05:29:02.218+0000] {processor.py:925} INFO - DAG(s) 'example_sla_dag' retrieved from /home/airflow/.local/lib/python3.12/site-packages/airflow/example_dags/example_sla_dag.py
[2024-10-21T05:29:02.275+0000] {logging_mixin.py:190} INFO - [2024-10-21T05:29:02.274+0000] {dag.py:3239} INFO - Sync 1 DAGs
[2024-10-21T05:29:02.356+0000] {logging_mixin.py:190} INFO - [2024-10-21T05:29:02.355+0000] {dag.py:4180} INFO - Setting next_dagrun for example_sla_dag to 2024-10-21 05:26:00+00:00, run_after=2024-10-21 05:28:00+00:00
[2024-10-21T05:29:02.420+0000] {processor.py:208} INFO - Processing /home/airflow/.local/lib/python3.12/site-packages/airflow/example_dags/example_sla_dag.py took 0.320 seconds
[2024-10-21T05:29:33.174+0000] {processor.py:186} INFO - Started process (PID=380) to work on /home/airflow/.local/lib/python3.12/site-packages/airflow/example_dags/example_sla_dag.py
[2024-10-21T05:29:33.179+0000] {processor.py:914} INFO - Processing file /home/airflow/.local/lib/python3.12/site-packages/airflow/example_dags/example_sla_dag.py for tasks to queue
[2024-10-21T05:29:33.184+0000] {logging_mixin.py:190} INFO - [2024-10-21T05:29:33.183+0000] {dagbag.py:588} INFO - Filling up the DagBag from /home/airflow/.local/lib/python3.12/site-packages/airflow/example_dags/example_sla_dag.py
[2024-10-21T05:29:33.223+0000] {processor.py:925} INFO - DAG(s) 'example_sla_dag' retrieved from /home/airflow/.local/lib/python3.12/site-packages/airflow/example_dags/example_sla_dag.py
[2024-10-21T05:29:33.314+0000] {logging_mixin.py:190} INFO - [2024-10-21T05:29:33.313+0000] {dag.py:3239} INFO - Sync 1 DAGs
[2024-10-21T05:29:33.531+0000] {logging_mixin.py:190} INFO - [2024-10-21T05:29:33.530+0000] {dag.py:4180} INFO - Setting next_dagrun for example_sla_dag to 2024-10-21 05:26:00+00:00, run_after=2024-10-21 05:28:00+00:00
[2024-10-21T05:29:33.594+0000] {processor.py:208} INFO - Processing /home/airflow/.local/lib/python3.12/site-packages/airflow/example_dags/example_sla_dag.py took 0.437 seconds
[2024-10-21T05:30:03.953+0000] {processor.py:186} INFO - Started process (PID=442) to work on /home/airflow/.local/lib/python3.12/site-packages/airflow/example_dags/example_sla_dag.py
[2024-10-21T05:30:03.955+0000] {processor.py:914} INFO - Processing file /home/airflow/.local/lib/python3.12/site-packages/airflow/example_dags/example_sla_dag.py for tasks to queue
[2024-10-21T05:30:03.957+0000] {logging_mixin.py:190} INFO - [2024-10-21T05:30:03.957+0000] {dagbag.py:588} INFO - Filling up the DagBag from /home/airflow/.local/lib/python3.12/site-packages/airflow/example_dags/example_sla_dag.py
[2024-10-21T05:30:03.972+0000] {processor.py:925} INFO - DAG(s) 'example_sla_dag' retrieved from /home/airflow/.local/lib/python3.12/site-packages/airflow/example_dags/example_sla_dag.py
[2024-10-21T05:30:04.002+0000] {logging_mixin.py:190} INFO - [2024-10-21T05:30:04.001+0000] {dag.py:3239} INFO - Sync 1 DAGs
[2024-10-21T05:30:04.038+0000] {logging_mixin.py:190} INFO - [2024-10-21T05:30:04.037+0000] {dag.py:4180} INFO - Setting next_dagrun for example_sla_dag to 2024-10-21 05:28:00+00:00, run_after=2024-10-21 05:30:00+00:00
[2024-10-21T05:30:04.067+0000] {processor.py:208} INFO - Processing /home/airflow/.local/lib/python3.12/site-packages/airflow/example_dags/example_sla_dag.py took 0.122 seconds
[2024-10-21T05:30:34.543+0000] {processor.py:186} INFO - Started process (PID=504) to work on /home/airflow/.local/lib/python3.12/site-packages/airflow/example_dags/example_sla_dag.py
[2024-10-21T05:30:34.545+0000] {processor.py:914} INFO - Processing file /home/airflow/.local/lib/python3.12/site-packages/airflow/example_dags/example_sla_dag.py for tasks to queue
[2024-10-21T05:30:34.547+0000] {logging_mixin.py:190} INFO - [2024-10-21T05:30:34.546+0000] {dagbag.py:588} INFO - Filling up the DagBag from /home/airflow/.local/lib/python3.12/site-packages/airflow/example_dags/example_sla_dag.py
[2024-10-21T05:30:34.564+0000] {processor.py:925} INFO - DAG(s) 'example_sla_dag' retrieved from /home/airflow/.local/lib/python3.12/site-packages/airflow/example_dags/example_sla_dag.py
[2024-10-21T05:30:34.595+0000] {logging_mixin.py:190} INFO - [2024-10-21T05:30:34.595+0000] {dag.py:3239} INFO - Sync 1 DAGs
[2024-10-21T05:30:34.636+0000] {logging_mixin.py:190} INFO - [2024-10-21T05:30:34.636+0000] {dag.py:4180} INFO - Setting next_dagrun for example_sla_dag to 2024-10-21 05:28:00+00:00, run_after=2024-10-21 05:30:00+00:00
[2024-10-21T05:30:34.663+0000] {processor.py:208} INFO - Processing /home/airflow/.local/lib/python3.12/site-packages/airflow/example_dags/example_sla_dag.py took 0.128 seconds
[2024-10-21T05:31:04.949+0000] {processor.py:186} INFO - Started process (PID=566) to work on /home/airflow/.local/lib/python3.12/site-packages/airflow/example_dags/example_sla_dag.py
[2024-10-21T05:31:04.951+0000] {processor.py:914} INFO - Processing file /home/airflow/.local/lib/python3.12/site-packages/airflow/example_dags/example_sla_dag.py for tasks to queue
[2024-10-21T05:31:04.953+0000] {logging_mixin.py:190} INFO - [2024-10-21T05:31:04.953+0000] {dagbag.py:588} INFO - Filling up the DagBag from /home/airflow/.local/lib/python3.12/site-packages/airflow/example_dags/example_sla_dag.py
[2024-10-21T05:31:04.966+0000] {processor.py:925} INFO - DAG(s) 'example_sla_dag' retrieved from /home/airflow/.local/lib/python3.12/site-packages/airflow/example_dags/example_sla_dag.py
[2024-10-21T05:31:04.994+0000] {logging_mixin.py:190} INFO - [2024-10-21T05:31:04.993+0000] {dag.py:3239} INFO - Sync 1 DAGs
[2024-10-21T05:31:05.028+0000] {logging_mixin.py:190} INFO - [2024-10-21T05:31:05.027+0000] {dag.py:4180} INFO - Setting next_dagrun for example_sla_dag to 2024-10-21 05:28:00+00:00, run_after=2024-10-21 05:30:00+00:00
[2024-10-21T05:31:05.054+0000] {processor.py:208} INFO - Processing /home/airflow/.local/lib/python3.12/site-packages/airflow/example_dags/example_sla_dag.py took 0.113 seconds
[2024-10-21T05:31:35.806+0000] {processor.py:186} INFO - Started process (PID=629) to work on /home/airflow/.local/lib/python3.12/site-packages/airflow/example_dags/example_sla_dag.py
[2024-10-21T05:31:35.808+0000] {processor.py:914} INFO - Processing file /home/airflow/.local/lib/python3.12/site-packages/airflow/example_dags/example_sla_dag.py for tasks to queue
[2024-10-21T05:31:35.810+0000] {logging_mixin.py:190} INFO - [2024-10-21T05:31:35.810+0000] {dagbag.py:588} INFO - Filling up the DagBag from /home/airflow/.local/lib/python3.12/site-packages/airflow/example_dags/example_sla_dag.py
[2024-10-21T05:31:35.822+0000] {processor.py:925} INFO - DAG(s) 'example_sla_dag' retrieved from /home/airflow/.local/lib/python3.12/site-packages/airflow/example_dags/example_sla_dag.py
[2024-10-21T05:31:35.850+0000] {logging_mixin.py:190} INFO - [2024-10-21T05:31:35.849+0000] {dag.py:3239} INFO - Sync 1 DAGs
[2024-10-21T05:31:35.883+0000] {logging_mixin.py:190} INFO - [2024-10-21T05:31:35.883+0000] {dag.py:4180} INFO - Setting next_dagrun for example_sla_dag to 2024-10-21 05:28:00+00:00, run_after=2024-10-21 05:30:00+00:00
[2024-10-21T05:31:35.911+0000] {processor.py:208} INFO - Processing /home/airflow/.local/lib/python3.12/site-packages/airflow/example_dags/example_sla_dag.py took 0.113 seconds
[2024-10-21T05:32:06.567+0000] {processor.py:186} INFO - Started process (PID=691) to work on /home/airflow/.local/lib/python3.12/site-packages/airflow/example_dags/example_sla_dag.py
[2024-10-21T05:32:06.569+0000] {processor.py:914} INFO - Processing file /home/airflow/.local/lib/python3.12/site-packages/airflow/example_dags/example_sla_dag.py for tasks to queue
[2024-10-21T05:32:06.571+0000] {logging_mixin.py:190} INFO - [2024-10-21T05:32:06.570+0000] {dagbag.py:588} INFO - Filling up the DagBag from /home/airflow/.local/lib/python3.12/site-packages/airflow/example_dags/example_sla_dag.py
[2024-10-21T05:32:06.590+0000] {processor.py:925} INFO - DAG(s) 'example_sla_dag' retrieved from /home/airflow/.local/lib/python3.12/site-packages/airflow/example_dags/example_sla_dag.py
[2024-10-21T05:32:06.621+0000] {logging_mixin.py:190} INFO - [2024-10-21T05:32:06.621+0000] {dag.py:3239} INFO - Sync 1 DAGs
[2024-10-21T05:32:06.674+0000] {logging_mixin.py:190} INFO - [2024-10-21T05:32:06.673+0000] {dag.py:4180} INFO - Setting next_dagrun for example_sla_dag to 2024-10-21 05:30:00+00:00, run_after=2024-10-21 05:32:00+00:00
[2024-10-21T05:32:06.712+0000] {processor.py:208} INFO - Processing /home/airflow/.local/lib/python3.12/site-packages/airflow/example_dags/example_sla_dag.py took 0.156 seconds
[2024-10-21T05:32:36.962+0000] {processor.py:186} INFO - Started process (PID=753) to work on /home/airflow/.local/lib/python3.12/site-packages/airflow/example_dags/example_sla_dag.py
[2024-10-21T05:32:36.964+0000] {processor.py:914} INFO - Processing file /home/airflow/.local/lib/python3.12/site-packages/airflow/example_dags/example_sla_dag.py for tasks to queue
[2024-10-21T05:32:36.969+0000] {logging_mixin.py:190} INFO - [2024-10-21T05:32:36.968+0000] {dagbag.py:588} INFO - Filling up the DagBag from /home/airflow/.local/lib/python3.12/site-packages/airflow/example_dags/example_sla_dag.py
[2024-10-21T05:32:36.995+0000] {processor.py:925} INFO - DAG(s) 'example_sla_dag' retrieved from /home/airflow/.local/lib/python3.12/site-packages/airflow/example_dags/example_sla_dag.py
[2024-10-21T05:32:37.042+0000] {logging_mixin.py:190} INFO - [2024-10-21T05:32:37.041+0000] {dag.py:3239} INFO - Sync 1 DAGs
[2024-10-21T05:32:37.101+0000] {logging_mixin.py:190} INFO - [2024-10-21T05:32:37.101+0000] {dag.py:4180} INFO - Setting next_dagrun for example_sla_dag to 2024-10-21 05:30:00+00:00, run_after=2024-10-21 05:32:00+00:00
[2024-10-21T05:32:37.137+0000] {processor.py:208} INFO - Processing /home/airflow/.local/lib/python3.12/site-packages/airflow/example_dags/example_sla_dag.py took 0.188 seconds
[2024-10-21T05:33:07.213+0000] {processor.py:186} INFO - Started process (PID=815) to work on /home/airflow/.local/lib/python3.12/site-packages/airflow/example_dags/example_sla_dag.py
[2024-10-21T05:33:07.216+0000] {processor.py:914} INFO - Processing file /home/airflow/.local/lib/python3.12/site-packages/airflow/example_dags/example_sla_dag.py for tasks to queue
[2024-10-21T05:33:07.218+0000] {logging_mixin.py:190} INFO - [2024-10-21T05:33:07.217+0000] {dagbag.py:588} INFO - Filling up the DagBag from /home/airflow/.local/lib/python3.12/site-packages/airflow/example_dags/example_sla_dag.py
[2024-10-21T05:33:07.233+0000] {processor.py:925} INFO - DAG(s) 'example_sla_dag' retrieved from /home/airflow/.local/lib/python3.12/site-packages/airflow/example_dags/example_sla_dag.py
[2024-10-21T05:33:07.261+0000] {logging_mixin.py:190} INFO - [2024-10-21T05:33:07.261+0000] {dag.py:3239} INFO - Sync 1 DAGs
[2024-10-21T05:33:07.306+0000] {logging_mixin.py:190} INFO - [2024-10-21T05:33:07.306+0000] {dag.py:4180} INFO - Setting next_dagrun for example_sla_dag to 2024-10-21 05:30:00+00:00, run_after=2024-10-21 05:32:00+00:00
[2024-10-21T05:33:07.332+0000] {processor.py:208} INFO - Processing /home/airflow/.local/lib/python3.12/site-packages/airflow/example_dags/example_sla_dag.py took 0.132 seconds
[2024-10-21T05:33:40.150+0000] {processor.py:186} INFO - Started process (PID=877) to work on /home/airflow/.local/lib/python3.12/site-packages/airflow/example_dags/example_sla_dag.py
[2024-10-21T05:33:40.153+0000] {processor.py:914} INFO - Processing file /home/airflow/.local/lib/python3.12/site-packages/airflow/example_dags/example_sla_dag.py for tasks to queue
[2024-10-21T05:33:40.156+0000] {logging_mixin.py:190} INFO - [2024-10-21T05:33:40.155+0000] {dagbag.py:588} INFO - Filling up the DagBag from /home/airflow/.local/lib/python3.12/site-packages/airflow/example_dags/example_sla_dag.py
[2024-10-21T05:33:40.239+0000] {processor.py:925} INFO - DAG(s) 'example_sla_dag' retrieved from /home/airflow/.local/lib/python3.12/site-packages/airflow/example_dags/example_sla_dag.py
[2024-10-21T05:33:40.344+0000] {logging_mixin.py:190} INFO - [2024-10-21T05:33:40.343+0000] {dag.py:3239} INFO - Sync 1 DAGs
[2024-10-21T05:33:40.478+0000] {logging_mixin.py:190} INFO - [2024-10-21T05:33:40.477+0000] {dag.py:4180} INFO - Setting next_dagrun for example_sla_dag to 2024-10-21 05:30:00+00:00, run_after=2024-10-21 05:32:00+00:00
[2024-10-21T05:33:40.599+0000] {processor.py:208} INFO - Processing /home/airflow/.local/lib/python3.12/site-packages/airflow/example_dags/example_sla_dag.py took 0.462 seconds
[2024-10-21T05:34:11.488+0000] {processor.py:186} INFO - Started process (PID=939) to work on /home/airflow/.local/lib/python3.12/site-packages/airflow/example_dags/example_sla_dag.py
[2024-10-21T05:34:11.490+0000] {processor.py:914} INFO - Processing file /home/airflow/.local/lib/python3.12/site-packages/airflow/example_dags/example_sla_dag.py for tasks to queue
[2024-10-21T05:34:11.492+0000] {logging_mixin.py:190} INFO - [2024-10-21T05:34:11.491+0000] {dagbag.py:588} INFO - Filling up the DagBag from /home/airflow/.local/lib/python3.12/site-packages/airflow/example_dags/example_sla_dag.py
[2024-10-21T05:34:11.510+0000] {processor.py:925} INFO - DAG(s) 'example_sla_dag' retrieved from /home/airflow/.local/lib/python3.12/site-packages/airflow/example_dags/example_sla_dag.py
[2024-10-21T05:34:11.540+0000] {logging_mixin.py:190} INFO - [2024-10-21T05:34:11.540+0000] {dag.py:3239} INFO - Sync 1 DAGs
[2024-10-21T05:34:11.584+0000] {logging_mixin.py:190} INFO - [2024-10-21T05:34:11.584+0000] {dag.py:4180} INFO - Setting next_dagrun for example_sla_dag to 2024-10-21 05:32:00+00:00, run_after=2024-10-21 05:34:00+00:00
[2024-10-21T05:34:11.616+0000] {processor.py:208} INFO - Processing /home/airflow/.local/lib/python3.12/site-packages/airflow/example_dags/example_sla_dag.py took 0.139 seconds
[2024-10-21T05:34:42.134+0000] {processor.py:186} INFO - Started process (PID=1001) to work on /home/airflow/.local/lib/python3.12/site-packages/airflow/example_dags/example_sla_dag.py
[2024-10-21T05:34:42.136+0000] {processor.py:914} INFO - Processing file /home/airflow/.local/lib/python3.12/site-packages/airflow/example_dags/example_sla_dag.py for tasks to queue
[2024-10-21T05:34:42.137+0000] {logging_mixin.py:190} INFO - [2024-10-21T05:34:42.137+0000] {dagbag.py:588} INFO - Filling up the DagBag from /home/airflow/.local/lib/python3.12/site-packages/airflow/example_dags/example_sla_dag.py
[2024-10-21T05:34:42.150+0000] {processor.py:925} INFO - DAG(s) 'example_sla_dag' retrieved from /home/airflow/.local/lib/python3.12/site-packages/airflow/example_dags/example_sla_dag.py
[2024-10-21T05:34:42.177+0000] {logging_mixin.py:190} INFO - [2024-10-21T05:34:42.177+0000] {dag.py:3239} INFO - Sync 1 DAGs
[2024-10-21T05:34:42.211+0000] {logging_mixin.py:190} INFO - [2024-10-21T05:34:42.211+0000] {dag.py:4180} INFO - Setting next_dagrun for example_sla_dag to 2024-10-21 05:32:00+00:00, run_after=2024-10-21 05:34:00+00:00
[2024-10-21T05:34:42.236+0000] {processor.py:208} INFO - Processing /home/airflow/.local/lib/python3.12/site-packages/airflow/example_dags/example_sla_dag.py took 0.111 seconds
[2024-10-21T05:35:12.978+0000] {processor.py:186} INFO - Started process (PID=1063) to work on /home/airflow/.local/lib/python3.12/site-packages/airflow/example_dags/example_sla_dag.py
[2024-10-21T05:35:12.980+0000] {processor.py:914} INFO - Processing file /home/airflow/.local/lib/python3.12/site-packages/airflow/example_dags/example_sla_dag.py for tasks to queue
[2024-10-21T05:35:12.983+0000] {logging_mixin.py:190} INFO - [2024-10-21T05:35:12.982+0000] {dagbag.py:588} INFO - Filling up the DagBag from /home/airflow/.local/lib/python3.12/site-packages/airflow/example_dags/example_sla_dag.py
[2024-10-21T05:35:13.000+0000] {processor.py:925} INFO - DAG(s) 'example_sla_dag' retrieved from /home/airflow/.local/lib/python3.12/site-packages/airflow/example_dags/example_sla_dag.py
[2024-10-21T05:35:13.031+0000] {logging_mixin.py:190} INFO - [2024-10-21T05:35:13.030+0000] {dag.py:3239} INFO - Sync 1 DAGs
[2024-10-21T05:35:13.074+0000] {logging_mixin.py:190} INFO - [2024-10-21T05:35:13.074+0000] {dag.py:4180} INFO - Setting next_dagrun for example_sla_dag to 2024-10-21 05:32:00+00:00, run_after=2024-10-21 05:34:00+00:00
[2024-10-21T05:35:13.102+0000] {processor.py:208} INFO - Processing /home/airflow/.local/lib/python3.12/site-packages/airflow/example_dags/example_sla_dag.py took 0.134 seconds
[2024-10-21T05:35:43.627+0000] {processor.py:186} INFO - Started process (PID=1125) to work on /home/airflow/.local/lib/python3.12/site-packages/airflow/example_dags/example_sla_dag.py
[2024-10-21T05:35:43.628+0000] {processor.py:914} INFO - Processing file /home/airflow/.local/lib/python3.12/site-packages/airflow/example_dags/example_sla_dag.py for tasks to queue
[2024-10-21T05:35:43.631+0000] {logging_mixin.py:190} INFO - [2024-10-21T05:35:43.630+0000] {dagbag.py:588} INFO - Filling up the DagBag from /home/airflow/.local/lib/python3.12/site-packages/airflow/example_dags/example_sla_dag.py
[2024-10-21T05:35:43.645+0000] {processor.py:925} INFO - DAG(s) 'example_sla_dag' retrieved from /home/airflow/.local/lib/python3.12/site-packages/airflow/example_dags/example_sla_dag.py
[2024-10-21T05:35:43.675+0000] {logging_mixin.py:190} INFO - [2024-10-21T05:35:43.674+0000] {dag.py:3239} INFO - Sync 1 DAGs
[2024-10-21T05:35:43.709+0000] {logging_mixin.py:190} INFO - [2024-10-21T05:35:43.709+0000] {dag.py:4180} INFO - Setting next_dagrun for example_sla_dag to 2024-10-21 05:32:00+00:00, run_after=2024-10-21 05:34:00+00:00
[2024-10-21T05:35:43.737+0000] {processor.py:208} INFO - Processing /home/airflow/.local/lib/python3.12/site-packages/airflow/example_dags/example_sla_dag.py took 0.118 seconds
[2024-10-21T05:36:14.447+0000] {processor.py:186} INFO - Started process (PID=1187) to work on /home/airflow/.local/lib/python3.12/site-packages/airflow/example_dags/example_sla_dag.py
[2024-10-21T05:36:14.449+0000] {processor.py:914} INFO - Processing file /home/airflow/.local/lib/python3.12/site-packages/airflow/example_dags/example_sla_dag.py for tasks to queue
[2024-10-21T05:36:14.451+0000] {logging_mixin.py:190} INFO - [2024-10-21T05:36:14.450+0000] {dagbag.py:588} INFO - Filling up the DagBag from /home/airflow/.local/lib/python3.12/site-packages/airflow/example_dags/example_sla_dag.py
[2024-10-21T05:36:14.473+0000] {processor.py:925} INFO - DAG(s) 'example_sla_dag' retrieved from /home/airflow/.local/lib/python3.12/site-packages/airflow/example_dags/example_sla_dag.py
[2024-10-21T05:36:14.519+0000] {logging_mixin.py:190} INFO - [2024-10-21T05:36:14.519+0000] {dag.py:3239} INFO - Sync 1 DAGs
[2024-10-21T05:36:14.583+0000] {logging_mixin.py:190} INFO - [2024-10-21T05:36:14.583+0000] {dag.py:4180} INFO - Setting next_dagrun for example_sla_dag to 2024-10-21 05:34:00+00:00, run_after=2024-10-21 05:36:00+00:00
[2024-10-21T05:36:14.621+0000] {processor.py:208} INFO - Processing /home/airflow/.local/lib/python3.12/site-packages/airflow/example_dags/example_sla_dag.py took 0.182 seconds
[2024-10-21T05:36:45.084+0000] {processor.py:186} INFO - Started process (PID=1249) to work on /home/airflow/.local/lib/python3.12/site-packages/airflow/example_dags/example_sla_dag.py
[2024-10-21T05:36:45.086+0000] {processor.py:914} INFO - Processing file /home/airflow/.local/lib/python3.12/site-packages/airflow/example_dags/example_sla_dag.py for tasks to queue
[2024-10-21T05:36:45.089+0000] {logging_mixin.py:190} INFO - [2024-10-21T05:36:45.088+0000] {dagbag.py:588} INFO - Filling up the DagBag from /home/airflow/.local/lib/python3.12/site-packages/airflow/example_dags/example_sla_dag.py
[2024-10-21T05:36:45.106+0000] {processor.py:925} INFO - DAG(s) 'example_sla_dag' retrieved from /home/airflow/.local/lib/python3.12/site-packages/airflow/example_dags/example_sla_dag.py
[2024-10-21T05:36:45.136+0000] {logging_mixin.py:190} INFO - [2024-10-21T05:36:45.135+0000] {dag.py:3239} INFO - Sync 1 DAGs
[2024-10-21T05:36:45.177+0000] {logging_mixin.py:190} INFO - [2024-10-21T05:36:45.177+0000] {dag.py:4180} INFO - Setting next_dagrun for example_sla_dag to 2024-10-21 05:34:00+00:00, run_after=2024-10-21 05:36:00+00:00
[2024-10-21T05:36:45.204+0000] {processor.py:208} INFO - Processing /home/airflow/.local/lib/python3.12/site-packages/airflow/example_dags/example_sla_dag.py took 0.130 seconds
[2024-10-21T11:54:54.192+0000] {processor.py:186} INFO - Started process (PID=79) to work on /home/airflow/.local/lib/python3.12/site-packages/airflow/example_dags/example_sla_dag.py
[2024-10-21T11:54:54.194+0000] {processor.py:914} INFO - Processing file /home/airflow/.local/lib/python3.12/site-packages/airflow/example_dags/example_sla_dag.py for tasks to queue
[2024-10-21T11:54:54.197+0000] {logging_mixin.py:190} INFO - [2024-10-21T11:54:54.197+0000] {dagbag.py:588} INFO - Filling up the DagBag from /home/airflow/.local/lib/python3.12/site-packages/airflow/example_dags/example_sla_dag.py
[2024-10-21T11:54:54.219+0000] {processor.py:925} INFO - DAG(s) 'example_sla_dag' retrieved from /home/airflow/.local/lib/python3.12/site-packages/airflow/example_dags/example_sla_dag.py
[2024-10-21T11:54:54.291+0000] {logging_mixin.py:190} INFO - [2024-10-21T11:54:54.291+0000] {dag.py:3239} INFO - Sync 1 DAGs
[2024-10-21T11:54:54.326+0000] {logging_mixin.py:190} INFO - [2024-10-21T11:54:54.326+0000] {dag.py:4180} INFO - Setting next_dagrun for example_sla_dag to 2024-10-21 11:52:00+00:00, run_after=2024-10-21 11:54:00+00:00
[2024-10-21T11:54:54.351+0000] {processor.py:208} INFO - Processing /home/airflow/.local/lib/python3.12/site-packages/airflow/example_dags/example_sla_dag.py took 0.165 seconds
[2024-10-21T11:55:25.650+0000] {processor.py:186} INFO - Started process (PID=142) to work on /home/airflow/.local/lib/python3.12/site-packages/airflow/example_dags/example_sla_dag.py
[2024-10-21T11:55:25.651+0000] {processor.py:914} INFO - Processing file /home/airflow/.local/lib/python3.12/site-packages/airflow/example_dags/example_sla_dag.py for tasks to queue
[2024-10-21T11:55:25.654+0000] {logging_mixin.py:190} INFO - [2024-10-21T11:55:25.654+0000] {dagbag.py:588} INFO - Filling up the DagBag from /home/airflow/.local/lib/python3.12/site-packages/airflow/example_dags/example_sla_dag.py
[2024-10-21T11:55:25.669+0000] {processor.py:925} INFO - DAG(s) 'example_sla_dag' retrieved from /home/airflow/.local/lib/python3.12/site-packages/airflow/example_dags/example_sla_dag.py
[2024-10-21T11:55:25.686+0000] {logging_mixin.py:190} INFO - [2024-10-21T11:55:25.685+0000] {dag.py:3239} INFO - Sync 1 DAGs
[2024-10-21T11:55:25.741+0000] {logging_mixin.py:190} INFO - [2024-10-21T11:55:25.740+0000] {dag.py:4180} INFO - Setting next_dagrun for example_sla_dag to 2024-10-21 11:52:00+00:00, run_after=2024-10-21 11:54:00+00:00
[2024-10-21T11:55:25.786+0000] {processor.py:208} INFO - Processing /home/airflow/.local/lib/python3.12/site-packages/airflow/example_dags/example_sla_dag.py took 0.143 seconds
