[2024-10-21T03:08:40.120+0000] {processor.py:186} INFO - Started process (PID=320) to work on /home/airflow/.local/lib/python3.12/site-packages/airflow/example_dags/example_branch_python_dop_operator_3.py
[2024-10-21T03:08:40.121+0000] {processor.py:914} INFO - Processing file /home/airflow/.local/lib/python3.12/site-packages/airflow/example_dags/example_branch_python_dop_operator_3.py for tasks to queue
[2024-10-21T03:08:40.124+0000] {logging_mixin.py:190} INFO - [2024-10-21T03:08:40.123+0000] {dagbag.py:588} INFO - Filling up the DagBag from /home/airflow/.local/lib/python3.12/site-packages/airflow/example_dags/example_branch_python_dop_operator_3.py
[2024-10-21T03:08:40.142+0000] {processor.py:925} INFO - DAG(s) 'example_branch_dop_operator_v3' retrieved from /home/airflow/.local/lib/python3.12/site-packages/airflow/example_dags/example_branch_python_dop_operator_3.py
[2024-10-21T03:08:40.260+0000] {logging_mixin.py:190} INFO - [2024-10-21T03:08:40.259+0000] {override.py:1900} INFO - Created Permission View: can delete on DAG:example_branch_dop_operator_v3
[2024-10-21T03:08:40.272+0000] {logging_mixin.py:190} INFO - [2024-10-21T03:08:40.271+0000] {override.py:1900} INFO - Created Permission View: can read on DAG:example_branch_dop_operator_v3
[2024-10-21T03:08:40.278+0000] {logging_mixin.py:190} INFO - [2024-10-21T03:08:40.278+0000] {override.py:1900} INFO - Created Permission View: can edit on DAG:example_branch_dop_operator_v3
[2024-10-21T03:08:40.285+0000] {logging_mixin.py:190} INFO - [2024-10-21T03:08:40.285+0000] {override.py:1900} INFO - Created Permission View: menu access on DAG Run:example_branch_dop_operator_v3
[2024-10-21T03:08:40.292+0000] {logging_mixin.py:190} INFO - [2024-10-21T03:08:40.291+0000] {override.py:1900} INFO - Created Permission View: can delete on DAG Run:example_branch_dop_operator_v3
[2024-10-21T03:08:40.299+0000] {logging_mixin.py:190} INFO - [2024-10-21T03:08:40.298+0000] {override.py:1900} INFO - Created Permission View: can read on DAG Run:example_branch_dop_operator_v3
[2024-10-21T03:08:40.306+0000] {logging_mixin.py:190} INFO - [2024-10-21T03:08:40.306+0000] {override.py:1900} INFO - Created Permission View: can create on DAG Run:example_branch_dop_operator_v3
[2024-10-21T03:08:40.308+0000] {logging_mixin.py:190} INFO - [2024-10-21T03:08:40.308+0000] {dag.py:3239} INFO - Sync 1 DAGs
[2024-10-21T03:08:40.321+0000] {logging_mixin.py:190} INFO - [2024-10-21T03:08:40.321+0000] {dag.py:3262} INFO - Creating ORM DAG for example_branch_dop_operator_v3
[2024-10-21T03:08:40.332+0000] {logging_mixin.py:190} INFO - [2024-10-21T03:08:40.331+0000] {dag.py:4180} INFO - Setting next_dagrun for example_branch_dop_operator_v3 to 2024-10-21 03:07:00+00:00, run_after=2024-10-21 03:08:00+00:00
[2024-10-21T03:08:40.350+0000] {processor.py:208} INFO - Processing /home/airflow/.local/lib/python3.12/site-packages/airflow/example_dags/example_branch_python_dop_operator_3.py took 0.239 seconds
[2024-10-21T03:09:10.645+0000] {processor.py:186} INFO - Started process (PID=381) to work on /home/airflow/.local/lib/python3.12/site-packages/airflow/example_dags/example_branch_python_dop_operator_3.py
[2024-10-21T03:09:10.647+0000] {processor.py:914} INFO - Processing file /home/airflow/.local/lib/python3.12/site-packages/airflow/example_dags/example_branch_python_dop_operator_3.py for tasks to queue
[2024-10-21T03:09:10.666+0000] {logging_mixin.py:190} INFO - [2024-10-21T03:09:10.666+0000] {dagbag.py:588} INFO - Filling up the DagBag from /home/airflow/.local/lib/python3.12/site-packages/airflow/example_dags/example_branch_python_dop_operator_3.py
[2024-10-21T03:09:10.688+0000] {processor.py:925} INFO - DAG(s) 'example_branch_dop_operator_v3' retrieved from /home/airflow/.local/lib/python3.12/site-packages/airflow/example_dags/example_branch_python_dop_operator_3.py
[2024-10-21T03:09:10.713+0000] {logging_mixin.py:190} INFO - [2024-10-21T03:09:10.713+0000] {dag.py:3239} INFO - Sync 1 DAGs
[2024-10-21T03:09:10.742+0000] {logging_mixin.py:190} INFO - [2024-10-21T03:09:10.742+0000] {dag.py:4180} INFO - Setting next_dagrun for example_branch_dop_operator_v3 to 2024-10-21 03:08:00+00:00, run_after=2024-10-21 03:09:00+00:00
[2024-10-21T03:09:10.773+0000] {processor.py:208} INFO - Processing /home/airflow/.local/lib/python3.12/site-packages/airflow/example_dags/example_branch_python_dop_operator_3.py took 0.147 seconds
[2024-10-21T03:09:40.929+0000] {processor.py:186} INFO - Started process (PID=443) to work on /home/airflow/.local/lib/python3.12/site-packages/airflow/example_dags/example_branch_python_dop_operator_3.py
[2024-10-21T03:09:40.930+0000] {processor.py:914} INFO - Processing file /home/airflow/.local/lib/python3.12/site-packages/airflow/example_dags/example_branch_python_dop_operator_3.py for tasks to queue
[2024-10-21T03:09:40.933+0000] {logging_mixin.py:190} INFO - [2024-10-21T03:09:40.932+0000] {dagbag.py:588} INFO - Filling up the DagBag from /home/airflow/.local/lib/python3.12/site-packages/airflow/example_dags/example_branch_python_dop_operator_3.py
[2024-10-21T03:09:40.944+0000] {processor.py:925} INFO - DAG(s) 'example_branch_dop_operator_v3' retrieved from /home/airflow/.local/lib/python3.12/site-packages/airflow/example_dags/example_branch_python_dop_operator_3.py
[2024-10-21T03:09:40.971+0000] {logging_mixin.py:190} INFO - [2024-10-21T03:09:40.971+0000] {dag.py:3239} INFO - Sync 1 DAGs
[2024-10-21T03:09:40.998+0000] {logging_mixin.py:190} INFO - [2024-10-21T03:09:40.998+0000] {dag.py:4180} INFO - Setting next_dagrun for example_branch_dop_operator_v3 to 2024-10-21 03:08:00+00:00, run_after=2024-10-21 03:09:00+00:00
[2024-10-21T03:09:41.018+0000] {processor.py:208} INFO - Processing /home/airflow/.local/lib/python3.12/site-packages/airflow/example_dags/example_branch_python_dop_operator_3.py took 0.094 seconds
[2024-10-21T03:10:11.711+0000] {processor.py:186} INFO - Started process (PID=505) to work on /home/airflow/.local/lib/python3.12/site-packages/airflow/example_dags/example_branch_python_dop_operator_3.py
[2024-10-21T03:10:11.714+0000] {processor.py:914} INFO - Processing file /home/airflow/.local/lib/python3.12/site-packages/airflow/example_dags/example_branch_python_dop_operator_3.py for tasks to queue
[2024-10-21T03:10:11.718+0000] {logging_mixin.py:190} INFO - [2024-10-21T03:10:11.717+0000] {dagbag.py:588} INFO - Filling up the DagBag from /home/airflow/.local/lib/python3.12/site-packages/airflow/example_dags/example_branch_python_dop_operator_3.py
[2024-10-21T03:10:11.729+0000] {processor.py:925} INFO - DAG(s) 'example_branch_dop_operator_v3' retrieved from /home/airflow/.local/lib/python3.12/site-packages/airflow/example_dags/example_branch_python_dop_operator_3.py
[2024-10-21T03:10:11.752+0000] {logging_mixin.py:190} INFO - [2024-10-21T03:10:11.752+0000] {dag.py:3239} INFO - Sync 1 DAGs
[2024-10-21T03:10:11.787+0000] {logging_mixin.py:190} INFO - [2024-10-21T03:10:11.787+0000] {dag.py:4180} INFO - Setting next_dagrun for example_branch_dop_operator_v3 to 2024-10-21 03:09:00+00:00, run_after=2024-10-21 03:10:00+00:00
[2024-10-21T03:10:11.812+0000] {processor.py:208} INFO - Processing /home/airflow/.local/lib/python3.12/site-packages/airflow/example_dags/example_branch_python_dop_operator_3.py took 0.107 seconds
[2024-10-21T03:10:42.310+0000] {processor.py:186} INFO - Started process (PID=567) to work on /home/airflow/.local/lib/python3.12/site-packages/airflow/example_dags/example_branch_python_dop_operator_3.py
[2024-10-21T03:10:42.311+0000] {processor.py:914} INFO - Processing file /home/airflow/.local/lib/python3.12/site-packages/airflow/example_dags/example_branch_python_dop_operator_3.py for tasks to queue
[2024-10-21T03:10:42.313+0000] {logging_mixin.py:190} INFO - [2024-10-21T03:10:42.313+0000] {dagbag.py:588} INFO - Filling up the DagBag from /home/airflow/.local/lib/python3.12/site-packages/airflow/example_dags/example_branch_python_dop_operator_3.py
[2024-10-21T03:10:42.322+0000] {processor.py:925} INFO - DAG(s) 'example_branch_dop_operator_v3' retrieved from /home/airflow/.local/lib/python3.12/site-packages/airflow/example_dags/example_branch_python_dop_operator_3.py
[2024-10-21T03:10:42.340+0000] {logging_mixin.py:190} INFO - [2024-10-21T03:10:42.340+0000] {dag.py:3239} INFO - Sync 1 DAGs
[2024-10-21T03:10:42.363+0000] {logging_mixin.py:190} INFO - [2024-10-21T03:10:42.363+0000] {dag.py:4180} INFO - Setting next_dagrun for example_branch_dop_operator_v3 to 2024-10-21 03:09:00+00:00, run_after=2024-10-21 03:10:00+00:00
[2024-10-21T03:10:42.381+0000] {processor.py:208} INFO - Processing /home/airflow/.local/lib/python3.12/site-packages/airflow/example_dags/example_branch_python_dop_operator_3.py took 0.076 seconds
[2024-10-21T03:11:12.755+0000] {processor.py:186} INFO - Started process (PID=629) to work on /home/airflow/.local/lib/python3.12/site-packages/airflow/example_dags/example_branch_python_dop_operator_3.py
[2024-10-21T03:11:12.756+0000] {processor.py:914} INFO - Processing file /home/airflow/.local/lib/python3.12/site-packages/airflow/example_dags/example_branch_python_dop_operator_3.py for tasks to queue
[2024-10-21T03:11:12.758+0000] {logging_mixin.py:190} INFO - [2024-10-21T03:11:12.758+0000] {dagbag.py:588} INFO - Filling up the DagBag from /home/airflow/.local/lib/python3.12/site-packages/airflow/example_dags/example_branch_python_dop_operator_3.py
[2024-10-21T03:11:12.769+0000] {processor.py:925} INFO - DAG(s) 'example_branch_dop_operator_v3' retrieved from /home/airflow/.local/lib/python3.12/site-packages/airflow/example_dags/example_branch_python_dop_operator_3.py
[2024-10-21T03:11:12.788+0000] {logging_mixin.py:190} INFO - [2024-10-21T03:11:12.787+0000] {dag.py:3239} INFO - Sync 1 DAGs
[2024-10-21T03:11:12.808+0000] {logging_mixin.py:190} INFO - [2024-10-21T03:11:12.808+0000] {dag.py:4180} INFO - Setting next_dagrun for example_branch_dop_operator_v3 to 2024-10-21 03:10:00+00:00, run_after=2024-10-21 03:11:00+00:00
[2024-10-21T03:11:12.826+0000] {processor.py:208} INFO - Processing /home/airflow/.local/lib/python3.12/site-packages/airflow/example_dags/example_branch_python_dop_operator_3.py took 0.076 seconds
[2024-10-21T03:11:43.320+0000] {processor.py:186} INFO - Started process (PID=692) to work on /home/airflow/.local/lib/python3.12/site-packages/airflow/example_dags/example_branch_python_dop_operator_3.py
[2024-10-21T03:11:43.321+0000] {processor.py:914} INFO - Processing file /home/airflow/.local/lib/python3.12/site-packages/airflow/example_dags/example_branch_python_dop_operator_3.py for tasks to queue
[2024-10-21T03:11:43.324+0000] {logging_mixin.py:190} INFO - [2024-10-21T03:11:43.324+0000] {dagbag.py:588} INFO - Filling up the DagBag from /home/airflow/.local/lib/python3.12/site-packages/airflow/example_dags/example_branch_python_dop_operator_3.py
[2024-10-21T03:11:43.339+0000] {processor.py:925} INFO - DAG(s) 'example_branch_dop_operator_v3' retrieved from /home/airflow/.local/lib/python3.12/site-packages/airflow/example_dags/example_branch_python_dop_operator_3.py
[2024-10-21T03:11:43.365+0000] {logging_mixin.py:190} INFO - [2024-10-21T03:11:43.364+0000] {dag.py:3239} INFO - Sync 1 DAGs
[2024-10-21T03:11:43.395+0000] {logging_mixin.py:190} INFO - [2024-10-21T03:11:43.394+0000] {dag.py:4180} INFO - Setting next_dagrun for example_branch_dop_operator_v3 to 2024-10-21 03:10:00+00:00, run_after=2024-10-21 03:11:00+00:00
[2024-10-21T03:11:43.432+0000] {processor.py:208} INFO - Processing /home/airflow/.local/lib/python3.12/site-packages/airflow/example_dags/example_branch_python_dop_operator_3.py took 0.120 seconds
[2024-10-21T05:26:30.248+0000] {processor.py:186} INFO - Started process (PID=105) to work on /home/airflow/.local/lib/python3.12/site-packages/airflow/example_dags/example_branch_python_dop_operator_3.py
[2024-10-21T05:26:30.251+0000] {processor.py:914} INFO - Processing file /home/airflow/.local/lib/python3.12/site-packages/airflow/example_dags/example_branch_python_dop_operator_3.py for tasks to queue
[2024-10-21T05:26:30.255+0000] {logging_mixin.py:190} INFO - [2024-10-21T05:26:30.255+0000] {dagbag.py:588} INFO - Filling up the DagBag from /home/airflow/.local/lib/python3.12/site-packages/airflow/example_dags/example_branch_python_dop_operator_3.py
[2024-10-21T05:26:30.275+0000] {processor.py:925} INFO - DAG(s) 'example_branch_dop_operator_v3' retrieved from /home/airflow/.local/lib/python3.12/site-packages/airflow/example_dags/example_branch_python_dop_operator_3.py
[2024-10-21T05:26:30.326+0000] {logging_mixin.py:190} INFO - [2024-10-21T05:26:30.326+0000] {dag.py:3239} INFO - Sync 1 DAGs
[2024-10-21T05:26:30.539+0000] {logging_mixin.py:190} INFO - [2024-10-21T05:26:30.539+0000] {dag.py:4180} INFO - Setting next_dagrun for example_branch_dop_operator_v3 to 2024-10-21 05:25:00+00:00, run_after=2024-10-21 05:26:00+00:00
[2024-10-21T05:26:30.670+0000] {processor.py:208} INFO - Processing /home/airflow/.local/lib/python3.12/site-packages/airflow/example_dags/example_branch_python_dop_operator_3.py took 0.433 seconds
[2024-10-21T05:27:00.804+0000] {processor.py:186} INFO - Started process (PID=166) to work on /home/airflow/.local/lib/python3.12/site-packages/airflow/example_dags/example_branch_python_dop_operator_3.py
[2024-10-21T05:27:00.806+0000] {processor.py:914} INFO - Processing file /home/airflow/.local/lib/python3.12/site-packages/airflow/example_dags/example_branch_python_dop_operator_3.py for tasks to queue
[2024-10-21T05:27:00.810+0000] {logging_mixin.py:190} INFO - [2024-10-21T05:27:00.810+0000] {dagbag.py:588} INFO - Filling up the DagBag from /home/airflow/.local/lib/python3.12/site-packages/airflow/example_dags/example_branch_python_dop_operator_3.py
[2024-10-21T05:27:00.826+0000] {processor.py:925} INFO - DAG(s) 'example_branch_dop_operator_v3' retrieved from /home/airflow/.local/lib/python3.12/site-packages/airflow/example_dags/example_branch_python_dop_operator_3.py
[2024-10-21T05:27:00.855+0000] {logging_mixin.py:190} INFO - [2024-10-21T05:27:00.855+0000] {dag.py:3239} INFO - Sync 1 DAGs
[2024-10-21T05:27:00.919+0000] {logging_mixin.py:190} INFO - [2024-10-21T05:27:00.919+0000] {dag.py:4180} INFO - Setting next_dagrun for example_branch_dop_operator_v3 to 2024-10-21 05:26:00+00:00, run_after=2024-10-21 05:27:00+00:00
[2024-10-21T05:27:00.970+0000] {processor.py:208} INFO - Processing /home/airflow/.local/lib/python3.12/site-packages/airflow/example_dags/example_branch_python_dop_operator_3.py took 0.175 seconds
[2024-10-21T05:27:31.883+0000] {processor.py:186} INFO - Started process (PID=228) to work on /home/airflow/.local/lib/python3.12/site-packages/airflow/example_dags/example_branch_python_dop_operator_3.py
[2024-10-21T05:27:31.884+0000] {processor.py:914} INFO - Processing file /home/airflow/.local/lib/python3.12/site-packages/airflow/example_dags/example_branch_python_dop_operator_3.py for tasks to queue
[2024-10-21T05:27:31.889+0000] {logging_mixin.py:190} INFO - [2024-10-21T05:27:31.888+0000] {dagbag.py:588} INFO - Filling up the DagBag from /home/airflow/.local/lib/python3.12/site-packages/airflow/example_dags/example_branch_python_dop_operator_3.py
[2024-10-21T05:27:31.908+0000] {processor.py:925} INFO - DAG(s) 'example_branch_dop_operator_v3' retrieved from /home/airflow/.local/lib/python3.12/site-packages/airflow/example_dags/example_branch_python_dop_operator_3.py
[2024-10-21T05:27:31.939+0000] {logging_mixin.py:190} INFO - [2024-10-21T05:27:31.939+0000] {dag.py:3239} INFO - Sync 1 DAGs
[2024-10-21T05:27:31.984+0000] {logging_mixin.py:190} INFO - [2024-10-21T05:27:31.984+0000] {dag.py:4180} INFO - Setting next_dagrun for example_branch_dop_operator_v3 to 2024-10-21 05:26:00+00:00, run_after=2024-10-21 05:27:00+00:00
[2024-10-21T05:27:32.011+0000] {processor.py:208} INFO - Processing /home/airflow/.local/lib/python3.12/site-packages/airflow/example_dags/example_branch_python_dop_operator_3.py took 0.138 seconds
[2024-10-21T05:29:00.219+0000] {processor.py:186} INFO - Started process (PID=309) to work on /home/airflow/.local/lib/python3.12/site-packages/airflow/example_dags/example_branch_python_dop_operator_3.py
[2024-10-21T05:29:00.223+0000] {processor.py:914} INFO - Processing file /home/airflow/.local/lib/python3.12/site-packages/airflow/example_dags/example_branch_python_dop_operator_3.py for tasks to queue
[2024-10-21T05:29:00.229+0000] {logging_mixin.py:190} INFO - [2024-10-21T05:29:00.228+0000] {dagbag.py:588} INFO - Filling up the DagBag from /home/airflow/.local/lib/python3.12/site-packages/airflow/example_dags/example_branch_python_dop_operator_3.py
[2024-10-21T05:29:00.264+0000] {processor.py:925} INFO - DAG(s) 'example_branch_dop_operator_v3' retrieved from /home/airflow/.local/lib/python3.12/site-packages/airflow/example_dags/example_branch_python_dop_operator_3.py
[2024-10-21T05:29:00.317+0000] {logging_mixin.py:190} INFO - [2024-10-21T05:29:00.316+0000] {dag.py:3239} INFO - Sync 1 DAGs
[2024-10-21T05:29:00.398+0000] {logging_mixin.py:190} INFO - [2024-10-21T05:29:00.396+0000] {dag.py:4180} INFO - Setting next_dagrun for example_branch_dop_operator_v3 to 2024-10-21 05:28:00+00:00, run_after=2024-10-21 05:29:00+00:00
[2024-10-21T05:29:00.454+0000] {processor.py:208} INFO - Processing /home/airflow/.local/lib/python3.12/site-packages/airflow/example_dags/example_branch_python_dop_operator_3.py took 0.255 seconds
[2024-10-21T05:29:30.973+0000] {processor.py:186} INFO - Started process (PID=371) to work on /home/airflow/.local/lib/python3.12/site-packages/airflow/example_dags/example_branch_python_dop_operator_3.py
[2024-10-21T05:29:30.975+0000] {processor.py:914} INFO - Processing file /home/airflow/.local/lib/python3.12/site-packages/airflow/example_dags/example_branch_python_dop_operator_3.py for tasks to queue
[2024-10-21T05:29:30.978+0000] {logging_mixin.py:190} INFO - [2024-10-21T05:29:30.977+0000] {dagbag.py:588} INFO - Filling up the DagBag from /home/airflow/.local/lib/python3.12/site-packages/airflow/example_dags/example_branch_python_dop_operator_3.py
[2024-10-21T05:29:31.000+0000] {processor.py:925} INFO - DAG(s) 'example_branch_dop_operator_v3' retrieved from /home/airflow/.local/lib/python3.12/site-packages/airflow/example_dags/example_branch_python_dop_operator_3.py
[2024-10-21T05:29:31.070+0000] {logging_mixin.py:190} INFO - [2024-10-21T05:29:31.070+0000] {dag.py:3239} INFO - Sync 1 DAGs
[2024-10-21T05:29:31.120+0000] {logging_mixin.py:190} INFO - [2024-10-21T05:29:31.120+0000] {dag.py:4180} INFO - Setting next_dagrun for example_branch_dop_operator_v3 to 2024-10-21 05:28:00+00:00, run_after=2024-10-21 05:29:00+00:00
[2024-10-21T05:29:31.149+0000] {processor.py:208} INFO - Processing /home/airflow/.local/lib/python3.12/site-packages/airflow/example_dags/example_branch_python_dop_operator_3.py took 0.185 seconds
[2024-10-21T05:30:01.241+0000] {processor.py:186} INFO - Started process (PID=433) to work on /home/airflow/.local/lib/python3.12/site-packages/airflow/example_dags/example_branch_python_dop_operator_3.py
[2024-10-21T05:30:01.243+0000] {processor.py:914} INFO - Processing file /home/airflow/.local/lib/python3.12/site-packages/airflow/example_dags/example_branch_python_dop_operator_3.py for tasks to queue
[2024-10-21T05:30:01.246+0000] {logging_mixin.py:190} INFO - [2024-10-21T05:30:01.245+0000] {dagbag.py:588} INFO - Filling up the DagBag from /home/airflow/.local/lib/python3.12/site-packages/airflow/example_dags/example_branch_python_dop_operator_3.py
[2024-10-21T05:30:01.262+0000] {processor.py:925} INFO - DAG(s) 'example_branch_dop_operator_v3' retrieved from /home/airflow/.local/lib/python3.12/site-packages/airflow/example_dags/example_branch_python_dop_operator_3.py
[2024-10-21T05:30:01.297+0000] {logging_mixin.py:190} INFO - [2024-10-21T05:30:01.296+0000] {dag.py:3239} INFO - Sync 1 DAGs
[2024-10-21T05:30:01.339+0000] {logging_mixin.py:190} INFO - [2024-10-21T05:30:01.339+0000] {dag.py:4180} INFO - Setting next_dagrun for example_branch_dop_operator_v3 to 2024-10-21 05:29:00+00:00, run_after=2024-10-21 05:30:00+00:00
[2024-10-21T05:30:01.376+0000] {processor.py:208} INFO - Processing /home/airflow/.local/lib/python3.12/site-packages/airflow/example_dags/example_branch_python_dop_operator_3.py took 0.144 seconds
[2024-10-21T05:30:31.726+0000] {processor.py:186} INFO - Started process (PID=495) to work on /home/airflow/.local/lib/python3.12/site-packages/airflow/example_dags/example_branch_python_dop_operator_3.py
[2024-10-21T05:30:31.728+0000] {processor.py:914} INFO - Processing file /home/airflow/.local/lib/python3.12/site-packages/airflow/example_dags/example_branch_python_dop_operator_3.py for tasks to queue
[2024-10-21T05:30:31.730+0000] {logging_mixin.py:190} INFO - [2024-10-21T05:30:31.730+0000] {dagbag.py:588} INFO - Filling up the DagBag from /home/airflow/.local/lib/python3.12/site-packages/airflow/example_dags/example_branch_python_dop_operator_3.py
[2024-10-21T05:30:31.745+0000] {processor.py:925} INFO - DAG(s) 'example_branch_dop_operator_v3' retrieved from /home/airflow/.local/lib/python3.12/site-packages/airflow/example_dags/example_branch_python_dop_operator_3.py
[2024-10-21T05:30:31.773+0000] {logging_mixin.py:190} INFO - [2024-10-21T05:30:31.773+0000] {dag.py:3239} INFO - Sync 1 DAGs
[2024-10-21T05:30:31.811+0000] {logging_mixin.py:190} INFO - [2024-10-21T05:30:31.811+0000] {dag.py:4180} INFO - Setting next_dagrun for example_branch_dop_operator_v3 to 2024-10-21 05:29:00+00:00, run_after=2024-10-21 05:30:00+00:00
[2024-10-21T05:30:31.843+0000] {processor.py:208} INFO - Processing /home/airflow/.local/lib/python3.12/site-packages/airflow/example_dags/example_branch_python_dop_operator_3.py took 0.126 seconds
[2024-10-21T05:31:02.208+0000] {processor.py:186} INFO - Started process (PID=557) to work on /home/airflow/.local/lib/python3.12/site-packages/airflow/example_dags/example_branch_python_dop_operator_3.py
[2024-10-21T05:31:02.210+0000] {processor.py:914} INFO - Processing file /home/airflow/.local/lib/python3.12/site-packages/airflow/example_dags/example_branch_python_dop_operator_3.py for tasks to queue
[2024-10-21T05:31:02.212+0000] {logging_mixin.py:190} INFO - [2024-10-21T05:31:02.212+0000] {dagbag.py:588} INFO - Filling up the DagBag from /home/airflow/.local/lib/python3.12/site-packages/airflow/example_dags/example_branch_python_dop_operator_3.py
[2024-10-21T05:31:02.231+0000] {processor.py:925} INFO - DAG(s) 'example_branch_dop_operator_v3' retrieved from /home/airflow/.local/lib/python3.12/site-packages/airflow/example_dags/example_branch_python_dop_operator_3.py
[2024-10-21T05:31:02.271+0000] {logging_mixin.py:190} INFO - [2024-10-21T05:31:02.271+0000] {dag.py:3239} INFO - Sync 1 DAGs
[2024-10-21T05:31:02.325+0000] {logging_mixin.py:190} INFO - [2024-10-21T05:31:02.324+0000] {dag.py:4180} INFO - Setting next_dagrun for example_branch_dop_operator_v3 to 2024-10-21 05:30:00+00:00, run_after=2024-10-21 05:31:00+00:00
[2024-10-21T05:31:02.362+0000] {processor.py:208} INFO - Processing /home/airflow/.local/lib/python3.12/site-packages/airflow/example_dags/example_branch_python_dop_operator_3.py took 0.164 seconds
[2024-10-21T05:31:33.305+0000] {processor.py:186} INFO - Started process (PID=623) to work on /home/airflow/.local/lib/python3.12/site-packages/airflow/example_dags/example_branch_python_dop_operator_3.py
[2024-10-21T05:31:33.306+0000] {processor.py:914} INFO - Processing file /home/airflow/.local/lib/python3.12/site-packages/airflow/example_dags/example_branch_python_dop_operator_3.py for tasks to queue
[2024-10-21T05:31:33.308+0000] {logging_mixin.py:190} INFO - [2024-10-21T05:31:33.307+0000] {dagbag.py:588} INFO - Filling up the DagBag from /home/airflow/.local/lib/python3.12/site-packages/airflow/example_dags/example_branch_python_dop_operator_3.py
[2024-10-21T05:31:33.320+0000] {processor.py:925} INFO - DAG(s) 'example_branch_dop_operator_v3' retrieved from /home/airflow/.local/lib/python3.12/site-packages/airflow/example_dags/example_branch_python_dop_operator_3.py
[2024-10-21T05:31:33.347+0000] {logging_mixin.py:190} INFO - [2024-10-21T05:31:33.347+0000] {dag.py:3239} INFO - Sync 1 DAGs
[2024-10-21T05:31:33.385+0000] {logging_mixin.py:190} INFO - [2024-10-21T05:31:33.384+0000] {dag.py:4180} INFO - Setting next_dagrun for example_branch_dop_operator_v3 to 2024-10-21 05:30:00+00:00, run_after=2024-10-21 05:31:00+00:00
[2024-10-21T05:31:33.409+0000] {processor.py:208} INFO - Processing /home/airflow/.local/lib/python3.12/site-packages/airflow/example_dags/example_branch_python_dop_operator_3.py took 0.111 seconds
[2024-10-21T05:32:04.135+0000] {processor.py:186} INFO - Started process (PID=685) to work on /home/airflow/.local/lib/python3.12/site-packages/airflow/example_dags/example_branch_python_dop_operator_3.py
[2024-10-21T05:32:04.137+0000] {processor.py:914} INFO - Processing file /home/airflow/.local/lib/python3.12/site-packages/airflow/example_dags/example_branch_python_dop_operator_3.py for tasks to queue
[2024-10-21T05:32:04.139+0000] {logging_mixin.py:190} INFO - [2024-10-21T05:32:04.139+0000] {dagbag.py:588} INFO - Filling up the DagBag from /home/airflow/.local/lib/python3.12/site-packages/airflow/example_dags/example_branch_python_dop_operator_3.py
[2024-10-21T05:32:04.154+0000] {processor.py:925} INFO - DAG(s) 'example_branch_dop_operator_v3' retrieved from /home/airflow/.local/lib/python3.12/site-packages/airflow/example_dags/example_branch_python_dop_operator_3.py
[2024-10-21T05:32:04.185+0000] {logging_mixin.py:190} INFO - [2024-10-21T05:32:04.185+0000] {dag.py:3239} INFO - Sync 1 DAGs
[2024-10-21T05:32:04.228+0000] {logging_mixin.py:190} INFO - [2024-10-21T05:32:04.228+0000] {dag.py:4180} INFO - Setting next_dagrun for example_branch_dop_operator_v3 to 2024-10-21 05:31:00+00:00, run_after=2024-10-21 05:32:00+00:00
[2024-10-21T05:32:04.257+0000] {processor.py:208} INFO - Processing /home/airflow/.local/lib/python3.12/site-packages/airflow/example_dags/example_branch_python_dop_operator_3.py took 0.130 seconds
[2024-10-21T05:32:34.431+0000] {processor.py:186} INFO - Started process (PID=747) to work on /home/airflow/.local/lib/python3.12/site-packages/airflow/example_dags/example_branch_python_dop_operator_3.py
[2024-10-21T05:32:34.433+0000] {processor.py:914} INFO - Processing file /home/airflow/.local/lib/python3.12/site-packages/airflow/example_dags/example_branch_python_dop_operator_3.py for tasks to queue
[2024-10-21T05:32:34.435+0000] {logging_mixin.py:190} INFO - [2024-10-21T05:32:34.434+0000] {dagbag.py:588} INFO - Filling up the DagBag from /home/airflow/.local/lib/python3.12/site-packages/airflow/example_dags/example_branch_python_dop_operator_3.py
[2024-10-21T05:32:34.452+0000] {processor.py:925} INFO - DAG(s) 'example_branch_dop_operator_v3' retrieved from /home/airflow/.local/lib/python3.12/site-packages/airflow/example_dags/example_branch_python_dop_operator_3.py
[2024-10-21T05:32:34.482+0000] {logging_mixin.py:190} INFO - [2024-10-21T05:32:34.481+0000] {dag.py:3239} INFO - Sync 1 DAGs
[2024-10-21T05:32:34.519+0000] {logging_mixin.py:190} INFO - [2024-10-21T05:32:34.519+0000] {dag.py:4180} INFO - Setting next_dagrun for example_branch_dop_operator_v3 to 2024-10-21 05:31:00+00:00, run_after=2024-10-21 05:32:00+00:00
[2024-10-21T05:32:34.548+0000] {processor.py:208} INFO - Processing /home/airflow/.local/lib/python3.12/site-packages/airflow/example_dags/example_branch_python_dop_operator_3.py took 0.126 seconds
[2024-10-21T05:33:05.611+0000] {processor.py:186} INFO - Started process (PID=809) to work on /home/airflow/.local/lib/python3.12/site-packages/airflow/example_dags/example_branch_python_dop_operator_3.py
[2024-10-21T05:33:05.613+0000] {processor.py:914} INFO - Processing file /home/airflow/.local/lib/python3.12/site-packages/airflow/example_dags/example_branch_python_dop_operator_3.py for tasks to queue
[2024-10-21T05:33:05.615+0000] {logging_mixin.py:190} INFO - [2024-10-21T05:33:05.614+0000] {dagbag.py:588} INFO - Filling up the DagBag from /home/airflow/.local/lib/python3.12/site-packages/airflow/example_dags/example_branch_python_dop_operator_3.py
[2024-10-21T05:33:05.634+0000] {processor.py:925} INFO - DAG(s) 'example_branch_dop_operator_v3' retrieved from /home/airflow/.local/lib/python3.12/site-packages/airflow/example_dags/example_branch_python_dop_operator_3.py
[2024-10-21T05:33:05.674+0000] {logging_mixin.py:190} INFO - [2024-10-21T05:33:05.673+0000] {dag.py:3239} INFO - Sync 1 DAGs
[2024-10-21T05:33:05.728+0000] {logging_mixin.py:190} INFO - [2024-10-21T05:33:05.727+0000] {dag.py:4180} INFO - Setting next_dagrun for example_branch_dop_operator_v3 to 2024-10-21 05:32:00+00:00, run_after=2024-10-21 05:33:00+00:00
[2024-10-21T05:33:05.766+0000] {processor.py:208} INFO - Processing /home/airflow/.local/lib/python3.12/site-packages/airflow/example_dags/example_branch_python_dop_operator_3.py took 0.167 seconds
[2024-10-21T05:33:38.866+0000] {processor.py:186} INFO - Started process (PID=872) to work on /home/airflow/.local/lib/python3.12/site-packages/airflow/example_dags/example_branch_python_dop_operator_3.py
[2024-10-21T05:33:38.870+0000] {processor.py:914} INFO - Processing file /home/airflow/.local/lib/python3.12/site-packages/airflow/example_dags/example_branch_python_dop_operator_3.py for tasks to queue
[2024-10-21T05:33:38.874+0000] {logging_mixin.py:190} INFO - [2024-10-21T05:33:38.873+0000] {dagbag.py:588} INFO - Filling up the DagBag from /home/airflow/.local/lib/python3.12/site-packages/airflow/example_dags/example_branch_python_dop_operator_3.py
[2024-10-21T05:33:38.927+0000] {processor.py:925} INFO - DAG(s) 'example_branch_dop_operator_v3' retrieved from /home/airflow/.local/lib/python3.12/site-packages/airflow/example_dags/example_branch_python_dop_operator_3.py
[2024-10-21T05:33:38.984+0000] {logging_mixin.py:190} INFO - [2024-10-21T05:33:38.983+0000] {dag.py:3239} INFO - Sync 1 DAGs
[2024-10-21T05:33:39.119+0000] {logging_mixin.py:190} INFO - [2024-10-21T05:33:39.118+0000] {dag.py:4180} INFO - Setting next_dagrun for example_branch_dop_operator_v3 to 2024-10-21 05:32:00+00:00, run_after=2024-10-21 05:33:00+00:00
[2024-10-21T05:33:39.200+0000] {processor.py:208} INFO - Processing /home/airflow/.local/lib/python3.12/site-packages/airflow/example_dags/example_branch_python_dop_operator_3.py took 0.351 seconds
[2024-10-21T05:34:10.282+0000] {processor.py:186} INFO - Started process (PID=936) to work on /home/airflow/.local/lib/python3.12/site-packages/airflow/example_dags/example_branch_python_dop_operator_3.py
[2024-10-21T05:34:10.284+0000] {processor.py:914} INFO - Processing file /home/airflow/.local/lib/python3.12/site-packages/airflow/example_dags/example_branch_python_dop_operator_3.py for tasks to queue
[2024-10-21T05:34:10.287+0000] {logging_mixin.py:190} INFO - [2024-10-21T05:34:10.286+0000] {dagbag.py:588} INFO - Filling up the DagBag from /home/airflow/.local/lib/python3.12/site-packages/airflow/example_dags/example_branch_python_dop_operator_3.py
[2024-10-21T05:34:10.304+0000] {processor.py:925} INFO - DAG(s) 'example_branch_dop_operator_v3' retrieved from /home/airflow/.local/lib/python3.12/site-packages/airflow/example_dags/example_branch_python_dop_operator_3.py
[2024-10-21T05:34:10.331+0000] {logging_mixin.py:190} INFO - [2024-10-21T05:34:10.331+0000] {dag.py:3239} INFO - Sync 1 DAGs
[2024-10-21T05:34:10.368+0000] {logging_mixin.py:190} INFO - [2024-10-21T05:34:10.368+0000] {dag.py:4180} INFO - Setting next_dagrun for example_branch_dop_operator_v3 to 2024-10-21 05:33:00+00:00, run_after=2024-10-21 05:34:00+00:00
[2024-10-21T05:34:10.400+0000] {processor.py:208} INFO - Processing /home/airflow/.local/lib/python3.12/site-packages/airflow/example_dags/example_branch_python_dop_operator_3.py took 0.128 seconds
[2024-10-21T05:34:40.962+0000] {processor.py:186} INFO - Started process (PID=999) to work on /home/airflow/.local/lib/python3.12/site-packages/airflow/example_dags/example_branch_python_dop_operator_3.py
[2024-10-21T05:34:40.964+0000] {processor.py:914} INFO - Processing file /home/airflow/.local/lib/python3.12/site-packages/airflow/example_dags/example_branch_python_dop_operator_3.py for tasks to queue
[2024-10-21T05:34:40.965+0000] {logging_mixin.py:190} INFO - [2024-10-21T05:34:40.965+0000] {dagbag.py:588} INFO - Filling up the DagBag from /home/airflow/.local/lib/python3.12/site-packages/airflow/example_dags/example_branch_python_dop_operator_3.py
[2024-10-21T05:34:40.982+0000] {processor.py:925} INFO - DAG(s) 'example_branch_dop_operator_v3' retrieved from /home/airflow/.local/lib/python3.12/site-packages/airflow/example_dags/example_branch_python_dop_operator_3.py
[2024-10-21T05:34:41.011+0000] {logging_mixin.py:190} INFO - [2024-10-21T05:34:41.011+0000] {dag.py:3239} INFO - Sync 1 DAGs
[2024-10-21T05:34:41.051+0000] {logging_mixin.py:190} INFO - [2024-10-21T05:34:41.051+0000] {dag.py:4180} INFO - Setting next_dagrun for example_branch_dop_operator_v3 to 2024-10-21 05:33:00+00:00, run_after=2024-10-21 05:34:00+00:00
[2024-10-21T05:34:41.077+0000] {processor.py:208} INFO - Processing /home/airflow/.local/lib/python3.12/site-packages/airflow/example_dags/example_branch_python_dop_operator_3.py took 0.124 seconds
[2024-10-21T05:35:11.775+0000] {processor.py:186} INFO - Started process (PID=1061) to work on /home/airflow/.local/lib/python3.12/site-packages/airflow/example_dags/example_branch_python_dop_operator_3.py
[2024-10-21T05:35:11.777+0000] {processor.py:914} INFO - Processing file /home/airflow/.local/lib/python3.12/site-packages/airflow/example_dags/example_branch_python_dop_operator_3.py for tasks to queue
[2024-10-21T05:35:11.781+0000] {logging_mixin.py:190} INFO - [2024-10-21T05:35:11.781+0000] {dagbag.py:588} INFO - Filling up the DagBag from /home/airflow/.local/lib/python3.12/site-packages/airflow/example_dags/example_branch_python_dop_operator_3.py
[2024-10-21T05:35:11.804+0000] {processor.py:925} INFO - DAG(s) 'example_branch_dop_operator_v3' retrieved from /home/airflow/.local/lib/python3.12/site-packages/airflow/example_dags/example_branch_python_dop_operator_3.py
[2024-10-21T05:35:11.842+0000] {logging_mixin.py:190} INFO - [2024-10-21T05:35:11.841+0000] {dag.py:3239} INFO - Sync 1 DAGs
[2024-10-21T05:35:11.885+0000] {logging_mixin.py:190} INFO - [2024-10-21T05:35:11.885+0000] {dag.py:4180} INFO - Setting next_dagrun for example_branch_dop_operator_v3 to 2024-10-21 05:34:00+00:00, run_after=2024-10-21 05:35:00+00:00
[2024-10-21T05:35:11.912+0000] {processor.py:208} INFO - Processing /home/airflow/.local/lib/python3.12/site-packages/airflow/example_dags/example_branch_python_dop_operator_3.py took 0.155 seconds
[2024-10-21T05:35:42.426+0000] {processor.py:186} INFO - Started process (PID=1123) to work on /home/airflow/.local/lib/python3.12/site-packages/airflow/example_dags/example_branch_python_dop_operator_3.py
[2024-10-21T05:35:42.428+0000] {processor.py:914} INFO - Processing file /home/airflow/.local/lib/python3.12/site-packages/airflow/example_dags/example_branch_python_dop_operator_3.py for tasks to queue
[2024-10-21T05:35:42.430+0000] {logging_mixin.py:190} INFO - [2024-10-21T05:35:42.429+0000] {dagbag.py:588} INFO - Filling up the DagBag from /home/airflow/.local/lib/python3.12/site-packages/airflow/example_dags/example_branch_python_dop_operator_3.py
[2024-10-21T05:35:42.451+0000] {processor.py:925} INFO - DAG(s) 'example_branch_dop_operator_v3' retrieved from /home/airflow/.local/lib/python3.12/site-packages/airflow/example_dags/example_branch_python_dop_operator_3.py
[2024-10-21T05:35:42.482+0000] {logging_mixin.py:190} INFO - [2024-10-21T05:35:42.481+0000] {dag.py:3239} INFO - Sync 1 DAGs
[2024-10-21T05:35:42.529+0000] {logging_mixin.py:190} INFO - [2024-10-21T05:35:42.529+0000] {dag.py:4180} INFO - Setting next_dagrun for example_branch_dop_operator_v3 to 2024-10-21 05:34:00+00:00, run_after=2024-10-21 05:35:00+00:00
[2024-10-21T05:35:42.560+0000] {processor.py:208} INFO - Processing /home/airflow/.local/lib/python3.12/site-packages/airflow/example_dags/example_branch_python_dop_operator_3.py took 0.145 seconds
[2024-10-21T05:36:13.259+0000] {processor.py:186} INFO - Started process (PID=1185) to work on /home/airflow/.local/lib/python3.12/site-packages/airflow/example_dags/example_branch_python_dop_operator_3.py
[2024-10-21T05:36:13.260+0000] {processor.py:914} INFO - Processing file /home/airflow/.local/lib/python3.12/site-packages/airflow/example_dags/example_branch_python_dop_operator_3.py for tasks to queue
[2024-10-21T05:36:13.262+0000] {logging_mixin.py:190} INFO - [2024-10-21T05:36:13.262+0000] {dagbag.py:588} INFO - Filling up the DagBag from /home/airflow/.local/lib/python3.12/site-packages/airflow/example_dags/example_branch_python_dop_operator_3.py
[2024-10-21T05:36:13.276+0000] {processor.py:925} INFO - DAG(s) 'example_branch_dop_operator_v3' retrieved from /home/airflow/.local/lib/python3.12/site-packages/airflow/example_dags/example_branch_python_dop_operator_3.py
[2024-10-21T05:36:13.307+0000] {logging_mixin.py:190} INFO - [2024-10-21T05:36:13.307+0000] {dag.py:3239} INFO - Sync 1 DAGs
[2024-10-21T05:36:13.346+0000] {logging_mixin.py:190} INFO - [2024-10-21T05:36:13.346+0000] {dag.py:4180} INFO - Setting next_dagrun for example_branch_dop_operator_v3 to 2024-10-21 05:35:00+00:00, run_after=2024-10-21 05:36:00+00:00
[2024-10-21T05:36:13.373+0000] {processor.py:208} INFO - Processing /home/airflow/.local/lib/python3.12/site-packages/airflow/example_dags/example_branch_python_dop_operator_3.py took 0.123 seconds
[2024-10-21T05:36:43.919+0000] {processor.py:186} INFO - Started process (PID=1247) to work on /home/airflow/.local/lib/python3.12/site-packages/airflow/example_dags/example_branch_python_dop_operator_3.py
[2024-10-21T05:36:43.920+0000] {processor.py:914} INFO - Processing file /home/airflow/.local/lib/python3.12/site-packages/airflow/example_dags/example_branch_python_dop_operator_3.py for tasks to queue
[2024-10-21T05:36:43.922+0000] {logging_mixin.py:190} INFO - [2024-10-21T05:36:43.922+0000] {dagbag.py:588} INFO - Filling up the DagBag from /home/airflow/.local/lib/python3.12/site-packages/airflow/example_dags/example_branch_python_dop_operator_3.py
[2024-10-21T05:36:43.936+0000] {processor.py:925} INFO - DAG(s) 'example_branch_dop_operator_v3' retrieved from /home/airflow/.local/lib/python3.12/site-packages/airflow/example_dags/example_branch_python_dop_operator_3.py
[2024-10-21T05:36:43.960+0000] {logging_mixin.py:190} INFO - [2024-10-21T05:36:43.959+0000] {dag.py:3239} INFO - Sync 1 DAGs
[2024-10-21T05:36:43.994+0000] {logging_mixin.py:190} INFO - [2024-10-21T05:36:43.994+0000] {dag.py:4180} INFO - Setting next_dagrun for example_branch_dop_operator_v3 to 2024-10-21 05:35:00+00:00, run_after=2024-10-21 05:36:00+00:00
[2024-10-21T05:36:44.019+0000] {processor.py:208} INFO - Processing /home/airflow/.local/lib/python3.12/site-packages/airflow/example_dags/example_branch_python_dop_operator_3.py took 0.109 seconds
[2024-10-21T11:54:57.987+0000] {processor.py:186} INFO - Started process (PID=94) to work on /home/airflow/.local/lib/python3.12/site-packages/airflow/example_dags/example_branch_python_dop_operator_3.py
[2024-10-21T11:54:57.989+0000] {processor.py:914} INFO - Processing file /home/airflow/.local/lib/python3.12/site-packages/airflow/example_dags/example_branch_python_dop_operator_3.py for tasks to queue
[2024-10-21T11:54:57.994+0000] {logging_mixin.py:190} INFO - [2024-10-21T11:54:57.993+0000] {dagbag.py:588} INFO - Filling up the DagBag from /home/airflow/.local/lib/python3.12/site-packages/airflow/example_dags/example_branch_python_dop_operator_3.py
[2024-10-21T11:54:58.017+0000] {processor.py:925} INFO - DAG(s) 'example_branch_dop_operator_v3' retrieved from /home/airflow/.local/lib/python3.12/site-packages/airflow/example_dags/example_branch_python_dop_operator_3.py
[2024-10-21T11:54:58.436+0000] {logging_mixin.py:190} INFO - [2024-10-21T11:54:58.436+0000] {dag.py:3239} INFO - Sync 1 DAGs
[2024-10-21T11:54:58.999+0000] {logging_mixin.py:190} INFO - [2024-10-21T11:54:58.998+0000] {dag.py:4180} INFO - Setting next_dagrun for example_branch_dop_operator_v3 to 2024-10-21 11:53:00+00:00, run_after=2024-10-21 11:54:00+00:00
[2024-10-21T11:55:00.738+0000] {processor.py:208} INFO - Processing /home/airflow/.local/lib/python3.12/site-packages/airflow/example_dags/example_branch_python_dop_operator_3.py took 2.758 seconds
