[2024-10-21T03:08:44.323+0000] {processor.py:186} INFO - Started process (PID=345) to work on /home/airflow/.local/lib/python3.12/site-packages/airflow/example_dags/example_dag_decorator.py
[2024-10-21T03:08:44.327+0000] {processor.py:914} INFO - Processing file /home/airflow/.local/lib/python3.12/site-packages/airflow/example_dags/example_dag_decorator.py for tasks to queue
[2024-10-21T03:08:44.334+0000] {logging_mixin.py:190} INFO - [2024-10-21T03:08:44.333+0000] {dagbag.py:588} INFO - Filling up the DagBag from /home/airflow/.local/lib/python3.12/site-packages/airflow/example_dags/example_dag_decorator.py
[2024-10-21T03:08:44.371+0000] {processor.py:925} INFO - DAG(s) 'example_dag_decorator' retrieved from /home/airflow/.local/lib/python3.12/site-packages/airflow/example_dags/example_dag_decorator.py
[2024-10-21T03:08:44.713+0000] {logging_mixin.py:190} INFO - [2024-10-21T03:08:44.710+0000] {override.py:1900} INFO - Created Permission View: can delete on DAG:example_dag_decorator
[2024-10-21T03:08:44.777+0000] {logging_mixin.py:190} INFO - [2024-10-21T03:08:44.776+0000] {override.py:1900} INFO - Created Permission View: can read on DAG:example_dag_decorator
[2024-10-21T03:08:44.813+0000] {logging_mixin.py:190} INFO - [2024-10-21T03:08:44.812+0000] {override.py:1900} INFO - Created Permission View: can edit on DAG:example_dag_decorator
[2024-10-21T03:08:44.847+0000] {logging_mixin.py:190} INFO - [2024-10-21T03:08:44.846+0000] {override.py:1900} INFO - Created Permission View: menu access on DAG Run:example_dag_decorator
[2024-10-21T03:08:44.872+0000] {logging_mixin.py:190} INFO - [2024-10-21T03:08:44.871+0000] {override.py:1900} INFO - Created Permission View: can delete on DAG Run:example_dag_decorator
[2024-10-21T03:08:44.898+0000] {logging_mixin.py:190} INFO - [2024-10-21T03:08:44.897+0000] {override.py:1900} INFO - Created Permission View: can read on DAG Run:example_dag_decorator
[2024-10-21T03:08:44.927+0000] {logging_mixin.py:190} INFO - [2024-10-21T03:08:44.926+0000] {override.py:1900} INFO - Created Permission View: can create on DAG Run:example_dag_decorator
[2024-10-21T03:08:44.929+0000] {logging_mixin.py:190} INFO - [2024-10-21T03:08:44.928+0000] {dag.py:3239} INFO - Sync 1 DAGs
[2024-10-21T03:08:44.955+0000] {logging_mixin.py:190} INFO - [2024-10-21T03:08:44.955+0000] {dag.py:3262} INFO - Creating ORM DAG for example_dag_decorator
[2024-10-21T03:08:44.958+0000] {logging_mixin.py:190} INFO - [2024-10-21T03:08:44.958+0000] {dag.py:4180} INFO - Setting next_dagrun for example_dag_decorator to None, run_after=None
[2024-10-21T03:08:44.994+0000] {processor.py:208} INFO - Processing /home/airflow/.local/lib/python3.12/site-packages/airflow/example_dags/example_dag_decorator.py took 0.685 seconds
[2024-10-21T03:09:15.331+0000] {processor.py:186} INFO - Started process (PID=406) to work on /home/airflow/.local/lib/python3.12/site-packages/airflow/example_dags/example_dag_decorator.py
[2024-10-21T03:09:15.333+0000] {processor.py:914} INFO - Processing file /home/airflow/.local/lib/python3.12/site-packages/airflow/example_dags/example_dag_decorator.py for tasks to queue
[2024-10-21T03:09:15.336+0000] {logging_mixin.py:190} INFO - [2024-10-21T03:09:15.335+0000] {dagbag.py:588} INFO - Filling up the DagBag from /home/airflow/.local/lib/python3.12/site-packages/airflow/example_dags/example_dag_decorator.py
[2024-10-21T03:09:15.356+0000] {processor.py:925} INFO - DAG(s) 'example_dag_decorator' retrieved from /home/airflow/.local/lib/python3.12/site-packages/airflow/example_dags/example_dag_decorator.py
[2024-10-21T03:09:15.711+0000] {logging_mixin.py:190} INFO - [2024-10-21T03:09:15.711+0000] {dag.py:3239} INFO - Sync 1 DAGs
[2024-10-21T03:09:15.775+0000] {logging_mixin.py:190} INFO - [2024-10-21T03:09:15.774+0000] {dag.py:4180} INFO - Setting next_dagrun for example_dag_decorator to None, run_after=None
[2024-10-21T03:09:15.845+0000] {processor.py:208} INFO - Processing /home/airflow/.local/lib/python3.12/site-packages/airflow/example_dags/example_dag_decorator.py took 0.521 seconds
[2024-10-21T03:09:45.986+0000] {processor.py:186} INFO - Started process (PID=468) to work on /home/airflow/.local/lib/python3.12/site-packages/airflow/example_dags/example_dag_decorator.py
[2024-10-21T03:09:45.988+0000] {processor.py:914} INFO - Processing file /home/airflow/.local/lib/python3.12/site-packages/airflow/example_dags/example_dag_decorator.py for tasks to queue
[2024-10-21T03:09:45.990+0000] {logging_mixin.py:190} INFO - [2024-10-21T03:09:45.990+0000] {dagbag.py:588} INFO - Filling up the DagBag from /home/airflow/.local/lib/python3.12/site-packages/airflow/example_dags/example_dag_decorator.py
[2024-10-21T03:09:46.001+0000] {processor.py:925} INFO - DAG(s) 'example_dag_decorator' retrieved from /home/airflow/.local/lib/python3.12/site-packages/airflow/example_dags/example_dag_decorator.py
[2024-10-21T03:09:46.223+0000] {logging_mixin.py:190} INFO - [2024-10-21T03:09:46.222+0000] {dag.py:3239} INFO - Sync 1 DAGs
[2024-10-21T03:09:46.231+0000] {logging_mixin.py:190} INFO - [2024-10-21T03:09:46.231+0000] {dag.py:4180} INFO - Setting next_dagrun for example_dag_decorator to None, run_after=None
[2024-10-21T03:09:46.250+0000] {processor.py:208} INFO - Processing /home/airflow/.local/lib/python3.12/site-packages/airflow/example_dags/example_dag_decorator.py took 0.269 seconds
[2024-10-21T03:10:16.427+0000] {processor.py:186} INFO - Started process (PID=530) to work on /home/airflow/.local/lib/python3.12/site-packages/airflow/example_dags/example_dag_decorator.py
[2024-10-21T03:10:16.428+0000] {processor.py:914} INFO - Processing file /home/airflow/.local/lib/python3.12/site-packages/airflow/example_dags/example_dag_decorator.py for tasks to queue
[2024-10-21T03:10:16.430+0000] {logging_mixin.py:190} INFO - [2024-10-21T03:10:16.430+0000] {dagbag.py:588} INFO - Filling up the DagBag from /home/airflow/.local/lib/python3.12/site-packages/airflow/example_dags/example_dag_decorator.py
[2024-10-21T03:10:16.441+0000] {processor.py:925} INFO - DAG(s) 'example_dag_decorator' retrieved from /home/airflow/.local/lib/python3.12/site-packages/airflow/example_dags/example_dag_decorator.py
[2024-10-21T03:10:16.582+0000] {logging_mixin.py:190} INFO - [2024-10-21T03:10:16.582+0000] {dag.py:3239} INFO - Sync 1 DAGs
[2024-10-21T03:10:16.593+0000] {logging_mixin.py:190} INFO - [2024-10-21T03:10:16.593+0000] {dag.py:4180} INFO - Setting next_dagrun for example_dag_decorator to None, run_after=None
[2024-10-21T03:10:16.611+0000] {processor.py:208} INFO - Processing /home/airflow/.local/lib/python3.12/site-packages/airflow/example_dags/example_dag_decorator.py took 0.189 seconds
[2024-10-21T03:10:46.801+0000] {processor.py:186} INFO - Started process (PID=592) to work on /home/airflow/.local/lib/python3.12/site-packages/airflow/example_dags/example_dag_decorator.py
[2024-10-21T03:10:46.802+0000] {processor.py:914} INFO - Processing file /home/airflow/.local/lib/python3.12/site-packages/airflow/example_dags/example_dag_decorator.py for tasks to queue
[2024-10-21T03:10:46.804+0000] {logging_mixin.py:190} INFO - [2024-10-21T03:10:46.804+0000] {dagbag.py:588} INFO - Filling up the DagBag from /home/airflow/.local/lib/python3.12/site-packages/airflow/example_dags/example_dag_decorator.py
[2024-10-21T03:10:46.814+0000] {processor.py:925} INFO - DAG(s) 'example_dag_decorator' retrieved from /home/airflow/.local/lib/python3.12/site-packages/airflow/example_dags/example_dag_decorator.py
[2024-10-21T03:10:46.907+0000] {logging_mixin.py:190} INFO - [2024-10-21T03:10:46.907+0000] {dag.py:3239} INFO - Sync 1 DAGs
[2024-10-21T03:10:46.917+0000] {logging_mixin.py:190} INFO - [2024-10-21T03:10:46.917+0000] {dag.py:4180} INFO - Setting next_dagrun for example_dag_decorator to None, run_after=None
[2024-10-21T03:10:46.933+0000] {processor.py:208} INFO - Processing /home/airflow/.local/lib/python3.12/site-packages/airflow/example_dags/example_dag_decorator.py took 0.137 seconds
[2024-10-21T03:11:17.234+0000] {processor.py:186} INFO - Started process (PID=654) to work on /home/airflow/.local/lib/python3.12/site-packages/airflow/example_dags/example_dag_decorator.py
[2024-10-21T03:11:17.235+0000] {processor.py:914} INFO - Processing file /home/airflow/.local/lib/python3.12/site-packages/airflow/example_dags/example_dag_decorator.py for tasks to queue
[2024-10-21T03:11:17.237+0000] {logging_mixin.py:190} INFO - [2024-10-21T03:11:17.237+0000] {dagbag.py:588} INFO - Filling up the DagBag from /home/airflow/.local/lib/python3.12/site-packages/airflow/example_dags/example_dag_decorator.py
[2024-10-21T03:11:17.249+0000] {processor.py:925} INFO - DAG(s) 'example_dag_decorator' retrieved from /home/airflow/.local/lib/python3.12/site-packages/airflow/example_dags/example_dag_decorator.py
[2024-10-21T03:11:17.375+0000] {logging_mixin.py:190} INFO - [2024-10-21T03:11:17.374+0000] {dag.py:3239} INFO - Sync 1 DAGs
[2024-10-21T03:11:17.384+0000] {logging_mixin.py:190} INFO - [2024-10-21T03:11:17.384+0000] {dag.py:4180} INFO - Setting next_dagrun for example_dag_decorator to None, run_after=None
[2024-10-21T03:11:17.399+0000] {processor.py:208} INFO - Processing /home/airflow/.local/lib/python3.12/site-packages/airflow/example_dags/example_dag_decorator.py took 0.170 seconds
[2024-10-21T03:11:48.331+0000] {processor.py:186} INFO - Started process (PID=717) to work on /home/airflow/.local/lib/python3.12/site-packages/airflow/example_dags/example_dag_decorator.py
[2024-10-21T03:11:48.332+0000] {processor.py:914} INFO - Processing file /home/airflow/.local/lib/python3.12/site-packages/airflow/example_dags/example_dag_decorator.py for tasks to queue
[2024-10-21T03:11:48.334+0000] {logging_mixin.py:190} INFO - [2024-10-21T03:11:48.334+0000] {dagbag.py:588} INFO - Filling up the DagBag from /home/airflow/.local/lib/python3.12/site-packages/airflow/example_dags/example_dag_decorator.py
[2024-10-21T03:11:48.345+0000] {processor.py:925} INFO - DAG(s) 'example_dag_decorator' retrieved from /home/airflow/.local/lib/python3.12/site-packages/airflow/example_dags/example_dag_decorator.py
[2024-10-21T03:11:48.482+0000] {logging_mixin.py:190} INFO - [2024-10-21T03:11:48.481+0000] {dag.py:3239} INFO - Sync 1 DAGs
[2024-10-21T03:11:48.493+0000] {logging_mixin.py:190} INFO - [2024-10-21T03:11:48.493+0000] {dag.py:4180} INFO - Setting next_dagrun for example_dag_decorator to None, run_after=None
[2024-10-21T03:11:48.510+0000] {processor.py:208} INFO - Processing /home/airflow/.local/lib/python3.12/site-packages/airflow/example_dags/example_dag_decorator.py took 0.185 seconds
[2024-10-21T05:26:33.850+0000] {processor.py:186} INFO - Started process (PID=130) to work on /home/airflow/.local/lib/python3.12/site-packages/airflow/example_dags/example_dag_decorator.py
[2024-10-21T05:26:33.852+0000] {processor.py:914} INFO - Processing file /home/airflow/.local/lib/python3.12/site-packages/airflow/example_dags/example_dag_decorator.py for tasks to queue
[2024-10-21T05:26:33.857+0000] {logging_mixin.py:190} INFO - [2024-10-21T05:26:33.856+0000] {dagbag.py:588} INFO - Filling up the DagBag from /home/airflow/.local/lib/python3.12/site-packages/airflow/example_dags/example_dag_decorator.py
[2024-10-21T05:26:33.876+0000] {processor.py:925} INFO - DAG(s) 'example_dag_decorator' retrieved from /home/airflow/.local/lib/python3.12/site-packages/airflow/example_dags/example_dag_decorator.py
[2024-10-21T05:26:34.152+0000] {logging_mixin.py:190} INFO - [2024-10-21T05:26:34.151+0000] {dag.py:3239} INFO - Sync 1 DAGs
[2024-10-21T05:26:34.246+0000] {logging_mixin.py:190} INFO - [2024-10-21T05:26:34.246+0000] {dag.py:4180} INFO - Setting next_dagrun for example_dag_decorator to None, run_after=None
[2024-10-21T05:26:34.307+0000] {processor.py:208} INFO - Processing /home/airflow/.local/lib/python3.12/site-packages/airflow/example_dags/example_dag_decorator.py took 0.466 seconds
[2024-10-21T05:27:05.026+0000] {processor.py:186} INFO - Started process (PID=192) to work on /home/airflow/.local/lib/python3.12/site-packages/airflow/example_dags/example_dag_decorator.py
[2024-10-21T05:27:05.028+0000] {processor.py:914} INFO - Processing file /home/airflow/.local/lib/python3.12/site-packages/airflow/example_dags/example_dag_decorator.py for tasks to queue
[2024-10-21T05:27:05.034+0000] {logging_mixin.py:190} INFO - [2024-10-21T05:27:05.034+0000] {dagbag.py:588} INFO - Filling up the DagBag from /home/airflow/.local/lib/python3.12/site-packages/airflow/example_dags/example_dag_decorator.py
[2024-10-21T05:27:05.056+0000] {processor.py:925} INFO - DAG(s) 'example_dag_decorator' retrieved from /home/airflow/.local/lib/python3.12/site-packages/airflow/example_dags/example_dag_decorator.py
[2024-10-21T05:27:05.338+0000] {logging_mixin.py:190} INFO - [2024-10-21T05:27:05.337+0000] {dag.py:3239} INFO - Sync 1 DAGs
[2024-10-21T05:27:05.361+0000] {logging_mixin.py:190} INFO - [2024-10-21T05:27:05.360+0000] {dag.py:4180} INFO - Setting next_dagrun for example_dag_decorator to None, run_after=None
[2024-10-21T05:27:05.393+0000] {processor.py:208} INFO - Processing /home/airflow/.local/lib/python3.12/site-packages/airflow/example_dags/example_dag_decorator.py took 0.378 seconds
[2024-10-21T05:27:35.971+0000] {processor.py:186} INFO - Started process (PID=254) to work on /home/airflow/.local/lib/python3.12/site-packages/airflow/example_dags/example_dag_decorator.py
[2024-10-21T05:27:35.974+0000] {processor.py:914} INFO - Processing file /home/airflow/.local/lib/python3.12/site-packages/airflow/example_dags/example_dag_decorator.py for tasks to queue
[2024-10-21T05:27:35.979+0000] {logging_mixin.py:190} INFO - [2024-10-21T05:27:35.978+0000] {dagbag.py:588} INFO - Filling up the DagBag from /home/airflow/.local/lib/python3.12/site-packages/airflow/example_dags/example_dag_decorator.py
[2024-10-21T05:27:36.001+0000] {processor.py:925} INFO - DAG(s) 'example_dag_decorator' retrieved from /home/airflow/.local/lib/python3.12/site-packages/airflow/example_dags/example_dag_decorator.py
[2024-10-21T05:27:36.311+0000] {logging_mixin.py:190} INFO - [2024-10-21T05:27:36.310+0000] {dag.py:3239} INFO - Sync 1 DAGs
[2024-10-21T05:27:36.329+0000] {logging_mixin.py:190} INFO - [2024-10-21T05:27:36.329+0000] {dag.py:4180} INFO - Setting next_dagrun for example_dag_decorator to None, run_after=None
[2024-10-21T05:27:36.364+0000] {processor.py:208} INFO - Processing /home/airflow/.local/lib/python3.12/site-packages/airflow/example_dags/example_dag_decorator.py took 0.404 seconds
[2024-10-21T05:29:07.864+0000] {processor.py:186} INFO - Started process (PID=346) to work on /home/airflow/.local/lib/python3.12/site-packages/airflow/example_dags/example_dag_decorator.py
[2024-10-21T05:29:07.866+0000] {processor.py:914} INFO - Processing file /home/airflow/.local/lib/python3.12/site-packages/airflow/example_dags/example_dag_decorator.py for tasks to queue
[2024-10-21T05:29:07.870+0000] {logging_mixin.py:190} INFO - [2024-10-21T05:29:07.870+0000] {dagbag.py:588} INFO - Filling up the DagBag from /home/airflow/.local/lib/python3.12/site-packages/airflow/example_dags/example_dag_decorator.py
[2024-10-21T05:29:07.887+0000] {processor.py:925} INFO - DAG(s) 'example_dag_decorator' retrieved from /home/airflow/.local/lib/python3.12/site-packages/airflow/example_dags/example_dag_decorator.py
[2024-10-21T05:29:08.292+0000] {logging_mixin.py:190} INFO - [2024-10-21T05:29:08.292+0000] {dag.py:3239} INFO - Sync 1 DAGs
[2024-10-21T05:29:08.317+0000] {logging_mixin.py:190} INFO - [2024-10-21T05:29:08.317+0000] {dag.py:4180} INFO - Setting next_dagrun for example_dag_decorator to None, run_after=None
[2024-10-21T05:29:08.353+0000] {processor.py:208} INFO - Processing /home/airflow/.local/lib/python3.12/site-packages/airflow/example_dags/example_dag_decorator.py took 0.497 seconds
[2024-10-21T05:29:39.107+0000] {processor.py:186} INFO - Started process (PID=408) to work on /home/airflow/.local/lib/python3.12/site-packages/airflow/example_dags/example_dag_decorator.py
[2024-10-21T05:29:39.109+0000] {processor.py:914} INFO - Processing file /home/airflow/.local/lib/python3.12/site-packages/airflow/example_dags/example_dag_decorator.py for tasks to queue
[2024-10-21T05:29:39.110+0000] {logging_mixin.py:190} INFO - [2024-10-21T05:29:39.110+0000] {dagbag.py:588} INFO - Filling up the DagBag from /home/airflow/.local/lib/python3.12/site-packages/airflow/example_dags/example_dag_decorator.py
[2024-10-21T05:29:39.127+0000] {processor.py:925} INFO - DAG(s) 'example_dag_decorator' retrieved from /home/airflow/.local/lib/python3.12/site-packages/airflow/example_dags/example_dag_decorator.py
[2024-10-21T05:29:39.307+0000] {logging_mixin.py:190} INFO - [2024-10-21T05:29:39.306+0000] {dag.py:3239} INFO - Sync 1 DAGs
[2024-10-21T05:29:39.327+0000] {logging_mixin.py:190} INFO - [2024-10-21T05:29:39.326+0000] {dag.py:4180} INFO - Setting next_dagrun for example_dag_decorator to None, run_after=None
[2024-10-21T05:29:39.363+0000] {processor.py:208} INFO - Processing /home/airflow/.local/lib/python3.12/site-packages/airflow/example_dags/example_dag_decorator.py took 0.265 seconds
[2024-10-21T05:30:10.125+0000] {processor.py:186} INFO - Started process (PID=470) to work on /home/airflow/.local/lib/python3.12/site-packages/airflow/example_dags/example_dag_decorator.py
[2024-10-21T05:30:10.127+0000] {processor.py:914} INFO - Processing file /home/airflow/.local/lib/python3.12/site-packages/airflow/example_dags/example_dag_decorator.py for tasks to queue
[2024-10-21T05:30:10.130+0000] {logging_mixin.py:190} INFO - [2024-10-21T05:30:10.129+0000] {dagbag.py:588} INFO - Filling up the DagBag from /home/airflow/.local/lib/python3.12/site-packages/airflow/example_dags/example_dag_decorator.py
[2024-10-21T05:30:10.160+0000] {processor.py:925} INFO - DAG(s) 'example_dag_decorator' retrieved from /home/airflow/.local/lib/python3.12/site-packages/airflow/example_dags/example_dag_decorator.py
[2024-10-21T05:30:10.440+0000] {logging_mixin.py:190} INFO - [2024-10-21T05:30:10.440+0000] {dag.py:3239} INFO - Sync 1 DAGs
[2024-10-21T05:30:10.480+0000] {logging_mixin.py:190} INFO - [2024-10-21T05:30:10.479+0000] {dag.py:4180} INFO - Setting next_dagrun for example_dag_decorator to None, run_after=None
[2024-10-21T05:30:10.544+0000] {processor.py:208} INFO - Processing /home/airflow/.local/lib/python3.12/site-packages/airflow/example_dags/example_dag_decorator.py took 0.434 seconds
[2024-10-21T05:30:42.191+0000] {processor.py:186} INFO - Started process (PID=536) to work on /home/airflow/.local/lib/python3.12/site-packages/airflow/example_dags/example_dag_decorator.py
[2024-10-21T05:30:42.193+0000] {processor.py:914} INFO - Processing file /home/airflow/.local/lib/python3.12/site-packages/airflow/example_dags/example_dag_decorator.py for tasks to queue
[2024-10-21T05:30:42.195+0000] {logging_mixin.py:190} INFO - [2024-10-21T05:30:42.195+0000] {dagbag.py:588} INFO - Filling up the DagBag from /home/airflow/.local/lib/python3.12/site-packages/airflow/example_dags/example_dag_decorator.py
[2024-10-21T05:30:42.217+0000] {processor.py:925} INFO - DAG(s) 'example_dag_decorator' retrieved from /home/airflow/.local/lib/python3.12/site-packages/airflow/example_dags/example_dag_decorator.py
[2024-10-21T05:30:42.404+0000] {logging_mixin.py:190} INFO - [2024-10-21T05:30:42.404+0000] {dag.py:3239} INFO - Sync 1 DAGs
[2024-10-21T05:30:42.425+0000] {logging_mixin.py:190} INFO - [2024-10-21T05:30:42.424+0000] {dag.py:4180} INFO - Setting next_dagrun for example_dag_decorator to None, run_after=None
[2024-10-21T05:30:42.458+0000] {processor.py:208} INFO - Processing /home/airflow/.local/lib/python3.12/site-packages/airflow/example_dags/example_dag_decorator.py took 0.279 seconds
[2024-10-21T05:31:13.279+0000] {processor.py:186} INFO - Started process (PID=598) to work on /home/airflow/.local/lib/python3.12/site-packages/airflow/example_dags/example_dag_decorator.py
[2024-10-21T05:31:13.281+0000] {processor.py:914} INFO - Processing file /home/airflow/.local/lib/python3.12/site-packages/airflow/example_dags/example_dag_decorator.py for tasks to queue
[2024-10-21T05:31:13.284+0000] {logging_mixin.py:190} INFO - [2024-10-21T05:31:13.283+0000] {dagbag.py:588} INFO - Filling up the DagBag from /home/airflow/.local/lib/python3.12/site-packages/airflow/example_dags/example_dag_decorator.py
[2024-10-21T05:31:13.308+0000] {processor.py:925} INFO - DAG(s) 'example_dag_decorator' retrieved from /home/airflow/.local/lib/python3.12/site-packages/airflow/example_dags/example_dag_decorator.py
[2024-10-21T05:31:13.521+0000] {logging_mixin.py:190} INFO - [2024-10-21T05:31:13.520+0000] {dag.py:3239} INFO - Sync 1 DAGs
[2024-10-21T05:31:13.553+0000] {logging_mixin.py:190} INFO - [2024-10-21T05:31:13.552+0000] {dag.py:4180} INFO - Setting next_dagrun for example_dag_decorator to None, run_after=None
[2024-10-21T05:31:13.586+0000] {processor.py:208} INFO - Processing /home/airflow/.local/lib/python3.12/site-packages/airflow/example_dags/example_dag_decorator.py took 0.318 seconds
[2024-10-21T05:31:44.060+0000] {processor.py:186} INFO - Started process (PID=661) to work on /home/airflow/.local/lib/python3.12/site-packages/airflow/example_dags/example_dag_decorator.py
[2024-10-21T05:31:44.062+0000] {processor.py:914} INFO - Processing file /home/airflow/.local/lib/python3.12/site-packages/airflow/example_dags/example_dag_decorator.py for tasks to queue
[2024-10-21T05:31:44.065+0000] {logging_mixin.py:190} INFO - [2024-10-21T05:31:44.064+0000] {dagbag.py:588} INFO - Filling up the DagBag from /home/airflow/.local/lib/python3.12/site-packages/airflow/example_dags/example_dag_decorator.py
[2024-10-21T05:31:44.092+0000] {processor.py:925} INFO - DAG(s) 'example_dag_decorator' retrieved from /home/airflow/.local/lib/python3.12/site-packages/airflow/example_dags/example_dag_decorator.py
[2024-10-21T05:31:44.158+0000] {logging_mixin.py:190} INFO - [2024-10-21T05:31:44.158+0000] {dag.py:3239} INFO - Sync 1 DAGs
[2024-10-21T05:31:44.188+0000] {logging_mixin.py:190} INFO - [2024-10-21T05:31:44.188+0000] {dag.py:4180} INFO - Setting next_dagrun for example_dag_decorator to None, run_after=None
[2024-10-21T05:31:44.216+0000] {processor.py:208} INFO - Processing /home/airflow/.local/lib/python3.12/site-packages/airflow/example_dags/example_dag_decorator.py took 0.166 seconds
[2024-10-21T05:32:14.662+0000] {processor.py:186} INFO - Started process (PID=723) to work on /home/airflow/.local/lib/python3.12/site-packages/airflow/example_dags/example_dag_decorator.py
[2024-10-21T05:32:14.664+0000] {processor.py:914} INFO - Processing file /home/airflow/.local/lib/python3.12/site-packages/airflow/example_dags/example_dag_decorator.py for tasks to queue
[2024-10-21T05:32:14.666+0000] {logging_mixin.py:190} INFO - [2024-10-21T05:32:14.666+0000] {dagbag.py:588} INFO - Filling up the DagBag from /home/airflow/.local/lib/python3.12/site-packages/airflow/example_dags/example_dag_decorator.py
[2024-10-21T05:32:14.685+0000] {processor.py:925} INFO - DAG(s) 'example_dag_decorator' retrieved from /home/airflow/.local/lib/python3.12/site-packages/airflow/example_dags/example_dag_decorator.py
[2024-10-21T05:32:14.854+0000] {logging_mixin.py:190} INFO - [2024-10-21T05:32:14.853+0000] {dag.py:3239} INFO - Sync 1 DAGs
[2024-10-21T05:32:14.872+0000] {logging_mixin.py:190} INFO - [2024-10-21T05:32:14.871+0000] {dag.py:4180} INFO - Setting next_dagrun for example_dag_decorator to None, run_after=None
[2024-10-21T05:32:14.909+0000] {processor.py:208} INFO - Processing /home/airflow/.local/lib/python3.12/site-packages/airflow/example_dags/example_dag_decorator.py took 0.258 seconds
[2024-10-21T05:32:45.240+0000] {processor.py:186} INFO - Started process (PID=785) to work on /home/airflow/.local/lib/python3.12/site-packages/airflow/example_dags/example_dag_decorator.py
[2024-10-21T05:32:45.242+0000] {processor.py:914} INFO - Processing file /home/airflow/.local/lib/python3.12/site-packages/airflow/example_dags/example_dag_decorator.py for tasks to queue
[2024-10-21T05:32:45.244+0000] {logging_mixin.py:190} INFO - [2024-10-21T05:32:45.243+0000] {dagbag.py:588} INFO - Filling up the DagBag from /home/airflow/.local/lib/python3.12/site-packages/airflow/example_dags/example_dag_decorator.py
[2024-10-21T05:32:45.258+0000] {processor.py:925} INFO - DAG(s) 'example_dag_decorator' retrieved from /home/airflow/.local/lib/python3.12/site-packages/airflow/example_dags/example_dag_decorator.py
[2024-10-21T05:32:45.424+0000] {logging_mixin.py:190} INFO - [2024-10-21T05:32:45.423+0000] {dag.py:3239} INFO - Sync 1 DAGs
[2024-10-21T05:32:45.443+0000] {logging_mixin.py:190} INFO - [2024-10-21T05:32:45.443+0000] {dag.py:4180} INFO - Setting next_dagrun for example_dag_decorator to None, run_after=None
[2024-10-21T05:32:45.480+0000] {processor.py:208} INFO - Processing /home/airflow/.local/lib/python3.12/site-packages/airflow/example_dags/example_dag_decorator.py took 0.249 seconds
[2024-10-21T05:33:16.078+0000] {processor.py:186} INFO - Started process (PID=847) to work on /home/airflow/.local/lib/python3.12/site-packages/airflow/example_dags/example_dag_decorator.py
[2024-10-21T05:33:16.079+0000] {processor.py:914} INFO - Processing file /home/airflow/.local/lib/python3.12/site-packages/airflow/example_dags/example_dag_decorator.py for tasks to queue
[2024-10-21T05:33:16.081+0000] {logging_mixin.py:190} INFO - [2024-10-21T05:33:16.081+0000] {dagbag.py:588} INFO - Filling up the DagBag from /home/airflow/.local/lib/python3.12/site-packages/airflow/example_dags/example_dag_decorator.py
[2024-10-21T05:33:16.105+0000] {processor.py:925} INFO - DAG(s) 'example_dag_decorator' retrieved from /home/airflow/.local/lib/python3.12/site-packages/airflow/example_dags/example_dag_decorator.py
[2024-10-21T05:33:16.405+0000] {logging_mixin.py:190} INFO - [2024-10-21T05:33:16.404+0000] {dag.py:3239} INFO - Sync 1 DAGs
[2024-10-21T05:33:16.446+0000] {logging_mixin.py:190} INFO - [2024-10-21T05:33:16.444+0000] {dag.py:4180} INFO - Setting next_dagrun for example_dag_decorator to None, run_after=None
[2024-10-21T05:33:16.495+0000] {processor.py:208} INFO - Processing /home/airflow/.local/lib/python3.12/site-packages/airflow/example_dags/example_dag_decorator.py took 0.427 seconds
[2024-10-21T05:33:46.946+0000] {processor.py:186} INFO - Started process (PID=909) to work on /home/airflow/.local/lib/python3.12/site-packages/airflow/example_dags/example_dag_decorator.py
[2024-10-21T05:33:46.948+0000] {processor.py:914} INFO - Processing file /home/airflow/.local/lib/python3.12/site-packages/airflow/example_dags/example_dag_decorator.py for tasks to queue
[2024-10-21T05:33:46.951+0000] {logging_mixin.py:190} INFO - [2024-10-21T05:33:46.950+0000] {dagbag.py:588} INFO - Filling up the DagBag from /home/airflow/.local/lib/python3.12/site-packages/airflow/example_dags/example_dag_decorator.py
[2024-10-21T05:33:46.970+0000] {processor.py:925} INFO - DAG(s) 'example_dag_decorator' retrieved from /home/airflow/.local/lib/python3.12/site-packages/airflow/example_dags/example_dag_decorator.py
[2024-10-21T05:33:47.311+0000] {logging_mixin.py:190} INFO - [2024-10-21T05:33:47.311+0000] {dag.py:3239} INFO - Sync 1 DAGs
[2024-10-21T05:33:47.345+0000] {logging_mixin.py:190} INFO - [2024-10-21T05:33:47.344+0000] {dag.py:4180} INFO - Setting next_dagrun for example_dag_decorator to None, run_after=None
[2024-10-21T05:33:47.387+0000] {processor.py:208} INFO - Processing /home/airflow/.local/lib/python3.12/site-packages/airflow/example_dags/example_dag_decorator.py took 0.451 seconds
[2024-10-21T05:34:17.739+0000] {processor.py:186} INFO - Started process (PID=971) to work on /home/airflow/.local/lib/python3.12/site-packages/airflow/example_dags/example_dag_decorator.py
[2024-10-21T05:34:17.741+0000] {processor.py:914} INFO - Processing file /home/airflow/.local/lib/python3.12/site-packages/airflow/example_dags/example_dag_decorator.py for tasks to queue
[2024-10-21T05:34:17.744+0000] {logging_mixin.py:190} INFO - [2024-10-21T05:34:17.743+0000] {dagbag.py:588} INFO - Filling up the DagBag from /home/airflow/.local/lib/python3.12/site-packages/airflow/example_dags/example_dag_decorator.py
[2024-10-21T05:34:17.766+0000] {processor.py:925} INFO - DAG(s) 'example_dag_decorator' retrieved from /home/airflow/.local/lib/python3.12/site-packages/airflow/example_dags/example_dag_decorator.py
[2024-10-21T05:34:17.957+0000] {logging_mixin.py:190} INFO - [2024-10-21T05:34:17.957+0000] {dag.py:3239} INFO - Sync 1 DAGs
[2024-10-21T05:34:17.980+0000] {logging_mixin.py:190} INFO - [2024-10-21T05:34:17.979+0000] {dag.py:4180} INFO - Setting next_dagrun for example_dag_decorator to None, run_after=None
[2024-10-21T05:34:18.012+0000] {processor.py:208} INFO - Processing /home/airflow/.local/lib/python3.12/site-packages/airflow/example_dags/example_dag_decorator.py took 0.284 seconds
[2024-10-21T05:34:48.398+0000] {processor.py:186} INFO - Started process (PID=1033) to work on /home/airflow/.local/lib/python3.12/site-packages/airflow/example_dags/example_dag_decorator.py
[2024-10-21T05:34:48.400+0000] {processor.py:914} INFO - Processing file /home/airflow/.local/lib/python3.12/site-packages/airflow/example_dags/example_dag_decorator.py for tasks to queue
[2024-10-21T05:34:48.402+0000] {logging_mixin.py:190} INFO - [2024-10-21T05:34:48.402+0000] {dagbag.py:588} INFO - Filling up the DagBag from /home/airflow/.local/lib/python3.12/site-packages/airflow/example_dags/example_dag_decorator.py
[2024-10-21T05:34:48.419+0000] {processor.py:925} INFO - DAG(s) 'example_dag_decorator' retrieved from /home/airflow/.local/lib/python3.12/site-packages/airflow/example_dags/example_dag_decorator.py
[2024-10-21T05:34:48.632+0000] {logging_mixin.py:190} INFO - [2024-10-21T05:34:48.632+0000] {dag.py:3239} INFO - Sync 1 DAGs
[2024-10-21T05:34:48.660+0000] {logging_mixin.py:190} INFO - [2024-10-21T05:34:48.660+0000] {dag.py:4180} INFO - Setting next_dagrun for example_dag_decorator to None, run_after=None
[2024-10-21T05:34:48.694+0000] {processor.py:208} INFO - Processing /home/airflow/.local/lib/python3.12/site-packages/airflow/example_dags/example_dag_decorator.py took 0.307 seconds
[2024-10-21T05:35:18.877+0000] {processor.py:186} INFO - Started process (PID=1095) to work on /home/airflow/.local/lib/python3.12/site-packages/airflow/example_dags/example_dag_decorator.py
[2024-10-21T05:35:18.880+0000] {processor.py:914} INFO - Processing file /home/airflow/.local/lib/python3.12/site-packages/airflow/example_dags/example_dag_decorator.py for tasks to queue
[2024-10-21T05:35:18.883+0000] {logging_mixin.py:190} INFO - [2024-10-21T05:35:18.882+0000] {dagbag.py:588} INFO - Filling up the DagBag from /home/airflow/.local/lib/python3.12/site-packages/airflow/example_dags/example_dag_decorator.py
[2024-10-21T05:35:18.909+0000] {processor.py:925} INFO - DAG(s) 'example_dag_decorator' retrieved from /home/airflow/.local/lib/python3.12/site-packages/airflow/example_dags/example_dag_decorator.py
[2024-10-21T05:35:18.958+0000] {logging_mixin.py:190} INFO - [2024-10-21T05:35:18.957+0000] {dag.py:3239} INFO - Sync 1 DAGs
[2024-10-21T05:35:18.985+0000] {logging_mixin.py:190} INFO - [2024-10-21T05:35:18.985+0000] {dag.py:4180} INFO - Setting next_dagrun for example_dag_decorator to None, run_after=None
[2024-10-21T05:35:19.014+0000] {processor.py:208} INFO - Processing /home/airflow/.local/lib/python3.12/site-packages/airflow/example_dags/example_dag_decorator.py took 0.149 seconds
[2024-10-21T05:35:50.011+0000] {processor.py:186} INFO - Started process (PID=1157) to work on /home/airflow/.local/lib/python3.12/site-packages/airflow/example_dags/example_dag_decorator.py
[2024-10-21T05:35:50.013+0000] {processor.py:914} INFO - Processing file /home/airflow/.local/lib/python3.12/site-packages/airflow/example_dags/example_dag_decorator.py for tasks to queue
[2024-10-21T05:35:50.015+0000] {logging_mixin.py:190} INFO - [2024-10-21T05:35:50.014+0000] {dagbag.py:588} INFO - Filling up the DagBag from /home/airflow/.local/lib/python3.12/site-packages/airflow/example_dags/example_dag_decorator.py
[2024-10-21T05:35:50.032+0000] {processor.py:925} INFO - DAG(s) 'example_dag_decorator' retrieved from /home/airflow/.local/lib/python3.12/site-packages/airflow/example_dags/example_dag_decorator.py
[2024-10-21T05:35:50.064+0000] {logging_mixin.py:190} INFO - [2024-10-21T05:35:50.063+0000] {dag.py:3239} INFO - Sync 1 DAGs
[2024-10-21T05:35:50.084+0000] {logging_mixin.py:190} INFO - [2024-10-21T05:35:50.084+0000] {dag.py:4180} INFO - Setting next_dagrun for example_dag_decorator to None, run_after=None
[2024-10-21T05:35:50.113+0000] {processor.py:208} INFO - Processing /home/airflow/.local/lib/python3.12/site-packages/airflow/example_dags/example_dag_decorator.py took 0.111 seconds
[2024-10-21T05:36:20.199+0000] {processor.py:186} INFO - Started process (PID=1218) to work on /home/airflow/.local/lib/python3.12/site-packages/airflow/example_dags/example_dag_decorator.py
[2024-10-21T05:36:20.201+0000] {processor.py:914} INFO - Processing file /home/airflow/.local/lib/python3.12/site-packages/airflow/example_dags/example_dag_decorator.py for tasks to queue
[2024-10-21T05:36:20.203+0000] {logging_mixin.py:190} INFO - [2024-10-21T05:36:20.202+0000] {dagbag.py:588} INFO - Filling up the DagBag from /home/airflow/.local/lib/python3.12/site-packages/airflow/example_dags/example_dag_decorator.py
[2024-10-21T05:36:20.222+0000] {processor.py:925} INFO - DAG(s) 'example_dag_decorator' retrieved from /home/airflow/.local/lib/python3.12/site-packages/airflow/example_dags/example_dag_decorator.py
[2024-10-21T05:36:20.433+0000] {logging_mixin.py:190} INFO - [2024-10-21T05:36:20.433+0000] {dag.py:3239} INFO - Sync 1 DAGs
[2024-10-21T05:36:20.462+0000] {logging_mixin.py:190} INFO - [2024-10-21T05:36:20.462+0000] {dag.py:4180} INFO - Setting next_dagrun for example_dag_decorator to None, run_after=None
[2024-10-21T05:36:20.503+0000] {processor.py:208} INFO - Processing /home/airflow/.local/lib/python3.12/site-packages/airflow/example_dags/example_dag_decorator.py took 0.312 seconds
[2024-10-21T05:36:50.633+0000] {processor.py:186} INFO - Started process (PID=1280) to work on /home/airflow/.local/lib/python3.12/site-packages/airflow/example_dags/example_dag_decorator.py
[2024-10-21T05:36:50.635+0000] {processor.py:914} INFO - Processing file /home/airflow/.local/lib/python3.12/site-packages/airflow/example_dags/example_dag_decorator.py for tasks to queue
[2024-10-21T05:36:50.638+0000] {logging_mixin.py:190} INFO - [2024-10-21T05:36:50.638+0000] {dagbag.py:588} INFO - Filling up the DagBag from /home/airflow/.local/lib/python3.12/site-packages/airflow/example_dags/example_dag_decorator.py
[2024-10-21T05:36:50.664+0000] {processor.py:925} INFO - DAG(s) 'example_dag_decorator' retrieved from /home/airflow/.local/lib/python3.12/site-packages/airflow/example_dags/example_dag_decorator.py
[2024-10-21T05:36:50.863+0000] {logging_mixin.py:190} INFO - [2024-10-21T05:36:50.863+0000] {dag.py:3239} INFO - Sync 1 DAGs
[2024-10-21T05:36:50.885+0000] {logging_mixin.py:190} INFO - [2024-10-21T05:36:50.885+0000] {dag.py:4180} INFO - Setting next_dagrun for example_dag_decorator to None, run_after=None
[2024-10-21T05:36:50.919+0000] {processor.py:208} INFO - Processing /home/airflow/.local/lib/python3.12/site-packages/airflow/example_dags/example_dag_decorator.py took 0.298 seconds
[2024-10-21T11:55:05.585+0000] {processor.py:186} INFO - Started process (PID=119) to work on /home/airflow/.local/lib/python3.12/site-packages/airflow/example_dags/example_dag_decorator.py
[2024-10-21T11:55:05.588+0000] {processor.py:914} INFO - Processing file /home/airflow/.local/lib/python3.12/site-packages/airflow/example_dags/example_dag_decorator.py for tasks to queue
[2024-10-21T11:55:05.599+0000] {logging_mixin.py:190} INFO - [2024-10-21T11:55:05.598+0000] {dagbag.py:588} INFO - Filling up the DagBag from /home/airflow/.local/lib/python3.12/site-packages/airflow/example_dags/example_dag_decorator.py
[2024-10-21T11:55:05.643+0000] {processor.py:925} INFO - DAG(s) 'example_dag_decorator' retrieved from /home/airflow/.local/lib/python3.12/site-packages/airflow/example_dags/example_dag_decorator.py
[2024-10-21T11:55:06.235+0000] {logging_mixin.py:190} INFO - [2024-10-21T11:55:06.235+0000] {dag.py:3239} INFO - Sync 1 DAGs
[2024-10-21T11:55:06.265+0000] {logging_mixin.py:190} INFO - [2024-10-21T11:55:06.265+0000] {dag.py:4180} INFO - Setting next_dagrun for example_dag_decorator to None, run_after=None
[2024-10-21T11:55:06.315+0000] {processor.py:208} INFO - Processing /home/airflow/.local/lib/python3.12/site-packages/airflow/example_dags/example_dag_decorator.py took 0.746 seconds
