[2024-10-21T03:08:41.065+0000] {processor.py:186} INFO - Started process (PID=325) to work on /home/airflow/.local/lib/python3.12/site-packages/airflow/example_dags/example_skip_dag.py
[2024-10-21T03:08:41.065+0000] {processor.py:914} INFO - Processing file /home/airflow/.local/lib/python3.12/site-packages/airflow/example_dags/example_skip_dag.py for tasks to queue
[2024-10-21T03:08:41.068+0000] {logging_mixin.py:190} INFO - [2024-10-21T03:08:41.068+0000] {dagbag.py:588} INFO - Filling up the DagBag from /home/airflow/.local/lib/python3.12/site-packages/airflow/example_dags/example_skip_dag.py
[2024-10-21T03:08:41.077+0000] {processor.py:925} INFO - DAG(s) 'example_skip_dag' retrieved from /home/airflow/.local/lib/python3.12/site-packages/airflow/example_dags/example_skip_dag.py
[2024-10-21T03:08:41.201+0000] {logging_mixin.py:190} INFO - [2024-10-21T03:08:41.198+0000] {override.py:1900} INFO - Created Permission View: can delete on DAG:example_skip_dag
[2024-10-21T03:08:41.220+0000] {logging_mixin.py:190} INFO - [2024-10-21T03:08:41.219+0000] {override.py:1900} INFO - Created Permission View: can read on DAG:example_skip_dag
[2024-10-21T03:08:41.230+0000] {logging_mixin.py:190} INFO - [2024-10-21T03:08:41.230+0000] {override.py:1900} INFO - Created Permission View: can edit on DAG:example_skip_dag
[2024-10-21T03:08:41.242+0000] {logging_mixin.py:190} INFO - [2024-10-21T03:08:41.241+0000] {override.py:1900} INFO - Created Permission View: menu access on DAG Run:example_skip_dag
[2024-10-21T03:08:41.251+0000] {logging_mixin.py:190} INFO - [2024-10-21T03:08:41.250+0000] {override.py:1900} INFO - Created Permission View: can delete on DAG Run:example_skip_dag
[2024-10-21T03:08:41.260+0000] {logging_mixin.py:190} INFO - [2024-10-21T03:08:41.260+0000] {override.py:1900} INFO - Created Permission View: can read on DAG Run:example_skip_dag
[2024-10-21T03:08:41.270+0000] {logging_mixin.py:190} INFO - [2024-10-21T03:08:41.270+0000] {override.py:1900} INFO - Created Permission View: can create on DAG Run:example_skip_dag
[2024-10-21T03:08:41.271+0000] {logging_mixin.py:190} INFO - [2024-10-21T03:08:41.271+0000] {dag.py:3239} INFO - Sync 1 DAGs
[2024-10-21T03:08:41.284+0000] {logging_mixin.py:190} INFO - [2024-10-21T03:08:41.284+0000] {dag.py:3262} INFO - Creating ORM DAG for example_skip_dag
[2024-10-21T03:08:41.292+0000] {logging_mixin.py:190} INFO - [2024-10-21T03:08:41.292+0000] {dag.py:4180} INFO - Setting next_dagrun for example_skip_dag to 2024-10-20 00:00:00+00:00, run_after=2024-10-21 00:00:00+00:00
[2024-10-21T03:08:41.306+0000] {processor.py:208} INFO - Processing /home/airflow/.local/lib/python3.12/site-packages/airflow/example_dags/example_skip_dag.py took 0.247 seconds
[2024-10-21T03:09:11.391+0000] {processor.py:186} INFO - Started process (PID=387) to work on /home/airflow/.local/lib/python3.12/site-packages/airflow/example_dags/example_skip_dag.py
[2024-10-21T03:09:11.392+0000] {processor.py:914} INFO - Processing file /home/airflow/.local/lib/python3.12/site-packages/airflow/example_dags/example_skip_dag.py for tasks to queue
[2024-10-21T03:09:11.396+0000] {logging_mixin.py:190} INFO - [2024-10-21T03:09:11.395+0000] {dagbag.py:588} INFO - Filling up the DagBag from /home/airflow/.local/lib/python3.12/site-packages/airflow/example_dags/example_skip_dag.py
[2024-10-21T03:09:11.404+0000] {processor.py:925} INFO - DAG(s) 'example_skip_dag' retrieved from /home/airflow/.local/lib/python3.12/site-packages/airflow/example_dags/example_skip_dag.py
[2024-10-21T03:09:11.423+0000] {logging_mixin.py:190} INFO - [2024-10-21T03:09:11.422+0000] {dag.py:3239} INFO - Sync 1 DAGs
[2024-10-21T03:09:11.446+0000] {logging_mixin.py:190} INFO - [2024-10-21T03:09:11.445+0000] {dag.py:4180} INFO - Setting next_dagrun for example_skip_dag to 2024-10-20 00:00:00+00:00, run_after=2024-10-21 00:00:00+00:00
[2024-10-21T03:09:11.462+0000] {processor.py:208} INFO - Processing /home/airflow/.local/lib/python3.12/site-packages/airflow/example_dags/example_skip_dag.py took 0.078 seconds
[2024-10-21T03:09:42.326+0000] {processor.py:186} INFO - Started process (PID=449) to work on /home/airflow/.local/lib/python3.12/site-packages/airflow/example_dags/example_skip_dag.py
[2024-10-21T03:09:42.327+0000] {processor.py:914} INFO - Processing file /home/airflow/.local/lib/python3.12/site-packages/airflow/example_dags/example_skip_dag.py for tasks to queue
[2024-10-21T03:09:42.329+0000] {logging_mixin.py:190} INFO - [2024-10-21T03:09:42.329+0000] {dagbag.py:588} INFO - Filling up the DagBag from /home/airflow/.local/lib/python3.12/site-packages/airflow/example_dags/example_skip_dag.py
[2024-10-21T03:09:42.336+0000] {processor.py:925} INFO - DAG(s) 'example_skip_dag' retrieved from /home/airflow/.local/lib/python3.12/site-packages/airflow/example_dags/example_skip_dag.py
[2024-10-21T03:09:42.355+0000] {logging_mixin.py:190} INFO - [2024-10-21T03:09:42.355+0000] {dag.py:3239} INFO - Sync 1 DAGs
[2024-10-21T03:09:42.373+0000] {logging_mixin.py:190} INFO - [2024-10-21T03:09:42.373+0000] {dag.py:4180} INFO - Setting next_dagrun for example_skip_dag to 2024-10-20 00:00:00+00:00, run_after=2024-10-21 00:00:00+00:00
[2024-10-21T03:09:42.388+0000] {processor.py:208} INFO - Processing /home/airflow/.local/lib/python3.12/site-packages/airflow/example_dags/example_skip_dag.py took 0.068 seconds
[2024-10-21T03:10:13.167+0000] {processor.py:186} INFO - Started process (PID=511) to work on /home/airflow/.local/lib/python3.12/site-packages/airflow/example_dags/example_skip_dag.py
[2024-10-21T03:10:13.169+0000] {processor.py:914} INFO - Processing file /home/airflow/.local/lib/python3.12/site-packages/airflow/example_dags/example_skip_dag.py for tasks to queue
[2024-10-21T03:10:13.171+0000] {logging_mixin.py:190} INFO - [2024-10-21T03:10:13.171+0000] {dagbag.py:588} INFO - Filling up the DagBag from /home/airflow/.local/lib/python3.12/site-packages/airflow/example_dags/example_skip_dag.py
[2024-10-21T03:10:13.179+0000] {processor.py:925} INFO - DAG(s) 'example_skip_dag' retrieved from /home/airflow/.local/lib/python3.12/site-packages/airflow/example_dags/example_skip_dag.py
[2024-10-21T03:10:13.200+0000] {logging_mixin.py:190} INFO - [2024-10-21T03:10:13.199+0000] {dag.py:3239} INFO - Sync 1 DAGs
[2024-10-21T03:10:13.218+0000] {logging_mixin.py:190} INFO - [2024-10-21T03:10:13.217+0000] {dag.py:4180} INFO - Setting next_dagrun for example_skip_dag to 2024-10-20 00:00:00+00:00, run_after=2024-10-21 00:00:00+00:00
[2024-10-21T03:10:13.235+0000] {processor.py:208} INFO - Processing /home/airflow/.local/lib/python3.12/site-packages/airflow/example_dags/example_skip_dag.py took 0.072 seconds
[2024-10-21T03:10:43.700+0000] {processor.py:186} INFO - Started process (PID=573) to work on /home/airflow/.local/lib/python3.12/site-packages/airflow/example_dags/example_skip_dag.py
[2024-10-21T03:10:43.701+0000] {processor.py:914} INFO - Processing file /home/airflow/.local/lib/python3.12/site-packages/airflow/example_dags/example_skip_dag.py for tasks to queue
[2024-10-21T03:10:43.703+0000] {logging_mixin.py:190} INFO - [2024-10-21T03:10:43.703+0000] {dagbag.py:588} INFO - Filling up the DagBag from /home/airflow/.local/lib/python3.12/site-packages/airflow/example_dags/example_skip_dag.py
[2024-10-21T03:10:43.710+0000] {processor.py:925} INFO - DAG(s) 'example_skip_dag' retrieved from /home/airflow/.local/lib/python3.12/site-packages/airflow/example_dags/example_skip_dag.py
[2024-10-21T03:10:43.728+0000] {logging_mixin.py:190} INFO - [2024-10-21T03:10:43.727+0000] {dag.py:3239} INFO - Sync 1 DAGs
[2024-10-21T03:10:43.746+0000] {logging_mixin.py:190} INFO - [2024-10-21T03:10:43.746+0000] {dag.py:4180} INFO - Setting next_dagrun for example_skip_dag to 2024-10-20 00:00:00+00:00, run_after=2024-10-21 00:00:00+00:00
[2024-10-21T03:10:43.762+0000] {processor.py:208} INFO - Processing /home/airflow/.local/lib/python3.12/site-packages/airflow/example_dags/example_skip_dag.py took 0.068 seconds
[2024-10-21T03:11:14.117+0000] {processor.py:186} INFO - Started process (PID=635) to work on /home/airflow/.local/lib/python3.12/site-packages/airflow/example_dags/example_skip_dag.py
[2024-10-21T03:11:14.118+0000] {processor.py:914} INFO - Processing file /home/airflow/.local/lib/python3.12/site-packages/airflow/example_dags/example_skip_dag.py for tasks to queue
[2024-10-21T03:11:14.121+0000] {logging_mixin.py:190} INFO - [2024-10-21T03:11:14.120+0000] {dagbag.py:588} INFO - Filling up the DagBag from /home/airflow/.local/lib/python3.12/site-packages/airflow/example_dags/example_skip_dag.py
[2024-10-21T03:11:14.128+0000] {processor.py:925} INFO - DAG(s) 'example_skip_dag' retrieved from /home/airflow/.local/lib/python3.12/site-packages/airflow/example_dags/example_skip_dag.py
[2024-10-21T03:11:14.149+0000] {logging_mixin.py:190} INFO - [2024-10-21T03:11:14.149+0000] {dag.py:3239} INFO - Sync 1 DAGs
[2024-10-21T03:11:14.167+0000] {logging_mixin.py:190} INFO - [2024-10-21T03:11:14.167+0000] {dag.py:4180} INFO - Setting next_dagrun for example_skip_dag to 2024-10-20 00:00:00+00:00, run_after=2024-10-21 00:00:00+00:00
[2024-10-21T03:11:14.185+0000] {processor.py:208} INFO - Processing /home/airflow/.local/lib/python3.12/site-packages/airflow/example_dags/example_skip_dag.py took 0.073 seconds
[2024-10-21T03:11:44.953+0000] {processor.py:186} INFO - Started process (PID=698) to work on /home/airflow/.local/lib/python3.12/site-packages/airflow/example_dags/example_skip_dag.py
[2024-10-21T03:11:44.955+0000] {processor.py:914} INFO - Processing file /home/airflow/.local/lib/python3.12/site-packages/airflow/example_dags/example_skip_dag.py for tasks to queue
[2024-10-21T03:11:44.958+0000] {logging_mixin.py:190} INFO - [2024-10-21T03:11:44.957+0000] {dagbag.py:588} INFO - Filling up the DagBag from /home/airflow/.local/lib/python3.12/site-packages/airflow/example_dags/example_skip_dag.py
[2024-10-21T03:11:44.966+0000] {processor.py:925} INFO - DAG(s) 'example_skip_dag' retrieved from /home/airflow/.local/lib/python3.12/site-packages/airflow/example_dags/example_skip_dag.py
[2024-10-21T03:11:44.990+0000] {logging_mixin.py:190} INFO - [2024-10-21T03:11:44.990+0000] {dag.py:3239} INFO - Sync 1 DAGs
[2024-10-21T03:11:45.018+0000] {logging_mixin.py:190} INFO - [2024-10-21T03:11:45.017+0000] {dag.py:4180} INFO - Setting next_dagrun for example_skip_dag to 2024-10-20 00:00:00+00:00, run_after=2024-10-21 00:00:00+00:00
[2024-10-21T03:11:45.061+0000] {processor.py:208} INFO - Processing /home/airflow/.local/lib/python3.12/site-packages/airflow/example_dags/example_skip_dag.py took 0.114 seconds
[2024-10-21T05:26:31.571+0000] {processor.py:186} INFO - Started process (PID=110) to work on /home/airflow/.local/lib/python3.12/site-packages/airflow/example_dags/example_skip_dag.py
[2024-10-21T05:26:31.573+0000] {processor.py:914} INFO - Processing file /home/airflow/.local/lib/python3.12/site-packages/airflow/example_dags/example_skip_dag.py for tasks to queue
[2024-10-21T05:26:31.579+0000] {logging_mixin.py:190} INFO - [2024-10-21T05:26:31.578+0000] {dagbag.py:588} INFO - Filling up the DagBag from /home/airflow/.local/lib/python3.12/site-packages/airflow/example_dags/example_skip_dag.py
[2024-10-21T05:26:31.593+0000] {processor.py:925} INFO - DAG(s) 'example_skip_dag' retrieved from /home/airflow/.local/lib/python3.12/site-packages/airflow/example_dags/example_skip_dag.py
[2024-10-21T05:26:31.629+0000] {logging_mixin.py:190} INFO - [2024-10-21T05:26:31.628+0000] {dag.py:3239} INFO - Sync 1 DAGs
[2024-10-21T05:26:31.679+0000] {logging_mixin.py:190} INFO - [2024-10-21T05:26:31.679+0000] {dag.py:4180} INFO - Setting next_dagrun for example_skip_dag to 2024-10-20 00:00:00+00:00, run_after=2024-10-21 00:00:00+00:00
[2024-10-21T05:26:31.711+0000] {processor.py:208} INFO - Processing /home/airflow/.local/lib/python3.12/site-packages/airflow/example_dags/example_skip_dag.py took 0.149 seconds
[2024-10-21T05:27:02.672+0000] {processor.py:186} INFO - Started process (PID=172) to work on /home/airflow/.local/lib/python3.12/site-packages/airflow/example_dags/example_skip_dag.py
[2024-10-21T05:27:02.674+0000] {processor.py:914} INFO - Processing file /home/airflow/.local/lib/python3.12/site-packages/airflow/example_dags/example_skip_dag.py for tasks to queue
[2024-10-21T05:27:02.680+0000] {logging_mixin.py:190} INFO - [2024-10-21T05:27:02.679+0000] {dagbag.py:588} INFO - Filling up the DagBag from /home/airflow/.local/lib/python3.12/site-packages/airflow/example_dags/example_skip_dag.py
[2024-10-21T05:27:02.697+0000] {processor.py:925} INFO - DAG(s) 'example_skip_dag' retrieved from /home/airflow/.local/lib/python3.12/site-packages/airflow/example_dags/example_skip_dag.py
[2024-10-21T05:27:02.740+0000] {logging_mixin.py:190} INFO - [2024-10-21T05:27:02.740+0000] {dag.py:3239} INFO - Sync 1 DAGs
[2024-10-21T05:27:02.790+0000] {logging_mixin.py:190} INFO - [2024-10-21T05:27:02.789+0000] {dag.py:4180} INFO - Setting next_dagrun for example_skip_dag to 2024-10-20 00:00:00+00:00, run_after=2024-10-21 00:00:00+00:00
[2024-10-21T05:27:02.841+0000] {processor.py:208} INFO - Processing /home/airflow/.local/lib/python3.12/site-packages/airflow/example_dags/example_skip_dag.py took 0.182 seconds
[2024-10-21T05:27:33.651+0000] {processor.py:186} INFO - Started process (PID=234) to work on /home/airflow/.local/lib/python3.12/site-packages/airflow/example_dags/example_skip_dag.py
[2024-10-21T05:27:33.653+0000] {processor.py:914} INFO - Processing file /home/airflow/.local/lib/python3.12/site-packages/airflow/example_dags/example_skip_dag.py for tasks to queue
[2024-10-21T05:27:33.657+0000] {logging_mixin.py:190} INFO - [2024-10-21T05:27:33.656+0000] {dagbag.py:588} INFO - Filling up the DagBag from /home/airflow/.local/lib/python3.12/site-packages/airflow/example_dags/example_skip_dag.py
[2024-10-21T05:27:33.670+0000] {processor.py:925} INFO - DAG(s) 'example_skip_dag' retrieved from /home/airflow/.local/lib/python3.12/site-packages/airflow/example_dags/example_skip_dag.py
[2024-10-21T05:27:33.705+0000] {logging_mixin.py:190} INFO - [2024-10-21T05:27:33.705+0000] {dag.py:3239} INFO - Sync 1 DAGs
[2024-10-21T05:27:33.744+0000] {logging_mixin.py:190} INFO - [2024-10-21T05:27:33.744+0000] {dag.py:4180} INFO - Setting next_dagrun for example_skip_dag to 2024-10-20 00:00:00+00:00, run_after=2024-10-21 00:00:00+00:00
[2024-10-21T05:27:33.773+0000] {processor.py:208} INFO - Processing /home/airflow/.local/lib/python3.12/site-packages/airflow/example_dags/example_skip_dag.py took 0.131 seconds
[2024-10-21T05:29:04.420+0000] {processor.py:186} INFO - Started process (PID=326) to work on /home/airflow/.local/lib/python3.12/site-packages/airflow/example_dags/example_skip_dag.py
[2024-10-21T05:29:04.425+0000] {processor.py:914} INFO - Processing file /home/airflow/.local/lib/python3.12/site-packages/airflow/example_dags/example_skip_dag.py for tasks to queue
[2024-10-21T05:29:04.435+0000] {logging_mixin.py:190} INFO - [2024-10-21T05:29:04.434+0000] {dagbag.py:588} INFO - Filling up the DagBag from /home/airflow/.local/lib/python3.12/site-packages/airflow/example_dags/example_skip_dag.py
[2024-10-21T05:29:04.467+0000] {processor.py:925} INFO - DAG(s) 'example_skip_dag' retrieved from /home/airflow/.local/lib/python3.12/site-packages/airflow/example_dags/example_skip_dag.py
[2024-10-21T05:29:04.550+0000] {logging_mixin.py:190} INFO - [2024-10-21T05:29:04.549+0000] {dag.py:3239} INFO - Sync 1 DAGs
[2024-10-21T05:29:04.663+0000] {logging_mixin.py:190} INFO - [2024-10-21T05:29:04.662+0000] {dag.py:4180} INFO - Setting next_dagrun for example_skip_dag to 2024-10-20 00:00:00+00:00, run_after=2024-10-21 00:00:00+00:00
[2024-10-21T05:29:04.726+0000] {processor.py:208} INFO - Processing /home/airflow/.local/lib/python3.12/site-packages/airflow/example_dags/example_skip_dag.py took 0.330 seconds
[2024-10-21T05:29:35.624+0000] {processor.py:186} INFO - Started process (PID=388) to work on /home/airflow/.local/lib/python3.12/site-packages/airflow/example_dags/example_skip_dag.py
[2024-10-21T05:29:35.626+0000] {processor.py:914} INFO - Processing file /home/airflow/.local/lib/python3.12/site-packages/airflow/example_dags/example_skip_dag.py for tasks to queue
[2024-10-21T05:29:35.628+0000] {logging_mixin.py:190} INFO - [2024-10-21T05:29:35.627+0000] {dagbag.py:588} INFO - Filling up the DagBag from /home/airflow/.local/lib/python3.12/site-packages/airflow/example_dags/example_skip_dag.py
[2024-10-21T05:29:35.642+0000] {processor.py:925} INFO - DAG(s) 'example_skip_dag' retrieved from /home/airflow/.local/lib/python3.12/site-packages/airflow/example_dags/example_skip_dag.py
[2024-10-21T05:29:35.696+0000] {logging_mixin.py:190} INFO - [2024-10-21T05:29:35.696+0000] {dag.py:3239} INFO - Sync 1 DAGs
[2024-10-21T05:29:35.756+0000] {logging_mixin.py:190} INFO - [2024-10-21T05:29:35.755+0000] {dag.py:4180} INFO - Setting next_dagrun for example_skip_dag to 2024-10-20 00:00:00+00:00, run_after=2024-10-21 00:00:00+00:00
[2024-10-21T05:29:35.810+0000] {processor.py:208} INFO - Processing /home/airflow/.local/lib/python3.12/site-packages/airflow/example_dags/example_skip_dag.py took 0.207 seconds
[2024-10-21T05:30:06.607+0000] {processor.py:186} INFO - Started process (PID=450) to work on /home/airflow/.local/lib/python3.12/site-packages/airflow/example_dags/example_skip_dag.py
[2024-10-21T05:30:06.609+0000] {processor.py:914} INFO - Processing file /home/airflow/.local/lib/python3.12/site-packages/airflow/example_dags/example_skip_dag.py for tasks to queue
[2024-10-21T05:30:06.611+0000] {logging_mixin.py:190} INFO - [2024-10-21T05:30:06.610+0000] {dagbag.py:588} INFO - Filling up the DagBag from /home/airflow/.local/lib/python3.12/site-packages/airflow/example_dags/example_skip_dag.py
[2024-10-21T05:30:06.624+0000] {processor.py:925} INFO - DAG(s) 'example_skip_dag' retrieved from /home/airflow/.local/lib/python3.12/site-packages/airflow/example_dags/example_skip_dag.py
[2024-10-21T05:30:06.661+0000] {logging_mixin.py:190} INFO - [2024-10-21T05:30:06.661+0000] {dag.py:3239} INFO - Sync 1 DAGs
[2024-10-21T05:30:06.698+0000] {logging_mixin.py:190} INFO - [2024-10-21T05:30:06.697+0000] {dag.py:4180} INFO - Setting next_dagrun for example_skip_dag to 2024-10-20 00:00:00+00:00, run_after=2024-10-21 00:00:00+00:00
[2024-10-21T05:30:06.734+0000] {processor.py:208} INFO - Processing /home/airflow/.local/lib/python3.12/site-packages/airflow/example_dags/example_skip_dag.py took 0.138 seconds
[2024-10-21T05:30:37.211+0000] {processor.py:186} INFO - Started process (PID=512) to work on /home/airflow/.local/lib/python3.12/site-packages/airflow/example_dags/example_skip_dag.py
[2024-10-21T05:30:37.213+0000] {processor.py:914} INFO - Processing file /home/airflow/.local/lib/python3.12/site-packages/airflow/example_dags/example_skip_dag.py for tasks to queue
[2024-10-21T05:30:37.215+0000] {logging_mixin.py:190} INFO - [2024-10-21T05:30:37.214+0000] {dagbag.py:588} INFO - Filling up the DagBag from /home/airflow/.local/lib/python3.12/site-packages/airflow/example_dags/example_skip_dag.py
[2024-10-21T05:30:37.227+0000] {processor.py:925} INFO - DAG(s) 'example_skip_dag' retrieved from /home/airflow/.local/lib/python3.12/site-packages/airflow/example_dags/example_skip_dag.py
[2024-10-21T05:30:37.257+0000] {logging_mixin.py:190} INFO - [2024-10-21T05:30:37.257+0000] {dag.py:3239} INFO - Sync 1 DAGs
[2024-10-21T05:30:37.293+0000] {logging_mixin.py:190} INFO - [2024-10-21T05:30:37.293+0000] {dag.py:4180} INFO - Setting next_dagrun for example_skip_dag to 2024-10-20 00:00:00+00:00, run_after=2024-10-21 00:00:00+00:00
[2024-10-21T05:30:37.320+0000] {processor.py:208} INFO - Processing /home/airflow/.local/lib/python3.12/site-packages/airflow/example_dags/example_skip_dag.py took 0.118 seconds
[2024-10-21T05:31:07.575+0000] {processor.py:186} INFO - Started process (PID=573) to work on /home/airflow/.local/lib/python3.12/site-packages/airflow/example_dags/example_skip_dag.py
[2024-10-21T05:31:07.577+0000] {processor.py:914} INFO - Processing file /home/airflow/.local/lib/python3.12/site-packages/airflow/example_dags/example_skip_dag.py for tasks to queue
[2024-10-21T05:31:07.579+0000] {logging_mixin.py:190} INFO - [2024-10-21T05:31:07.578+0000] {dagbag.py:588} INFO - Filling up the DagBag from /home/airflow/.local/lib/python3.12/site-packages/airflow/example_dags/example_skip_dag.py
[2024-10-21T05:31:07.591+0000] {processor.py:925} INFO - DAG(s) 'example_skip_dag' retrieved from /home/airflow/.local/lib/python3.12/site-packages/airflow/example_dags/example_skip_dag.py
[2024-10-21T05:31:07.622+0000] {logging_mixin.py:190} INFO - [2024-10-21T05:31:07.622+0000] {dag.py:3239} INFO - Sync 1 DAGs
[2024-10-21T05:31:07.660+0000] {logging_mixin.py:190} INFO - [2024-10-21T05:31:07.660+0000] {dag.py:4180} INFO - Setting next_dagrun for example_skip_dag to 2024-10-20 00:00:00+00:00, run_after=2024-10-21 00:00:00+00:00
[2024-10-21T05:31:07.691+0000] {processor.py:208} INFO - Processing /home/airflow/.local/lib/python3.12/site-packages/airflow/example_dags/example_skip_dag.py took 0.125 seconds
[2024-10-21T05:31:38.410+0000] {processor.py:186} INFO - Started process (PID=636) to work on /home/airflow/.local/lib/python3.12/site-packages/airflow/example_dags/example_skip_dag.py
[2024-10-21T05:31:38.412+0000] {processor.py:914} INFO - Processing file /home/airflow/.local/lib/python3.12/site-packages/airflow/example_dags/example_skip_dag.py for tasks to queue
[2024-10-21T05:31:38.414+0000] {logging_mixin.py:190} INFO - [2024-10-21T05:31:38.413+0000] {dagbag.py:588} INFO - Filling up the DagBag from /home/airflow/.local/lib/python3.12/site-packages/airflow/example_dags/example_skip_dag.py
[2024-10-21T05:31:38.425+0000] {processor.py:925} INFO - DAG(s) 'example_skip_dag' retrieved from /home/airflow/.local/lib/python3.12/site-packages/airflow/example_dags/example_skip_dag.py
[2024-10-21T05:31:38.457+0000] {logging_mixin.py:190} INFO - [2024-10-21T05:31:38.457+0000] {dag.py:3239} INFO - Sync 1 DAGs
[2024-10-21T05:31:38.490+0000] {logging_mixin.py:190} INFO - [2024-10-21T05:31:38.490+0000] {dag.py:4180} INFO - Setting next_dagrun for example_skip_dag to 2024-10-20 00:00:00+00:00, run_after=2024-10-21 00:00:00+00:00
[2024-10-21T05:31:38.519+0000] {processor.py:208} INFO - Processing /home/airflow/.local/lib/python3.12/site-packages/airflow/example_dags/example_skip_dag.py took 0.116 seconds
[2024-10-21T05:32:09.149+0000] {processor.py:186} INFO - Started process (PID=698) to work on /home/airflow/.local/lib/python3.12/site-packages/airflow/example_dags/example_skip_dag.py
[2024-10-21T05:32:09.151+0000] {processor.py:914} INFO - Processing file /home/airflow/.local/lib/python3.12/site-packages/airflow/example_dags/example_skip_dag.py for tasks to queue
[2024-10-21T05:32:09.153+0000] {logging_mixin.py:190} INFO - [2024-10-21T05:32:09.152+0000] {dagbag.py:588} INFO - Filling up the DagBag from /home/airflow/.local/lib/python3.12/site-packages/airflow/example_dags/example_skip_dag.py
[2024-10-21T05:32:09.165+0000] {processor.py:925} INFO - DAG(s) 'example_skip_dag' retrieved from /home/airflow/.local/lib/python3.12/site-packages/airflow/example_dags/example_skip_dag.py
[2024-10-21T05:32:09.197+0000] {logging_mixin.py:190} INFO - [2024-10-21T05:32:09.197+0000] {dag.py:3239} INFO - Sync 1 DAGs
[2024-10-21T05:32:09.236+0000] {logging_mixin.py:190} INFO - [2024-10-21T05:32:09.236+0000] {dag.py:4180} INFO - Setting next_dagrun for example_skip_dag to 2024-10-20 00:00:00+00:00, run_after=2024-10-21 00:00:00+00:00
[2024-10-21T05:32:09.267+0000] {processor.py:208} INFO - Processing /home/airflow/.local/lib/python3.12/site-packages/airflow/example_dags/example_skip_dag.py took 0.126 seconds
[2024-10-21T05:32:39.733+0000] {processor.py:186} INFO - Started process (PID=760) to work on /home/airflow/.local/lib/python3.12/site-packages/airflow/example_dags/example_skip_dag.py
[2024-10-21T05:32:39.735+0000] {processor.py:914} INFO - Processing file /home/airflow/.local/lib/python3.12/site-packages/airflow/example_dags/example_skip_dag.py for tasks to queue
[2024-10-21T05:32:39.737+0000] {logging_mixin.py:190} INFO - [2024-10-21T05:32:39.737+0000] {dagbag.py:588} INFO - Filling up the DagBag from /home/airflow/.local/lib/python3.12/site-packages/airflow/example_dags/example_skip_dag.py
[2024-10-21T05:32:39.749+0000] {processor.py:925} INFO - DAG(s) 'example_skip_dag' retrieved from /home/airflow/.local/lib/python3.12/site-packages/airflow/example_dags/example_skip_dag.py
[2024-10-21T05:32:39.781+0000] {logging_mixin.py:190} INFO - [2024-10-21T05:32:39.780+0000] {dag.py:3239} INFO - Sync 1 DAGs
[2024-10-21T05:32:39.828+0000] {logging_mixin.py:190} INFO - [2024-10-21T05:32:39.827+0000] {dag.py:4180} INFO - Setting next_dagrun for example_skip_dag to 2024-10-20 00:00:00+00:00, run_after=2024-10-21 00:00:00+00:00
[2024-10-21T05:32:39.870+0000] {processor.py:208} INFO - Processing /home/airflow/.local/lib/python3.12/site-packages/airflow/example_dags/example_skip_dag.py took 0.145 seconds
[2024-10-21T05:33:09.966+0000] {processor.py:186} INFO - Started process (PID=822) to work on /home/airflow/.local/lib/python3.12/site-packages/airflow/example_dags/example_skip_dag.py
[2024-10-21T05:33:09.968+0000] {processor.py:914} INFO - Processing file /home/airflow/.local/lib/python3.12/site-packages/airflow/example_dags/example_skip_dag.py for tasks to queue
[2024-10-21T05:33:09.972+0000] {logging_mixin.py:190} INFO - [2024-10-21T05:33:09.971+0000] {dagbag.py:588} INFO - Filling up the DagBag from /home/airflow/.local/lib/python3.12/site-packages/airflow/example_dags/example_skip_dag.py
[2024-10-21T05:33:10.004+0000] {processor.py:925} INFO - DAG(s) 'example_skip_dag' retrieved from /home/airflow/.local/lib/python3.12/site-packages/airflow/example_dags/example_skip_dag.py
[2024-10-21T05:33:10.057+0000] {logging_mixin.py:190} INFO - [2024-10-21T05:33:10.056+0000] {dag.py:3239} INFO - Sync 1 DAGs
[2024-10-21T05:33:10.103+0000] {logging_mixin.py:190} INFO - [2024-10-21T05:33:10.103+0000] {dag.py:4180} INFO - Setting next_dagrun for example_skip_dag to 2024-10-20 00:00:00+00:00, run_after=2024-10-21 00:00:00+00:00
[2024-10-21T05:33:10.133+0000] {processor.py:208} INFO - Processing /home/airflow/.local/lib/python3.12/site-packages/airflow/example_dags/example_skip_dag.py took 0.182 seconds
[2024-10-21T05:33:41.573+0000] {processor.py:186} INFO - Started process (PID=884) to work on /home/airflow/.local/lib/python3.12/site-packages/airflow/example_dags/example_skip_dag.py
[2024-10-21T05:33:41.576+0000] {processor.py:914} INFO - Processing file /home/airflow/.local/lib/python3.12/site-packages/airflow/example_dags/example_skip_dag.py for tasks to queue
[2024-10-21T05:33:41.579+0000] {logging_mixin.py:190} INFO - [2024-10-21T05:33:41.578+0000] {dagbag.py:588} INFO - Filling up the DagBag from /home/airflow/.local/lib/python3.12/site-packages/airflow/example_dags/example_skip_dag.py
[2024-10-21T05:33:41.605+0000] {processor.py:925} INFO - DAG(s) 'example_skip_dag' retrieved from /home/airflow/.local/lib/python3.12/site-packages/airflow/example_dags/example_skip_dag.py
[2024-10-21T05:33:41.656+0000] {logging_mixin.py:190} INFO - [2024-10-21T05:33:41.656+0000] {dag.py:3239} INFO - Sync 1 DAGs
[2024-10-21T05:33:41.723+0000] {logging_mixin.py:190} INFO - [2024-10-21T05:33:41.723+0000] {dag.py:4180} INFO - Setting next_dagrun for example_skip_dag to 2024-10-20 00:00:00+00:00, run_after=2024-10-21 00:00:00+00:00
[2024-10-21T05:33:41.771+0000] {processor.py:208} INFO - Processing /home/airflow/.local/lib/python3.12/site-packages/airflow/example_dags/example_skip_dag.py took 0.208 seconds
[2024-10-21T05:34:12.304+0000] {processor.py:186} INFO - Started process (PID=946) to work on /home/airflow/.local/lib/python3.12/site-packages/airflow/example_dags/example_skip_dag.py
[2024-10-21T05:34:12.307+0000] {processor.py:914} INFO - Processing file /home/airflow/.local/lib/python3.12/site-packages/airflow/example_dags/example_skip_dag.py for tasks to queue
[2024-10-21T05:34:12.310+0000] {logging_mixin.py:190} INFO - [2024-10-21T05:34:12.309+0000] {dagbag.py:588} INFO - Filling up the DagBag from /home/airflow/.local/lib/python3.12/site-packages/airflow/example_dags/example_skip_dag.py
[2024-10-21T05:34:12.330+0000] {processor.py:925} INFO - DAG(s) 'example_skip_dag' retrieved from /home/airflow/.local/lib/python3.12/site-packages/airflow/example_dags/example_skip_dag.py
[2024-10-21T05:34:12.383+0000] {logging_mixin.py:190} INFO - [2024-10-21T05:34:12.383+0000] {dag.py:3239} INFO - Sync 1 DAGs
[2024-10-21T05:34:12.441+0000] {logging_mixin.py:190} INFO - [2024-10-21T05:34:12.440+0000] {dag.py:4180} INFO - Setting next_dagrun for example_skip_dag to 2024-10-20 00:00:00+00:00, run_after=2024-10-21 00:00:00+00:00
[2024-10-21T05:34:12.485+0000] {processor.py:208} INFO - Processing /home/airflow/.local/lib/python3.12/site-packages/airflow/example_dags/example_skip_dag.py took 0.196 seconds
[2024-10-21T05:34:42.619+0000] {processor.py:186} INFO - Started process (PID=1008) to work on /home/airflow/.local/lib/python3.12/site-packages/airflow/example_dags/example_skip_dag.py
[2024-10-21T05:34:42.620+0000] {processor.py:914} INFO - Processing file /home/airflow/.local/lib/python3.12/site-packages/airflow/example_dags/example_skip_dag.py for tasks to queue
[2024-10-21T05:34:42.622+0000] {logging_mixin.py:190} INFO - [2024-10-21T05:34:42.622+0000] {dagbag.py:588} INFO - Filling up the DagBag from /home/airflow/.local/lib/python3.12/site-packages/airflow/example_dags/example_skip_dag.py
[2024-10-21T05:34:42.633+0000] {processor.py:925} INFO - DAG(s) 'example_skip_dag' retrieved from /home/airflow/.local/lib/python3.12/site-packages/airflow/example_dags/example_skip_dag.py
[2024-10-21T05:34:42.665+0000] {logging_mixin.py:190} INFO - [2024-10-21T05:34:42.664+0000] {dag.py:3239} INFO - Sync 1 DAGs
[2024-10-21T05:34:42.694+0000] {logging_mixin.py:190} INFO - [2024-10-21T05:34:42.693+0000] {dag.py:4180} INFO - Setting next_dagrun for example_skip_dag to 2024-10-20 00:00:00+00:00, run_after=2024-10-21 00:00:00+00:00
[2024-10-21T05:34:42.724+0000] {processor.py:208} INFO - Processing /home/airflow/.local/lib/python3.12/site-packages/airflow/example_dags/example_skip_dag.py took 0.113 seconds
[2024-10-21T05:35:13.535+0000] {processor.py:186} INFO - Started process (PID=1070) to work on /home/airflow/.local/lib/python3.12/site-packages/airflow/example_dags/example_skip_dag.py
[2024-10-21T05:35:13.541+0000] {processor.py:914} INFO - Processing file /home/airflow/.local/lib/python3.12/site-packages/airflow/example_dags/example_skip_dag.py for tasks to queue
[2024-10-21T05:35:13.546+0000] {logging_mixin.py:190} INFO - [2024-10-21T05:35:13.544+0000] {dagbag.py:588} INFO - Filling up the DagBag from /home/airflow/.local/lib/python3.12/site-packages/airflow/example_dags/example_skip_dag.py
[2024-10-21T05:35:13.565+0000] {processor.py:925} INFO - DAG(s) 'example_skip_dag' retrieved from /home/airflow/.local/lib/python3.12/site-packages/airflow/example_dags/example_skip_dag.py
[2024-10-21T05:35:13.611+0000] {logging_mixin.py:190} INFO - [2024-10-21T05:35:13.610+0000] {dag.py:3239} INFO - Sync 1 DAGs
[2024-10-21T05:35:13.669+0000] {logging_mixin.py:190} INFO - [2024-10-21T05:35:13.669+0000] {dag.py:4180} INFO - Setting next_dagrun for example_skip_dag to 2024-10-20 00:00:00+00:00, run_after=2024-10-21 00:00:00+00:00
[2024-10-21T05:35:13.704+0000] {processor.py:208} INFO - Processing /home/airflow/.local/lib/python3.12/site-packages/airflow/example_dags/example_skip_dag.py took 0.191 seconds
[2024-10-21T05:35:44.310+0000] {processor.py:186} INFO - Started process (PID=1132) to work on /home/airflow/.local/lib/python3.12/site-packages/airflow/example_dags/example_skip_dag.py
[2024-10-21T05:35:44.312+0000] {processor.py:914} INFO - Processing file /home/airflow/.local/lib/python3.12/site-packages/airflow/example_dags/example_skip_dag.py for tasks to queue
[2024-10-21T05:35:44.314+0000] {logging_mixin.py:190} INFO - [2024-10-21T05:35:44.313+0000] {dagbag.py:588} INFO - Filling up the DagBag from /home/airflow/.local/lib/python3.12/site-packages/airflow/example_dags/example_skip_dag.py
[2024-10-21T05:35:44.328+0000] {processor.py:925} INFO - DAG(s) 'example_skip_dag' retrieved from /home/airflow/.local/lib/python3.12/site-packages/airflow/example_dags/example_skip_dag.py
[2024-10-21T05:35:44.365+0000] {logging_mixin.py:190} INFO - [2024-10-21T05:35:44.365+0000] {dag.py:3239} INFO - Sync 1 DAGs
[2024-10-21T05:35:44.399+0000] {logging_mixin.py:190} INFO - [2024-10-21T05:35:44.398+0000] {dag.py:4180} INFO - Setting next_dagrun for example_skip_dag to 2024-10-20 00:00:00+00:00, run_after=2024-10-21 00:00:00+00:00
[2024-10-21T05:35:44.425+0000] {processor.py:208} INFO - Processing /home/airflow/.local/lib/python3.12/site-packages/airflow/example_dags/example_skip_dag.py took 0.124 seconds
[2024-10-21T05:36:15.079+0000] {processor.py:186} INFO - Started process (PID=1194) to work on /home/airflow/.local/lib/python3.12/site-packages/airflow/example_dags/example_skip_dag.py
[2024-10-21T05:36:15.081+0000] {processor.py:914} INFO - Processing file /home/airflow/.local/lib/python3.12/site-packages/airflow/example_dags/example_skip_dag.py for tasks to queue
[2024-10-21T05:36:15.084+0000] {logging_mixin.py:190} INFO - [2024-10-21T05:36:15.083+0000] {dagbag.py:588} INFO - Filling up the DagBag from /home/airflow/.local/lib/python3.12/site-packages/airflow/example_dags/example_skip_dag.py
[2024-10-21T05:36:15.102+0000] {processor.py:925} INFO - DAG(s) 'example_skip_dag' retrieved from /home/airflow/.local/lib/python3.12/site-packages/airflow/example_dags/example_skip_dag.py
[2024-10-21T05:36:15.146+0000] {logging_mixin.py:190} INFO - [2024-10-21T05:36:15.146+0000] {dag.py:3239} INFO - Sync 1 DAGs
[2024-10-21T05:36:15.211+0000] {logging_mixin.py:190} INFO - [2024-10-21T05:36:15.210+0000] {dag.py:4180} INFO - Setting next_dagrun for example_skip_dag to 2024-10-20 00:00:00+00:00, run_after=2024-10-21 00:00:00+00:00
[2024-10-21T05:36:15.270+0000] {processor.py:208} INFO - Processing /home/airflow/.local/lib/python3.12/site-packages/airflow/example_dags/example_skip_dag.py took 0.201 seconds
[2024-10-21T05:36:45.618+0000] {processor.py:186} INFO - Started process (PID=1256) to work on /home/airflow/.local/lib/python3.12/site-packages/airflow/example_dags/example_skip_dag.py
[2024-10-21T05:36:45.620+0000] {processor.py:914} INFO - Processing file /home/airflow/.local/lib/python3.12/site-packages/airflow/example_dags/example_skip_dag.py for tasks to queue
[2024-10-21T05:36:45.623+0000] {logging_mixin.py:190} INFO - [2024-10-21T05:36:45.622+0000] {dagbag.py:588} INFO - Filling up the DagBag from /home/airflow/.local/lib/python3.12/site-packages/airflow/example_dags/example_skip_dag.py
[2024-10-21T05:36:45.637+0000] {processor.py:925} INFO - DAG(s) 'example_skip_dag' retrieved from /home/airflow/.local/lib/python3.12/site-packages/airflow/example_dags/example_skip_dag.py
[2024-10-21T05:36:45.670+0000] {logging_mixin.py:190} INFO - [2024-10-21T05:36:45.670+0000] {dag.py:3239} INFO - Sync 1 DAGs
[2024-10-21T05:36:45.704+0000] {logging_mixin.py:190} INFO - [2024-10-21T05:36:45.704+0000] {dag.py:4180} INFO - Setting next_dagrun for example_skip_dag to 2024-10-20 00:00:00+00:00, run_after=2024-10-21 00:00:00+00:00
[2024-10-21T05:36:45.731+0000] {processor.py:208} INFO - Processing /home/airflow/.local/lib/python3.12/site-packages/airflow/example_dags/example_skip_dag.py took 0.122 seconds
[2024-10-21T11:55:02.287+0000] {processor.py:186} INFO - Started process (PID=99) to work on /home/airflow/.local/lib/python3.12/site-packages/airflow/example_dags/example_skip_dag.py
[2024-10-21T11:55:02.289+0000] {processor.py:914} INFO - Processing file /home/airflow/.local/lib/python3.12/site-packages/airflow/example_dags/example_skip_dag.py for tasks to queue
[2024-10-21T11:55:02.300+0000] {logging_mixin.py:190} INFO - [2024-10-21T11:55:02.298+0000] {dagbag.py:588} INFO - Filling up the DagBag from /home/airflow/.local/lib/python3.12/site-packages/airflow/example_dags/example_skip_dag.py
[2024-10-21T11:55:02.321+0000] {processor.py:925} INFO - DAG(s) 'example_skip_dag' retrieved from /home/airflow/.local/lib/python3.12/site-packages/airflow/example_dags/example_skip_dag.py
[2024-10-21T11:55:02.378+0000] {logging_mixin.py:190} INFO - [2024-10-21T11:55:02.377+0000] {dag.py:3239} INFO - Sync 1 DAGs
[2024-10-21T11:55:02.432+0000] {logging_mixin.py:190} INFO - [2024-10-21T11:55:02.431+0000] {dag.py:4180} INFO - Setting next_dagrun for example_skip_dag to 2024-10-20 00:00:00+00:00, run_after=2024-10-21 00:00:00+00:00
[2024-10-21T11:55:02.483+0000] {processor.py:208} INFO - Processing /home/airflow/.local/lib/python3.12/site-packages/airflow/example_dags/example_skip_dag.py took 0.211 seconds
