[2024-10-21T03:08:32.488+0000] {processor.py:186} INFO - Started process (PID=297) to work on /home/airflow/.local/lib/python3.12/site-packages/airflow/example_dags/example_task_group.py
[2024-10-21T03:08:32.489+0000] {processor.py:914} INFO - Processing file /home/airflow/.local/lib/python3.12/site-packages/airflow/example_dags/example_task_group.py for tasks to queue
[2024-10-21T03:08:32.491+0000] {logging_mixin.py:190} INFO - [2024-10-21T03:08:32.491+0000] {dagbag.py:588} INFO - Filling up the DagBag from /home/airflow/.local/lib/python3.12/site-packages/airflow/example_dags/example_task_group.py
[2024-10-21T03:08:32.501+0000] {processor.py:925} INFO - DAG(s) 'example_task_group' retrieved from /home/airflow/.local/lib/python3.12/site-packages/airflow/example_dags/example_task_group.py
[2024-10-21T03:08:32.593+0000] {logging_mixin.py:190} INFO - [2024-10-21T03:08:32.593+0000] {override.py:1900} INFO - Created Permission View: can delete on DAG:example_task_group
[2024-10-21T03:08:32.603+0000] {logging_mixin.py:190} INFO - [2024-10-21T03:08:32.602+0000] {override.py:1900} INFO - Created Permission View: can read on DAG:example_task_group
[2024-10-21T03:08:32.608+0000] {logging_mixin.py:190} INFO - [2024-10-21T03:08:32.608+0000] {override.py:1900} INFO - Created Permission View: can edit on DAG:example_task_group
[2024-10-21T03:08:32.619+0000] {logging_mixin.py:190} INFO - [2024-10-21T03:08:32.618+0000] {override.py:1900} INFO - Created Permission View: menu access on DAG Run:example_task_group
[2024-10-21T03:08:32.635+0000] {logging_mixin.py:190} INFO - [2024-10-21T03:08:32.634+0000] {override.py:1900} INFO - Created Permission View: can delete on DAG Run:example_task_group
[2024-10-21T03:08:32.648+0000] {logging_mixin.py:190} INFO - [2024-10-21T03:08:32.648+0000] {override.py:1900} INFO - Created Permission View: can read on DAG Run:example_task_group
[2024-10-21T03:08:32.655+0000] {logging_mixin.py:190} INFO - [2024-10-21T03:08:32.655+0000] {override.py:1900} INFO - Created Permission View: can create on DAG Run:example_task_group
[2024-10-21T03:08:32.656+0000] {logging_mixin.py:190} INFO - [2024-10-21T03:08:32.656+0000] {dag.py:3239} INFO - Sync 1 DAGs
[2024-10-21T03:08:32.666+0000] {logging_mixin.py:190} INFO - [2024-10-21T03:08:32.665+0000] {dag.py:3262} INFO - Creating ORM DAG for example_task_group
[2024-10-21T03:08:32.667+0000] {logging_mixin.py:190} INFO - [2024-10-21T03:08:32.666+0000] {dag.py:4180} INFO - Setting next_dagrun for example_task_group to None, run_after=None
[2024-10-21T03:08:32.690+0000] {processor.py:208} INFO - Processing /home/airflow/.local/lib/python3.12/site-packages/airflow/example_dags/example_task_group.py took 0.208 seconds
[2024-10-21T03:09:03.143+0000] {processor.py:186} INFO - Started process (PID=359) to work on /home/airflow/.local/lib/python3.12/site-packages/airflow/example_dags/example_task_group.py
[2024-10-21T03:09:03.144+0000] {processor.py:914} INFO - Processing file /home/airflow/.local/lib/python3.12/site-packages/airflow/example_dags/example_task_group.py for tasks to queue
[2024-10-21T03:09:03.146+0000] {logging_mixin.py:190} INFO - [2024-10-21T03:09:03.146+0000] {dagbag.py:588} INFO - Filling up the DagBag from /home/airflow/.local/lib/python3.12/site-packages/airflow/example_dags/example_task_group.py
[2024-10-21T03:09:03.155+0000] {processor.py:925} INFO - DAG(s) 'example_task_group' retrieved from /home/airflow/.local/lib/python3.12/site-packages/airflow/example_dags/example_task_group.py
[2024-10-21T03:09:03.172+0000] {logging_mixin.py:190} INFO - [2024-10-21T03:09:03.172+0000] {dag.py:3239} INFO - Sync 1 DAGs
[2024-10-21T03:09:03.183+0000] {logging_mixin.py:190} INFO - [2024-10-21T03:09:03.183+0000] {dag.py:4180} INFO - Setting next_dagrun for example_task_group to None, run_after=None
[2024-10-21T03:09:03.201+0000] {processor.py:208} INFO - Processing /home/airflow/.local/lib/python3.12/site-packages/airflow/example_dags/example_task_group.py took 0.064 seconds
[2024-10-21T03:09:33.709+0000] {processor.py:186} INFO - Started process (PID=421) to work on /home/airflow/.local/lib/python3.12/site-packages/airflow/example_dags/example_task_group.py
[2024-10-21T03:09:33.712+0000] {processor.py:914} INFO - Processing file /home/airflow/.local/lib/python3.12/site-packages/airflow/example_dags/example_task_group.py for tasks to queue
[2024-10-21T03:09:33.715+0000] {logging_mixin.py:190} INFO - [2024-10-21T03:09:33.714+0000] {dagbag.py:588} INFO - Filling up the DagBag from /home/airflow/.local/lib/python3.12/site-packages/airflow/example_dags/example_task_group.py
[2024-10-21T03:09:33.726+0000] {processor.py:925} INFO - DAG(s) 'example_task_group' retrieved from /home/airflow/.local/lib/python3.12/site-packages/airflow/example_dags/example_task_group.py
[2024-10-21T03:09:33.759+0000] {logging_mixin.py:190} INFO - [2024-10-21T03:09:33.759+0000] {dag.py:3239} INFO - Sync 1 DAGs
[2024-10-21T03:09:33.783+0000] {logging_mixin.py:190} INFO - [2024-10-21T03:09:33.783+0000] {dag.py:4180} INFO - Setting next_dagrun for example_task_group to None, run_after=None
[2024-10-21T03:09:33.807+0000] {processor.py:208} INFO - Processing /home/airflow/.local/lib/python3.12/site-packages/airflow/example_dags/example_task_group.py took 0.106 seconds
[2024-10-21T03:10:04.408+0000] {processor.py:186} INFO - Started process (PID=483) to work on /home/airflow/.local/lib/python3.12/site-packages/airflow/example_dags/example_task_group.py
[2024-10-21T03:10:04.421+0000] {processor.py:914} INFO - Processing file /home/airflow/.local/lib/python3.12/site-packages/airflow/example_dags/example_task_group.py for tasks to queue
[2024-10-21T03:10:04.430+0000] {logging_mixin.py:190} INFO - [2024-10-21T03:10:04.429+0000] {dagbag.py:588} INFO - Filling up the DagBag from /home/airflow/.local/lib/python3.12/site-packages/airflow/example_dags/example_task_group.py
[2024-10-21T03:10:04.447+0000] {processor.py:925} INFO - DAG(s) 'example_task_group' retrieved from /home/airflow/.local/lib/python3.12/site-packages/airflow/example_dags/example_task_group.py
[2024-10-21T03:10:04.471+0000] {logging_mixin.py:190} INFO - [2024-10-21T03:10:04.470+0000] {dag.py:3239} INFO - Sync 1 DAGs
[2024-10-21T03:10:04.482+0000] {logging_mixin.py:190} INFO - [2024-10-21T03:10:04.482+0000] {dag.py:4180} INFO - Setting next_dagrun for example_task_group to None, run_after=None
[2024-10-21T03:10:04.504+0000] {processor.py:208} INFO - Processing /home/airflow/.local/lib/python3.12/site-packages/airflow/example_dags/example_task_group.py took 0.106 seconds
[2024-10-21T03:10:35.342+0000] {processor.py:186} INFO - Started process (PID=545) to work on /home/airflow/.local/lib/python3.12/site-packages/airflow/example_dags/example_task_group.py
[2024-10-21T03:10:35.345+0000] {processor.py:914} INFO - Processing file /home/airflow/.local/lib/python3.12/site-packages/airflow/example_dags/example_task_group.py for tasks to queue
[2024-10-21T03:10:35.352+0000] {logging_mixin.py:190} INFO - [2024-10-21T03:10:35.350+0000] {dagbag.py:588} INFO - Filling up the DagBag from /home/airflow/.local/lib/python3.12/site-packages/airflow/example_dags/example_task_group.py
[2024-10-21T03:10:35.369+0000] {processor.py:925} INFO - DAG(s) 'example_task_group' retrieved from /home/airflow/.local/lib/python3.12/site-packages/airflow/example_dags/example_task_group.py
[2024-10-21T03:10:35.392+0000] {logging_mixin.py:190} INFO - [2024-10-21T03:10:35.392+0000] {dag.py:3239} INFO - Sync 1 DAGs
[2024-10-21T03:10:35.406+0000] {logging_mixin.py:190} INFO - [2024-10-21T03:10:35.406+0000] {dag.py:4180} INFO - Setting next_dagrun for example_task_group to None, run_after=None
[2024-10-21T03:10:35.424+0000] {processor.py:208} INFO - Processing /home/airflow/.local/lib/python3.12/site-packages/airflow/example_dags/example_task_group.py took 0.092 seconds
[2024-10-21T03:11:05.617+0000] {processor.py:186} INFO - Started process (PID=607) to work on /home/airflow/.local/lib/python3.12/site-packages/airflow/example_dags/example_task_group.py
[2024-10-21T03:11:05.618+0000] {processor.py:914} INFO - Processing file /home/airflow/.local/lib/python3.12/site-packages/airflow/example_dags/example_task_group.py for tasks to queue
[2024-10-21T03:11:05.620+0000] {logging_mixin.py:190} INFO - [2024-10-21T03:11:05.620+0000] {dagbag.py:588} INFO - Filling up the DagBag from /home/airflow/.local/lib/python3.12/site-packages/airflow/example_dags/example_task_group.py
[2024-10-21T03:11:05.627+0000] {processor.py:925} INFO - DAG(s) 'example_task_group' retrieved from /home/airflow/.local/lib/python3.12/site-packages/airflow/example_dags/example_task_group.py
[2024-10-21T03:11:05.646+0000] {logging_mixin.py:190} INFO - [2024-10-21T03:11:05.646+0000] {dag.py:3239} INFO - Sync 1 DAGs
[2024-10-21T03:11:05.657+0000] {logging_mixin.py:190} INFO - [2024-10-21T03:11:05.657+0000] {dag.py:4180} INFO - Setting next_dagrun for example_task_group to None, run_after=None
[2024-10-21T03:11:05.672+0000] {processor.py:208} INFO - Processing /home/airflow/.local/lib/python3.12/site-packages/airflow/example_dags/example_task_group.py took 0.060 seconds
[2024-10-21T03:11:36.272+0000] {processor.py:186} INFO - Started process (PID=669) to work on /home/airflow/.local/lib/python3.12/site-packages/airflow/example_dags/example_task_group.py
[2024-10-21T03:11:36.274+0000] {processor.py:914} INFO - Processing file /home/airflow/.local/lib/python3.12/site-packages/airflow/example_dags/example_task_group.py for tasks to queue
[2024-10-21T03:11:36.278+0000] {logging_mixin.py:190} INFO - [2024-10-21T03:11:36.277+0000] {dagbag.py:588} INFO - Filling up the DagBag from /home/airflow/.local/lib/python3.12/site-packages/airflow/example_dags/example_task_group.py
[2024-10-21T03:11:36.291+0000] {processor.py:925} INFO - DAG(s) 'example_task_group' retrieved from /home/airflow/.local/lib/python3.12/site-packages/airflow/example_dags/example_task_group.py
[2024-10-21T03:11:36.312+0000] {logging_mixin.py:190} INFO - [2024-10-21T03:11:36.312+0000] {dag.py:3239} INFO - Sync 1 DAGs
[2024-10-21T03:11:36.325+0000] {logging_mixin.py:190} INFO - [2024-10-21T03:11:36.325+0000] {dag.py:4180} INFO - Setting next_dagrun for example_task_group to None, run_after=None
[2024-10-21T03:11:36.373+0000] {processor.py:208} INFO - Processing /home/airflow/.local/lib/python3.12/site-packages/airflow/example_dags/example_task_group.py took 0.111 seconds
[2024-10-21T05:26:20.131+0000] {processor.py:186} INFO - Started process (PID=82) to work on /home/airflow/.local/lib/python3.12/site-packages/airflow/example_dags/example_task_group.py
[2024-10-21T05:26:20.138+0000] {processor.py:914} INFO - Processing file /home/airflow/.local/lib/python3.12/site-packages/airflow/example_dags/example_task_group.py for tasks to queue
[2024-10-21T05:26:20.156+0000] {logging_mixin.py:190} INFO - [2024-10-21T05:26:20.153+0000] {dagbag.py:588} INFO - Filling up the DagBag from /home/airflow/.local/lib/python3.12/site-packages/airflow/example_dags/example_task_group.py
[2024-10-21T05:26:20.366+0000] {processor.py:925} INFO - DAG(s) 'example_task_group' retrieved from /home/airflow/.local/lib/python3.12/site-packages/airflow/example_dags/example_task_group.py
[2024-10-21T05:26:20.602+0000] {logging_mixin.py:190} INFO - [2024-10-21T05:26:20.601+0000] {dag.py:3239} INFO - Sync 1 DAGs
[2024-10-21T05:26:20.689+0000] {logging_mixin.py:190} INFO - [2024-10-21T05:26:20.688+0000] {dag.py:4180} INFO - Setting next_dagrun for example_task_group to None, run_after=None
[2024-10-21T05:26:20.763+0000] {processor.py:208} INFO - Processing /home/airflow/.local/lib/python3.12/site-packages/airflow/example_dags/example_task_group.py took 0.741 seconds
[2024-10-21T05:26:51.489+0000] {processor.py:186} INFO - Started process (PID=144) to work on /home/airflow/.local/lib/python3.12/site-packages/airflow/example_dags/example_task_group.py
[2024-10-21T05:26:51.491+0000] {processor.py:914} INFO - Processing file /home/airflow/.local/lib/python3.12/site-packages/airflow/example_dags/example_task_group.py for tasks to queue
[2024-10-21T05:26:51.502+0000] {logging_mixin.py:190} INFO - [2024-10-21T05:26:51.501+0000] {dagbag.py:588} INFO - Filling up the DagBag from /home/airflow/.local/lib/python3.12/site-packages/airflow/example_dags/example_task_group.py
[2024-10-21T05:26:51.539+0000] {processor.py:925} INFO - DAG(s) 'example_task_group' retrieved from /home/airflow/.local/lib/python3.12/site-packages/airflow/example_dags/example_task_group.py
[2024-10-21T05:26:52.828+0000] {logging_mixin.py:190} INFO - [2024-10-21T05:26:52.828+0000] {dag.py:3239} INFO - Sync 1 DAGs
[2024-10-21T05:26:52.980+0000] {logging_mixin.py:190} INFO - [2024-10-21T05:26:52.979+0000] {dag.py:4180} INFO - Setting next_dagrun for example_task_group to None, run_after=None
[2024-10-21T05:26:56.005+0000] {processor.py:208} INFO - Processing /home/airflow/.local/lib/python3.12/site-packages/airflow/example_dags/example_task_group.py took 4.604 seconds
[2024-10-21T05:27:26.654+0000] {processor.py:186} INFO - Started process (PID=206) to work on /home/airflow/.local/lib/python3.12/site-packages/airflow/example_dags/example_task_group.py
[2024-10-21T05:27:26.666+0000] {processor.py:914} INFO - Processing file /home/airflow/.local/lib/python3.12/site-packages/airflow/example_dags/example_task_group.py for tasks to queue
[2024-10-21T05:27:26.721+0000] {logging_mixin.py:190} INFO - [2024-10-21T05:27:26.708+0000] {dagbag.py:588} INFO - Filling up the DagBag from /home/airflow/.local/lib/python3.12/site-packages/airflow/example_dags/example_task_group.py
[2024-10-21T05:27:27.146+0000] {processor.py:925} INFO - DAG(s) 'example_task_group' retrieved from /home/airflow/.local/lib/python3.12/site-packages/airflow/example_dags/example_task_group.py
[2024-10-21T05:27:27.291+0000] {logging_mixin.py:190} INFO - [2024-10-21T05:27:27.291+0000] {dag.py:3239} INFO - Sync 1 DAGs
[2024-10-21T05:27:27.355+0000] {logging_mixin.py:190} INFO - [2024-10-21T05:27:27.354+0000] {dag.py:4180} INFO - Setting next_dagrun for example_task_group to None, run_after=None
[2024-10-21T05:27:27.417+0000] {processor.py:208} INFO - Processing /home/airflow/.local/lib/python3.12/site-packages/airflow/example_dags/example_task_group.py took 0.839 seconds
[2024-10-21T05:28:23.835+0000] {processor.py:186} INFO - Started process (PID=282) to work on /home/airflow/.local/lib/python3.12/site-packages/airflow/example_dags/example_task_group.py
[2024-10-21T05:28:23.837+0000] {processor.py:914} INFO - Processing file /home/airflow/.local/lib/python3.12/site-packages/airflow/example_dags/example_task_group.py for tasks to queue
[2024-10-21T05:28:23.844+0000] {logging_mixin.py:190} INFO - [2024-10-21T05:28:23.843+0000] {dagbag.py:588} INFO - Filling up the DagBag from /home/airflow/.local/lib/python3.12/site-packages/airflow/example_dags/example_task_group.py
[2024-10-21T05:28:23.884+0000] {processor.py:925} INFO - DAG(s) 'example_task_group' retrieved from /home/airflow/.local/lib/python3.12/site-packages/airflow/example_dags/example_task_group.py
[2024-10-21T05:28:23.990+0000] {logging_mixin.py:190} INFO - [2024-10-21T05:28:23.989+0000] {dag.py:3239} INFO - Sync 1 DAGs
[2024-10-21T05:28:24.057+0000] {logging_mixin.py:190} INFO - [2024-10-21T05:28:24.056+0000] {dag.py:4180} INFO - Setting next_dagrun for example_task_group to None, run_after=None
[2024-10-21T05:28:24.107+0000] {processor.py:208} INFO - Processing /home/airflow/.local/lib/python3.12/site-packages/airflow/example_dags/example_task_group.py took 0.303 seconds
[2024-10-21T05:29:01.685+0000] {processor.py:186} INFO - Started process (PID=316) to work on /home/airflow/.local/lib/python3.12/site-packages/airflow/example_dags/example_task_group.py
[2024-10-21T05:29:01.688+0000] {processor.py:914} INFO - Processing file /home/airflow/.local/lib/python3.12/site-packages/airflow/example_dags/example_task_group.py for tasks to queue
[2024-10-21T05:29:01.699+0000] {logging_mixin.py:190} INFO - [2024-10-21T05:29:01.697+0000] {dagbag.py:588} INFO - Filling up the DagBag from /home/airflow/.local/lib/python3.12/site-packages/airflow/example_dags/example_task_group.py
[2024-10-21T05:29:01.742+0000] {processor.py:925} INFO - DAG(s) 'example_task_group' retrieved from /home/airflow/.local/lib/python3.12/site-packages/airflow/example_dags/example_task_group.py
[2024-10-21T05:29:01.840+0000] {logging_mixin.py:190} INFO - [2024-10-21T05:29:01.839+0000] {dag.py:3239} INFO - Sync 1 DAGs
[2024-10-21T05:29:01.927+0000] {logging_mixin.py:190} INFO - [2024-10-21T05:29:01.926+0000] {dag.py:4180} INFO - Setting next_dagrun for example_task_group to None, run_after=None
[2024-10-21T05:29:02.003+0000] {processor.py:208} INFO - Processing /home/airflow/.local/lib/python3.12/site-packages/airflow/example_dags/example_task_group.py took 0.340 seconds
[2024-10-21T05:29:32.741+0000] {processor.py:186} INFO - Started process (PID=378) to work on /home/airflow/.local/lib/python3.12/site-packages/airflow/example_dags/example_task_group.py
[2024-10-21T05:29:32.744+0000] {processor.py:914} INFO - Processing file /home/airflow/.local/lib/python3.12/site-packages/airflow/example_dags/example_task_group.py for tasks to queue
[2024-10-21T05:29:32.749+0000] {logging_mixin.py:190} INFO - [2024-10-21T05:29:32.748+0000] {dagbag.py:588} INFO - Filling up the DagBag from /home/airflow/.local/lib/python3.12/site-packages/airflow/example_dags/example_task_group.py
[2024-10-21T05:29:32.795+0000] {processor.py:925} INFO - DAG(s) 'example_task_group' retrieved from /home/airflow/.local/lib/python3.12/site-packages/airflow/example_dags/example_task_group.py
[2024-10-21T05:29:32.895+0000] {logging_mixin.py:190} INFO - [2024-10-21T05:29:32.894+0000] {dag.py:3239} INFO - Sync 1 DAGs
[2024-10-21T05:29:32.957+0000] {logging_mixin.py:190} INFO - [2024-10-21T05:29:32.957+0000] {dag.py:4180} INFO - Setting next_dagrun for example_task_group to None, run_after=None
[2024-10-21T05:29:33.013+0000] {processor.py:208} INFO - Processing /home/airflow/.local/lib/python3.12/site-packages/airflow/example_dags/example_task_group.py took 0.304 seconds
[2024-10-21T05:30:03.750+0000] {processor.py:186} INFO - Started process (PID=440) to work on /home/airflow/.local/lib/python3.12/site-packages/airflow/example_dags/example_task_group.py
[2024-10-21T05:30:03.753+0000] {processor.py:914} INFO - Processing file /home/airflow/.local/lib/python3.12/site-packages/airflow/example_dags/example_task_group.py for tasks to queue
[2024-10-21T05:30:03.757+0000] {logging_mixin.py:190} INFO - [2024-10-21T05:30:03.756+0000] {dagbag.py:588} INFO - Filling up the DagBag from /home/airflow/.local/lib/python3.12/site-packages/airflow/example_dags/example_task_group.py
[2024-10-21T05:30:03.776+0000] {processor.py:925} INFO - DAG(s) 'example_task_group' retrieved from /home/airflow/.local/lib/python3.12/site-packages/airflow/example_dags/example_task_group.py
[2024-10-21T05:30:03.813+0000] {logging_mixin.py:190} INFO - [2024-10-21T05:30:03.813+0000] {dag.py:3239} INFO - Sync 1 DAGs
[2024-10-21T05:30:03.836+0000] {logging_mixin.py:190} INFO - [2024-10-21T05:30:03.835+0000] {dag.py:4180} INFO - Setting next_dagrun for example_task_group to None, run_after=None
[2024-10-21T05:30:03.867+0000] {processor.py:208} INFO - Processing /home/airflow/.local/lib/python3.12/site-packages/airflow/example_dags/example_task_group.py took 0.130 seconds
[2024-10-21T05:30:34.356+0000] {processor.py:186} INFO - Started process (PID=502) to work on /home/airflow/.local/lib/python3.12/site-packages/airflow/example_dags/example_task_group.py
[2024-10-21T05:30:34.357+0000] {processor.py:914} INFO - Processing file /home/airflow/.local/lib/python3.12/site-packages/airflow/example_dags/example_task_group.py for tasks to queue
[2024-10-21T05:30:34.359+0000] {logging_mixin.py:190} INFO - [2024-10-21T05:30:34.359+0000] {dagbag.py:588} INFO - Filling up the DagBag from /home/airflow/.local/lib/python3.12/site-packages/airflow/example_dags/example_task_group.py
[2024-10-21T05:30:34.372+0000] {processor.py:925} INFO - DAG(s) 'example_task_group' retrieved from /home/airflow/.local/lib/python3.12/site-packages/airflow/example_dags/example_task_group.py
[2024-10-21T05:30:34.405+0000] {logging_mixin.py:190} INFO - [2024-10-21T05:30:34.404+0000] {dag.py:3239} INFO - Sync 1 DAGs
[2024-10-21T05:30:34.426+0000] {logging_mixin.py:190} INFO - [2024-10-21T05:30:34.425+0000] {dag.py:4180} INFO - Setting next_dagrun for example_task_group to None, run_after=None
[2024-10-21T05:30:34.456+0000] {processor.py:208} INFO - Processing /home/airflow/.local/lib/python3.12/site-packages/airflow/example_dags/example_task_group.py took 0.109 seconds
[2024-10-21T05:31:04.730+0000] {processor.py:186} INFO - Started process (PID=564) to work on /home/airflow/.local/lib/python3.12/site-packages/airflow/example_dags/example_task_group.py
[2024-10-21T05:31:04.732+0000] {processor.py:914} INFO - Processing file /home/airflow/.local/lib/python3.12/site-packages/airflow/example_dags/example_task_group.py for tasks to queue
[2024-10-21T05:31:04.734+0000] {logging_mixin.py:190} INFO - [2024-10-21T05:31:04.733+0000] {dagbag.py:588} INFO - Filling up the DagBag from /home/airflow/.local/lib/python3.12/site-packages/airflow/example_dags/example_task_group.py
[2024-10-21T05:31:04.751+0000] {processor.py:925} INFO - DAG(s) 'example_task_group' retrieved from /home/airflow/.local/lib/python3.12/site-packages/airflow/example_dags/example_task_group.py
[2024-10-21T05:31:04.803+0000] {logging_mixin.py:190} INFO - [2024-10-21T05:31:04.803+0000] {dag.py:3239} INFO - Sync 1 DAGs
[2024-10-21T05:31:04.836+0000] {logging_mixin.py:190} INFO - [2024-10-21T05:31:04.835+0000] {dag.py:4180} INFO - Setting next_dagrun for example_task_group to None, run_after=None
[2024-10-21T05:31:04.864+0000] {processor.py:208} INFO - Processing /home/airflow/.local/lib/python3.12/site-packages/airflow/example_dags/example_task_group.py took 0.147 seconds
[2024-10-21T05:31:35.620+0000] {processor.py:186} INFO - Started process (PID=627) to work on /home/airflow/.local/lib/python3.12/site-packages/airflow/example_dags/example_task_group.py
[2024-10-21T05:31:35.622+0000] {processor.py:914} INFO - Processing file /home/airflow/.local/lib/python3.12/site-packages/airflow/example_dags/example_task_group.py for tasks to queue
[2024-10-21T05:31:35.624+0000] {logging_mixin.py:190} INFO - [2024-10-21T05:31:35.623+0000] {dagbag.py:588} INFO - Filling up the DagBag from /home/airflow/.local/lib/python3.12/site-packages/airflow/example_dags/example_task_group.py
[2024-10-21T05:31:35.639+0000] {processor.py:925} INFO - DAG(s) 'example_task_group' retrieved from /home/airflow/.local/lib/python3.12/site-packages/airflow/example_dags/example_task_group.py
[2024-10-21T05:31:35.675+0000] {logging_mixin.py:190} INFO - [2024-10-21T05:31:35.674+0000] {dag.py:3239} INFO - Sync 1 DAGs
[2024-10-21T05:31:35.696+0000] {logging_mixin.py:190} INFO - [2024-10-21T05:31:35.696+0000] {dag.py:4180} INFO - Setting next_dagrun for example_task_group to None, run_after=None
[2024-10-21T05:31:35.734+0000] {processor.py:208} INFO - Processing /home/airflow/.local/lib/python3.12/site-packages/airflow/example_dags/example_task_group.py took 0.126 seconds
[2024-10-21T05:32:06.339+0000] {processor.py:186} INFO - Started process (PID=689) to work on /home/airflow/.local/lib/python3.12/site-packages/airflow/example_dags/example_task_group.py
[2024-10-21T05:32:06.341+0000] {processor.py:914} INFO - Processing file /home/airflow/.local/lib/python3.12/site-packages/airflow/example_dags/example_task_group.py for tasks to queue
[2024-10-21T05:32:06.343+0000] {logging_mixin.py:190} INFO - [2024-10-21T05:32:06.343+0000] {dagbag.py:588} INFO - Filling up the DagBag from /home/airflow/.local/lib/python3.12/site-packages/airflow/example_dags/example_task_group.py
[2024-10-21T05:32:06.356+0000] {processor.py:925} INFO - DAG(s) 'example_task_group' retrieved from /home/airflow/.local/lib/python3.12/site-packages/airflow/example_dags/example_task_group.py
[2024-10-21T05:32:06.389+0000] {logging_mixin.py:190} INFO - [2024-10-21T05:32:06.389+0000] {dag.py:3239} INFO - Sync 1 DAGs
[2024-10-21T05:32:06.421+0000] {logging_mixin.py:190} INFO - [2024-10-21T05:32:06.420+0000] {dag.py:4180} INFO - Setting next_dagrun for example_task_group to None, run_after=None
[2024-10-21T05:32:06.467+0000] {processor.py:208} INFO - Processing /home/airflow/.local/lib/python3.12/site-packages/airflow/example_dags/example_task_group.py took 0.136 seconds
[2024-10-21T05:32:36.680+0000] {processor.py:186} INFO - Started process (PID=751) to work on /home/airflow/.local/lib/python3.12/site-packages/airflow/example_dags/example_task_group.py
[2024-10-21T05:32:36.682+0000] {processor.py:914} INFO - Processing file /home/airflow/.local/lib/python3.12/site-packages/airflow/example_dags/example_task_group.py for tasks to queue
[2024-10-21T05:32:36.685+0000] {logging_mixin.py:190} INFO - [2024-10-21T05:32:36.685+0000] {dagbag.py:588} INFO - Filling up the DagBag from /home/airflow/.local/lib/python3.12/site-packages/airflow/example_dags/example_task_group.py
[2024-10-21T05:32:36.701+0000] {processor.py:925} INFO - DAG(s) 'example_task_group' retrieved from /home/airflow/.local/lib/python3.12/site-packages/airflow/example_dags/example_task_group.py
[2024-10-21T05:32:36.750+0000] {logging_mixin.py:190} INFO - [2024-10-21T05:32:36.749+0000] {dag.py:3239} INFO - Sync 1 DAGs
[2024-10-21T05:32:36.785+0000] {logging_mixin.py:190} INFO - [2024-10-21T05:32:36.784+0000] {dag.py:4180} INFO - Setting next_dagrun for example_task_group to None, run_after=None
[2024-10-21T05:32:36.826+0000] {processor.py:208} INFO - Processing /home/airflow/.local/lib/python3.12/site-packages/airflow/example_dags/example_task_group.py took 0.161 seconds
[2024-10-21T05:33:06.892+0000] {processor.py:186} INFO - Started process (PID=812) to work on /home/airflow/.local/lib/python3.12/site-packages/airflow/example_dags/example_task_group.py
[2024-10-21T05:33:06.894+0000] {processor.py:914} INFO - Processing file /home/airflow/.local/lib/python3.12/site-packages/airflow/example_dags/example_task_group.py for tasks to queue
[2024-10-21T05:33:06.896+0000] {logging_mixin.py:190} INFO - [2024-10-21T05:33:06.895+0000] {dagbag.py:588} INFO - Filling up the DagBag from /home/airflow/.local/lib/python3.12/site-packages/airflow/example_dags/example_task_group.py
[2024-10-21T05:33:06.907+0000] {processor.py:925} INFO - DAG(s) 'example_task_group' retrieved from /home/airflow/.local/lib/python3.12/site-packages/airflow/example_dags/example_task_group.py
[2024-10-21T05:33:06.937+0000] {logging_mixin.py:190} INFO - [2024-10-21T05:33:06.936+0000] {dag.py:3239} INFO - Sync 1 DAGs
[2024-10-21T05:33:06.959+0000] {logging_mixin.py:190} INFO - [2024-10-21T05:33:06.959+0000] {dag.py:4180} INFO - Setting next_dagrun for example_task_group to None, run_after=None
[2024-10-21T05:33:06.988+0000] {processor.py:208} INFO - Processing /home/airflow/.local/lib/python3.12/site-packages/airflow/example_dags/example_task_group.py took 0.104 seconds
[2024-10-21T05:33:39.380+0000] {processor.py:186} INFO - Started process (PID=875) to work on /home/airflow/.local/lib/python3.12/site-packages/airflow/example_dags/example_task_group.py
[2024-10-21T05:33:39.384+0000] {processor.py:914} INFO - Processing file /home/airflow/.local/lib/python3.12/site-packages/airflow/example_dags/example_task_group.py for tasks to queue
[2024-10-21T05:33:39.387+0000] {logging_mixin.py:190} INFO - [2024-10-21T05:33:39.386+0000] {dagbag.py:588} INFO - Filling up the DagBag from /home/airflow/.local/lib/python3.12/site-packages/airflow/example_dags/example_task_group.py
[2024-10-21T05:33:39.419+0000] {processor.py:925} INFO - DAG(s) 'example_task_group' retrieved from /home/airflow/.local/lib/python3.12/site-packages/airflow/example_dags/example_task_group.py
[2024-10-21T05:33:39.581+0000] {logging_mixin.py:190} INFO - [2024-10-21T05:33:39.580+0000] {dag.py:3239} INFO - Sync 1 DAGs
[2024-10-21T05:33:39.643+0000] {logging_mixin.py:190} INFO - [2024-10-21T05:33:39.642+0000] {dag.py:4180} INFO - Setting next_dagrun for example_task_group to None, run_after=None
[2024-10-21T05:33:39.745+0000] {processor.py:208} INFO - Processing /home/airflow/.local/lib/python3.12/site-packages/airflow/example_dags/example_task_group.py took 0.380 seconds
[2024-10-21T05:34:10.112+0000] {processor.py:186} INFO - Started process (PID=935) to work on /home/airflow/.local/lib/python3.12/site-packages/airflow/example_dags/example_task_group.py
[2024-10-21T05:34:10.115+0000] {processor.py:914} INFO - Processing file /home/airflow/.local/lib/python3.12/site-packages/airflow/example_dags/example_task_group.py for tasks to queue
[2024-10-21T05:34:10.118+0000] {logging_mixin.py:190} INFO - [2024-10-21T05:34:10.117+0000] {dagbag.py:588} INFO - Filling up the DagBag from /home/airflow/.local/lib/python3.12/site-packages/airflow/example_dags/example_task_group.py
[2024-10-21T05:34:10.133+0000] {processor.py:925} INFO - DAG(s) 'example_task_group' retrieved from /home/airflow/.local/lib/python3.12/site-packages/airflow/example_dags/example_task_group.py
[2024-10-21T05:34:10.171+0000] {logging_mixin.py:190} INFO - [2024-10-21T05:34:10.171+0000] {dag.py:3239} INFO - Sync 1 DAGs
[2024-10-21T05:34:10.195+0000] {logging_mixin.py:190} INFO - [2024-10-21T05:34:10.194+0000] {dag.py:4180} INFO - Setting next_dagrun for example_task_group to None, run_after=None
[2024-10-21T05:34:10.230+0000] {processor.py:208} INFO - Processing /home/airflow/.local/lib/python3.12/site-packages/airflow/example_dags/example_task_group.py took 0.129 seconds
[2024-10-21T05:34:40.766+0000] {processor.py:186} INFO - Started process (PID=997) to work on /home/airflow/.local/lib/python3.12/site-packages/airflow/example_dags/example_task_group.py
[2024-10-21T05:34:40.767+0000] {processor.py:914} INFO - Processing file /home/airflow/.local/lib/python3.12/site-packages/airflow/example_dags/example_task_group.py for tasks to queue
[2024-10-21T05:34:40.770+0000] {logging_mixin.py:190} INFO - [2024-10-21T05:34:40.769+0000] {dagbag.py:588} INFO - Filling up the DagBag from /home/airflow/.local/lib/python3.12/site-packages/airflow/example_dags/example_task_group.py
[2024-10-21T05:34:40.780+0000] {processor.py:925} INFO - DAG(s) 'example_task_group' retrieved from /home/airflow/.local/lib/python3.12/site-packages/airflow/example_dags/example_task_group.py
[2024-10-21T05:34:40.813+0000] {logging_mixin.py:190} INFO - [2024-10-21T05:34:40.813+0000] {dag.py:3239} INFO - Sync 1 DAGs
[2024-10-21T05:34:40.833+0000] {logging_mixin.py:190} INFO - [2024-10-21T05:34:40.833+0000] {dag.py:4180} INFO - Setting next_dagrun for example_task_group to None, run_after=None
[2024-10-21T05:34:40.867+0000] {processor.py:208} INFO - Processing /home/airflow/.local/lib/python3.12/site-packages/airflow/example_dags/example_task_group.py took 0.109 seconds
[2024-10-21T05:35:11.458+0000] {processor.py:186} INFO - Started process (PID=1059) to work on /home/airflow/.local/lib/python3.12/site-packages/airflow/example_dags/example_task_group.py
[2024-10-21T05:35:11.460+0000] {processor.py:914} INFO - Processing file /home/airflow/.local/lib/python3.12/site-packages/airflow/example_dags/example_task_group.py for tasks to queue
[2024-10-21T05:35:11.463+0000] {logging_mixin.py:190} INFO - [2024-10-21T05:35:11.463+0000] {dagbag.py:588} INFO - Filling up the DagBag from /home/airflow/.local/lib/python3.12/site-packages/airflow/example_dags/example_task_group.py
[2024-10-21T05:35:11.481+0000] {processor.py:925} INFO - DAG(s) 'example_task_group' retrieved from /home/airflow/.local/lib/python3.12/site-packages/airflow/example_dags/example_task_group.py
[2024-10-21T05:35:11.530+0000] {logging_mixin.py:190} INFO - [2024-10-21T05:35:11.530+0000] {dag.py:3239} INFO - Sync 1 DAGs
[2024-10-21T05:35:11.566+0000] {logging_mixin.py:190} INFO - [2024-10-21T05:35:11.565+0000] {dag.py:4180} INFO - Setting next_dagrun for example_task_group to None, run_after=None
[2024-10-21T05:35:11.614+0000] {processor.py:208} INFO - Processing /home/airflow/.local/lib/python3.12/site-packages/airflow/example_dags/example_task_group.py took 0.168 seconds
[2024-10-21T05:35:42.260+0000] {processor.py:186} INFO - Started process (PID=1121) to work on /home/airflow/.local/lib/python3.12/site-packages/airflow/example_dags/example_task_group.py
[2024-10-21T05:35:42.262+0000] {processor.py:914} INFO - Processing file /home/airflow/.local/lib/python3.12/site-packages/airflow/example_dags/example_task_group.py for tasks to queue
[2024-10-21T05:35:42.264+0000] {logging_mixin.py:190} INFO - [2024-10-21T05:35:42.263+0000] {dagbag.py:588} INFO - Filling up the DagBag from /home/airflow/.local/lib/python3.12/site-packages/airflow/example_dags/example_task_group.py
[2024-10-21T05:35:42.280+0000] {processor.py:925} INFO - DAG(s) 'example_task_group' retrieved from /home/airflow/.local/lib/python3.12/site-packages/airflow/example_dags/example_task_group.py
[2024-10-21T05:35:42.314+0000] {logging_mixin.py:190} INFO - [2024-10-21T05:35:42.314+0000] {dag.py:3239} INFO - Sync 1 DAGs
[2024-10-21T05:35:42.343+0000] {logging_mixin.py:190} INFO - [2024-10-21T05:35:42.343+0000] {dag.py:4180} INFO - Setting next_dagrun for example_task_group to None, run_after=None
[2024-10-21T05:35:42.375+0000] {processor.py:208} INFO - Processing /home/airflow/.local/lib/python3.12/site-packages/airflow/example_dags/example_task_group.py took 0.124 seconds
[2024-10-21T05:36:12.895+0000] {processor.py:186} INFO - Started process (PID=1182) to work on /home/airflow/.local/lib/python3.12/site-packages/airflow/example_dags/example_task_group.py
[2024-10-21T05:36:12.896+0000] {processor.py:914} INFO - Processing file /home/airflow/.local/lib/python3.12/site-packages/airflow/example_dags/example_task_group.py for tasks to queue
[2024-10-21T05:36:12.899+0000] {logging_mixin.py:190} INFO - [2024-10-21T05:36:12.898+0000] {dagbag.py:588} INFO - Filling up the DagBag from /home/airflow/.local/lib/python3.12/site-packages/airflow/example_dags/example_task_group.py
[2024-10-21T05:36:12.912+0000] {processor.py:925} INFO - DAG(s) 'example_task_group' retrieved from /home/airflow/.local/lib/python3.12/site-packages/airflow/example_dags/example_task_group.py
[2024-10-21T05:36:12.942+0000] {logging_mixin.py:190} INFO - [2024-10-21T05:36:12.942+0000] {dag.py:3239} INFO - Sync 1 DAGs
[2024-10-21T05:36:12.962+0000] {logging_mixin.py:190} INFO - [2024-10-21T05:36:12.961+0000] {dag.py:4180} INFO - Setting next_dagrun for example_task_group to None, run_after=None
[2024-10-21T05:36:12.989+0000] {processor.py:208} INFO - Processing /home/airflow/.local/lib/python3.12/site-packages/airflow/example_dags/example_task_group.py took 0.104 seconds
[2024-10-21T05:36:43.456+0000] {processor.py:186} INFO - Started process (PID=1242) to work on /home/airflow/.local/lib/python3.12/site-packages/airflow/example_dags/example_task_group.py
[2024-10-21T05:36:43.457+0000] {processor.py:914} INFO - Processing file /home/airflow/.local/lib/python3.12/site-packages/airflow/example_dags/example_task_group.py for tasks to queue
[2024-10-21T05:36:43.459+0000] {logging_mixin.py:190} INFO - [2024-10-21T05:36:43.459+0000] {dagbag.py:588} INFO - Filling up the DagBag from /home/airflow/.local/lib/python3.12/site-packages/airflow/example_dags/example_task_group.py
[2024-10-21T05:36:43.469+0000] {processor.py:925} INFO - DAG(s) 'example_task_group' retrieved from /home/airflow/.local/lib/python3.12/site-packages/airflow/example_dags/example_task_group.py
[2024-10-21T05:36:43.500+0000] {logging_mixin.py:190} INFO - [2024-10-21T05:36:43.500+0000] {dag.py:3239} INFO - Sync 1 DAGs
[2024-10-21T05:36:43.518+0000] {logging_mixin.py:190} INFO - [2024-10-21T05:36:43.517+0000] {dag.py:4180} INFO - Setting next_dagrun for example_task_group to None, run_after=None
[2024-10-21T05:36:43.549+0000] {processor.py:208} INFO - Processing /home/airflow/.local/lib/python3.12/site-packages/airflow/example_dags/example_task_group.py took 0.099 seconds
[2024-10-21T11:54:52.911+0000] {processor.py:186} INFO - Started process (PID=77) to work on /home/airflow/.local/lib/python3.12/site-packages/airflow/example_dags/example_task_group.py
[2024-10-21T11:54:52.917+0000] {processor.py:914} INFO - Processing file /home/airflow/.local/lib/python3.12/site-packages/airflow/example_dags/example_task_group.py for tasks to queue
[2024-10-21T11:54:52.932+0000] {logging_mixin.py:190} INFO - [2024-10-21T11:54:52.928+0000] {dagbag.py:588} INFO - Filling up the DagBag from /home/airflow/.local/lib/python3.12/site-packages/airflow/example_dags/example_task_group.py
[2024-10-21T11:54:53.099+0000] {processor.py:925} INFO - DAG(s) 'example_task_group' retrieved from /home/airflow/.local/lib/python3.12/site-packages/airflow/example_dags/example_task_group.py
[2024-10-21T11:54:53.363+0000] {logging_mixin.py:190} INFO - [2024-10-21T11:54:53.362+0000] {dag.py:3239} INFO - Sync 1 DAGs
[2024-10-21T11:54:53.423+0000] {logging_mixin.py:190} INFO - [2024-10-21T11:54:53.422+0000] {dag.py:4180} INFO - Setting next_dagrun for example_task_group to None, run_after=None
[2024-10-21T11:54:54.135+0000] {processor.py:208} INFO - Processing /home/airflow/.local/lib/python3.12/site-packages/airflow/example_dags/example_task_group.py took 1.247 seconds
[2024-10-21T11:55:24.557+0000] {processor.py:186} INFO - Started process (PID=140) to work on /home/airflow/.local/lib/python3.12/site-packages/airflow/example_dags/example_task_group.py
[2024-10-21T11:55:24.582+0000] {processor.py:914} INFO - Processing file /home/airflow/.local/lib/python3.12/site-packages/airflow/example_dags/example_task_group.py for tasks to queue
[2024-10-21T11:55:24.584+0000] {logging_mixin.py:190} INFO - [2024-10-21T11:55:24.584+0000] {dagbag.py:588} INFO - Filling up the DagBag from /home/airflow/.local/lib/python3.12/site-packages/airflow/example_dags/example_task_group.py
[2024-10-21T11:55:24.615+0000] {processor.py:925} INFO - DAG(s) 'example_task_group' retrieved from /home/airflow/.local/lib/python3.12/site-packages/airflow/example_dags/example_task_group.py
[2024-10-21T11:55:24.683+0000] {logging_mixin.py:190} INFO - [2024-10-21T11:55:24.682+0000] {dag.py:3239} INFO - Sync 1 DAGs
[2024-10-21T11:55:24.791+0000] {logging_mixin.py:190} INFO - [2024-10-21T11:55:24.791+0000] {dag.py:4180} INFO - Setting next_dagrun for example_task_group to None, run_after=None
[2024-10-21T11:55:25.350+0000] {processor.py:208} INFO - Processing /home/airflow/.local/lib/python3.12/site-packages/airflow/example_dags/example_task_group.py took 0.799 seconds
