[2024-10-21T03:08:43.953+0000] {processor.py:186} INFO - Started process (PID=343) to work on /home/airflow/.local/lib/python3.12/site-packages/airflow/example_dags/example_python_operator.py
[2024-10-21T03:08:43.954+0000] {processor.py:914} INFO - Processing file /home/airflow/.local/lib/python3.12/site-packages/airflow/example_dags/example_python_operator.py for tasks to queue
[2024-10-21T03:08:43.958+0000] {logging_mixin.py:190} INFO - [2024-10-21T03:08:43.958+0000] {dagbag.py:588} INFO - Filling up the DagBag from /home/airflow/.local/lib/python3.12/site-packages/airflow/example_dags/example_python_operator.py
[2024-10-21T03:08:43.974+0000] {processor.py:925} INFO - DAG(s) 'example_python_operator' retrieved from /home/airflow/.local/lib/python3.12/site-packages/airflow/example_dags/example_python_operator.py
[2024-10-21T03:08:44.098+0000] {logging_mixin.py:190} INFO - [2024-10-21T03:08:44.097+0000] {override.py:1900} INFO - Created Permission View: can delete on DAG:example_python_operator
[2024-10-21T03:08:44.110+0000] {logging_mixin.py:190} INFO - [2024-10-21T03:08:44.110+0000] {override.py:1900} INFO - Created Permission View: can read on DAG:example_python_operator
[2024-10-21T03:08:44.118+0000] {logging_mixin.py:190} INFO - [2024-10-21T03:08:44.117+0000] {override.py:1900} INFO - Created Permission View: can edit on DAG:example_python_operator
[2024-10-21T03:08:44.128+0000] {logging_mixin.py:190} INFO - [2024-10-21T03:08:44.127+0000] {override.py:1900} INFO - Created Permission View: menu access on DAG Run:example_python_operator
[2024-10-21T03:08:44.140+0000] {logging_mixin.py:190} INFO - [2024-10-21T03:08:44.139+0000] {override.py:1900} INFO - Created Permission View: can delete on DAG Run:example_python_operator
[2024-10-21T03:08:44.151+0000] {logging_mixin.py:190} INFO - [2024-10-21T03:08:44.149+0000] {override.py:1900} INFO - Created Permission View: can read on DAG Run:example_python_operator
[2024-10-21T03:08:44.159+0000] {logging_mixin.py:190} INFO - [2024-10-21T03:08:44.159+0000] {override.py:1900} INFO - Created Permission View: can create on DAG Run:example_python_operator
[2024-10-21T03:08:44.160+0000] {logging_mixin.py:190} INFO - [2024-10-21T03:08:44.160+0000] {dag.py:3239} INFO - Sync 1 DAGs
[2024-10-21T03:08:44.174+0000] {logging_mixin.py:190} INFO - [2024-10-21T03:08:44.174+0000] {dag.py:3262} INFO - Creating ORM DAG for example_python_operator
[2024-10-21T03:08:44.175+0000] {logging_mixin.py:190} INFO - [2024-10-21T03:08:44.175+0000] {dag.py:4180} INFO - Setting next_dagrun for example_python_operator to None, run_after=None
[2024-10-21T03:08:44.203+0000] {processor.py:208} INFO - Processing /home/airflow/.local/lib/python3.12/site-packages/airflow/example_dags/example_python_operator.py took 0.257 seconds
[2024-10-21T03:09:14.282+0000] {processor.py:186} INFO - Started process (PID=405) to work on /home/airflow/.local/lib/python3.12/site-packages/airflow/example_dags/example_python_operator.py
[2024-10-21T03:09:14.284+0000] {processor.py:914} INFO - Processing file /home/airflow/.local/lib/python3.12/site-packages/airflow/example_dags/example_python_operator.py for tasks to queue
[2024-10-21T03:09:14.287+0000] {logging_mixin.py:190} INFO - [2024-10-21T03:09:14.287+0000] {dagbag.py:588} INFO - Filling up the DagBag from /home/airflow/.local/lib/python3.12/site-packages/airflow/example_dags/example_python_operator.py
[2024-10-21T03:09:14.305+0000] {processor.py:925} INFO - DAG(s) 'example_python_operator' retrieved from /home/airflow/.local/lib/python3.12/site-packages/airflow/example_dags/example_python_operator.py
[2024-10-21T03:09:14.330+0000] {logging_mixin.py:190} INFO - [2024-10-21T03:09:14.329+0000] {dag.py:3239} INFO - Sync 1 DAGs
[2024-10-21T03:09:14.343+0000] {logging_mixin.py:190} INFO - [2024-10-21T03:09:14.343+0000] {dag.py:4180} INFO - Setting next_dagrun for example_python_operator to None, run_after=None
[2024-10-21T03:09:14.366+0000] {processor.py:208} INFO - Processing /home/airflow/.local/lib/python3.12/site-packages/airflow/example_dags/example_python_operator.py took 0.092 seconds
[2024-10-21T03:09:44.822+0000] {processor.py:186} INFO - Started process (PID=467) to work on /home/airflow/.local/lib/python3.12/site-packages/airflow/example_dags/example_python_operator.py
[2024-10-21T03:09:44.823+0000] {processor.py:914} INFO - Processing file /home/airflow/.local/lib/python3.12/site-packages/airflow/example_dags/example_python_operator.py for tasks to queue
[2024-10-21T03:09:44.826+0000] {logging_mixin.py:190} INFO - [2024-10-21T03:09:44.826+0000] {dagbag.py:588} INFO - Filling up the DagBag from /home/airflow/.local/lib/python3.12/site-packages/airflow/example_dags/example_python_operator.py
[2024-10-21T03:09:44.861+0000] {processor.py:925} INFO - DAG(s) 'example_python_operator' retrieved from /home/airflow/.local/lib/python3.12/site-packages/airflow/example_dags/example_python_operator.py
[2024-10-21T03:09:44.896+0000] {logging_mixin.py:190} INFO - [2024-10-21T03:09:44.896+0000] {dag.py:3239} INFO - Sync 1 DAGs
[2024-10-21T03:09:44.916+0000] {logging_mixin.py:190} INFO - [2024-10-21T03:09:44.916+0000] {dag.py:4180} INFO - Setting next_dagrun for example_python_operator to None, run_after=None
[2024-10-21T03:09:44.947+0000] {processor.py:208} INFO - Processing /home/airflow/.local/lib/python3.12/site-packages/airflow/example_dags/example_python_operator.py took 0.134 seconds
[2024-10-21T03:10:15.415+0000] {processor.py:186} INFO - Started process (PID=529) to work on /home/airflow/.local/lib/python3.12/site-packages/airflow/example_dags/example_python_operator.py
[2024-10-21T03:10:15.416+0000] {processor.py:914} INFO - Processing file /home/airflow/.local/lib/python3.12/site-packages/airflow/example_dags/example_python_operator.py for tasks to queue
[2024-10-21T03:10:15.418+0000] {logging_mixin.py:190} INFO - [2024-10-21T03:10:15.418+0000] {dagbag.py:588} INFO - Filling up the DagBag from /home/airflow/.local/lib/python3.12/site-packages/airflow/example_dags/example_python_operator.py
[2024-10-21T03:10:15.430+0000] {processor.py:925} INFO - DAG(s) 'example_python_operator' retrieved from /home/airflow/.local/lib/python3.12/site-packages/airflow/example_dags/example_python_operator.py
[2024-10-21T03:10:15.452+0000] {logging_mixin.py:190} INFO - [2024-10-21T03:10:15.451+0000] {dag.py:3239} INFO - Sync 1 DAGs
[2024-10-21T03:10:15.464+0000] {logging_mixin.py:190} INFO - [2024-10-21T03:10:15.464+0000] {dag.py:4180} INFO - Setting next_dagrun for example_python_operator to None, run_after=None
[2024-10-21T03:10:15.482+0000] {processor.py:208} INFO - Processing /home/airflow/.local/lib/python3.12/site-packages/airflow/example_dags/example_python_operator.py took 0.073 seconds
[2024-10-21T03:10:45.784+0000] {processor.py:186} INFO - Started process (PID=591) to work on /home/airflow/.local/lib/python3.12/site-packages/airflow/example_dags/example_python_operator.py
[2024-10-21T03:10:45.785+0000] {processor.py:914} INFO - Processing file /home/airflow/.local/lib/python3.12/site-packages/airflow/example_dags/example_python_operator.py for tasks to queue
[2024-10-21T03:10:45.787+0000] {logging_mixin.py:190} INFO - [2024-10-21T03:10:45.787+0000] {dagbag.py:588} INFO - Filling up the DagBag from /home/airflow/.local/lib/python3.12/site-packages/airflow/example_dags/example_python_operator.py
[2024-10-21T03:10:45.797+0000] {processor.py:925} INFO - DAG(s) 'example_python_operator' retrieved from /home/airflow/.local/lib/python3.12/site-packages/airflow/example_dags/example_python_operator.py
[2024-10-21T03:10:45.817+0000] {logging_mixin.py:190} INFO - [2024-10-21T03:10:45.817+0000] {dag.py:3239} INFO - Sync 1 DAGs
[2024-10-21T03:10:45.829+0000] {logging_mixin.py:190} INFO - [2024-10-21T03:10:45.828+0000] {dag.py:4180} INFO - Setting next_dagrun for example_python_operator to None, run_after=None
[2024-10-21T03:10:45.849+0000] {processor.py:208} INFO - Processing /home/airflow/.local/lib/python3.12/site-packages/airflow/example_dags/example_python_operator.py took 0.070 seconds
[2024-10-21T03:11:16.207+0000] {processor.py:186} INFO - Started process (PID=653) to work on /home/airflow/.local/lib/python3.12/site-packages/airflow/example_dags/example_python_operator.py
[2024-10-21T03:11:16.208+0000] {processor.py:914} INFO - Processing file /home/airflow/.local/lib/python3.12/site-packages/airflow/example_dags/example_python_operator.py for tasks to queue
[2024-10-21T03:11:16.211+0000] {logging_mixin.py:190} INFO - [2024-10-21T03:11:16.210+0000] {dagbag.py:588} INFO - Filling up the DagBag from /home/airflow/.local/lib/python3.12/site-packages/airflow/example_dags/example_python_operator.py
[2024-10-21T03:11:16.221+0000] {processor.py:925} INFO - DAG(s) 'example_python_operator' retrieved from /home/airflow/.local/lib/python3.12/site-packages/airflow/example_dags/example_python_operator.py
[2024-10-21T03:11:16.239+0000] {logging_mixin.py:190} INFO - [2024-10-21T03:11:16.239+0000] {dag.py:3239} INFO - Sync 1 DAGs
[2024-10-21T03:11:16.250+0000] {logging_mixin.py:190} INFO - [2024-10-21T03:11:16.250+0000] {dag.py:4180} INFO - Setting next_dagrun for example_python_operator to None, run_after=None
[2024-10-21T03:11:16.267+0000] {processor.py:208} INFO - Processing /home/airflow/.local/lib/python3.12/site-packages/airflow/example_dags/example_python_operator.py took 0.065 seconds
[2024-10-21T03:11:47.312+0000] {processor.py:186} INFO - Started process (PID=716) to work on /home/airflow/.local/lib/python3.12/site-packages/airflow/example_dags/example_python_operator.py
[2024-10-21T03:11:47.313+0000] {processor.py:914} INFO - Processing file /home/airflow/.local/lib/python3.12/site-packages/airflow/example_dags/example_python_operator.py for tasks to queue
[2024-10-21T03:11:47.316+0000] {logging_mixin.py:190} INFO - [2024-10-21T03:11:47.315+0000] {dagbag.py:588} INFO - Filling up the DagBag from /home/airflow/.local/lib/python3.12/site-packages/airflow/example_dags/example_python_operator.py
[2024-10-21T03:11:47.328+0000] {processor.py:925} INFO - DAG(s) 'example_python_operator' retrieved from /home/airflow/.local/lib/python3.12/site-packages/airflow/example_dags/example_python_operator.py
[2024-10-21T03:11:47.348+0000] {logging_mixin.py:190} INFO - [2024-10-21T03:11:47.348+0000] {dag.py:3239} INFO - Sync 1 DAGs
[2024-10-21T03:11:47.359+0000] {logging_mixin.py:190} INFO - [2024-10-21T03:11:47.359+0000] {dag.py:4180} INFO - Setting next_dagrun for example_python_operator to None, run_after=None
[2024-10-21T03:11:47.373+0000] {processor.py:208} INFO - Processing /home/airflow/.local/lib/python3.12/site-packages/airflow/example_dags/example_python_operator.py took 0.067 seconds
[2024-10-21T05:26:33.499+0000] {processor.py:186} INFO - Started process (PID=128) to work on /home/airflow/.local/lib/python3.12/site-packages/airflow/example_dags/example_python_operator.py
[2024-10-21T05:26:33.501+0000] {processor.py:914} INFO - Processing file /home/airflow/.local/lib/python3.12/site-packages/airflow/example_dags/example_python_operator.py for tasks to queue
[2024-10-21T05:26:33.505+0000] {logging_mixin.py:190} INFO - [2024-10-21T05:26:33.505+0000] {dagbag.py:588} INFO - Filling up the DagBag from /home/airflow/.local/lib/python3.12/site-packages/airflow/example_dags/example_python_operator.py
[2024-10-21T05:26:33.528+0000] {processor.py:925} INFO - DAG(s) 'example_python_operator' retrieved from /home/airflow/.local/lib/python3.12/site-packages/airflow/example_dags/example_python_operator.py
[2024-10-21T05:26:33.754+0000] {logging_mixin.py:190} INFO - [2024-10-21T05:26:33.754+0000] {dag.py:3239} INFO - Sync 1 DAGs
[2024-10-21T05:26:33.771+0000] {logging_mixin.py:190} INFO - [2024-10-21T05:26:33.771+0000] {dag.py:4180} INFO - Setting next_dagrun for example_python_operator to None, run_after=None
[2024-10-21T05:26:33.798+0000] {processor.py:208} INFO - Processing /home/airflow/.local/lib/python3.12/site-packages/airflow/example_dags/example_python_operator.py took 0.308 seconds
[2024-10-21T05:27:04.823+0000] {processor.py:186} INFO - Started process (PID=190) to work on /home/airflow/.local/lib/python3.12/site-packages/airflow/example_dags/example_python_operator.py
[2024-10-21T05:27:04.826+0000] {processor.py:914} INFO - Processing file /home/airflow/.local/lib/python3.12/site-packages/airflow/example_dags/example_python_operator.py for tasks to queue
[2024-10-21T05:27:04.830+0000] {logging_mixin.py:190} INFO - [2024-10-21T05:27:04.830+0000] {dagbag.py:588} INFO - Filling up the DagBag from /home/airflow/.local/lib/python3.12/site-packages/airflow/example_dags/example_python_operator.py
[2024-10-21T05:27:04.853+0000] {processor.py:925} INFO - DAG(s) 'example_python_operator' retrieved from /home/airflow/.local/lib/python3.12/site-packages/airflow/example_dags/example_python_operator.py
[2024-10-21T05:27:04.893+0000] {logging_mixin.py:190} INFO - [2024-10-21T05:27:04.893+0000] {dag.py:3239} INFO - Sync 1 DAGs
[2024-10-21T05:27:04.924+0000] {logging_mixin.py:190} INFO - [2024-10-21T05:27:04.924+0000] {dag.py:4180} INFO - Setting next_dagrun for example_python_operator to None, run_after=None
[2024-10-21T05:27:04.956+0000] {processor.py:208} INFO - Processing /home/airflow/.local/lib/python3.12/site-packages/airflow/example_dags/example_python_operator.py took 0.142 seconds
[2024-10-21T05:27:35.768+0000] {processor.py:186} INFO - Started process (PID=252) to work on /home/airflow/.local/lib/python3.12/site-packages/airflow/example_dags/example_python_operator.py
[2024-10-21T05:27:35.771+0000] {processor.py:914} INFO - Processing file /home/airflow/.local/lib/python3.12/site-packages/airflow/example_dags/example_python_operator.py for tasks to queue
[2024-10-21T05:27:35.777+0000] {logging_mixin.py:190} INFO - [2024-10-21T05:27:35.776+0000] {dagbag.py:588} INFO - Filling up the DagBag from /home/airflow/.local/lib/python3.12/site-packages/airflow/example_dags/example_python_operator.py
[2024-10-21T05:27:35.806+0000] {processor.py:925} INFO - DAG(s) 'example_python_operator' retrieved from /home/airflow/.local/lib/python3.12/site-packages/airflow/example_dags/example_python_operator.py
[2024-10-21T05:27:35.842+0000] {logging_mixin.py:190} INFO - [2024-10-21T05:27:35.841+0000] {dag.py:3239} INFO - Sync 1 DAGs
[2024-10-21T05:27:35.870+0000] {logging_mixin.py:190} INFO - [2024-10-21T05:27:35.870+0000] {dag.py:4180} INFO - Setting next_dagrun for example_python_operator to None, run_after=None
[2024-10-21T05:27:35.911+0000] {processor.py:208} INFO - Processing /home/airflow/.local/lib/python3.12/site-packages/airflow/example_dags/example_python_operator.py took 0.154 seconds
[2024-10-21T05:29:07.653+0000] {processor.py:186} INFO - Started process (PID=344) to work on /home/airflow/.local/lib/python3.12/site-packages/airflow/example_dags/example_python_operator.py
[2024-10-21T05:29:07.658+0000] {processor.py:914} INFO - Processing file /home/airflow/.local/lib/python3.12/site-packages/airflow/example_dags/example_python_operator.py for tasks to queue
[2024-10-21T05:29:07.666+0000] {logging_mixin.py:190} INFO - [2024-10-21T05:29:07.665+0000] {dagbag.py:588} INFO - Filling up the DagBag from /home/airflow/.local/lib/python3.12/site-packages/airflow/example_dags/example_python_operator.py
[2024-10-21T05:29:07.703+0000] {processor.py:925} INFO - DAG(s) 'example_python_operator' retrieved from /home/airflow/.local/lib/python3.12/site-packages/airflow/example_dags/example_python_operator.py
[2024-10-21T05:29:07.764+0000] {logging_mixin.py:190} INFO - [2024-10-21T05:29:07.764+0000] {dag.py:3239} INFO - Sync 1 DAGs
[2024-10-21T05:29:07.792+0000] {logging_mixin.py:190} INFO - [2024-10-21T05:29:07.792+0000] {dag.py:4180} INFO - Setting next_dagrun for example_python_operator to None, run_after=None
[2024-10-21T05:29:07.821+0000] {processor.py:208} INFO - Processing /home/airflow/.local/lib/python3.12/site-packages/airflow/example_dags/example_python_operator.py took 0.182 seconds
[2024-10-21T05:29:38.941+0000] {processor.py:186} INFO - Started process (PID=406) to work on /home/airflow/.local/lib/python3.12/site-packages/airflow/example_dags/example_python_operator.py
[2024-10-21T05:29:38.943+0000] {processor.py:914} INFO - Processing file /home/airflow/.local/lib/python3.12/site-packages/airflow/example_dags/example_python_operator.py for tasks to queue
[2024-10-21T05:29:38.946+0000] {logging_mixin.py:190} INFO - [2024-10-21T05:29:38.945+0000] {dagbag.py:588} INFO - Filling up the DagBag from /home/airflow/.local/lib/python3.12/site-packages/airflow/example_dags/example_python_operator.py
[2024-10-21T05:29:38.965+0000] {processor.py:925} INFO - DAG(s) 'example_python_operator' retrieved from /home/airflow/.local/lib/python3.12/site-packages/airflow/example_dags/example_python_operator.py
[2024-10-21T05:29:39.003+0000] {logging_mixin.py:190} INFO - [2024-10-21T05:29:39.002+0000] {dag.py:3239} INFO - Sync 1 DAGs
[2024-10-21T05:29:39.026+0000] {logging_mixin.py:190} INFO - [2024-10-21T05:29:39.025+0000] {dag.py:4180} INFO - Setting next_dagrun for example_python_operator to None, run_after=None
[2024-10-21T05:29:39.056+0000] {processor.py:208} INFO - Processing /home/airflow/.local/lib/python3.12/site-packages/airflow/example_dags/example_python_operator.py took 0.125 seconds
[2024-10-21T05:30:09.805+0000] {processor.py:186} INFO - Started process (PID=468) to work on /home/airflow/.local/lib/python3.12/site-packages/airflow/example_dags/example_python_operator.py
[2024-10-21T05:30:09.808+0000] {processor.py:914} INFO - Processing file /home/airflow/.local/lib/python3.12/site-packages/airflow/example_dags/example_python_operator.py for tasks to queue
[2024-10-21T05:30:09.813+0000] {logging_mixin.py:190} INFO - [2024-10-21T05:30:09.812+0000] {dagbag.py:588} INFO - Filling up the DagBag from /home/airflow/.local/lib/python3.12/site-packages/airflow/example_dags/example_python_operator.py
[2024-10-21T05:30:09.850+0000] {processor.py:925} INFO - DAG(s) 'example_python_operator' retrieved from /home/airflow/.local/lib/python3.12/site-packages/airflow/example_dags/example_python_operator.py
[2024-10-21T05:30:09.903+0000] {logging_mixin.py:190} INFO - [2024-10-21T05:30:09.902+0000] {dag.py:3239} INFO - Sync 1 DAGs
[2024-10-21T05:30:09.945+0000] {logging_mixin.py:190} INFO - [2024-10-21T05:30:09.944+0000] {dag.py:4180} INFO - Setting next_dagrun for example_python_operator to None, run_after=None
[2024-10-21T05:30:10.017+0000] {processor.py:208} INFO - Processing /home/airflow/.local/lib/python3.12/site-packages/airflow/example_dags/example_python_operator.py took 0.227 seconds
[2024-10-21T05:30:40.414+0000] {processor.py:186} INFO - Started process (PID=530) to work on /home/airflow/.local/lib/python3.12/site-packages/airflow/example_dags/example_python_operator.py
[2024-10-21T05:30:40.416+0000] {processor.py:914} INFO - Processing file /home/airflow/.local/lib/python3.12/site-packages/airflow/example_dags/example_python_operator.py for tasks to queue
[2024-10-21T05:30:40.419+0000] {logging_mixin.py:190} INFO - [2024-10-21T05:30:40.418+0000] {dagbag.py:588} INFO - Filling up the DagBag from /home/airflow/.local/lib/python3.12/site-packages/airflow/example_dags/example_python_operator.py
[2024-10-21T05:30:40.437+0000] {processor.py:925} INFO - DAG(s) 'example_python_operator' retrieved from /home/airflow/.local/lib/python3.12/site-packages/airflow/example_dags/example_python_operator.py
[2024-10-21T05:30:40.468+0000] {logging_mixin.py:190} INFO - [2024-10-21T05:30:40.468+0000] {dag.py:3239} INFO - Sync 1 DAGs
[2024-10-21T05:30:40.489+0000] {logging_mixin.py:190} INFO - [2024-10-21T05:30:40.488+0000] {dag.py:4180} INFO - Setting next_dagrun for example_python_operator to None, run_after=None
[2024-10-21T05:30:40.513+0000] {processor.py:208} INFO - Processing /home/airflow/.local/lib/python3.12/site-packages/airflow/example_dags/example_python_operator.py took 0.110 seconds
[2024-10-21T05:31:11.599+0000] {processor.py:186} INFO - Started process (PID=592) to work on /home/airflow/.local/lib/python3.12/site-packages/airflow/example_dags/example_python_operator.py
[2024-10-21T05:31:11.601+0000] {processor.py:914} INFO - Processing file /home/airflow/.local/lib/python3.12/site-packages/airflow/example_dags/example_python_operator.py for tasks to queue
[2024-10-21T05:31:11.603+0000] {logging_mixin.py:190} INFO - [2024-10-21T05:31:11.602+0000] {dagbag.py:588} INFO - Filling up the DagBag from /home/airflow/.local/lib/python3.12/site-packages/airflow/example_dags/example_python_operator.py
[2024-10-21T05:31:11.620+0000] {processor.py:925} INFO - DAG(s) 'example_python_operator' retrieved from /home/airflow/.local/lib/python3.12/site-packages/airflow/example_dags/example_python_operator.py
[2024-10-21T05:31:11.654+0000] {logging_mixin.py:190} INFO - [2024-10-21T05:31:11.653+0000] {dag.py:3239} INFO - Sync 1 DAGs
[2024-10-21T05:31:11.675+0000] {logging_mixin.py:190} INFO - [2024-10-21T05:31:11.675+0000] {dag.py:4180} INFO - Setting next_dagrun for example_python_operator to None, run_after=None
[2024-10-21T05:31:11.711+0000] {processor.py:208} INFO - Processing /home/airflow/.local/lib/python3.12/site-packages/airflow/example_dags/example_python_operator.py took 0.121 seconds
[2024-10-21T05:31:42.714+0000] {processor.py:186} INFO - Started process (PID=658) to work on /home/airflow/.local/lib/python3.12/site-packages/airflow/example_dags/example_python_operator.py
[2024-10-21T05:31:42.715+0000] {processor.py:914} INFO - Processing file /home/airflow/.local/lib/python3.12/site-packages/airflow/example_dags/example_python_operator.py for tasks to queue
[2024-10-21T05:31:42.717+0000] {logging_mixin.py:190} INFO - [2024-10-21T05:31:42.717+0000] {dagbag.py:588} INFO - Filling up the DagBag from /home/airflow/.local/lib/python3.12/site-packages/airflow/example_dags/example_python_operator.py
[2024-10-21T05:31:42.738+0000] {processor.py:925} INFO - DAG(s) 'example_python_operator' retrieved from /home/airflow/.local/lib/python3.12/site-packages/airflow/example_dags/example_python_operator.py
[2024-10-21T05:31:42.770+0000] {logging_mixin.py:190} INFO - [2024-10-21T05:31:42.769+0000] {dag.py:3239} INFO - Sync 1 DAGs
[2024-10-21T05:31:42.796+0000] {logging_mixin.py:190} INFO - [2024-10-21T05:31:42.796+0000] {dag.py:4180} INFO - Setting next_dagrun for example_python_operator to None, run_after=None
[2024-10-21T05:31:42.824+0000] {processor.py:208} INFO - Processing /home/airflow/.local/lib/python3.12/site-packages/airflow/example_dags/example_python_operator.py took 0.121 seconds
[2024-10-21T05:32:13.340+0000] {processor.py:186} INFO - Started process (PID=720) to work on /home/airflow/.local/lib/python3.12/site-packages/airflow/example_dags/example_python_operator.py
[2024-10-21T05:32:13.342+0000] {processor.py:914} INFO - Processing file /home/airflow/.local/lib/python3.12/site-packages/airflow/example_dags/example_python_operator.py for tasks to queue
[2024-10-21T05:32:13.345+0000] {logging_mixin.py:190} INFO - [2024-10-21T05:32:13.344+0000] {dagbag.py:588} INFO - Filling up the DagBag from /home/airflow/.local/lib/python3.12/site-packages/airflow/example_dags/example_python_operator.py
[2024-10-21T05:32:13.367+0000] {processor.py:925} INFO - DAG(s) 'example_python_operator' retrieved from /home/airflow/.local/lib/python3.12/site-packages/airflow/example_dags/example_python_operator.py
[2024-10-21T05:32:13.399+0000] {logging_mixin.py:190} INFO - [2024-10-21T05:32:13.398+0000] {dag.py:3239} INFO - Sync 1 DAGs
[2024-10-21T05:32:13.421+0000] {logging_mixin.py:190} INFO - [2024-10-21T05:32:13.421+0000] {dag.py:4180} INFO - Setting next_dagrun for example_python_operator to None, run_after=None
[2024-10-21T05:32:13.446+0000] {processor.py:208} INFO - Processing /home/airflow/.local/lib/python3.12/site-packages/airflow/example_dags/example_python_operator.py took 0.116 seconds
[2024-10-21T05:32:43.968+0000] {processor.py:186} INFO - Started process (PID=782) to work on /home/airflow/.local/lib/python3.12/site-packages/airflow/example_dags/example_python_operator.py
[2024-10-21T05:32:43.969+0000] {processor.py:914} INFO - Processing file /home/airflow/.local/lib/python3.12/site-packages/airflow/example_dags/example_python_operator.py for tasks to queue
[2024-10-21T05:32:43.971+0000] {logging_mixin.py:190} INFO - [2024-10-21T05:32:43.971+0000] {dagbag.py:588} INFO - Filling up the DagBag from /home/airflow/.local/lib/python3.12/site-packages/airflow/example_dags/example_python_operator.py
[2024-10-21T05:32:43.995+0000] {processor.py:925} INFO - DAG(s) 'example_python_operator' retrieved from /home/airflow/.local/lib/python3.12/site-packages/airflow/example_dags/example_python_operator.py
[2024-10-21T05:32:44.028+0000] {logging_mixin.py:190} INFO - [2024-10-21T05:32:44.027+0000] {dag.py:3239} INFO - Sync 1 DAGs
[2024-10-21T05:32:44.049+0000] {logging_mixin.py:190} INFO - [2024-10-21T05:32:44.049+0000] {dag.py:4180} INFO - Setting next_dagrun for example_python_operator to None, run_after=None
[2024-10-21T05:32:44.080+0000] {processor.py:208} INFO - Processing /home/airflow/.local/lib/python3.12/site-packages/airflow/example_dags/example_python_operator.py took 0.122 seconds
[2024-10-21T05:33:14.699+0000] {processor.py:186} INFO - Started process (PID=844) to work on /home/airflow/.local/lib/python3.12/site-packages/airflow/example_dags/example_python_operator.py
[2024-10-21T05:33:14.700+0000] {processor.py:914} INFO - Processing file /home/airflow/.local/lib/python3.12/site-packages/airflow/example_dags/example_python_operator.py for tasks to queue
[2024-10-21T05:33:14.703+0000] {logging_mixin.py:190} INFO - [2024-10-21T05:33:14.702+0000] {dagbag.py:588} INFO - Filling up the DagBag from /home/airflow/.local/lib/python3.12/site-packages/airflow/example_dags/example_python_operator.py
[2024-10-21T05:33:14.723+0000] {processor.py:925} INFO - DAG(s) 'example_python_operator' retrieved from /home/airflow/.local/lib/python3.12/site-packages/airflow/example_dags/example_python_operator.py
[2024-10-21T05:33:14.756+0000] {logging_mixin.py:190} INFO - [2024-10-21T05:33:14.756+0000] {dag.py:3239} INFO - Sync 1 DAGs
[2024-10-21T05:33:14.779+0000] {logging_mixin.py:190} INFO - [2024-10-21T05:33:14.778+0000] {dag.py:4180} INFO - Setting next_dagrun for example_python_operator to None, run_after=None
[2024-10-21T05:33:14.807+0000] {processor.py:208} INFO - Processing /home/airflow/.local/lib/python3.12/site-packages/airflow/example_dags/example_python_operator.py took 0.117 seconds
[2024-10-21T05:33:45.615+0000] {processor.py:186} INFO - Started process (PID=906) to work on /home/airflow/.local/lib/python3.12/site-packages/airflow/example_dags/example_python_operator.py
[2024-10-21T05:33:45.618+0000] {processor.py:914} INFO - Processing file /home/airflow/.local/lib/python3.12/site-packages/airflow/example_dags/example_python_operator.py for tasks to queue
[2024-10-21T05:33:45.620+0000] {logging_mixin.py:190} INFO - [2024-10-21T05:33:45.619+0000] {dagbag.py:588} INFO - Filling up the DagBag from /home/airflow/.local/lib/python3.12/site-packages/airflow/example_dags/example_python_operator.py
[2024-10-21T05:33:45.641+0000] {processor.py:925} INFO - DAG(s) 'example_python_operator' retrieved from /home/airflow/.local/lib/python3.12/site-packages/airflow/example_dags/example_python_operator.py
[2024-10-21T05:33:45.675+0000] {logging_mixin.py:190} INFO - [2024-10-21T05:33:45.674+0000] {dag.py:3239} INFO - Sync 1 DAGs
[2024-10-21T05:33:45.698+0000] {logging_mixin.py:190} INFO - [2024-10-21T05:33:45.697+0000] {dag.py:4180} INFO - Setting next_dagrun for example_python_operator to None, run_after=None
[2024-10-21T05:33:45.726+0000] {processor.py:208} INFO - Processing /home/airflow/.local/lib/python3.12/site-packages/airflow/example_dags/example_python_operator.py took 0.121 seconds
[2024-10-21T05:34:16.299+0000] {processor.py:186} INFO - Started process (PID=968) to work on /home/airflow/.local/lib/python3.12/site-packages/airflow/example_dags/example_python_operator.py
[2024-10-21T05:34:16.301+0000] {processor.py:914} INFO - Processing file /home/airflow/.local/lib/python3.12/site-packages/airflow/example_dags/example_python_operator.py for tasks to queue
[2024-10-21T05:34:16.303+0000] {logging_mixin.py:190} INFO - [2024-10-21T05:34:16.302+0000] {dagbag.py:588} INFO - Filling up the DagBag from /home/airflow/.local/lib/python3.12/site-packages/airflow/example_dags/example_python_operator.py
[2024-10-21T05:34:16.321+0000] {processor.py:925} INFO - DAG(s) 'example_python_operator' retrieved from /home/airflow/.local/lib/python3.12/site-packages/airflow/example_dags/example_python_operator.py
[2024-10-21T05:34:16.353+0000] {logging_mixin.py:190} INFO - [2024-10-21T05:34:16.352+0000] {dag.py:3239} INFO - Sync 1 DAGs
[2024-10-21T05:34:16.375+0000] {logging_mixin.py:190} INFO - [2024-10-21T05:34:16.375+0000] {dag.py:4180} INFO - Setting next_dagrun for example_python_operator to None, run_after=None
[2024-10-21T05:34:16.407+0000] {processor.py:208} INFO - Processing /home/airflow/.local/lib/python3.12/site-packages/airflow/example_dags/example_python_operator.py took 0.119 seconds
[2024-10-21T05:34:47.011+0000] {processor.py:186} INFO - Started process (PID=1030) to work on /home/airflow/.local/lib/python3.12/site-packages/airflow/example_dags/example_python_operator.py
[2024-10-21T05:34:47.012+0000] {processor.py:914} INFO - Processing file /home/airflow/.local/lib/python3.12/site-packages/airflow/example_dags/example_python_operator.py for tasks to queue
[2024-10-21T05:34:47.015+0000] {logging_mixin.py:190} INFO - [2024-10-21T05:34:47.014+0000] {dagbag.py:588} INFO - Filling up the DagBag from /home/airflow/.local/lib/python3.12/site-packages/airflow/example_dags/example_python_operator.py
[2024-10-21T05:34:47.033+0000] {processor.py:925} INFO - DAG(s) 'example_python_operator' retrieved from /home/airflow/.local/lib/python3.12/site-packages/airflow/example_dags/example_python_operator.py
[2024-10-21T05:34:47.067+0000] {logging_mixin.py:190} INFO - [2024-10-21T05:34:47.066+0000] {dag.py:3239} INFO - Sync 1 DAGs
[2024-10-21T05:34:47.090+0000] {logging_mixin.py:190} INFO - [2024-10-21T05:34:47.089+0000] {dag.py:4180} INFO - Setting next_dagrun for example_python_operator to None, run_after=None
[2024-10-21T05:34:47.116+0000] {processor.py:208} INFO - Processing /home/airflow/.local/lib/python3.12/site-packages/airflow/example_dags/example_python_operator.py took 0.114 seconds
[2024-10-21T05:35:17.436+0000] {processor.py:186} INFO - Started process (PID=1092) to work on /home/airflow/.local/lib/python3.12/site-packages/airflow/example_dags/example_python_operator.py
[2024-10-21T05:35:17.438+0000] {processor.py:914} INFO - Processing file /home/airflow/.local/lib/python3.12/site-packages/airflow/example_dags/example_python_operator.py for tasks to queue
[2024-10-21T05:35:17.441+0000] {logging_mixin.py:190} INFO - [2024-10-21T05:35:17.441+0000] {dagbag.py:588} INFO - Filling up the DagBag from /home/airflow/.local/lib/python3.12/site-packages/airflow/example_dags/example_python_operator.py
[2024-10-21T05:35:17.474+0000] {processor.py:925} INFO - DAG(s) 'example_python_operator' retrieved from /home/airflow/.local/lib/python3.12/site-packages/airflow/example_dags/example_python_operator.py
[2024-10-21T05:35:17.521+0000] {logging_mixin.py:190} INFO - [2024-10-21T05:35:17.520+0000] {dag.py:3239} INFO - Sync 1 DAGs
[2024-10-21T05:35:17.551+0000] {logging_mixin.py:190} INFO - [2024-10-21T05:35:17.550+0000] {dag.py:4180} INFO - Setting next_dagrun for example_python_operator to None, run_after=None
[2024-10-21T05:35:17.601+0000] {processor.py:208} INFO - Processing /home/airflow/.local/lib/python3.12/site-packages/airflow/example_dags/example_python_operator.py took 0.180 seconds
[2024-10-21T05:35:47.838+0000] {processor.py:186} INFO - Started process (PID=1154) to work on /home/airflow/.local/lib/python3.12/site-packages/airflow/example_dags/example_python_operator.py
[2024-10-21T05:35:47.839+0000] {processor.py:914} INFO - Processing file /home/airflow/.local/lib/python3.12/site-packages/airflow/example_dags/example_python_operator.py for tasks to queue
[2024-10-21T05:35:47.841+0000] {logging_mixin.py:190} INFO - [2024-10-21T05:35:47.841+0000] {dagbag.py:588} INFO - Filling up the DagBag from /home/airflow/.local/lib/python3.12/site-packages/airflow/example_dags/example_python_operator.py
[2024-10-21T05:35:47.859+0000] {processor.py:925} INFO - DAG(s) 'example_python_operator' retrieved from /home/airflow/.local/lib/python3.12/site-packages/airflow/example_dags/example_python_operator.py
[2024-10-21T05:35:47.892+0000] {logging_mixin.py:190} INFO - [2024-10-21T05:35:47.891+0000] {dag.py:3239} INFO - Sync 1 DAGs
[2024-10-21T05:35:47.911+0000] {logging_mixin.py:190} INFO - [2024-10-21T05:35:47.911+0000] {dag.py:4180} INFO - Setting next_dagrun for example_python_operator to None, run_after=None
[2024-10-21T05:35:47.940+0000] {processor.py:208} INFO - Processing /home/airflow/.local/lib/python3.12/site-packages/airflow/example_dags/example_python_operator.py took 0.111 seconds
[2024-10-21T05:36:18.793+0000] {processor.py:186} INFO - Started process (PID=1216) to work on /home/airflow/.local/lib/python3.12/site-packages/airflow/example_dags/example_python_operator.py
[2024-10-21T05:36:18.795+0000] {processor.py:914} INFO - Processing file /home/airflow/.local/lib/python3.12/site-packages/airflow/example_dags/example_python_operator.py for tasks to queue
[2024-10-21T05:36:18.797+0000] {logging_mixin.py:190} INFO - [2024-10-21T05:36:18.797+0000] {dagbag.py:588} INFO - Filling up the DagBag from /home/airflow/.local/lib/python3.12/site-packages/airflow/example_dags/example_python_operator.py
[2024-10-21T05:36:18.817+0000] {processor.py:925} INFO - DAG(s) 'example_python_operator' retrieved from /home/airflow/.local/lib/python3.12/site-packages/airflow/example_dags/example_python_operator.py
[2024-10-21T05:36:18.852+0000] {logging_mixin.py:190} INFO - [2024-10-21T05:36:18.852+0000] {dag.py:3239} INFO - Sync 1 DAGs
[2024-10-21T05:36:18.876+0000] {logging_mixin.py:190} INFO - [2024-10-21T05:36:18.875+0000] {dag.py:4180} INFO - Setting next_dagrun for example_python_operator to None, run_after=None
[2024-10-21T05:36:18.903+0000] {processor.py:208} INFO - Processing /home/airflow/.local/lib/python3.12/site-packages/airflow/example_dags/example_python_operator.py took 0.120 seconds
[2024-10-21T05:36:49.354+0000] {processor.py:186} INFO - Started process (PID=1278) to work on /home/airflow/.local/lib/python3.12/site-packages/airflow/example_dags/example_python_operator.py
[2024-10-21T05:36:49.356+0000] {processor.py:914} INFO - Processing file /home/airflow/.local/lib/python3.12/site-packages/airflow/example_dags/example_python_operator.py for tasks to queue
[2024-10-21T05:36:49.358+0000] {logging_mixin.py:190} INFO - [2024-10-21T05:36:49.357+0000] {dagbag.py:588} INFO - Filling up the DagBag from /home/airflow/.local/lib/python3.12/site-packages/airflow/example_dags/example_python_operator.py
[2024-10-21T05:36:49.378+0000] {processor.py:925} INFO - DAG(s) 'example_python_operator' retrieved from /home/airflow/.local/lib/python3.12/site-packages/airflow/example_dags/example_python_operator.py
[2024-10-21T05:36:49.410+0000] {logging_mixin.py:190} INFO - [2024-10-21T05:36:49.410+0000] {dag.py:3239} INFO - Sync 1 DAGs
[2024-10-21T05:36:49.433+0000] {logging_mixin.py:190} INFO - [2024-10-21T05:36:49.433+0000] {dag.py:4180} INFO - Setting next_dagrun for example_python_operator to None, run_after=None
[2024-10-21T05:36:49.458+0000] {processor.py:208} INFO - Processing /home/airflow/.local/lib/python3.12/site-packages/airflow/example_dags/example_python_operator.py took 0.115 seconds
[2024-10-21T11:55:04.929+0000] {processor.py:186} INFO - Started process (PID=117) to work on /home/airflow/.local/lib/python3.12/site-packages/airflow/example_dags/example_python_operator.py
[2024-10-21T11:55:04.931+0000] {processor.py:914} INFO - Processing file /home/airflow/.local/lib/python3.12/site-packages/airflow/example_dags/example_python_operator.py for tasks to queue
[2024-10-21T11:55:04.939+0000] {logging_mixin.py:190} INFO - [2024-10-21T11:55:04.938+0000] {dagbag.py:588} INFO - Filling up the DagBag from /home/airflow/.local/lib/python3.12/site-packages/airflow/example_dags/example_python_operator.py
[2024-10-21T11:55:04.960+0000] {processor.py:925} INFO - DAG(s) 'example_python_operator' retrieved from /home/airflow/.local/lib/python3.12/site-packages/airflow/example_dags/example_python_operator.py
[2024-10-21T11:55:05.443+0000] {logging_mixin.py:190} INFO - [2024-10-21T11:55:05.442+0000] {dag.py:3239} INFO - Sync 1 DAGs
[2024-10-21T11:55:05.459+0000] {logging_mixin.py:190} INFO - [2024-10-21T11:55:05.459+0000] {dag.py:4180} INFO - Setting next_dagrun for example_python_operator to None, run_after=None
[2024-10-21T11:55:05.496+0000] {processor.py:208} INFO - Processing /home/airflow/.local/lib/python3.12/site-packages/airflow/example_dags/example_python_operator.py took 0.577 seconds
