[2024-10-21T03:08:44.314+0000] {processor.py:186} INFO - Started process (PID=344) to work on /home/airflow/.local/lib/python3.12/site-packages/airflow/example_dags/example_outlet_event_extra.py
[2024-10-21T03:08:44.316+0000] {processor.py:914} INFO - Processing file /home/airflow/.local/lib/python3.12/site-packages/airflow/example_dags/example_outlet_event_extra.py for tasks to queue
[2024-10-21T03:08:44.329+0000] {logging_mixin.py:190} INFO - [2024-10-21T03:08:44.326+0000] {dagbag.py:588} INFO - Filling up the DagBag from /home/airflow/.local/lib/python3.12/site-packages/airflow/example_dags/example_outlet_event_extra.py
[2024-10-21T03:08:44.802+0000] {processor.py:925} INFO - DAG(s) 'dataset_with_extra_by_context', 'dataset_with_extra_by_yield', 'dataset_with_extra_from_classic_operator' retrieved from /home/airflow/.local/lib/python3.12/site-packages/airflow/example_dags/example_outlet_event_extra.py
[2024-10-21T03:08:45.038+0000] {logging_mixin.py:190} INFO - [2024-10-21T03:08:45.037+0000] {override.py:1900} INFO - Created Permission View: can delete on DAG:dataset_with_extra_by_context
[2024-10-21T03:08:45.052+0000] {logging_mixin.py:190} INFO - [2024-10-21T03:08:45.051+0000] {override.py:1900} INFO - Created Permission View: can read on DAG:dataset_with_extra_by_context
[2024-10-21T03:08:45.060+0000] {logging_mixin.py:190} INFO - [2024-10-21T03:08:45.059+0000] {override.py:1900} INFO - Created Permission View: can edit on DAG:dataset_with_extra_by_context
[2024-10-21T03:08:45.069+0000] {logging_mixin.py:190} INFO - [2024-10-21T03:08:45.069+0000] {override.py:1900} INFO - Created Permission View: menu access on DAG Run:dataset_with_extra_by_context
[2024-10-21T03:08:45.077+0000] {logging_mixin.py:190} INFO - [2024-10-21T03:08:45.077+0000] {override.py:1900} INFO - Created Permission View: can delete on DAG Run:dataset_with_extra_by_context
[2024-10-21T03:08:45.085+0000] {logging_mixin.py:190} INFO - [2024-10-21T03:08:45.084+0000] {override.py:1900} INFO - Created Permission View: can read on DAG Run:dataset_with_extra_by_context
[2024-10-21T03:08:45.092+0000] {logging_mixin.py:190} INFO - [2024-10-21T03:08:45.092+0000] {override.py:1900} INFO - Created Permission View: can create on DAG Run:dataset_with_extra_by_context
[2024-10-21T03:08:45.105+0000] {logging_mixin.py:190} INFO - [2024-10-21T03:08:45.105+0000] {override.py:1900} INFO - Created Permission View: can delete on DAG:dataset_with_extra_by_yield
[2024-10-21T03:08:45.129+0000] {logging_mixin.py:190} INFO - [2024-10-21T03:08:45.128+0000] {override.py:1900} INFO - Created Permission View: can read on DAG:dataset_with_extra_by_yield
[2024-10-21T03:08:45.148+0000] {logging_mixin.py:190} INFO - [2024-10-21T03:08:45.147+0000] {override.py:1900} INFO - Created Permission View: can edit on DAG:dataset_with_extra_by_yield
[2024-10-21T03:08:45.162+0000] {logging_mixin.py:190} INFO - [2024-10-21T03:08:45.162+0000] {override.py:1900} INFO - Created Permission View: menu access on DAG Run:dataset_with_extra_by_yield
[2024-10-21T03:08:45.171+0000] {logging_mixin.py:190} INFO - [2024-10-21T03:08:45.171+0000] {override.py:1900} INFO - Created Permission View: can delete on DAG Run:dataset_with_extra_by_yield
[2024-10-21T03:08:45.180+0000] {logging_mixin.py:190} INFO - [2024-10-21T03:08:45.180+0000] {override.py:1900} INFO - Created Permission View: can read on DAG Run:dataset_with_extra_by_yield
[2024-10-21T03:08:45.193+0000] {logging_mixin.py:190} INFO - [2024-10-21T03:08:45.192+0000] {override.py:1900} INFO - Created Permission View: can create on DAG Run:dataset_with_extra_by_yield
[2024-10-21T03:08:45.207+0000] {logging_mixin.py:190} INFO - [2024-10-21T03:08:45.206+0000] {override.py:1900} INFO - Created Permission View: can delete on DAG:dataset_with_extra_from_classic_operator
[2024-10-21T03:08:45.213+0000] {logging_mixin.py:190} INFO - [2024-10-21T03:08:45.212+0000] {override.py:1900} INFO - Created Permission View: can read on DAG:dataset_with_extra_from_classic_operator
[2024-10-21T03:08:45.220+0000] {logging_mixin.py:190} INFO - [2024-10-21T03:08:45.219+0000] {override.py:1900} INFO - Created Permission View: can edit on DAG:dataset_with_extra_from_classic_operator
[2024-10-21T03:08:45.235+0000] {logging_mixin.py:190} INFO - [2024-10-21T03:08:45.234+0000] {override.py:1900} INFO - Created Permission View: menu access on DAG Run:dataset_with_extra_from_classic_operator
[2024-10-21T03:08:45.248+0000] {logging_mixin.py:190} INFO - [2024-10-21T03:08:45.248+0000] {override.py:1900} INFO - Created Permission View: can delete on DAG Run:dataset_with_extra_from_classic_operator
[2024-10-21T03:08:45.256+0000] {logging_mixin.py:190} INFO - [2024-10-21T03:08:45.256+0000] {override.py:1900} INFO - Created Permission View: can read on DAG Run:dataset_with_extra_from_classic_operator
[2024-10-21T03:08:45.266+0000] {logging_mixin.py:190} INFO - [2024-10-21T03:08:45.265+0000] {override.py:1900} INFO - Created Permission View: can create on DAG Run:dataset_with_extra_from_classic_operator
[2024-10-21T03:08:45.266+0000] {logging_mixin.py:190} INFO - [2024-10-21T03:08:45.266+0000] {dag.py:3239} INFO - Sync 3 DAGs
[2024-10-21T03:08:45.277+0000] {logging_mixin.py:190} INFO - [2024-10-21T03:08:45.277+0000] {dag.py:3262} INFO - Creating ORM DAG for dataset_with_extra_by_yield
[2024-10-21T03:08:45.278+0000] {logging_mixin.py:190} INFO - [2024-10-21T03:08:45.278+0000] {dag.py:3262} INFO - Creating ORM DAG for dataset_with_extra_by_context
[2024-10-21T03:08:45.279+0000] {logging_mixin.py:190} INFO - [2024-10-21T03:08:45.278+0000] {dag.py:3262} INFO - Creating ORM DAG for dataset_with_extra_from_classic_operator
[2024-10-21T03:08:45.288+0000] {logging_mixin.py:190} INFO - [2024-10-21T03:08:45.287+0000] {dag.py:4180} INFO - Setting next_dagrun for dataset_with_extra_by_context to 2024-10-20 00:00:00+00:00, run_after=2024-10-21 00:00:00+00:00
[2024-10-21T03:08:45.290+0000] {logging_mixin.py:190} INFO - [2024-10-21T03:08:45.289+0000] {dag.py:4180} INFO - Setting next_dagrun for dataset_with_extra_by_yield to 2024-10-20 00:00:00+00:00, run_after=2024-10-21 00:00:00+00:00
[2024-10-21T03:08:45.292+0000] {logging_mixin.py:190} INFO - [2024-10-21T03:08:45.292+0000] {dag.py:4180} INFO - Setting next_dagrun for dataset_with_extra_from_classic_operator to 2024-10-20 00:00:00+00:00, run_after=2024-10-21 00:00:00+00:00
[2024-10-21T03:08:45.320+0000] {processor.py:208} INFO - Processing /home/airflow/.local/lib/python3.12/site-packages/airflow/example_dags/example_outlet_event_extra.py took 1.027 seconds
[2024-10-21T03:09:15.437+0000] {processor.py:186} INFO - Started process (PID=407) to work on /home/airflow/.local/lib/python3.12/site-packages/airflow/example_dags/example_outlet_event_extra.py
[2024-10-21T03:09:15.439+0000] {processor.py:914} INFO - Processing file /home/airflow/.local/lib/python3.12/site-packages/airflow/example_dags/example_outlet_event_extra.py for tasks to queue
[2024-10-21T03:09:15.442+0000] {logging_mixin.py:190} INFO - [2024-10-21T03:09:15.442+0000] {dagbag.py:588} INFO - Filling up the DagBag from /home/airflow/.local/lib/python3.12/site-packages/airflow/example_dags/example_outlet_event_extra.py
[2024-10-21T03:09:16.006+0000] {processor.py:925} INFO - DAG(s) 'dataset_with_extra_by_context', 'dataset_with_extra_from_classic_operator', 'dataset_with_extra_by_yield' retrieved from /home/airflow/.local/lib/python3.12/site-packages/airflow/example_dags/example_outlet_event_extra.py
[2024-10-21T03:09:16.439+0000] {logging_mixin.py:190} INFO - [2024-10-21T03:09:16.432+0000] {dag.py:3239} INFO - Sync 3 DAGs
[2024-10-21T03:09:16.683+0000] {logging_mixin.py:190} INFO - [2024-10-21T03:09:16.682+0000] {dag.py:4180} INFO - Setting next_dagrun for dataset_with_extra_by_context to 2024-10-20 00:00:00+00:00, run_after=2024-10-21 00:00:00+00:00
[2024-10-21T03:09:16.705+0000] {logging_mixin.py:190} INFO - [2024-10-21T03:09:16.704+0000] {dag.py:4180} INFO - Setting next_dagrun for dataset_with_extra_by_yield to 2024-10-20 00:00:00+00:00, run_after=2024-10-21 00:00:00+00:00
[2024-10-21T03:09:16.719+0000] {logging_mixin.py:190} INFO - [2024-10-21T03:09:16.718+0000] {dag.py:4180} INFO - Setting next_dagrun for dataset_with_extra_from_classic_operator to 2024-10-20 00:00:00+00:00, run_after=2024-10-21 00:00:00+00:00
[2024-10-21T03:09:16.892+0000] {processor.py:208} INFO - Processing /home/airflow/.local/lib/python3.12/site-packages/airflow/example_dags/example_outlet_event_extra.py took 1.465 seconds
[2024-10-21T03:09:46.995+0000] {processor.py:186} INFO - Started process (PID=469) to work on /home/airflow/.local/lib/python3.12/site-packages/airflow/example_dags/example_outlet_event_extra.py
[2024-10-21T03:09:46.996+0000] {processor.py:914} INFO - Processing file /home/airflow/.local/lib/python3.12/site-packages/airflow/example_dags/example_outlet_event_extra.py for tasks to queue
[2024-10-21T03:09:46.999+0000] {logging_mixin.py:190} INFO - [2024-10-21T03:09:46.998+0000] {dagbag.py:588} INFO - Filling up the DagBag from /home/airflow/.local/lib/python3.12/site-packages/airflow/example_dags/example_outlet_event_extra.py
[2024-10-21T03:09:47.161+0000] {processor.py:925} INFO - DAG(s) 'dataset_with_extra_by_yield', 'dataset_with_extra_by_context', 'dataset_with_extra_from_classic_operator' retrieved from /home/airflow/.local/lib/python3.12/site-packages/airflow/example_dags/example_outlet_event_extra.py
[2024-10-21T03:09:47.199+0000] {logging_mixin.py:190} INFO - [2024-10-21T03:09:47.198+0000] {dag.py:3239} INFO - Sync 3 DAGs
[2024-10-21T03:09:47.228+0000] {logging_mixin.py:190} INFO - [2024-10-21T03:09:47.227+0000] {dag.py:4180} INFO - Setting next_dagrun for dataset_with_extra_by_context to 2024-10-20 00:00:00+00:00, run_after=2024-10-21 00:00:00+00:00
[2024-10-21T03:09:47.233+0000] {logging_mixin.py:190} INFO - [2024-10-21T03:09:47.233+0000] {dag.py:4180} INFO - Setting next_dagrun for dataset_with_extra_by_yield to 2024-10-20 00:00:00+00:00, run_after=2024-10-21 00:00:00+00:00
[2024-10-21T03:09:47.239+0000] {logging_mixin.py:190} INFO - [2024-10-21T03:09:47.238+0000] {dag.py:4180} INFO - Setting next_dagrun for dataset_with_extra_from_classic_operator to 2024-10-20 00:00:00+00:00, run_after=2024-10-21 00:00:00+00:00
[2024-10-21T03:09:47.274+0000] {processor.py:208} INFO - Processing /home/airflow/.local/lib/python3.12/site-packages/airflow/example_dags/example_outlet_event_extra.py took 0.284 seconds
[2024-10-21T03:10:17.527+0000] {processor.py:186} INFO - Started process (PID=531) to work on /home/airflow/.local/lib/python3.12/site-packages/airflow/example_dags/example_outlet_event_extra.py
[2024-10-21T03:10:17.528+0000] {processor.py:914} INFO - Processing file /home/airflow/.local/lib/python3.12/site-packages/airflow/example_dags/example_outlet_event_extra.py for tasks to queue
[2024-10-21T03:10:17.531+0000] {logging_mixin.py:190} INFO - [2024-10-21T03:10:17.530+0000] {dagbag.py:588} INFO - Filling up the DagBag from /home/airflow/.local/lib/python3.12/site-packages/airflow/example_dags/example_outlet_event_extra.py
[2024-10-21T03:10:17.646+0000] {processor.py:925} INFO - DAG(s) 'dataset_with_extra_by_context', 'dataset_with_extra_by_yield', 'dataset_with_extra_from_classic_operator' retrieved from /home/airflow/.local/lib/python3.12/site-packages/airflow/example_dags/example_outlet_event_extra.py
[2024-10-21T03:10:17.667+0000] {logging_mixin.py:190} INFO - [2024-10-21T03:10:17.667+0000] {dag.py:3239} INFO - Sync 3 DAGs
[2024-10-21T03:10:17.684+0000] {logging_mixin.py:190} INFO - [2024-10-21T03:10:17.684+0000] {dag.py:4180} INFO - Setting next_dagrun for dataset_with_extra_by_context to 2024-10-20 00:00:00+00:00, run_after=2024-10-21 00:00:00+00:00
[2024-10-21T03:10:17.688+0000] {logging_mixin.py:190} INFO - [2024-10-21T03:10:17.688+0000] {dag.py:4180} INFO - Setting next_dagrun for dataset_with_extra_by_yield to 2024-10-20 00:00:00+00:00, run_after=2024-10-21 00:00:00+00:00
[2024-10-21T03:10:17.690+0000] {logging_mixin.py:190} INFO - [2024-10-21T03:10:17.690+0000] {dag.py:4180} INFO - Setting next_dagrun for dataset_with_extra_from_classic_operator to 2024-10-20 00:00:00+00:00, run_after=2024-10-21 00:00:00+00:00
[2024-10-21T03:10:17.709+0000] {processor.py:208} INFO - Processing /home/airflow/.local/lib/python3.12/site-packages/airflow/example_dags/example_outlet_event_extra.py took 0.188 seconds
[2024-10-21T03:10:47.893+0000] {processor.py:186} INFO - Started process (PID=593) to work on /home/airflow/.local/lib/python3.12/site-packages/airflow/example_dags/example_outlet_event_extra.py
[2024-10-21T03:10:47.894+0000] {processor.py:914} INFO - Processing file /home/airflow/.local/lib/python3.12/site-packages/airflow/example_dags/example_outlet_event_extra.py for tasks to queue
[2024-10-21T03:10:47.897+0000] {logging_mixin.py:190} INFO - [2024-10-21T03:10:47.897+0000] {dagbag.py:588} INFO - Filling up the DagBag from /home/airflow/.local/lib/python3.12/site-packages/airflow/example_dags/example_outlet_event_extra.py
[2024-10-21T03:10:48.024+0000] {processor.py:925} INFO - DAG(s) 'dataset_with_extra_by_yield', 'dataset_with_extra_by_context', 'dataset_with_extra_from_classic_operator' retrieved from /home/airflow/.local/lib/python3.12/site-packages/airflow/example_dags/example_outlet_event_extra.py
[2024-10-21T03:10:48.050+0000] {logging_mixin.py:190} INFO - [2024-10-21T03:10:48.050+0000] {dag.py:3239} INFO - Sync 3 DAGs
[2024-10-21T03:10:48.070+0000] {logging_mixin.py:190} INFO - [2024-10-21T03:10:48.070+0000] {dag.py:4180} INFO - Setting next_dagrun for dataset_with_extra_by_context to 2024-10-20 00:00:00+00:00, run_after=2024-10-21 00:00:00+00:00
[2024-10-21T03:10:48.074+0000] {logging_mixin.py:190} INFO - [2024-10-21T03:10:48.074+0000] {dag.py:4180} INFO - Setting next_dagrun for dataset_with_extra_by_yield to 2024-10-20 00:00:00+00:00, run_after=2024-10-21 00:00:00+00:00
[2024-10-21T03:10:48.076+0000] {logging_mixin.py:190} INFO - [2024-10-21T03:10:48.076+0000] {dag.py:4180} INFO - Setting next_dagrun for dataset_with_extra_from_classic_operator to 2024-10-20 00:00:00+00:00, run_after=2024-10-21 00:00:00+00:00
[2024-10-21T03:10:48.094+0000] {processor.py:208} INFO - Processing /home/airflow/.local/lib/python3.12/site-packages/airflow/example_dags/example_outlet_event_extra.py took 0.208 seconds
[2024-10-21T03:11:18.317+0000] {processor.py:186} INFO - Started process (PID=655) to work on /home/airflow/.local/lib/python3.12/site-packages/airflow/example_dags/example_outlet_event_extra.py
[2024-10-21T03:11:18.318+0000] {processor.py:914} INFO - Processing file /home/airflow/.local/lib/python3.12/site-packages/airflow/example_dags/example_outlet_event_extra.py for tasks to queue
[2024-10-21T03:11:18.320+0000] {logging_mixin.py:190} INFO - [2024-10-21T03:11:18.320+0000] {dagbag.py:588} INFO - Filling up the DagBag from /home/airflow/.local/lib/python3.12/site-packages/airflow/example_dags/example_outlet_event_extra.py
[2024-10-21T03:11:18.451+0000] {processor.py:925} INFO - DAG(s) 'dataset_with_extra_by_context', 'dataset_with_extra_from_classic_operator', 'dataset_with_extra_by_yield' retrieved from /home/airflow/.local/lib/python3.12/site-packages/airflow/example_dags/example_outlet_event_extra.py
[2024-10-21T03:11:18.478+0000] {logging_mixin.py:190} INFO - [2024-10-21T03:11:18.477+0000] {dag.py:3239} INFO - Sync 3 DAGs
[2024-10-21T03:11:18.499+0000] {logging_mixin.py:190} INFO - [2024-10-21T03:11:18.499+0000] {dag.py:4180} INFO - Setting next_dagrun for dataset_with_extra_by_context to 2024-10-20 00:00:00+00:00, run_after=2024-10-21 00:00:00+00:00
[2024-10-21T03:11:18.503+0000] {logging_mixin.py:190} INFO - [2024-10-21T03:11:18.503+0000] {dag.py:4180} INFO - Setting next_dagrun for dataset_with_extra_by_yield to 2024-10-20 00:00:00+00:00, run_after=2024-10-21 00:00:00+00:00
[2024-10-21T03:11:18.506+0000] {logging_mixin.py:190} INFO - [2024-10-21T03:11:18.505+0000] {dag.py:4180} INFO - Setting next_dagrun for dataset_with_extra_from_classic_operator to 2024-10-20 00:00:00+00:00, run_after=2024-10-21 00:00:00+00:00
[2024-10-21T03:11:18.526+0000] {processor.py:208} INFO - Processing /home/airflow/.local/lib/python3.12/site-packages/airflow/example_dags/example_outlet_event_extra.py took 0.215 seconds
[2024-10-21T03:11:49.513+0000] {processor.py:186} INFO - Started process (PID=719) to work on /home/airflow/.local/lib/python3.12/site-packages/airflow/example_dags/example_outlet_event_extra.py
[2024-10-21T03:11:49.514+0000] {processor.py:914} INFO - Processing file /home/airflow/.local/lib/python3.12/site-packages/airflow/example_dags/example_outlet_event_extra.py for tasks to queue
[2024-10-21T03:11:49.517+0000] {logging_mixin.py:190} INFO - [2024-10-21T03:11:49.517+0000] {dagbag.py:588} INFO - Filling up the DagBag from /home/airflow/.local/lib/python3.12/site-packages/airflow/example_dags/example_outlet_event_extra.py
[2024-10-21T03:11:49.645+0000] {processor.py:925} INFO - DAG(s) 'dataset_with_extra_from_classic_operator', 'dataset_with_extra_by_yield', 'dataset_with_extra_by_context' retrieved from /home/airflow/.local/lib/python3.12/site-packages/airflow/example_dags/example_outlet_event_extra.py
[2024-10-21T03:11:49.666+0000] {logging_mixin.py:190} INFO - [2024-10-21T03:11:49.666+0000] {dag.py:3239} INFO - Sync 3 DAGs
[2024-10-21T03:11:49.687+0000] {logging_mixin.py:190} INFO - [2024-10-21T03:11:49.687+0000] {dag.py:4180} INFO - Setting next_dagrun for dataset_with_extra_by_context to 2024-10-20 00:00:00+00:00, run_after=2024-10-21 00:00:00+00:00
[2024-10-21T03:11:49.691+0000] {logging_mixin.py:190} INFO - [2024-10-21T03:11:49.691+0000] {dag.py:4180} INFO - Setting next_dagrun for dataset_with_extra_by_yield to 2024-10-20 00:00:00+00:00, run_after=2024-10-21 00:00:00+00:00
[2024-10-21T03:11:49.694+0000] {logging_mixin.py:190} INFO - [2024-10-21T03:11:49.694+0000] {dag.py:4180} INFO - Setting next_dagrun for dataset_with_extra_from_classic_operator to 2024-10-20 00:00:00+00:00, run_after=2024-10-21 00:00:00+00:00
[2024-10-21T03:11:49.715+0000] {processor.py:208} INFO - Processing /home/airflow/.local/lib/python3.12/site-packages/airflow/example_dags/example_outlet_event_extra.py took 0.209 seconds
[2024-10-21T05:26:33.751+0000] {processor.py:186} INFO - Started process (PID=129) to work on /home/airflow/.local/lib/python3.12/site-packages/airflow/example_dags/example_outlet_event_extra.py
[2024-10-21T05:26:33.753+0000] {processor.py:914} INFO - Processing file /home/airflow/.local/lib/python3.12/site-packages/airflow/example_dags/example_outlet_event_extra.py for tasks to queue
[2024-10-21T05:26:33.756+0000] {logging_mixin.py:190} INFO - [2024-10-21T05:26:33.756+0000] {dagbag.py:588} INFO - Filling up the DagBag from /home/airflow/.local/lib/python3.12/site-packages/airflow/example_dags/example_outlet_event_extra.py
[2024-10-21T05:26:34.040+0000] {processor.py:925} INFO - DAG(s) 'dataset_with_extra_from_classic_operator', 'dataset_with_extra_by_context', 'dataset_with_extra_by_yield' retrieved from /home/airflow/.local/lib/python3.12/site-packages/airflow/example_dags/example_outlet_event_extra.py
[2024-10-21T05:26:34.136+0000] {logging_mixin.py:190} INFO - [2024-10-21T05:26:34.136+0000] {dag.py:3239} INFO - Sync 3 DAGs
[2024-10-21T05:26:34.309+0000] {logging_mixin.py:190} INFO - [2024-10-21T05:26:34.308+0000] {dag.py:4180} INFO - Setting next_dagrun for dataset_with_extra_by_context to 2024-10-20 00:00:00+00:00, run_after=2024-10-21 00:00:00+00:00
[2024-10-21T05:26:34.320+0000] {logging_mixin.py:190} INFO - [2024-10-21T05:26:34.320+0000] {dag.py:4180} INFO - Setting next_dagrun for dataset_with_extra_by_yield to 2024-10-20 00:00:00+00:00, run_after=2024-10-21 00:00:00+00:00
[2024-10-21T05:26:34.327+0000] {logging_mixin.py:190} INFO - [2024-10-21T05:26:34.326+0000] {dag.py:4180} INFO - Setting next_dagrun for dataset_with_extra_from_classic_operator to 2024-10-20 00:00:00+00:00, run_after=2024-10-21 00:00:00+00:00
[2024-10-21T05:26:34.366+0000] {processor.py:208} INFO - Processing /home/airflow/.local/lib/python3.12/site-packages/airflow/example_dags/example_outlet_event_extra.py took 0.623 seconds
[2024-10-21T05:27:05.026+0000] {processor.py:186} INFO - Started process (PID=191) to work on /home/airflow/.local/lib/python3.12/site-packages/airflow/example_dags/example_outlet_event_extra.py
[2024-10-21T05:27:05.028+0000] {processor.py:914} INFO - Processing file /home/airflow/.local/lib/python3.12/site-packages/airflow/example_dags/example_outlet_event_extra.py for tasks to queue
[2024-10-21T05:27:05.033+0000] {logging_mixin.py:190} INFO - [2024-10-21T05:27:05.033+0000] {dagbag.py:588} INFO - Filling up the DagBag from /home/airflow/.local/lib/python3.12/site-packages/airflow/example_dags/example_outlet_event_extra.py
[2024-10-21T05:27:05.317+0000] {processor.py:925} INFO - DAG(s) 'dataset_with_extra_by_context', 'dataset_with_extra_by_yield', 'dataset_with_extra_from_classic_operator' retrieved from /home/airflow/.local/lib/python3.12/site-packages/airflow/example_dags/example_outlet_event_extra.py
[2024-10-21T05:27:05.363+0000] {logging_mixin.py:190} INFO - [2024-10-21T05:27:05.363+0000] {dag.py:3239} INFO - Sync 3 DAGs
[2024-10-21T05:27:05.400+0000] {logging_mixin.py:190} INFO - [2024-10-21T05:27:05.400+0000] {dag.py:4180} INFO - Setting next_dagrun for dataset_with_extra_by_context to 2024-10-20 00:00:00+00:00, run_after=2024-10-21 00:00:00+00:00
[2024-10-21T05:27:05.408+0000] {logging_mixin.py:190} INFO - [2024-10-21T05:27:05.408+0000] {dag.py:4180} INFO - Setting next_dagrun for dataset_with_extra_by_yield to 2024-10-20 00:00:00+00:00, run_after=2024-10-21 00:00:00+00:00
[2024-10-21T05:27:05.412+0000] {logging_mixin.py:190} INFO - [2024-10-21T05:27:05.412+0000] {dag.py:4180} INFO - Setting next_dagrun for dataset_with_extra_from_classic_operator to 2024-10-20 00:00:00+00:00, run_after=2024-10-21 00:00:00+00:00
[2024-10-21T05:27:05.443+0000] {processor.py:208} INFO - Processing /home/airflow/.local/lib/python3.12/site-packages/airflow/example_dags/example_outlet_event_extra.py took 0.429 seconds
[2024-10-21T05:27:35.844+0000] {processor.py:186} INFO - Started process (PID=253) to work on /home/airflow/.local/lib/python3.12/site-packages/airflow/example_dags/example_outlet_event_extra.py
[2024-10-21T05:27:35.846+0000] {processor.py:914} INFO - Processing file /home/airflow/.local/lib/python3.12/site-packages/airflow/example_dags/example_outlet_event_extra.py for tasks to queue
[2024-10-21T05:27:35.850+0000] {logging_mixin.py:190} INFO - [2024-10-21T05:27:35.850+0000] {dagbag.py:588} INFO - Filling up the DagBag from /home/airflow/.local/lib/python3.12/site-packages/airflow/example_dags/example_outlet_event_extra.py
[2024-10-21T05:27:36.169+0000] {processor.py:925} INFO - DAG(s) 'dataset_with_extra_by_yield', 'dataset_with_extra_by_context', 'dataset_with_extra_from_classic_operator' retrieved from /home/airflow/.local/lib/python3.12/site-packages/airflow/example_dags/example_outlet_event_extra.py
[2024-10-21T05:27:36.210+0000] {logging_mixin.py:190} INFO - [2024-10-21T05:27:36.210+0000] {dag.py:3239} INFO - Sync 3 DAGs
[2024-10-21T05:27:36.256+0000] {logging_mixin.py:190} INFO - [2024-10-21T05:27:36.255+0000] {dag.py:4180} INFO - Setting next_dagrun for dataset_with_extra_by_context to 2024-10-20 00:00:00+00:00, run_after=2024-10-21 00:00:00+00:00
[2024-10-21T05:27:36.264+0000] {logging_mixin.py:190} INFO - [2024-10-21T05:27:36.264+0000] {dag.py:4180} INFO - Setting next_dagrun for dataset_with_extra_by_yield to 2024-10-20 00:00:00+00:00, run_after=2024-10-21 00:00:00+00:00
[2024-10-21T05:27:36.269+0000] {logging_mixin.py:190} INFO - [2024-10-21T05:27:36.268+0000] {dag.py:4180} INFO - Setting next_dagrun for dataset_with_extra_from_classic_operator to 2024-10-20 00:00:00+00:00, run_after=2024-10-21 00:00:00+00:00
[2024-10-21T05:27:36.304+0000] {processor.py:208} INFO - Processing /home/airflow/.local/lib/python3.12/site-packages/airflow/example_dags/example_outlet_event_extra.py took 0.471 seconds
[2024-10-21T05:29:07.796+0000] {processor.py:186} INFO - Started process (PID=345) to work on /home/airflow/.local/lib/python3.12/site-packages/airflow/example_dags/example_outlet_event_extra.py
[2024-10-21T05:29:07.797+0000] {processor.py:914} INFO - Processing file /home/airflow/.local/lib/python3.12/site-packages/airflow/example_dags/example_outlet_event_extra.py for tasks to queue
[2024-10-21T05:29:07.801+0000] {logging_mixin.py:190} INFO - [2024-10-21T05:29:07.800+0000] {dagbag.py:588} INFO - Filling up the DagBag from /home/airflow/.local/lib/python3.12/site-packages/airflow/example_dags/example_outlet_event_extra.py
[2024-10-21T05:29:08.016+0000] {processor.py:925} INFO - DAG(s) 'dataset_with_extra_by_context', 'dataset_with_extra_from_classic_operator', 'dataset_with_extra_by_yield' retrieved from /home/airflow/.local/lib/python3.12/site-packages/airflow/example_dags/example_outlet_event_extra.py
[2024-10-21T05:29:08.081+0000] {logging_mixin.py:190} INFO - [2024-10-21T05:29:08.080+0000] {dag.py:3239} INFO - Sync 3 DAGs
[2024-10-21T05:29:08.133+0000] {logging_mixin.py:190} INFO - [2024-10-21T05:29:08.132+0000] {dag.py:4180} INFO - Setting next_dagrun for dataset_with_extra_by_context to 2024-10-20 00:00:00+00:00, run_after=2024-10-21 00:00:00+00:00
[2024-10-21T05:29:08.142+0000] {logging_mixin.py:190} INFO - [2024-10-21T05:29:08.141+0000] {dag.py:4180} INFO - Setting next_dagrun for dataset_with_extra_by_yield to 2024-10-20 00:00:00+00:00, run_after=2024-10-21 00:00:00+00:00
[2024-10-21T05:29:08.148+0000] {logging_mixin.py:190} INFO - [2024-10-21T05:29:08.148+0000] {dag.py:4180} INFO - Setting next_dagrun for dataset_with_extra_from_classic_operator to 2024-10-20 00:00:00+00:00, run_after=2024-10-21 00:00:00+00:00
[2024-10-21T05:29:08.197+0000] {processor.py:208} INFO - Processing /home/airflow/.local/lib/python3.12/site-packages/airflow/example_dags/example_outlet_event_extra.py took 0.410 seconds
[2024-10-21T05:29:38.999+0000] {processor.py:186} INFO - Started process (PID=407) to work on /home/airflow/.local/lib/python3.12/site-packages/airflow/example_dags/example_outlet_event_extra.py
[2024-10-21T05:29:39.001+0000] {processor.py:914} INFO - Processing file /home/airflow/.local/lib/python3.12/site-packages/airflow/example_dags/example_outlet_event_extra.py for tasks to queue
[2024-10-21T05:29:39.003+0000] {logging_mixin.py:190} INFO - [2024-10-21T05:29:39.003+0000] {dagbag.py:588} INFO - Filling up the DagBag from /home/airflow/.local/lib/python3.12/site-packages/airflow/example_dags/example_outlet_event_extra.py
[2024-10-21T05:29:39.215+0000] {processor.py:925} INFO - DAG(s) 'dataset_with_extra_from_classic_operator', 'dataset_with_extra_by_context', 'dataset_with_extra_by_yield' retrieved from /home/airflow/.local/lib/python3.12/site-packages/airflow/example_dags/example_outlet_event_extra.py
[2024-10-21T05:29:39.255+0000] {logging_mixin.py:190} INFO - [2024-10-21T05:29:39.254+0000] {dag.py:3239} INFO - Sync 3 DAGs
[2024-10-21T05:29:39.290+0000] {logging_mixin.py:190} INFO - [2024-10-21T05:29:39.290+0000] {dag.py:4180} INFO - Setting next_dagrun for dataset_with_extra_by_context to 2024-10-20 00:00:00+00:00, run_after=2024-10-21 00:00:00+00:00
[2024-10-21T05:29:39.298+0000] {logging_mixin.py:190} INFO - [2024-10-21T05:29:39.298+0000] {dag.py:4180} INFO - Setting next_dagrun for dataset_with_extra_by_yield to 2024-10-20 00:00:00+00:00, run_after=2024-10-21 00:00:00+00:00
[2024-10-21T05:29:39.303+0000] {logging_mixin.py:190} INFO - [2024-10-21T05:29:39.303+0000] {dag.py:4180} INFO - Setting next_dagrun for dataset_with_extra_from_classic_operator to 2024-10-20 00:00:00+00:00, run_after=2024-10-21 00:00:00+00:00
[2024-10-21T05:29:39.336+0000] {processor.py:208} INFO - Processing /home/airflow/.local/lib/python3.12/site-packages/airflow/example_dags/example_outlet_event_extra.py took 0.349 seconds
[2024-10-21T05:30:09.879+0000] {processor.py:186} INFO - Started process (PID=469) to work on /home/airflow/.local/lib/python3.12/site-packages/airflow/example_dags/example_outlet_event_extra.py
[2024-10-21T05:30:09.881+0000] {processor.py:914} INFO - Processing file /home/airflow/.local/lib/python3.12/site-packages/airflow/example_dags/example_outlet_event_extra.py for tasks to queue
[2024-10-21T05:30:09.884+0000] {logging_mixin.py:190} INFO - [2024-10-21T05:30:09.883+0000] {dagbag.py:588} INFO - Filling up the DagBag from /home/airflow/.local/lib/python3.12/site-packages/airflow/example_dags/example_outlet_event_extra.py
[2024-10-21T05:30:10.302+0000] {processor.py:925} INFO - DAG(s) 'dataset_with_extra_by_context', 'dataset_with_extra_by_yield', 'dataset_with_extra_from_classic_operator' retrieved from /home/airflow/.local/lib/python3.12/site-packages/airflow/example_dags/example_outlet_event_extra.py
[2024-10-21T05:30:10.369+0000] {logging_mixin.py:190} INFO - [2024-10-21T05:30:10.369+0000] {dag.py:3239} INFO - Sync 3 DAGs
[2024-10-21T05:30:10.430+0000] {logging_mixin.py:190} INFO - [2024-10-21T05:30:10.430+0000] {dag.py:4180} INFO - Setting next_dagrun for dataset_with_extra_by_context to 2024-10-20 00:00:00+00:00, run_after=2024-10-21 00:00:00+00:00
[2024-10-21T05:30:10.443+0000] {logging_mixin.py:190} INFO - [2024-10-21T05:30:10.442+0000] {dag.py:4180} INFO - Setting next_dagrun for dataset_with_extra_by_yield to 2024-10-20 00:00:00+00:00, run_after=2024-10-21 00:00:00+00:00
[2024-10-21T05:30:10.448+0000] {logging_mixin.py:190} INFO - [2024-10-21T05:30:10.447+0000] {dag.py:4180} INFO - Setting next_dagrun for dataset_with_extra_from_classic_operator to 2024-10-20 00:00:00+00:00, run_after=2024-10-21 00:00:00+00:00
[2024-10-21T05:30:10.499+0000] {processor.py:208} INFO - Processing /home/airflow/.local/lib/python3.12/site-packages/airflow/example_dags/example_outlet_event_extra.py took 0.638 seconds
[2024-10-21T05:30:41.903+0000] {processor.py:186} INFO - Started process (PID=535) to work on /home/airflow/.local/lib/python3.12/site-packages/airflow/example_dags/example_outlet_event_extra.py
[2024-10-21T05:30:41.904+0000] {processor.py:914} INFO - Processing file /home/airflow/.local/lib/python3.12/site-packages/airflow/example_dags/example_outlet_event_extra.py for tasks to queue
[2024-10-21T05:30:41.907+0000] {logging_mixin.py:190} INFO - [2024-10-21T05:30:41.906+0000] {dagbag.py:588} INFO - Filling up the DagBag from /home/airflow/.local/lib/python3.12/site-packages/airflow/example_dags/example_outlet_event_extra.py
[2024-10-21T05:30:42.213+0000] {processor.py:925} INFO - DAG(s) 'dataset_with_extra_by_context', 'dataset_with_extra_by_yield', 'dataset_with_extra_from_classic_operator' retrieved from /home/airflow/.local/lib/python3.12/site-packages/airflow/example_dags/example_outlet_event_extra.py
[2024-10-21T05:30:42.260+0000] {logging_mixin.py:190} INFO - [2024-10-21T05:30:42.259+0000] {dag.py:3239} INFO - Sync 3 DAGs
[2024-10-21T05:30:42.309+0000] {logging_mixin.py:190} INFO - [2024-10-21T05:30:42.308+0000] {dag.py:4180} INFO - Setting next_dagrun for dataset_with_extra_by_context to 2024-10-20 00:00:00+00:00, run_after=2024-10-21 00:00:00+00:00
[2024-10-21T05:30:42.319+0000] {logging_mixin.py:190} INFO - [2024-10-21T05:30:42.318+0000] {dag.py:4180} INFO - Setting next_dagrun for dataset_with_extra_by_yield to 2024-10-20 00:00:00+00:00, run_after=2024-10-21 00:00:00+00:00
[2024-10-21T05:30:42.324+0000] {logging_mixin.py:190} INFO - [2024-10-21T05:30:42.324+0000] {dag.py:4180} INFO - Setting next_dagrun for dataset_with_extra_from_classic_operator to 2024-10-20 00:00:00+00:00, run_after=2024-10-21 00:00:00+00:00
[2024-10-21T05:30:42.360+0000] {processor.py:208} INFO - Processing /home/airflow/.local/lib/python3.12/site-packages/airflow/example_dags/example_outlet_event_extra.py took 0.469 seconds
[2024-10-21T05:31:13.053+0000] {processor.py:186} INFO - Started process (PID=597) to work on /home/airflow/.local/lib/python3.12/site-packages/airflow/example_dags/example_outlet_event_extra.py
[2024-10-21T05:31:13.054+0000] {processor.py:914} INFO - Processing file /home/airflow/.local/lib/python3.12/site-packages/airflow/example_dags/example_outlet_event_extra.py for tasks to queue
[2024-10-21T05:31:13.057+0000] {logging_mixin.py:190} INFO - [2024-10-21T05:31:13.056+0000] {dagbag.py:588} INFO - Filling up the DagBag from /home/airflow/.local/lib/python3.12/site-packages/airflow/example_dags/example_outlet_event_extra.py
[2024-10-21T05:31:13.287+0000] {processor.py:925} INFO - DAG(s) 'dataset_with_extra_by_yield', 'dataset_with_extra_by_context', 'dataset_with_extra_from_classic_operator' retrieved from /home/airflow/.local/lib/python3.12/site-packages/airflow/example_dags/example_outlet_event_extra.py
[2024-10-21T05:31:13.338+0000] {logging_mixin.py:190} INFO - [2024-10-21T05:31:13.337+0000] {dag.py:3239} INFO - Sync 3 DAGs
[2024-10-21T05:31:13.385+0000] {logging_mixin.py:190} INFO - [2024-10-21T05:31:13.385+0000] {dag.py:4180} INFO - Setting next_dagrun for dataset_with_extra_by_context to 2024-10-20 00:00:00+00:00, run_after=2024-10-21 00:00:00+00:00
[2024-10-21T05:31:13.394+0000] {logging_mixin.py:190} INFO - [2024-10-21T05:31:13.393+0000] {dag.py:4180} INFO - Setting next_dagrun for dataset_with_extra_by_yield to 2024-10-20 00:00:00+00:00, run_after=2024-10-21 00:00:00+00:00
[2024-10-21T05:31:13.398+0000] {logging_mixin.py:190} INFO - [2024-10-21T05:31:13.398+0000] {dag.py:4180} INFO - Setting next_dagrun for dataset_with_extra_from_classic_operator to 2024-10-20 00:00:00+00:00, run_after=2024-10-21 00:00:00+00:00
[2024-10-21T05:31:13.435+0000] {processor.py:208} INFO - Processing /home/airflow/.local/lib/python3.12/site-packages/airflow/example_dags/example_outlet_event_extra.py took 0.392 seconds
[2024-10-21T05:31:43.804+0000] {processor.py:186} INFO - Started process (PID=660) to work on /home/airflow/.local/lib/python3.12/site-packages/airflow/example_dags/example_outlet_event_extra.py
[2024-10-21T05:31:43.806+0000] {processor.py:914} INFO - Processing file /home/airflow/.local/lib/python3.12/site-packages/airflow/example_dags/example_outlet_event_extra.py for tasks to queue
[2024-10-21T05:31:43.809+0000] {logging_mixin.py:190} INFO - [2024-10-21T05:31:43.809+0000] {dagbag.py:588} INFO - Filling up the DagBag from /home/airflow/.local/lib/python3.12/site-packages/airflow/example_dags/example_outlet_event_extra.py
[2024-10-21T05:31:44.117+0000] {processor.py:925} INFO - DAG(s) 'dataset_with_extra_by_yield', 'dataset_with_extra_from_classic_operator', 'dataset_with_extra_by_context' retrieved from /home/airflow/.local/lib/python3.12/site-packages/airflow/example_dags/example_outlet_event_extra.py
[2024-10-21T05:31:44.171+0000] {logging_mixin.py:190} INFO - [2024-10-21T05:31:44.170+0000] {dag.py:3239} INFO - Sync 3 DAGs
[2024-10-21T05:31:44.208+0000] {logging_mixin.py:190} INFO - [2024-10-21T05:31:44.208+0000] {dag.py:4180} INFO - Setting next_dagrun for dataset_with_extra_by_context to 2024-10-20 00:00:00+00:00, run_after=2024-10-21 00:00:00+00:00
[2024-10-21T05:31:44.214+0000] {logging_mixin.py:190} INFO - [2024-10-21T05:31:44.213+0000] {dag.py:4180} INFO - Setting next_dagrun for dataset_with_extra_by_yield to 2024-10-20 00:00:00+00:00, run_after=2024-10-21 00:00:00+00:00
[2024-10-21T05:31:44.217+0000] {logging_mixin.py:190} INFO - [2024-10-21T05:31:44.216+0000] {dag.py:4180} INFO - Setting next_dagrun for dataset_with_extra_from_classic_operator to 2024-10-20 00:00:00+00:00, run_after=2024-10-21 00:00:00+00:00
[2024-10-21T05:31:44.246+0000] {processor.py:208} INFO - Processing /home/airflow/.local/lib/python3.12/site-packages/airflow/example_dags/example_outlet_event_extra.py took 0.455 seconds
[2024-10-21T05:32:14.383+0000] {processor.py:186} INFO - Started process (PID=722) to work on /home/airflow/.local/lib/python3.12/site-packages/airflow/example_dags/example_outlet_event_extra.py
[2024-10-21T05:32:14.384+0000] {processor.py:914} INFO - Processing file /home/airflow/.local/lib/python3.12/site-packages/airflow/example_dags/example_outlet_event_extra.py for tasks to queue
[2024-10-21T05:32:14.387+0000] {logging_mixin.py:190} INFO - [2024-10-21T05:32:14.386+0000] {dagbag.py:588} INFO - Filling up the DagBag from /home/airflow/.local/lib/python3.12/site-packages/airflow/example_dags/example_outlet_event_extra.py
[2024-10-21T05:32:14.670+0000] {processor.py:925} INFO - DAG(s) 'dataset_with_extra_by_yield', 'dataset_with_extra_by_context', 'dataset_with_extra_from_classic_operator' retrieved from /home/airflow/.local/lib/python3.12/site-packages/airflow/example_dags/example_outlet_event_extra.py
[2024-10-21T05:32:14.706+0000] {logging_mixin.py:190} INFO - [2024-10-21T05:32:14.706+0000] {dag.py:3239} INFO - Sync 3 DAGs
[2024-10-21T05:32:14.742+0000] {logging_mixin.py:190} INFO - [2024-10-21T05:32:14.742+0000] {dag.py:4180} INFO - Setting next_dagrun for dataset_with_extra_by_context to 2024-10-20 00:00:00+00:00, run_after=2024-10-21 00:00:00+00:00
[2024-10-21T05:32:14.751+0000] {logging_mixin.py:190} INFO - [2024-10-21T05:32:14.751+0000] {dag.py:4180} INFO - Setting next_dagrun for dataset_with_extra_by_yield to 2024-10-20 00:00:00+00:00, run_after=2024-10-21 00:00:00+00:00
[2024-10-21T05:32:14.755+0000] {logging_mixin.py:190} INFO - [2024-10-21T05:32:14.755+0000] {dag.py:4180} INFO - Setting next_dagrun for dataset_with_extra_from_classic_operator to 2024-10-20 00:00:00+00:00, run_after=2024-10-21 00:00:00+00:00
[2024-10-21T05:32:14.794+0000] {processor.py:208} INFO - Processing /home/airflow/.local/lib/python3.12/site-packages/airflow/example_dags/example_outlet_event_extra.py took 0.419 seconds
[2024-10-21T05:32:45.037+0000] {processor.py:186} INFO - Started process (PID=784) to work on /home/airflow/.local/lib/python3.12/site-packages/airflow/example_dags/example_outlet_event_extra.py
[2024-10-21T05:32:45.039+0000] {processor.py:914} INFO - Processing file /home/airflow/.local/lib/python3.12/site-packages/airflow/example_dags/example_outlet_event_extra.py for tasks to queue
[2024-10-21T05:32:45.041+0000] {logging_mixin.py:190} INFO - [2024-10-21T05:32:45.040+0000] {dagbag.py:588} INFO - Filling up the DagBag from /home/airflow/.local/lib/python3.12/site-packages/airflow/example_dags/example_outlet_event_extra.py
[2024-10-21T05:32:45.252+0000] {processor.py:925} INFO - DAG(s) 'dataset_with_extra_by_context', 'dataset_with_extra_from_classic_operator', 'dataset_with_extra_by_yield' retrieved from /home/airflow/.local/lib/python3.12/site-packages/airflow/example_dags/example_outlet_event_extra.py
[2024-10-21T05:32:45.292+0000] {logging_mixin.py:190} INFO - [2024-10-21T05:32:45.292+0000] {dag.py:3239} INFO - Sync 3 DAGs
[2024-10-21T05:32:45.330+0000] {logging_mixin.py:190} INFO - [2024-10-21T05:32:45.329+0000] {dag.py:4180} INFO - Setting next_dagrun for dataset_with_extra_by_context to 2024-10-20 00:00:00+00:00, run_after=2024-10-21 00:00:00+00:00
[2024-10-21T05:32:45.340+0000] {logging_mixin.py:190} INFO - [2024-10-21T05:32:45.340+0000] {dag.py:4180} INFO - Setting next_dagrun for dataset_with_extra_by_yield to 2024-10-20 00:00:00+00:00, run_after=2024-10-21 00:00:00+00:00
[2024-10-21T05:32:45.345+0000] {logging_mixin.py:190} INFO - [2024-10-21T05:32:45.344+0000] {dag.py:4180} INFO - Setting next_dagrun for dataset_with_extra_from_classic_operator to 2024-10-20 00:00:00+00:00, run_after=2024-10-21 00:00:00+00:00
[2024-10-21T05:32:45.380+0000] {processor.py:208} INFO - Processing /home/airflow/.local/lib/python3.12/site-packages/airflow/example_dags/example_outlet_event_extra.py took 0.351 seconds
[2024-10-21T05:33:15.793+0000] {processor.py:186} INFO - Started process (PID=846) to work on /home/airflow/.local/lib/python3.12/site-packages/airflow/example_dags/example_outlet_event_extra.py
[2024-10-21T05:33:15.795+0000] {processor.py:914} INFO - Processing file /home/airflow/.local/lib/python3.12/site-packages/airflow/example_dags/example_outlet_event_extra.py for tasks to queue
[2024-10-21T05:33:15.801+0000] {logging_mixin.py:190} INFO - [2024-10-21T05:33:15.800+0000] {dagbag.py:588} INFO - Filling up the DagBag from /home/airflow/.local/lib/python3.12/site-packages/airflow/example_dags/example_outlet_event_extra.py
[2024-10-21T05:33:16.114+0000] {processor.py:925} INFO - DAG(s) 'dataset_with_extra_from_classic_operator', 'dataset_with_extra_by_yield', 'dataset_with_extra_by_context' retrieved from /home/airflow/.local/lib/python3.12/site-packages/airflow/example_dags/example_outlet_event_extra.py
[2024-10-21T05:33:16.184+0000] {logging_mixin.py:190} INFO - [2024-10-21T05:33:16.182+0000] {dag.py:3239} INFO - Sync 3 DAGs
[2024-10-21T05:33:16.250+0000] {logging_mixin.py:190} INFO - [2024-10-21T05:33:16.250+0000] {dag.py:4180} INFO - Setting next_dagrun for dataset_with_extra_by_context to 2024-10-20 00:00:00+00:00, run_after=2024-10-21 00:00:00+00:00
[2024-10-21T05:33:16.261+0000] {logging_mixin.py:190} INFO - [2024-10-21T05:33:16.261+0000] {dag.py:4180} INFO - Setting next_dagrun for dataset_with_extra_by_yield to 2024-10-20 00:00:00+00:00, run_after=2024-10-21 00:00:00+00:00
[2024-10-21T05:33:16.266+0000] {logging_mixin.py:190} INFO - [2024-10-21T05:33:16.266+0000] {dag.py:4180} INFO - Setting next_dagrun for dataset_with_extra_from_classic_operator to 2024-10-20 00:00:00+00:00, run_after=2024-10-21 00:00:00+00:00
[2024-10-21T05:33:16.326+0000] {processor.py:208} INFO - Processing /home/airflow/.local/lib/python3.12/site-packages/airflow/example_dags/example_outlet_event_extra.py took 0.547 seconds
[2024-10-21T05:33:46.667+0000] {processor.py:186} INFO - Started process (PID=908) to work on /home/airflow/.local/lib/python3.12/site-packages/airflow/example_dags/example_outlet_event_extra.py
[2024-10-21T05:33:46.669+0000] {processor.py:914} INFO - Processing file /home/airflow/.local/lib/python3.12/site-packages/airflow/example_dags/example_outlet_event_extra.py for tasks to queue
[2024-10-21T05:33:46.671+0000] {logging_mixin.py:190} INFO - [2024-10-21T05:33:46.671+0000] {dagbag.py:588} INFO - Filling up the DagBag from /home/airflow/.local/lib/python3.12/site-packages/airflow/example_dags/example_outlet_event_extra.py
[2024-10-21T05:33:46.987+0000] {processor.py:925} INFO - DAG(s) 'dataset_with_extra_by_yield', 'dataset_with_extra_from_classic_operator', 'dataset_with_extra_by_context' retrieved from /home/airflow/.local/lib/python3.12/site-packages/airflow/example_dags/example_outlet_event_extra.py
[2024-10-21T05:33:47.050+0000] {logging_mixin.py:190} INFO - [2024-10-21T05:33:47.049+0000] {dag.py:3239} INFO - Sync 3 DAGs
[2024-10-21T05:33:47.146+0000] {logging_mixin.py:190} INFO - [2024-10-21T05:33:47.146+0000] {dag.py:4180} INFO - Setting next_dagrun for dataset_with_extra_by_context to 2024-10-20 00:00:00+00:00, run_after=2024-10-21 00:00:00+00:00
[2024-10-21T05:33:47.175+0000] {logging_mixin.py:190} INFO - [2024-10-21T05:33:47.174+0000] {dag.py:4180} INFO - Setting next_dagrun for dataset_with_extra_by_yield to 2024-10-20 00:00:00+00:00, run_after=2024-10-21 00:00:00+00:00
[2024-10-21T05:33:47.186+0000] {logging_mixin.py:190} INFO - [2024-10-21T05:33:47.182+0000] {dag.py:4180} INFO - Setting next_dagrun for dataset_with_extra_from_classic_operator to 2024-10-20 00:00:00+00:00, run_after=2024-10-21 00:00:00+00:00
[2024-10-21T05:33:47.232+0000] {processor.py:208} INFO - Processing /home/airflow/.local/lib/python3.12/site-packages/airflow/example_dags/example_outlet_event_extra.py took 0.575 seconds
[2024-10-21T05:34:17.416+0000] {processor.py:186} INFO - Started process (PID=970) to work on /home/airflow/.local/lib/python3.12/site-packages/airflow/example_dags/example_outlet_event_extra.py
[2024-10-21T05:34:17.422+0000] {processor.py:914} INFO - Processing file /home/airflow/.local/lib/python3.12/site-packages/airflow/example_dags/example_outlet_event_extra.py for tasks to queue
[2024-10-21T05:34:17.427+0000] {logging_mixin.py:190} INFO - [2024-10-21T05:34:17.426+0000] {dagbag.py:588} INFO - Filling up the DagBag from /home/airflow/.local/lib/python3.12/site-packages/airflow/example_dags/example_outlet_event_extra.py
[2024-10-21T05:34:17.818+0000] {processor.py:925} INFO - DAG(s) 'dataset_with_extra_from_classic_operator', 'dataset_with_extra_by_yield', 'dataset_with_extra_by_context' retrieved from /home/airflow/.local/lib/python3.12/site-packages/airflow/example_dags/example_outlet_event_extra.py
[2024-10-21T05:34:17.858+0000] {logging_mixin.py:190} INFO - [2024-10-21T05:34:17.858+0000] {dag.py:3239} INFO - Sync 3 DAGs
[2024-10-21T05:34:17.896+0000] {logging_mixin.py:190} INFO - [2024-10-21T05:34:17.896+0000] {dag.py:4180} INFO - Setting next_dagrun for dataset_with_extra_by_context to 2024-10-20 00:00:00+00:00, run_after=2024-10-21 00:00:00+00:00
[2024-10-21T05:34:17.903+0000] {logging_mixin.py:190} INFO - [2024-10-21T05:34:17.903+0000] {dag.py:4180} INFO - Setting next_dagrun for dataset_with_extra_by_yield to 2024-10-20 00:00:00+00:00, run_after=2024-10-21 00:00:00+00:00
[2024-10-21T05:34:17.907+0000] {logging_mixin.py:190} INFO - [2024-10-21T05:34:17.907+0000] {dag.py:4180} INFO - Setting next_dagrun for dataset_with_extra_from_classic_operator to 2024-10-20 00:00:00+00:00, run_after=2024-10-21 00:00:00+00:00
[2024-10-21T05:34:17.938+0000] {processor.py:208} INFO - Processing /home/airflow/.local/lib/python3.12/site-packages/airflow/example_dags/example_outlet_event_extra.py took 0.545 seconds
[2024-10-21T05:34:48.128+0000] {processor.py:186} INFO - Started process (PID=1032) to work on /home/airflow/.local/lib/python3.12/site-packages/airflow/example_dags/example_outlet_event_extra.py
[2024-10-21T05:34:48.130+0000] {processor.py:914} INFO - Processing file /home/airflow/.local/lib/python3.12/site-packages/airflow/example_dags/example_outlet_event_extra.py for tasks to queue
[2024-10-21T05:34:48.132+0000] {logging_mixin.py:190} INFO - [2024-10-21T05:34:48.131+0000] {dagbag.py:588} INFO - Filling up the DagBag from /home/airflow/.local/lib/python3.12/site-packages/airflow/example_dags/example_outlet_event_extra.py
[2024-10-21T05:34:48.434+0000] {processor.py:925} INFO - DAG(s) 'dataset_with_extra_by_yield', 'dataset_with_extra_by_context', 'dataset_with_extra_from_classic_operator' retrieved from /home/airflow/.local/lib/python3.12/site-packages/airflow/example_dags/example_outlet_event_extra.py
[2024-10-21T05:34:48.481+0000] {logging_mixin.py:190} INFO - [2024-10-21T05:34:48.480+0000] {dag.py:3239} INFO - Sync 3 DAGs
[2024-10-21T05:34:48.525+0000] {logging_mixin.py:190} INFO - [2024-10-21T05:34:48.524+0000] {dag.py:4180} INFO - Setting next_dagrun for dataset_with_extra_by_context to 2024-10-20 00:00:00+00:00, run_after=2024-10-21 00:00:00+00:00
[2024-10-21T05:34:48.534+0000] {logging_mixin.py:190} INFO - [2024-10-21T05:34:48.534+0000] {dag.py:4180} INFO - Setting next_dagrun for dataset_with_extra_by_yield to 2024-10-20 00:00:00+00:00, run_after=2024-10-21 00:00:00+00:00
[2024-10-21T05:34:48.539+0000] {logging_mixin.py:190} INFO - [2024-10-21T05:34:48.539+0000] {dag.py:4180} INFO - Setting next_dagrun for dataset_with_extra_from_classic_operator to 2024-10-20 00:00:00+00:00, run_after=2024-10-21 00:00:00+00:00
[2024-10-21T05:34:48.587+0000] {processor.py:208} INFO - Processing /home/airflow/.local/lib/python3.12/site-packages/airflow/example_dags/example_outlet_event_extra.py took 0.472 seconds
[2024-10-21T05:35:18.674+0000] {processor.py:186} INFO - Started process (PID=1094) to work on /home/airflow/.local/lib/python3.12/site-packages/airflow/example_dags/example_outlet_event_extra.py
[2024-10-21T05:35:18.675+0000] {processor.py:914} INFO - Processing file /home/airflow/.local/lib/python3.12/site-packages/airflow/example_dags/example_outlet_event_extra.py for tasks to queue
[2024-10-21T05:35:18.678+0000] {logging_mixin.py:190} INFO - [2024-10-21T05:35:18.677+0000] {dagbag.py:588} INFO - Filling up the DagBag from /home/airflow/.local/lib/python3.12/site-packages/airflow/example_dags/example_outlet_event_extra.py
[2024-10-21T05:35:18.932+0000] {processor.py:925} INFO - DAG(s) 'dataset_with_extra_by_yield', 'dataset_with_extra_from_classic_operator', 'dataset_with_extra_by_context' retrieved from /home/airflow/.local/lib/python3.12/site-packages/airflow/example_dags/example_outlet_event_extra.py
[2024-10-21T05:35:18.981+0000] {logging_mixin.py:190} INFO - [2024-10-21T05:35:18.980+0000] {dag.py:3239} INFO - Sync 3 DAGs
[2024-10-21T05:35:19.024+0000] {logging_mixin.py:190} INFO - [2024-10-21T05:35:19.024+0000] {dag.py:4180} INFO - Setting next_dagrun for dataset_with_extra_by_context to 2024-10-20 00:00:00+00:00, run_after=2024-10-21 00:00:00+00:00
[2024-10-21T05:35:19.032+0000] {logging_mixin.py:190} INFO - [2024-10-21T05:35:19.031+0000] {dag.py:4180} INFO - Setting next_dagrun for dataset_with_extra_by_yield to 2024-10-20 00:00:00+00:00, run_after=2024-10-21 00:00:00+00:00
[2024-10-21T05:35:19.036+0000] {logging_mixin.py:190} INFO - [2024-10-21T05:35:19.035+0000] {dag.py:4180} INFO - Setting next_dagrun for dataset_with_extra_from_classic_operator to 2024-10-20 00:00:00+00:00, run_after=2024-10-21 00:00:00+00:00
[2024-10-21T05:35:19.070+0000] {processor.py:208} INFO - Processing /home/airflow/.local/lib/python3.12/site-packages/airflow/example_dags/example_outlet_event_extra.py took 0.405 seconds
[2024-10-21T05:35:50.010+0000] {processor.py:186} INFO - Started process (PID=1156) to work on /home/airflow/.local/lib/python3.12/site-packages/airflow/example_dags/example_outlet_event_extra.py
[2024-10-21T05:35:50.012+0000] {processor.py:914} INFO - Processing file /home/airflow/.local/lib/python3.12/site-packages/airflow/example_dags/example_outlet_event_extra.py for tasks to queue
[2024-10-21T05:35:50.014+0000] {logging_mixin.py:190} INFO - [2024-10-21T05:35:50.013+0000] {dagbag.py:588} INFO - Filling up the DagBag from /home/airflow/.local/lib/python3.12/site-packages/airflow/example_dags/example_outlet_event_extra.py
[2024-10-21T05:35:50.213+0000] {processor.py:925} INFO - DAG(s) 'dataset_with_extra_from_classic_operator', 'dataset_with_extra_by_yield', 'dataset_with_extra_by_context' retrieved from /home/airflow/.local/lib/python3.12/site-packages/airflow/example_dags/example_outlet_event_extra.py
[2024-10-21T05:35:50.250+0000] {logging_mixin.py:190} INFO - [2024-10-21T05:35:50.250+0000] {dag.py:3239} INFO - Sync 3 DAGs
[2024-10-21T05:35:50.286+0000] {logging_mixin.py:190} INFO - [2024-10-21T05:35:50.286+0000] {dag.py:4180} INFO - Setting next_dagrun for dataset_with_extra_by_context to 2024-10-20 00:00:00+00:00, run_after=2024-10-21 00:00:00+00:00
[2024-10-21T05:35:50.293+0000] {logging_mixin.py:190} INFO - [2024-10-21T05:35:50.293+0000] {dag.py:4180} INFO - Setting next_dagrun for dataset_with_extra_by_yield to 2024-10-20 00:00:00+00:00, run_after=2024-10-21 00:00:00+00:00
[2024-10-21T05:35:50.298+0000] {logging_mixin.py:190} INFO - [2024-10-21T05:35:50.298+0000] {dag.py:4180} INFO - Setting next_dagrun for dataset_with_extra_from_classic_operator to 2024-10-20 00:00:00+00:00, run_after=2024-10-21 00:00:00+00:00
[2024-10-21T05:35:50.330+0000] {processor.py:208} INFO - Processing /home/airflow/.local/lib/python3.12/site-packages/airflow/example_dags/example_outlet_event_extra.py took 0.328 seconds
[2024-10-21T05:36:20.562+0000] {processor.py:186} INFO - Started process (PID=1219) to work on /home/airflow/.local/lib/python3.12/site-packages/airflow/example_dags/example_outlet_event_extra.py
[2024-10-21T05:36:20.564+0000] {processor.py:914} INFO - Processing file /home/airflow/.local/lib/python3.12/site-packages/airflow/example_dags/example_outlet_event_extra.py for tasks to queue
[2024-10-21T05:36:20.567+0000] {logging_mixin.py:190} INFO - [2024-10-21T05:36:20.566+0000] {dagbag.py:588} INFO - Filling up the DagBag from /home/airflow/.local/lib/python3.12/site-packages/airflow/example_dags/example_outlet_event_extra.py
[2024-10-21T05:36:20.819+0000] {processor.py:925} INFO - DAG(s) 'dataset_with_extra_from_classic_operator', 'dataset_with_extra_by_yield', 'dataset_with_extra_by_context' retrieved from /home/airflow/.local/lib/python3.12/site-packages/airflow/example_dags/example_outlet_event_extra.py
[2024-10-21T05:36:20.864+0000] {logging_mixin.py:190} INFO - [2024-10-21T05:36:20.864+0000] {dag.py:3239} INFO - Sync 3 DAGs
[2024-10-21T05:36:20.915+0000] {logging_mixin.py:190} INFO - [2024-10-21T05:36:20.914+0000] {dag.py:4180} INFO - Setting next_dagrun for dataset_with_extra_by_context to 2024-10-20 00:00:00+00:00, run_after=2024-10-21 00:00:00+00:00
[2024-10-21T05:36:20.925+0000] {logging_mixin.py:190} INFO - [2024-10-21T05:36:20.925+0000] {dag.py:4180} INFO - Setting next_dagrun for dataset_with_extra_by_yield to 2024-10-20 00:00:00+00:00, run_after=2024-10-21 00:00:00+00:00
[2024-10-21T05:36:20.930+0000] {logging_mixin.py:190} INFO - [2024-10-21T05:36:20.929+0000] {dag.py:4180} INFO - Setting next_dagrun for dataset_with_extra_from_classic_operator to 2024-10-20 00:00:00+00:00, run_after=2024-10-21 00:00:00+00:00
[2024-10-21T05:36:20.968+0000] {processor.py:208} INFO - Processing /home/airflow/.local/lib/python3.12/site-packages/airflow/example_dags/example_outlet_event_extra.py took 0.416 seconds
[2024-10-21T05:36:51.149+0000] {processor.py:186} INFO - Started process (PID=1283) to work on /home/airflow/.local/lib/python3.12/site-packages/airflow/example_dags/example_outlet_event_extra.py
[2024-10-21T05:36:51.151+0000] {processor.py:914} INFO - Processing file /home/airflow/.local/lib/python3.12/site-packages/airflow/example_dags/example_outlet_event_extra.py for tasks to queue
[2024-10-21T05:36:51.153+0000] {logging_mixin.py:190} INFO - [2024-10-21T05:36:51.153+0000] {dagbag.py:588} INFO - Filling up the DagBag from /home/airflow/.local/lib/python3.12/site-packages/airflow/example_dags/example_outlet_event_extra.py
[2024-10-21T05:36:51.378+0000] {processor.py:925} INFO - DAG(s) 'dataset_with_extra_by_context', 'dataset_with_extra_from_classic_operator', 'dataset_with_extra_by_yield' retrieved from /home/airflow/.local/lib/python3.12/site-packages/airflow/example_dags/example_outlet_event_extra.py
[2024-10-21T05:36:51.430+0000] {logging_mixin.py:190} INFO - [2024-10-21T05:36:51.429+0000] {dag.py:3239} INFO - Sync 3 DAGs
[2024-10-21T05:36:51.476+0000] {logging_mixin.py:190} INFO - [2024-10-21T05:36:51.476+0000] {dag.py:4180} INFO - Setting next_dagrun for dataset_with_extra_by_context to 2024-10-20 00:00:00+00:00, run_after=2024-10-21 00:00:00+00:00
[2024-10-21T05:36:51.490+0000] {logging_mixin.py:190} INFO - [2024-10-21T05:36:51.490+0000] {dag.py:4180} INFO - Setting next_dagrun for dataset_with_extra_by_yield to 2024-10-20 00:00:00+00:00, run_after=2024-10-21 00:00:00+00:00
[2024-10-21T05:36:51.494+0000] {logging_mixin.py:190} INFO - [2024-10-21T05:36:51.494+0000] {dag.py:4180} INFO - Setting next_dagrun for dataset_with_extra_from_classic_operator to 2024-10-20 00:00:00+00:00, run_after=2024-10-21 00:00:00+00:00
[2024-10-21T05:36:51.529+0000] {processor.py:208} INFO - Processing /home/airflow/.local/lib/python3.12/site-packages/airflow/example_dags/example_outlet_event_extra.py took 0.388 seconds
[2024-10-21T11:55:05.370+0000] {processor.py:186} INFO - Started process (PID=118) to work on /home/airflow/.local/lib/python3.12/site-packages/airflow/example_dags/example_outlet_event_extra.py
[2024-10-21T11:55:05.373+0000] {processor.py:914} INFO - Processing file /home/airflow/.local/lib/python3.12/site-packages/airflow/example_dags/example_outlet_event_extra.py for tasks to queue
[2024-10-21T11:55:05.380+0000] {logging_mixin.py:190} INFO - [2024-10-21T11:55:05.377+0000] {dagbag.py:588} INFO - Filling up the DagBag from /home/airflow/.local/lib/python3.12/site-packages/airflow/example_dags/example_outlet_event_extra.py
[2024-10-21T11:55:05.739+0000] {processor.py:925} INFO - DAG(s) 'dataset_with_extra_from_classic_operator', 'dataset_with_extra_by_context', 'dataset_with_extra_by_yield' retrieved from /home/airflow/.local/lib/python3.12/site-packages/airflow/example_dags/example_outlet_event_extra.py
[2024-10-21T11:55:05.825+0000] {logging_mixin.py:190} INFO - [2024-10-21T11:55:05.825+0000] {dag.py:3239} INFO - Sync 3 DAGs
[2024-10-21T11:55:06.261+0000] {logging_mixin.py:190} INFO - [2024-10-21T11:55:06.260+0000] {dag.py:4180} INFO - Setting next_dagrun for dataset_with_extra_by_context to 2024-10-20 00:00:00+00:00, run_after=2024-10-21 00:00:00+00:00
[2024-10-21T11:55:06.269+0000] {logging_mixin.py:190} INFO - [2024-10-21T11:55:06.269+0000] {dag.py:4180} INFO - Setting next_dagrun for dataset_with_extra_by_yield to 2024-10-20 00:00:00+00:00, run_after=2024-10-21 00:00:00+00:00
[2024-10-21T11:55:06.272+0000] {logging_mixin.py:190} INFO - [2024-10-21T11:55:06.272+0000] {dag.py:4180} INFO - Setting next_dagrun for dataset_with_extra_from_classic_operator to 2024-10-20 00:00:00+00:00, run_after=2024-10-21 00:00:00+00:00
[2024-10-21T11:55:06.320+0000] {processor.py:208} INFO - Processing /home/airflow/.local/lib/python3.12/site-packages/airflow/example_dags/example_outlet_event_extra.py took 0.958 seconds
