[2024-10-21T03:08:38.597+0000] {processor.py:186} INFO - Started process (PID=316) to work on /home/airflow/.local/lib/python3.12/site-packages/airflow/example_dags/tutorial_dag.py
[2024-10-21T03:08:38.598+0000] {processor.py:914} INFO - Processing file /home/airflow/.local/lib/python3.12/site-packages/airflow/example_dags/tutorial_dag.py for tasks to queue
[2024-10-21T03:08:38.601+0000] {logging_mixin.py:190} INFO - [2024-10-21T03:08:38.601+0000] {dagbag.py:588} INFO - Filling up the DagBag from /home/airflow/.local/lib/python3.12/site-packages/airflow/example_dags/tutorial_dag.py
[2024-10-21T03:08:38.621+0000] {processor.py:925} INFO - DAG(s) 'tutorial_dag' retrieved from /home/airflow/.local/lib/python3.12/site-packages/airflow/example_dags/tutorial_dag.py
[2024-10-21T03:08:38.744+0000] {logging_mixin.py:190} INFO - [2024-10-21T03:08:38.743+0000] {override.py:1900} INFO - Created Permission View: can delete on DAG:tutorial_dag
[2024-10-21T03:08:38.753+0000] {logging_mixin.py:190} INFO - [2024-10-21T03:08:38.752+0000] {override.py:1900} INFO - Created Permission View: can read on DAG:tutorial_dag
[2024-10-21T03:08:38.759+0000] {logging_mixin.py:190} INFO - [2024-10-21T03:08:38.759+0000] {override.py:1900} INFO - Created Permission View: can edit on DAG:tutorial_dag
[2024-10-21T03:08:38.765+0000] {logging_mixin.py:190} INFO - [2024-10-21T03:08:38.765+0000] {override.py:1900} INFO - Created Permission View: menu access on DAG Run:tutorial_dag
[2024-10-21T03:08:38.775+0000] {logging_mixin.py:190} INFO - [2024-10-21T03:08:38.774+0000] {override.py:1900} INFO - Created Permission View: can delete on DAG Run:tutorial_dag
[2024-10-21T03:08:38.785+0000] {logging_mixin.py:190} INFO - [2024-10-21T03:08:38.785+0000] {override.py:1900} INFO - Created Permission View: can read on DAG Run:tutorial_dag
[2024-10-21T03:08:38.794+0000] {logging_mixin.py:190} INFO - [2024-10-21T03:08:38.794+0000] {override.py:1900} INFO - Created Permission View: can create on DAG Run:tutorial_dag
[2024-10-21T03:08:38.795+0000] {logging_mixin.py:190} INFO - [2024-10-21T03:08:38.795+0000] {dag.py:3239} INFO - Sync 1 DAGs
[2024-10-21T03:08:38.865+0000] {logging_mixin.py:190} INFO - [2024-10-21T03:08:38.865+0000] {dag.py:3262} INFO - Creating ORM DAG for tutorial_dag
[2024-10-21T03:08:38.867+0000] {logging_mixin.py:190} INFO - [2024-10-21T03:08:38.867+0000] {dag.py:4180} INFO - Setting next_dagrun for tutorial_dag to None, run_after=None
[2024-10-21T03:08:38.892+0000] {processor.py:208} INFO - Processing /home/airflow/.local/lib/python3.12/site-packages/airflow/example_dags/tutorial_dag.py took 0.300 seconds
[2024-10-21T03:09:09.885+0000] {processor.py:186} INFO - Started process (PID=377) to work on /home/airflow/.local/lib/python3.12/site-packages/airflow/example_dags/tutorial_dag.py
[2024-10-21T03:09:09.887+0000] {processor.py:914} INFO - Processing file /home/airflow/.local/lib/python3.12/site-packages/airflow/example_dags/tutorial_dag.py for tasks to queue
[2024-10-21T03:09:09.891+0000] {logging_mixin.py:190} INFO - [2024-10-21T03:09:09.890+0000] {dagbag.py:588} INFO - Filling up the DagBag from /home/airflow/.local/lib/python3.12/site-packages/airflow/example_dags/tutorial_dag.py
[2024-10-21T03:09:09.910+0000] {processor.py:925} INFO - DAG(s) 'tutorial_dag' retrieved from /home/airflow/.local/lib/python3.12/site-packages/airflow/example_dags/tutorial_dag.py
[2024-10-21T03:09:09.938+0000] {logging_mixin.py:190} INFO - [2024-10-21T03:09:09.937+0000] {dag.py:3239} INFO - Sync 1 DAGs
[2024-10-21T03:09:09.957+0000] {logging_mixin.py:190} INFO - [2024-10-21T03:09:09.957+0000] {dag.py:4180} INFO - Setting next_dagrun for tutorial_dag to None, run_after=None
[2024-10-21T03:09:09.978+0000] {processor.py:208} INFO - Processing /home/airflow/.local/lib/python3.12/site-packages/airflow/example_dags/tutorial_dag.py took 0.101 seconds
[2024-10-21T03:09:40.680+0000] {processor.py:186} INFO - Started process (PID=440) to work on /home/airflow/.local/lib/python3.12/site-packages/airflow/example_dags/tutorial_dag.py
[2024-10-21T03:09:40.681+0000] {processor.py:914} INFO - Processing file /home/airflow/.local/lib/python3.12/site-packages/airflow/example_dags/tutorial_dag.py for tasks to queue
[2024-10-21T03:09:40.683+0000] {logging_mixin.py:190} INFO - [2024-10-21T03:09:40.683+0000] {dagbag.py:588} INFO - Filling up the DagBag from /home/airflow/.local/lib/python3.12/site-packages/airflow/example_dags/tutorial_dag.py
[2024-10-21T03:09:40.691+0000] {processor.py:925} INFO - DAG(s) 'tutorial_dag' retrieved from /home/airflow/.local/lib/python3.12/site-packages/airflow/example_dags/tutorial_dag.py
[2024-10-21T03:09:40.709+0000] {logging_mixin.py:190} INFO - [2024-10-21T03:09:40.709+0000] {dag.py:3239} INFO - Sync 1 DAGs
[2024-10-21T03:09:40.721+0000] {logging_mixin.py:190} INFO - [2024-10-21T03:09:40.721+0000] {dag.py:4180} INFO - Setting next_dagrun for tutorial_dag to None, run_after=None
[2024-10-21T03:09:40.761+0000] {processor.py:208} INFO - Processing /home/airflow/.local/lib/python3.12/site-packages/airflow/example_dags/tutorial_dag.py took 0.086 seconds
[2024-10-21T03:10:11.431+0000] {processor.py:186} INFO - Started process (PID=502) to work on /home/airflow/.local/lib/python3.12/site-packages/airflow/example_dags/tutorial_dag.py
[2024-10-21T03:10:11.432+0000] {processor.py:914} INFO - Processing file /home/airflow/.local/lib/python3.12/site-packages/airflow/example_dags/tutorial_dag.py for tasks to queue
[2024-10-21T03:10:11.435+0000] {logging_mixin.py:190} INFO - [2024-10-21T03:10:11.434+0000] {dagbag.py:588} INFO - Filling up the DagBag from /home/airflow/.local/lib/python3.12/site-packages/airflow/example_dags/tutorial_dag.py
[2024-10-21T03:10:11.442+0000] {processor.py:925} INFO - DAG(s) 'tutorial_dag' retrieved from /home/airflow/.local/lib/python3.12/site-packages/airflow/example_dags/tutorial_dag.py
[2024-10-21T03:10:11.464+0000] {logging_mixin.py:190} INFO - [2024-10-21T03:10:11.463+0000] {dag.py:3239} INFO - Sync 1 DAGs
[2024-10-21T03:10:11.475+0000] {logging_mixin.py:190} INFO - [2024-10-21T03:10:11.475+0000] {dag.py:4180} INFO - Setting next_dagrun for tutorial_dag to None, run_after=None
[2024-10-21T03:10:11.493+0000] {processor.py:208} INFO - Processing /home/airflow/.local/lib/python3.12/site-packages/airflow/example_dags/tutorial_dag.py took 0.067 seconds
[2024-10-21T03:10:42.072+0000] {processor.py:186} INFO - Started process (PID=564) to work on /home/airflow/.local/lib/python3.12/site-packages/airflow/example_dags/tutorial_dag.py
[2024-10-21T03:10:42.073+0000] {processor.py:914} INFO - Processing file /home/airflow/.local/lib/python3.12/site-packages/airflow/example_dags/tutorial_dag.py for tasks to queue
[2024-10-21T03:10:42.077+0000] {logging_mixin.py:190} INFO - [2024-10-21T03:10:42.077+0000] {dagbag.py:588} INFO - Filling up the DagBag from /home/airflow/.local/lib/python3.12/site-packages/airflow/example_dags/tutorial_dag.py
[2024-10-21T03:10:42.087+0000] {processor.py:925} INFO - DAG(s) 'tutorial_dag' retrieved from /home/airflow/.local/lib/python3.12/site-packages/airflow/example_dags/tutorial_dag.py
[2024-10-21T03:10:42.108+0000] {logging_mixin.py:190} INFO - [2024-10-21T03:10:42.108+0000] {dag.py:3239} INFO - Sync 1 DAGs
[2024-10-21T03:10:42.119+0000] {logging_mixin.py:190} INFO - [2024-10-21T03:10:42.119+0000] {dag.py:4180} INFO - Setting next_dagrun for tutorial_dag to None, run_after=None
[2024-10-21T03:10:42.134+0000] {processor.py:208} INFO - Processing /home/airflow/.local/lib/python3.12/site-packages/airflow/example_dags/tutorial_dag.py took 0.073 seconds
[2024-10-21T03:11:12.274+0000] {processor.py:186} INFO - Started process (PID=625) to work on /home/airflow/.local/lib/python3.12/site-packages/airflow/example_dags/tutorial_dag.py
[2024-10-21T03:11:12.275+0000] {processor.py:914} INFO - Processing file /home/airflow/.local/lib/python3.12/site-packages/airflow/example_dags/tutorial_dag.py for tasks to queue
[2024-10-21T03:11:12.278+0000] {logging_mixin.py:190} INFO - [2024-10-21T03:11:12.277+0000] {dagbag.py:588} INFO - Filling up the DagBag from /home/airflow/.local/lib/python3.12/site-packages/airflow/example_dags/tutorial_dag.py
[2024-10-21T03:11:12.286+0000] {processor.py:925} INFO - DAG(s) 'tutorial_dag' retrieved from /home/airflow/.local/lib/python3.12/site-packages/airflow/example_dags/tutorial_dag.py
[2024-10-21T03:11:12.309+0000] {logging_mixin.py:190} INFO - [2024-10-21T03:11:12.308+0000] {dag.py:3239} INFO - Sync 1 DAGs
[2024-10-21T03:11:12.325+0000] {logging_mixin.py:190} INFO - [2024-10-21T03:11:12.324+0000] {dag.py:4180} INFO - Setting next_dagrun for tutorial_dag to None, run_after=None
[2024-10-21T03:11:12.350+0000] {processor.py:208} INFO - Processing /home/airflow/.local/lib/python3.12/site-packages/airflow/example_dags/tutorial_dag.py took 0.084 seconds
[2024-10-21T03:11:42.884+0000] {processor.py:186} INFO - Started process (PID=689) to work on /home/airflow/.local/lib/python3.12/site-packages/airflow/example_dags/tutorial_dag.py
[2024-10-21T03:11:42.886+0000] {processor.py:914} INFO - Processing file /home/airflow/.local/lib/python3.12/site-packages/airflow/example_dags/tutorial_dag.py for tasks to queue
[2024-10-21T03:11:42.890+0000] {logging_mixin.py:190} INFO - [2024-10-21T03:11:42.890+0000] {dagbag.py:588} INFO - Filling up the DagBag from /home/airflow/.local/lib/python3.12/site-packages/airflow/example_dags/tutorial_dag.py
[2024-10-21T03:11:42.903+0000] {processor.py:925} INFO - DAG(s) 'tutorial_dag' retrieved from /home/airflow/.local/lib/python3.12/site-packages/airflow/example_dags/tutorial_dag.py
[2024-10-21T03:11:42.946+0000] {logging_mixin.py:190} INFO - [2024-10-21T03:11:42.946+0000] {dag.py:3239} INFO - Sync 1 DAGs
[2024-10-21T03:11:42.968+0000] {logging_mixin.py:190} INFO - [2024-10-21T03:11:42.967+0000] {dag.py:4180} INFO - Setting next_dagrun for tutorial_dag to None, run_after=None
[2024-10-21T03:11:43.011+0000] {processor.py:208} INFO - Processing /home/airflow/.local/lib/python3.12/site-packages/airflow/example_dags/tutorial_dag.py took 0.134 seconds
[2024-10-21T05:26:28.564+0000] {processor.py:186} INFO - Started process (PID=95) to work on /home/airflow/.local/lib/python3.12/site-packages/airflow/example_dags/tutorial_dag.py
[2024-10-21T05:26:28.578+0000] {processor.py:914} INFO - Processing file /home/airflow/.local/lib/python3.12/site-packages/airflow/example_dags/tutorial_dag.py for tasks to queue
[2024-10-21T05:26:28.613+0000] {logging_mixin.py:190} INFO - [2024-10-21T05:26:28.611+0000] {dagbag.py:588} INFO - Filling up the DagBag from /home/airflow/.local/lib/python3.12/site-packages/airflow/example_dags/tutorial_dag.py
[2024-10-21T05:26:29.463+0000] {processor.py:925} INFO - DAG(s) 'tutorial_dag' retrieved from /home/airflow/.local/lib/python3.12/site-packages/airflow/example_dags/tutorial_dag.py
[2024-10-21T05:26:29.695+0000] {logging_mixin.py:190} INFO - [2024-10-21T05:26:29.693+0000] {dag.py:3239} INFO - Sync 1 DAGs
[2024-10-21T05:26:29.818+0000] {logging_mixin.py:190} INFO - [2024-10-21T05:26:29.817+0000] {dag.py:4180} INFO - Setting next_dagrun for tutorial_dag to None, run_after=None
[2024-10-21T05:26:29.881+0000] {processor.py:208} INFO - Processing /home/airflow/.local/lib/python3.12/site-packages/airflow/example_dags/tutorial_dag.py took 1.361 seconds
[2024-10-21T05:27:00.561+0000] {processor.py:186} INFO - Started process (PID=157) to work on /home/airflow/.local/lib/python3.12/site-packages/airflow/example_dags/tutorial_dag.py
[2024-10-21T05:27:00.563+0000] {processor.py:914} INFO - Processing file /home/airflow/.local/lib/python3.12/site-packages/airflow/example_dags/tutorial_dag.py for tasks to queue
[2024-10-21T05:27:00.568+0000] {logging_mixin.py:190} INFO - [2024-10-21T05:27:00.566+0000] {dagbag.py:588} INFO - Filling up the DagBag from /home/airflow/.local/lib/python3.12/site-packages/airflow/example_dags/tutorial_dag.py
[2024-10-21T05:27:00.582+0000] {processor.py:925} INFO - DAG(s) 'tutorial_dag' retrieved from /home/airflow/.local/lib/python3.12/site-packages/airflow/example_dags/tutorial_dag.py
[2024-10-21T05:27:00.641+0000] {logging_mixin.py:190} INFO - [2024-10-21T05:27:00.640+0000] {dag.py:3239} INFO - Sync 1 DAGs
[2024-10-21T05:27:00.678+0000] {logging_mixin.py:190} INFO - [2024-10-21T05:27:00.678+0000] {dag.py:4180} INFO - Setting next_dagrun for tutorial_dag to None, run_after=None
[2024-10-21T05:27:00.713+0000] {processor.py:208} INFO - Processing /home/airflow/.local/lib/python3.12/site-packages/airflow/example_dags/tutorial_dag.py took 0.170 seconds
[2024-10-21T05:27:31.472+0000] {processor.py:186} INFO - Started process (PID=225) to work on /home/airflow/.local/lib/python3.12/site-packages/airflow/example_dags/tutorial_dag.py
[2024-10-21T05:27:31.475+0000] {processor.py:914} INFO - Processing file /home/airflow/.local/lib/python3.12/site-packages/airflow/example_dags/tutorial_dag.py for tasks to queue
[2024-10-21T05:27:31.488+0000] {logging_mixin.py:190} INFO - [2024-10-21T05:27:31.485+0000] {dagbag.py:588} INFO - Filling up the DagBag from /home/airflow/.local/lib/python3.12/site-packages/airflow/example_dags/tutorial_dag.py
[2024-10-21T05:27:31.510+0000] {processor.py:925} INFO - DAG(s) 'tutorial_dag' retrieved from /home/airflow/.local/lib/python3.12/site-packages/airflow/example_dags/tutorial_dag.py
[2024-10-21T05:27:31.563+0000] {logging_mixin.py:190} INFO - [2024-10-21T05:27:31.562+0000] {dag.py:3239} INFO - Sync 1 DAGs
[2024-10-21T05:27:31.598+0000] {logging_mixin.py:190} INFO - [2024-10-21T05:27:31.598+0000] {dag.py:4180} INFO - Setting next_dagrun for tutorial_dag to None, run_after=None
[2024-10-21T05:27:31.635+0000] {processor.py:208} INFO - Processing /home/airflow/.local/lib/python3.12/site-packages/airflow/example_dags/tutorial_dag.py took 0.188 seconds
[2024-10-21T05:28:58.665+0000] {processor.py:186} INFO - Started process (PID=300) to work on /home/airflow/.local/lib/python3.12/site-packages/airflow/example_dags/tutorial_dag.py
[2024-10-21T05:28:58.671+0000] {processor.py:914} INFO - Processing file /home/airflow/.local/lib/python3.12/site-packages/airflow/example_dags/tutorial_dag.py for tasks to queue
[2024-10-21T05:28:58.702+0000] {logging_mixin.py:190} INFO - [2024-10-21T05:28:58.699+0000] {dagbag.py:588} INFO - Filling up the DagBag from /home/airflow/.local/lib/python3.12/site-packages/airflow/example_dags/tutorial_dag.py
[2024-10-21T05:28:58.810+0000] {processor.py:925} INFO - DAG(s) 'tutorial_dag' retrieved from /home/airflow/.local/lib/python3.12/site-packages/airflow/example_dags/tutorial_dag.py
[2024-10-21T05:28:59.074+0000] {logging_mixin.py:190} INFO - [2024-10-21T05:28:59.069+0000] {dag.py:3239} INFO - Sync 1 DAGs
[2024-10-21T05:28:59.242+0000] {logging_mixin.py:190} INFO - [2024-10-21T05:28:59.241+0000] {dag.py:4180} INFO - Setting next_dagrun for tutorial_dag to None, run_after=None
[2024-10-21T05:28:59.354+0000] {processor.py:208} INFO - Processing /home/airflow/.local/lib/python3.12/site-packages/airflow/example_dags/tutorial_dag.py took 0.734 seconds
[2024-10-21T05:29:29.518+0000] {processor.py:186} INFO - Started process (PID=361) to work on /home/airflow/.local/lib/python3.12/site-packages/airflow/example_dags/tutorial_dag.py
[2024-10-21T05:29:29.521+0000] {processor.py:914} INFO - Processing file /home/airflow/.local/lib/python3.12/site-packages/airflow/example_dags/tutorial_dag.py for tasks to queue
[2024-10-21T05:29:29.524+0000] {logging_mixin.py:190} INFO - [2024-10-21T05:29:29.523+0000] {dagbag.py:588} INFO - Filling up the DagBag from /home/airflow/.local/lib/python3.12/site-packages/airflow/example_dags/tutorial_dag.py
[2024-10-21T05:29:29.538+0000] {processor.py:925} INFO - DAG(s) 'tutorial_dag' retrieved from /home/airflow/.local/lib/python3.12/site-packages/airflow/example_dags/tutorial_dag.py
[2024-10-21T05:29:29.571+0000] {logging_mixin.py:190} INFO - [2024-10-21T05:29:29.570+0000] {dag.py:3239} INFO - Sync 1 DAGs
[2024-10-21T05:29:29.599+0000] {logging_mixin.py:190} INFO - [2024-10-21T05:29:29.599+0000] {dag.py:4180} INFO - Setting next_dagrun for tutorial_dag to None, run_after=None
[2024-10-21T05:29:29.632+0000] {processor.py:208} INFO - Processing /home/airflow/.local/lib/python3.12/site-packages/airflow/example_dags/tutorial_dag.py took 0.130 seconds
[2024-10-21T05:29:59.812+0000] {processor.py:186} INFO - Started process (PID=423) to work on /home/airflow/.local/lib/python3.12/site-packages/airflow/example_dags/tutorial_dag.py
[2024-10-21T05:29:59.814+0000] {processor.py:914} INFO - Processing file /home/airflow/.local/lib/python3.12/site-packages/airflow/example_dags/tutorial_dag.py for tasks to queue
[2024-10-21T05:29:59.817+0000] {logging_mixin.py:190} INFO - [2024-10-21T05:29:59.816+0000] {dagbag.py:588} INFO - Filling up the DagBag from /home/airflow/.local/lib/python3.12/site-packages/airflow/example_dags/tutorial_dag.py
[2024-10-21T05:29:59.830+0000] {processor.py:925} INFO - DAG(s) 'tutorial_dag' retrieved from /home/airflow/.local/lib/python3.12/site-packages/airflow/example_dags/tutorial_dag.py
[2024-10-21T05:29:59.883+0000] {logging_mixin.py:190} INFO - [2024-10-21T05:29:59.883+0000] {dag.py:3239} INFO - Sync 1 DAGs
[2024-10-21T05:29:59.913+0000] {logging_mixin.py:190} INFO - [2024-10-21T05:29:59.913+0000] {dag.py:4180} INFO - Setting next_dagrun for tutorial_dag to None, run_after=None
[2024-10-21T05:29:59.967+0000] {processor.py:208} INFO - Processing /home/airflow/.local/lib/python3.12/site-packages/airflow/example_dags/tutorial_dag.py took 0.166 seconds
[2024-10-21T05:30:30.478+0000] {processor.py:186} INFO - Started process (PID=491) to work on /home/airflow/.local/lib/python3.12/site-packages/airflow/example_dags/tutorial_dag.py
[2024-10-21T05:30:30.480+0000] {processor.py:914} INFO - Processing file /home/airflow/.local/lib/python3.12/site-packages/airflow/example_dags/tutorial_dag.py for tasks to queue
[2024-10-21T05:30:30.483+0000] {logging_mixin.py:190} INFO - [2024-10-21T05:30:30.482+0000] {dagbag.py:588} INFO - Filling up the DagBag from /home/airflow/.local/lib/python3.12/site-packages/airflow/example_dags/tutorial_dag.py
[2024-10-21T05:30:30.496+0000] {processor.py:925} INFO - DAG(s) 'tutorial_dag' retrieved from /home/airflow/.local/lib/python3.12/site-packages/airflow/example_dags/tutorial_dag.py
[2024-10-21T05:30:30.523+0000] {logging_mixin.py:190} INFO - [2024-10-21T05:30:30.523+0000] {dag.py:3239} INFO - Sync 1 DAGs
[2024-10-21T05:30:30.544+0000] {logging_mixin.py:190} INFO - [2024-10-21T05:30:30.544+0000] {dag.py:4180} INFO - Setting next_dagrun for tutorial_dag to None, run_after=None
[2024-10-21T05:30:30.568+0000] {processor.py:208} INFO - Processing /home/airflow/.local/lib/python3.12/site-packages/airflow/example_dags/tutorial_dag.py took 0.099 seconds
[2024-10-21T05:31:01.768+0000] {processor.py:186} INFO - Started process (PID=553) to work on /home/airflow/.local/lib/python3.12/site-packages/airflow/example_dags/tutorial_dag.py
[2024-10-21T05:31:01.770+0000] {processor.py:914} INFO - Processing file /home/airflow/.local/lib/python3.12/site-packages/airflow/example_dags/tutorial_dag.py for tasks to queue
[2024-10-21T05:31:01.772+0000] {logging_mixin.py:190} INFO - [2024-10-21T05:31:01.772+0000] {dagbag.py:588} INFO - Filling up the DagBag from /home/airflow/.local/lib/python3.12/site-packages/airflow/example_dags/tutorial_dag.py
[2024-10-21T05:31:01.788+0000] {processor.py:925} INFO - DAG(s) 'tutorial_dag' retrieved from /home/airflow/.local/lib/python3.12/site-packages/airflow/example_dags/tutorial_dag.py
[2024-10-21T05:31:01.832+0000] {logging_mixin.py:190} INFO - [2024-10-21T05:31:01.832+0000] {dag.py:3239} INFO - Sync 1 DAGs
[2024-10-21T05:31:01.871+0000] {logging_mixin.py:190} INFO - [2024-10-21T05:31:01.871+0000] {dag.py:4180} INFO - Setting next_dagrun for tutorial_dag to None, run_after=None
[2024-10-21T05:31:01.917+0000] {processor.py:208} INFO - Processing /home/airflow/.local/lib/python3.12/site-packages/airflow/example_dags/tutorial_dag.py took 0.159 seconds
[2024-10-21T05:31:32.844+0000] {processor.py:186} INFO - Started process (PID=617) to work on /home/airflow/.local/lib/python3.12/site-packages/airflow/example_dags/tutorial_dag.py
[2024-10-21T05:31:32.845+0000] {processor.py:914} INFO - Processing file /home/airflow/.local/lib/python3.12/site-packages/airflow/example_dags/tutorial_dag.py for tasks to queue
[2024-10-21T05:31:32.848+0000] {logging_mixin.py:190} INFO - [2024-10-21T05:31:32.847+0000] {dagbag.py:588} INFO - Filling up the DagBag from /home/airflow/.local/lib/python3.12/site-packages/airflow/example_dags/tutorial_dag.py
[2024-10-21T05:31:32.860+0000] {processor.py:925} INFO - DAG(s) 'tutorial_dag' retrieved from /home/airflow/.local/lib/python3.12/site-packages/airflow/example_dags/tutorial_dag.py
[2024-10-21T05:31:32.892+0000] {logging_mixin.py:190} INFO - [2024-10-21T05:31:32.892+0000] {dag.py:3239} INFO - Sync 1 DAGs
[2024-10-21T05:31:32.916+0000] {logging_mixin.py:190} INFO - [2024-10-21T05:31:32.916+0000] {dag.py:4180} INFO - Setting next_dagrun for tutorial_dag to None, run_after=None
[2024-10-21T05:31:32.954+0000] {processor.py:208} INFO - Processing /home/airflow/.local/lib/python3.12/site-packages/airflow/example_dags/tutorial_dag.py took 0.117 seconds
[2024-10-21T05:32:03.821+0000] {processor.py:186} INFO - Started process (PID=682) to work on /home/airflow/.local/lib/python3.12/site-packages/airflow/example_dags/tutorial_dag.py
[2024-10-21T05:32:03.823+0000] {processor.py:914} INFO - Processing file /home/airflow/.local/lib/python3.12/site-packages/airflow/example_dags/tutorial_dag.py for tasks to queue
[2024-10-21T05:32:03.827+0000] {logging_mixin.py:190} INFO - [2024-10-21T05:32:03.825+0000] {dagbag.py:588} INFO - Filling up the DagBag from /home/airflow/.local/lib/python3.12/site-packages/airflow/example_dags/tutorial_dag.py
[2024-10-21T05:32:03.838+0000] {processor.py:925} INFO - DAG(s) 'tutorial_dag' retrieved from /home/airflow/.local/lib/python3.12/site-packages/airflow/example_dags/tutorial_dag.py
[2024-10-21T05:32:03.872+0000] {logging_mixin.py:190} INFO - [2024-10-21T05:32:03.871+0000] {dag.py:3239} INFO - Sync 1 DAGs
[2024-10-21T05:32:03.897+0000] {logging_mixin.py:190} INFO - [2024-10-21T05:32:03.897+0000] {dag.py:4180} INFO - Setting next_dagrun for tutorial_dag to None, run_after=None
[2024-10-21T05:32:03.929+0000] {processor.py:208} INFO - Processing /home/airflow/.local/lib/python3.12/site-packages/airflow/example_dags/tutorial_dag.py took 0.116 seconds
[2024-10-21T05:32:34.185+0000] {processor.py:186} INFO - Started process (PID=744) to work on /home/airflow/.local/lib/python3.12/site-packages/airflow/example_dags/tutorial_dag.py
[2024-10-21T05:32:34.186+0000] {processor.py:914} INFO - Processing file /home/airflow/.local/lib/python3.12/site-packages/airflow/example_dags/tutorial_dag.py for tasks to queue
[2024-10-21T05:32:34.189+0000] {logging_mixin.py:190} INFO - [2024-10-21T05:32:34.188+0000] {dagbag.py:588} INFO - Filling up the DagBag from /home/airflow/.local/lib/python3.12/site-packages/airflow/example_dags/tutorial_dag.py
[2024-10-21T05:32:34.198+0000] {processor.py:925} INFO - DAG(s) 'tutorial_dag' retrieved from /home/airflow/.local/lib/python3.12/site-packages/airflow/example_dags/tutorial_dag.py
[2024-10-21T05:32:34.227+0000] {logging_mixin.py:190} INFO - [2024-10-21T05:32:34.226+0000] {dag.py:3239} INFO - Sync 1 DAGs
[2024-10-21T05:32:34.252+0000] {logging_mixin.py:190} INFO - [2024-10-21T05:32:34.252+0000] {dag.py:4180} INFO - Setting next_dagrun for tutorial_dag to None, run_after=None
[2024-10-21T05:32:34.278+0000] {processor.py:208} INFO - Processing /home/airflow/.local/lib/python3.12/site-packages/airflow/example_dags/tutorial_dag.py took 0.102 seconds
[2024-10-21T05:33:05.332+0000] {processor.py:186} INFO - Started process (PID=806) to work on /home/airflow/.local/lib/python3.12/site-packages/airflow/example_dags/tutorial_dag.py
[2024-10-21T05:33:05.334+0000] {processor.py:914} INFO - Processing file /home/airflow/.local/lib/python3.12/site-packages/airflow/example_dags/tutorial_dag.py for tasks to queue
[2024-10-21T05:33:05.336+0000] {logging_mixin.py:190} INFO - [2024-10-21T05:33:05.336+0000] {dagbag.py:588} INFO - Filling up the DagBag from /home/airflow/.local/lib/python3.12/site-packages/airflow/example_dags/tutorial_dag.py
[2024-10-21T05:33:05.350+0000] {processor.py:925} INFO - DAG(s) 'tutorial_dag' retrieved from /home/airflow/.local/lib/python3.12/site-packages/airflow/example_dags/tutorial_dag.py
[2024-10-21T05:33:05.381+0000] {logging_mixin.py:190} INFO - [2024-10-21T05:33:05.381+0000] {dag.py:3239} INFO - Sync 1 DAGs
[2024-10-21T05:33:05.409+0000] {logging_mixin.py:190} INFO - [2024-10-21T05:33:05.409+0000] {dag.py:4180} INFO - Setting next_dagrun for tutorial_dag to None, run_after=None
[2024-10-21T05:33:05.444+0000] {processor.py:208} INFO - Processing /home/airflow/.local/lib/python3.12/site-packages/airflow/example_dags/tutorial_dag.py took 0.125 seconds
[2024-10-21T05:33:38.021+0000] {processor.py:186} INFO - Started process (PID=869) to work on /home/airflow/.local/lib/python3.12/site-packages/airflow/example_dags/tutorial_dag.py
[2024-10-21T05:33:38.022+0000] {processor.py:914} INFO - Processing file /home/airflow/.local/lib/python3.12/site-packages/airflow/example_dags/tutorial_dag.py for tasks to queue
[2024-10-21T05:33:38.032+0000] {logging_mixin.py:190} INFO - [2024-10-21T05:33:38.030+0000] {dagbag.py:588} INFO - Filling up the DagBag from /home/airflow/.local/lib/python3.12/site-packages/airflow/example_dags/tutorial_dag.py
[2024-10-21T05:33:38.091+0000] {processor.py:925} INFO - DAG(s) 'tutorial_dag' retrieved from /home/airflow/.local/lib/python3.12/site-packages/airflow/example_dags/tutorial_dag.py
[2024-10-21T05:33:38.186+0000] {logging_mixin.py:190} INFO - [2024-10-21T05:33:38.185+0000] {dag.py:3239} INFO - Sync 1 DAGs
[2024-10-21T05:33:38.301+0000] {logging_mixin.py:190} INFO - [2024-10-21T05:33:38.300+0000] {dag.py:4180} INFO - Setting next_dagrun for tutorial_dag to None, run_after=None
[2024-10-21T05:33:38.347+0000] {processor.py:208} INFO - Processing /home/airflow/.local/lib/python3.12/site-packages/airflow/example_dags/tutorial_dag.py took 0.337 seconds
[2024-10-21T05:34:08.798+0000] {processor.py:186} INFO - Started process (PID=931) to work on /home/airflow/.local/lib/python3.12/site-packages/airflow/example_dags/tutorial_dag.py
[2024-10-21T05:34:08.799+0000] {processor.py:914} INFO - Processing file /home/airflow/.local/lib/python3.12/site-packages/airflow/example_dags/tutorial_dag.py for tasks to queue
[2024-10-21T05:34:08.801+0000] {logging_mixin.py:190} INFO - [2024-10-21T05:34:08.801+0000] {dagbag.py:588} INFO - Filling up the DagBag from /home/airflow/.local/lib/python3.12/site-packages/airflow/example_dags/tutorial_dag.py
[2024-10-21T05:34:08.812+0000] {processor.py:925} INFO - DAG(s) 'tutorial_dag' retrieved from /home/airflow/.local/lib/python3.12/site-packages/airflow/example_dags/tutorial_dag.py
[2024-10-21T05:34:08.841+0000] {logging_mixin.py:190} INFO - [2024-10-21T05:34:08.841+0000] {dag.py:3239} INFO - Sync 1 DAGs
[2024-10-21T05:34:08.866+0000] {logging_mixin.py:190} INFO - [2024-10-21T05:34:08.865+0000] {dag.py:4180} INFO - Setting next_dagrun for tutorial_dag to None, run_after=None
[2024-10-21T05:34:08.894+0000] {processor.py:208} INFO - Processing /home/airflow/.local/lib/python3.12/site-packages/airflow/example_dags/tutorial_dag.py took 0.105 seconds
[2024-10-21T05:34:39.479+0000] {processor.py:186} INFO - Started process (PID=993) to work on /home/airflow/.local/lib/python3.12/site-packages/airflow/example_dags/tutorial_dag.py
[2024-10-21T05:34:39.481+0000] {processor.py:914} INFO - Processing file /home/airflow/.local/lib/python3.12/site-packages/airflow/example_dags/tutorial_dag.py for tasks to queue
[2024-10-21T05:34:39.483+0000] {logging_mixin.py:190} INFO - [2024-10-21T05:34:39.482+0000] {dagbag.py:588} INFO - Filling up the DagBag from /home/airflow/.local/lib/python3.12/site-packages/airflow/example_dags/tutorial_dag.py
[2024-10-21T05:34:39.492+0000] {processor.py:925} INFO - DAG(s) 'tutorial_dag' retrieved from /home/airflow/.local/lib/python3.12/site-packages/airflow/example_dags/tutorial_dag.py
[2024-10-21T05:34:39.517+0000] {logging_mixin.py:190} INFO - [2024-10-21T05:34:39.517+0000] {dag.py:3239} INFO - Sync 1 DAGs
[2024-10-21T05:34:39.536+0000] {logging_mixin.py:190} INFO - [2024-10-21T05:34:39.535+0000] {dag.py:4180} INFO - Setting next_dagrun for tutorial_dag to None, run_after=None
[2024-10-21T05:34:39.563+0000] {processor.py:208} INFO - Processing /home/airflow/.local/lib/python3.12/site-packages/airflow/example_dags/tutorial_dag.py took 0.091 seconds
[2024-10-21T05:35:10.130+0000] {processor.py:186} INFO - Started process (PID=1055) to work on /home/airflow/.local/lib/python3.12/site-packages/airflow/example_dags/tutorial_dag.py
[2024-10-21T05:35:10.131+0000] {processor.py:914} INFO - Processing file /home/airflow/.local/lib/python3.12/site-packages/airflow/example_dags/tutorial_dag.py for tasks to queue
[2024-10-21T05:35:10.133+0000] {logging_mixin.py:190} INFO - [2024-10-21T05:35:10.133+0000] {dagbag.py:588} INFO - Filling up the DagBag from /home/airflow/.local/lib/python3.12/site-packages/airflow/example_dags/tutorial_dag.py
[2024-10-21T05:35:10.143+0000] {processor.py:925} INFO - DAG(s) 'tutorial_dag' retrieved from /home/airflow/.local/lib/python3.12/site-packages/airflow/example_dags/tutorial_dag.py
[2024-10-21T05:35:10.174+0000] {logging_mixin.py:190} INFO - [2024-10-21T05:35:10.174+0000] {dag.py:3239} INFO - Sync 1 DAGs
[2024-10-21T05:35:10.193+0000] {logging_mixin.py:190} INFO - [2024-10-21T05:35:10.193+0000] {dag.py:4180} INFO - Setting next_dagrun for tutorial_dag to None, run_after=None
[2024-10-21T05:35:10.220+0000] {processor.py:208} INFO - Processing /home/airflow/.local/lib/python3.12/site-packages/airflow/example_dags/tutorial_dag.py took 0.098 seconds
[2024-10-21T05:35:41.802+0000] {processor.py:186} INFO - Started process (PID=1117) to work on /home/airflow/.local/lib/python3.12/site-packages/airflow/example_dags/tutorial_dag.py
[2024-10-21T05:35:41.804+0000] {processor.py:914} INFO - Processing file /home/airflow/.local/lib/python3.12/site-packages/airflow/example_dags/tutorial_dag.py for tasks to queue
[2024-10-21T05:35:41.807+0000] {logging_mixin.py:190} INFO - [2024-10-21T05:35:41.806+0000] {dagbag.py:588} INFO - Filling up the DagBag from /home/airflow/.local/lib/python3.12/site-packages/airflow/example_dags/tutorial_dag.py
[2024-10-21T05:35:41.824+0000] {processor.py:925} INFO - DAG(s) 'tutorial_dag' retrieved from /home/airflow/.local/lib/python3.12/site-packages/airflow/example_dags/tutorial_dag.py
[2024-10-21T05:35:41.856+0000] {logging_mixin.py:190} INFO - [2024-10-21T05:35:41.856+0000] {dag.py:3239} INFO - Sync 1 DAGs
[2024-10-21T05:35:41.895+0000] {logging_mixin.py:190} INFO - [2024-10-21T05:35:41.895+0000] {dag.py:4180} INFO - Setting next_dagrun for tutorial_dag to None, run_after=None
[2024-10-21T05:35:41.952+0000] {processor.py:208} INFO - Processing /home/airflow/.local/lib/python3.12/site-packages/airflow/example_dags/tutorial_dag.py took 0.160 seconds
[2024-10-21T05:36:12.723+0000] {processor.py:186} INFO - Started process (PID=1179) to work on /home/airflow/.local/lib/python3.12/site-packages/airflow/example_dags/tutorial_dag.py
[2024-10-21T05:36:12.725+0000] {processor.py:914} INFO - Processing file /home/airflow/.local/lib/python3.12/site-packages/airflow/example_dags/tutorial_dag.py for tasks to queue
[2024-10-21T05:36:12.727+0000] {logging_mixin.py:190} INFO - [2024-10-21T05:36:12.727+0000] {dagbag.py:588} INFO - Filling up the DagBag from /home/airflow/.local/lib/python3.12/site-packages/airflow/example_dags/tutorial_dag.py
[2024-10-21T05:36:12.738+0000] {processor.py:925} INFO - DAG(s) 'tutorial_dag' retrieved from /home/airflow/.local/lib/python3.12/site-packages/airflow/example_dags/tutorial_dag.py
[2024-10-21T05:36:12.768+0000] {logging_mixin.py:190} INFO - [2024-10-21T05:36:12.768+0000] {dag.py:3239} INFO - Sync 1 DAGs
[2024-10-21T05:36:12.793+0000] {logging_mixin.py:190} INFO - [2024-10-21T05:36:12.793+0000] {dag.py:4180} INFO - Setting next_dagrun for tutorial_dag to None, run_after=None
[2024-10-21T05:36:12.823+0000] {processor.py:208} INFO - Processing /home/airflow/.local/lib/python3.12/site-packages/airflow/example_dags/tutorial_dag.py took 0.109 seconds
[2024-10-21T05:36:43.627+0000] {processor.py:186} INFO - Started process (PID=1244) to work on /home/airflow/.local/lib/python3.12/site-packages/airflow/example_dags/tutorial_dag.py
[2024-10-21T05:36:43.629+0000] {processor.py:914} INFO - Processing file /home/airflow/.local/lib/python3.12/site-packages/airflow/example_dags/tutorial_dag.py for tasks to queue
[2024-10-21T05:36:43.631+0000] {logging_mixin.py:190} INFO - [2024-10-21T05:36:43.631+0000] {dagbag.py:588} INFO - Filling up the DagBag from /home/airflow/.local/lib/python3.12/site-packages/airflow/example_dags/tutorial_dag.py
[2024-10-21T05:36:43.641+0000] {processor.py:925} INFO - DAG(s) 'tutorial_dag' retrieved from /home/airflow/.local/lib/python3.12/site-packages/airflow/example_dags/tutorial_dag.py
[2024-10-21T05:36:43.672+0000] {logging_mixin.py:190} INFO - [2024-10-21T05:36:43.671+0000] {dag.py:3239} INFO - Sync 1 DAGs
[2024-10-21T05:36:43.698+0000] {logging_mixin.py:190} INFO - [2024-10-21T05:36:43.698+0000] {dag.py:4180} INFO - Setting next_dagrun for tutorial_dag to None, run_after=None
[2024-10-21T05:36:43.729+0000] {processor.py:208} INFO - Processing /home/airflow/.local/lib/python3.12/site-packages/airflow/example_dags/tutorial_dag.py took 0.110 seconds
[2024-10-21T11:54:57.330+0000] {processor.py:186} INFO - Started process (PID=90) to work on /home/airflow/.local/lib/python3.12/site-packages/airflow/example_dags/tutorial_dag.py
[2024-10-21T11:54:57.331+0000] {processor.py:914} INFO - Processing file /home/airflow/.local/lib/python3.12/site-packages/airflow/example_dags/tutorial_dag.py for tasks to queue
[2024-10-21T11:54:57.334+0000] {logging_mixin.py:190} INFO - [2024-10-21T11:54:57.333+0000] {dagbag.py:588} INFO - Filling up the DagBag from /home/airflow/.local/lib/python3.12/site-packages/airflow/example_dags/tutorial_dag.py
[2024-10-21T11:54:57.343+0000] {processor.py:925} INFO - DAG(s) 'tutorial_dag' retrieved from /home/airflow/.local/lib/python3.12/site-packages/airflow/example_dags/tutorial_dag.py
[2024-10-21T11:54:57.369+0000] {logging_mixin.py:190} INFO - [2024-10-21T11:54:57.369+0000] {dag.py:3239} INFO - Sync 1 DAGs
[2024-10-21T11:54:57.382+0000] {logging_mixin.py:190} INFO - [2024-10-21T11:54:57.381+0000] {dag.py:4180} INFO - Setting next_dagrun for tutorial_dag to None, run_after=None
[2024-10-21T11:54:57.403+0000] {processor.py:208} INFO - Processing /home/airflow/.local/lib/python3.12/site-packages/airflow/example_dags/tutorial_dag.py took 0.079 seconds
